2024-03-07 13:06:30,445 [INFO] Activator:176 - 


2024-03-07 13:06:30,453 [INFO] Activator:177 - !SESSION log4j initialized
2024-03-07 13:06:36,489 [INFO] LogOutputStream:77 - [STDOUT_REDIRECT] 
2024-03-07 13:06:37,530 [INFO] ApplicationProperties:184 - Using Application install path: C:\ST\STM32CubeIDE_1.13.2\STM32CubeIDE\plugins\com.st.stm32cube.common.mx_6.10.0.202311202037
2024-03-07 13:06:37,554 [INFO] DbMcusXml:78 - Set database path to: C:\ST\STM32CubeIDE_1.13.2\STM32CubeIDE\plugins\com.st.stm32cube.common.mx_6.10.0.202311202037\\db\/mcu/
2024-03-07 13:06:37,554 [INFO] ApiDb:274 - Set plugin database path to: C:\ST\STM32CubeIDE_1.13.2\STM32CubeIDE\plugins\com.st.stm32cube.common.mx_6.10.0.202311202037\\db\/plugins/boardmanager/
2024-03-07 13:06:37,554 [WARN] ApiDb:259 - Overriding images path with different value:  => C:\ST\STM32CubeIDE_1.13.2\STM32CubeIDE\plugins\com.st.stm32cube.common.mx_6.10.0.202311202037\\db\/plugins/mcufinder/images/
2024-03-07 13:06:37,565 [INFO] ApiDb:250 - Set database path to: C:\Users\grafd\.stmcufinder\plugins\mcufinder//mcu/
2024-03-07 13:06:37,565 [INFO] DbMcusAds:125 - Set database path to: C:\Users\grafd\.stmcufinder\plugins\mcufinder//mcu/
2024-03-07 13:06:37,571 [INFO] CrossReferenceDbSqlite:203 - Set database path to: C:\Users\grafd\.stmcufinder\plugins\mcufinder//mcu/cs/
2024-03-07 13:06:37,679 [INFO] RulesReader:64 - Compatibility file has been processed (297 Rules)
2024-03-07 13:06:37,774 [INFO] DbMcusXml:78 - Set database path to: C:\ST\STM32CubeIDE_1.13.2\STM32CubeIDE\plugins\com.st.stm32cube.common.mx_6.10.0.202311202037\\db\/mcu/
2024-03-07 13:06:37,778 [INFO] ApiDb:274 - Set plugin database path to: C:\ST\STM32CubeIDE_1.13.2\STM32CubeIDE\plugins\com.st.stm32cube.common.mx_6.10.0.202311202037\\db\/plugins/boardmanager/
2024-03-07 13:06:37,778 [INFO] ApiDb:261 - Set plugin images path to: C:\ST\STM32CubeIDE_1.13.2\STM32CubeIDE\plugins\com.st.stm32cube.common.mx_6.10.0.202311202037\\db\/plugins/mcufinder/images/
2024-03-07 13:06:37,778 [WARN] DbFile:41 - Overriding database path with different value: C:\Users\grafd\.stmcufinder\plugins\mcufinder/ => C:\Users\grafd\.stmcufinder\plugins\mcufinder
2024-03-07 13:06:37,778 [INFO] ApiDb:250 - Set database path to: C:\Users\grafd\.stmcufinder\plugins\mcufinder//mcu/
2024-03-07 13:06:37,778 [WARN] DbFile:41 - Overriding database path with different value: C:\Users\grafd\.stmcufinder\plugins\mcufinder/ => C:\Users\grafd\.stmcufinder\plugins\mcufinder
2024-03-07 13:06:37,778 [INFO] DbMcusAds:125 - Set database path to: C:\Users\grafd\.stmcufinder\plugins\mcufinder//mcu/
2024-03-07 13:06:37,778 [WARN] DbFile:41 - Overriding database path with different value: C:\Users\grafd\.stmcufinder\plugins\mcufinder/ => C:\Users\grafd\.stmcufinder\plugins\mcufinder
2024-03-07 13:06:37,778 [WARN] DbFile:41 - Overriding database path with different value: C:\Users\grafd\.stmcufinder\plugins\mcufinder/ => C:\Users\grafd\.stmcufinder\plugins\mcufinder
2024-03-07 13:06:37,778 [INFO] CrossReferenceDbSqlite:203 - Set database path to: C:\Users\grafd\.stmcufinder\plugins\mcufinder//mcu/cs/
2024-03-07 13:06:37,860 [INFO] MainPanel:264 - HeapMemory: 268435456
2024-03-07 13:06:37,953 [INFO] DbMcusXml:78 - Set database path to: C:\ST\STM32CubeIDE_1.13.2\STM32CubeIDE\plugins\com.st.stm32cube.common.mx_6.10.0.202311202037\\db\/mcu/
2024-03-07 13:06:37,953 [INFO] ApiDb:274 - Set plugin database path to: C:\ST\STM32CubeIDE_1.13.2\STM32CubeIDE\plugins\com.st.stm32cube.common.mx_6.10.0.202311202037\\db\/plugins/boardmanager/
2024-03-07 13:06:37,953 [INFO] ApiDb:261 - Set plugin images path to: C:\ST\STM32CubeIDE_1.13.2\STM32CubeIDE\plugins\com.st.stm32cube.common.mx_6.10.0.202311202037\\db\/plugins/mcufinder/images/
2024-03-07 13:06:37,953 [WARN] DbFile:41 - Overriding database path with different value: C:\Users\grafd\.stmcufinder\plugins\mcufinder/ => C:\Users\grafd\.stmcufinder\plugins\mcufinder
2024-03-07 13:06:37,953 [INFO] ApiDb:250 - Set database path to: C:\Users\grafd\.stmcufinder\plugins\mcufinder//mcu/
2024-03-07 13:06:37,953 [WARN] DbFile:41 - Overriding database path with different value: C:\Users\grafd\.stmcufinder\plugins\mcufinder/ => C:\Users\grafd\.stmcufinder\plugins\mcufinder
2024-03-07 13:06:37,953 [INFO] DbMcusAds:125 - Set database path to: C:\Users\grafd\.stmcufinder\plugins\mcufinder//mcu/
2024-03-07 13:06:37,953 [WARN] DbFile:41 - Overriding database path with different value: C:\Users\grafd\.stmcufinder\plugins\mcufinder/ => C:\Users\grafd\.stmcufinder\plugins\mcufinder
2024-03-07 13:06:37,953 [WARN] DbFile:41 - Overriding database path with different value: C:\Users\grafd\.stmcufinder\plugins\mcufinder/ => C:\Users\grafd\.stmcufinder\plugins\mcufinder
2024-03-07 13:06:37,953 [INFO] CrossReferenceDbSqlite:203 - Set database path to: C:\Users\grafd\.stmcufinder\plugins\mcufinder//mcu/cs/
2024-03-07 13:06:37,976 [INFO] ApplicationProperties:184 - Using Application install path: C:\ST\STM32CubeIDE_1.13.2\STM32CubeIDE\plugins\com.st.stm32cube.common.mx_6.10.0.202311202037
2024-03-07 13:06:37,978 [INFO] PluginManage:196 - Search for loadable plugins [exclusion list=, ]
2024-03-07 13:06:37,980 [INFO] PluginManage:310 - Check plugin analytics
2024-03-07 13:06:38,138 [INFO] AnalyticsPlugin:253 - Accepted Software Licenses: 
2024-03-07 13:06:38,138 [INFO] AnalyticsPlugin:255 - Accepted CMSIS Pack Licenses: 
2024-03-07 13:06:38,138 [INFO] AnalyticsPlugin:257 - Accepted Firmware Licenses: 
2024-03-07 13:06:38,143 [INFO] PluginManage:359 - Loaded plugin analytics (category:tool,tabindex:-1)
2024-03-07 13:06:38,143 [INFO] PluginManage:310 - Check plugin cadmodel
2024-03-07 13:06:38,158 [INFO] CADModel:105 - Init CAD model plugin
2024-03-07 13:06:38,158 [INFO] PluginManage:359 - Loaded plugin cadmodel (category:power,tabindex:5)
2024-03-07 13:06:38,158 [INFO] PluginManage:310 - Check plugin clock
2024-03-07 13:06:38,185 [INFO] PluginManage:359 - Loaded plugin clock (category:base,tabindex:2)
2024-03-07 13:06:38,185 [INFO] PluginManage:310 - Check plugin ddr
2024-03-07 13:06:38,191 [INFO] PluginManage:359 - Loaded plugin ddr (category:tool,tabindex:6)
2024-03-07 13:06:38,191 [INFO] PluginManage:310 - Check plugin filemanager
2024-03-07 13:06:38,329 [INFO] PluginManage:359 - Loaded plugin filemanager (category:base,tabindex:10)
2024-03-07 13:06:38,329 [INFO] PluginManage:310 - Check plugin ipmanager
2024-03-07 13:06:38,339 [INFO] PluginManage:359 - Loaded plugin ipmanager (category:base,tabindex:5)
2024-03-07 13:06:38,339 [INFO] PluginManage:310 - Check plugin lpbam
2024-03-07 13:06:38,354 [INFO] PluginManage:359 - Loaded plugin lpbam (category:base,tabindex:0)
2024-03-07 13:06:38,354 [INFO] PluginManage:310 - Check plugin memorymap
2024-03-07 13:06:38,378 [INFO] PluginManage:359 - Loaded plugin memorymap (category:base,tabindex:4)
2024-03-07 13:06:38,378 [INFO] PluginManage:310 - Check plugin pinoutandconfiguration
2024-03-07 13:06:38,399 [INFO] PluginManage:359 - Loaded plugin pinoutandconfiguration (category:base,tabindex:1)
2024-03-07 13:06:38,399 [INFO] PluginManage:310 - Check plugin pinoutconfig
2024-03-07 13:06:38,497 [WARN] SupportedApi:132 - Cannot load RTOS API schema: s4s-elt-must-match.1: The content of 'definitions' must match (annotation?, (simpleType | complexType)?, (unique | key | keyref)*)). A problem was found starting at: attribute.
2024-03-07 13:06:38,635 [INFO] PluginManage:359 - Loaded plugin pinoutconfig (category:base,tabindex:0)
2024-03-07 13:06:38,635 [INFO] PluginManage:310 - Check plugin power
2024-03-07 13:06:38,657 [INFO] PluginManage:359 - Loaded plugin power (category:power,tabindex:4)
2024-03-07 13:06:38,657 [INFO] PluginManage:310 - Check plugin projectmanager
2024-03-07 13:06:38,672 [INFO] PluginManage:359 - Loaded plugin projectmanager (category:projectmanager,tabindex:3)
2024-03-07 13:06:38,672 [INFO] PluginManage:310 - Check plugin thirdparty
2024-03-07 13:06:38,950 [INFO] PluginManage:359 - Loaded plugin thirdparty (category:base,tabindex:-1)
2024-03-07 13:06:38,950 [INFO] PluginManage:310 - Check plugin tools
2024-03-07 13:06:38,950 [WARN] IntegrityCheckThread:84 - waiting for thirdparty lock release [integrity check]
2024-03-07 13:06:38,951 [INFO] IntegrityCheckThread:86 - entering critical section [integrity check]
2024-03-07 13:06:38,951 [INFO] ThirdPartyUpdaterWithRetryManager:70 - Updater plugin not ready yet. [1/15]
2024-03-07 13:06:38,989 [INFO] PluginManage:359 - Loaded plugin tools (category:base,tabindex:7)
2024-03-07 13:06:38,989 [INFO] PluginManage:310 - Check plugin tutovideos
2024-03-07 13:06:39,228 [INFO] PluginManage:359 - Loaded plugin tutovideos (category:base,tabindex:-1)
2024-03-07 13:06:39,228 [INFO] PluginManage:310 - Check plugin updater
2024-03-07 13:06:39,240 [INFO] PluginManage:359 - Loaded plugin updater (category:base,tabindex:12)
2024-03-07 13:06:39,240 [INFO] PluginManage:310 - Check plugin userauth
2024-03-07 13:06:39,246 [INFO] UserAuth:114 - Init User Auth plugin
2024-03-07 13:06:39,246 [INFO] PluginManage:359 - Loaded plugin userauth (category:base,tabindex:14)
2024-03-07 13:06:39,247 [INFO] PluginManage:283 - PluginManage : Loaded plugins [17]
2024-03-07 13:06:39,480 [INFO] PinOutPanel:1499 - setPackage(No Configuration,No Configuration)
2024-03-07 13:06:39,556 [INFO] CADModel:165 - CPN selected for project level
2024-03-07 13:06:39,556 [INFO] CADModel:114 - Register for checkConnection events
2024-03-07 13:06:39,584 [INFO] IPUIPlugin:80 - create IPUIPlugin
2024-03-07 13:06:39,584 [INFO] PluginManager:220 - loadIPPluginJar : add adc
2024-03-07 13:06:39,615 [INFO] IPUIPlugin:80 - create IPUIPlugin
2024-03-07 13:06:39,615 [INFO] PluginManager:220 - loadIPPluginJar : add aes
2024-03-07 13:06:39,654 [INFO] IPUIPlugin:80 - create IPUIPlugin
2024-03-07 13:06:39,654 [INFO] PluginManager:220 - loadIPPluginJar : add can
2024-03-07 13:06:39,675 [INFO] IPUIPlugin:80 - create IPUIPlugin
2024-03-07 13:06:39,675 [INFO] PluginManager:220 - loadIPPluginJar : add comp
2024-03-07 13:06:39,702 [INFO] IPUIPlugin:80 - create IPUIPlugin
2024-03-07 13:06:39,702 [INFO] PluginManager:220 - loadIPPluginJar : add cryp
2024-03-07 13:06:39,730 [INFO] IPUIPlugin:80 - create IPUIPlugin
2024-03-07 13:06:39,730 [INFO] PluginManager:220 - loadIPPluginJar : add dfsdm
2024-03-07 13:06:39,744 [INFO] IPUIPlugin:80 - create IPUIPlugin
2024-03-07 13:06:39,745 [INFO] PluginManager:220 - loadIPPluginJar : add dma
2024-03-07 13:06:39,788 [INFO] IPUIPlugin:80 - create IPUIPlugin
2024-03-07 13:06:39,788 [INFO] PluginManager:220 - loadIPPluginJar : add dma3
2024-03-07 13:06:39,809 [INFO] IPUIPlugin:80 - create IPUIPlugin
2024-03-07 13:06:39,810 [INFO] PluginManager:220 - loadIPPluginJar : add fatfs
2024-03-07 13:06:39,865 [INFO] IPUIPlugin:80 - create IPUIPlugin
2024-03-07 13:06:39,865 [INFO] PluginManager:220 - loadIPPluginJar : add fmc
2024-03-07 13:06:39,882 [INFO] IPUIPlugin:80 - create IPUIPlugin
2024-03-07 13:06:39,882 [INFO] PluginManager:220 - loadIPPluginJar : add freertos
2024-03-07 13:06:39,900 [INFO] IPUIPlugin:80 - create IPUIPlugin
2024-03-07 13:06:39,901 [INFO] PluginManager:220 - loadIPPluginJar : add genericplugin
2024-03-07 13:06:39,979 [INFO] IPUIPlugin:80 - create IPUIPlugin
2024-03-07 13:06:39,979 [INFO] PluginManager:220 - loadIPPluginJar : add gfxmmu
2024-03-07 13:06:40,079 [INFO] IPUIPlugin:80 - create IPUIPlugin
2024-03-07 13:06:40,079 [INFO] PluginManager:220 - loadIPPluginJar : add gic
2024-03-07 13:06:40,093 [INFO] IPUIPlugin:80 - create IPUIPlugin
2024-03-07 13:06:40,093 [INFO] PluginManager:220 - loadIPPluginJar : add gpio
2024-03-07 13:06:40,168 [INFO] IPUIPlugin:80 - create IPUIPlugin
2024-03-07 13:06:40,168 [INFO] PluginManager:220 - loadIPPluginJar : add gtzc
2024-03-07 13:06:40,197 [INFO] IPUIPlugin:80 - create IPUIPlugin
2024-03-07 13:06:40,197 [INFO] PluginManager:220 - loadIPPluginJar : add hash
2024-03-07 13:06:40,242 [INFO] IPUIPlugin:80 - create IPUIPlugin
2024-03-07 13:06:40,242 [INFO] PluginManager:220 - loadIPPluginJar : add i2c
2024-03-07 13:06:40,275 [INFO] IPUIPlugin:80 - create IPUIPlugin
2024-03-07 13:06:40,275 [INFO] PluginManager:220 - loadIPPluginJar : add i2s
2024-03-07 13:06:40,310 [INFO] IPUIPlugin:80 - create IPUIPlugin
2024-03-07 13:06:40,310 [INFO] PluginManager:220 - loadIPPluginJar : add i3c
2024-03-07 13:06:40,410 [INFO] IPUIPlugin:80 - create IPUIPlugin
2024-03-07 13:06:40,410 [INFO] PluginManager:220 - loadIPPluginJar : add ipddr
2024-03-07 13:06:40,484 [INFO] IPUIPlugin:80 - create IPUIPlugin
2024-03-07 13:06:40,484 [INFO] PluginManager:220 - loadIPPluginJar : add linkedlist
2024-03-07 13:06:40,514 [INFO] IPUIPlugin:80 - create IPUIPlugin
2024-03-07 13:06:40,514 [INFO] PluginManager:220 - loadIPPluginJar : add lorawan
2024-03-07 13:06:40,546 [INFO] IPUIPlugin:80 - create IPUIPlugin
2024-03-07 13:06:40,547 [INFO] PluginManager:220 - loadIPPluginJar : add ltdc
2024-03-07 13:06:40,560 [INFO] IPUIPlugin:80 - create IPUIPlugin
2024-03-07 13:06:40,560 [INFO] PluginManager:220 - loadIPPluginJar : add mdma
2024-03-07 13:06:40,571 [INFO] IPUIPlugin:80 - create IPUIPlugin
2024-03-07 13:06:40,571 [INFO] PluginManager:220 - loadIPPluginJar : add nvic
2024-03-07 13:06:40,601 [INFO] IPUIPlugin:80 - create IPUIPlugin
2024-03-07 13:06:40,602 [INFO] PluginManager:220 - loadIPPluginJar : add opamp
2024-03-07 13:06:40,651 [INFO] IPUIPlugin:80 - create IPUIPlugin
2024-03-07 13:06:40,651 [INFO] PluginManager:220 - loadIPPluginJar : add openamp
2024-03-07 13:06:40,688 [INFO] IPUIPlugin:80 - create IPUIPlugin
2024-03-07 13:06:40,688 [INFO] PluginManager:220 - loadIPPluginJar : add pdm2pcm
2024-03-07 13:06:40,701 [INFO] IPUIPlugin:80 - create IPUIPlugin
2024-03-07 13:06:40,703 [INFO] PluginManager:220 - loadIPPluginJar : add plateformsettings
2024-03-07 13:06:40,722 [INFO] IPUIPlugin:80 - create IPUIPlugin
2024-03-07 13:06:40,722 [INFO] PluginManager:220 - loadIPPluginJar : add quadspi
2024-03-07 13:06:40,736 [INFO] IPUIPlugin:80 - create IPUIPlugin
2024-03-07 13:06:40,736 [INFO] PluginManager:220 - loadIPPluginJar : add resmgrutility
2024-03-07 13:06:40,779 [INFO] IPUIPlugin:80 - create IPUIPlugin
2024-03-07 13:06:40,779 [INFO] PluginManager:220 - loadIPPluginJar : add sai
2024-03-07 13:06:40,810 [INFO] IPUIPlugin:80 - create IPUIPlugin
2024-03-07 13:06:40,810 [INFO] PluginManager:220 - loadIPPluginJar : add spi
2024-03-07 13:06:40,873 [INFO] IPUIPlugin:80 - create IPUIPlugin
2024-03-07 13:06:40,873 [INFO] PluginManager:220 - loadIPPluginJar : add stm32_wpan
2024-03-07 13:06:40,892 [INFO] IPUIPlugin:80 - create IPUIPlugin
2024-03-07 13:06:40,892 [INFO] PluginManager:220 - loadIPPluginJar : add tim
2024-03-07 13:06:40,950 [INFO] IPUIPlugin:80 - create IPUIPlugin
2024-03-07 13:06:40,950 [INFO] PluginManager:220 - loadIPPluginJar : add touchsensing
2024-03-07 13:06:40,982 [INFO] IPUIPlugin:80 - create IPUIPlugin
2024-03-07 13:06:40,982 [INFO] PluginManager:220 - loadIPPluginJar : add tracer_emb
2024-03-07 13:06:41,006 [INFO] IPUIPlugin:80 - create IPUIPlugin
2024-03-07 13:06:41,006 [INFO] PluginManager:220 - loadIPPluginJar : add ts
2024-03-07 13:06:41,025 [INFO] IPUIPlugin:80 - create IPUIPlugin
2024-03-07 13:06:41,025 [INFO] PluginManager:220 - loadIPPluginJar : add tsc
2024-03-07 13:06:41,047 [INFO] IPUIPlugin:80 - create IPUIPlugin
2024-03-07 13:06:41,047 [INFO] PluginManager:220 - loadIPPluginJar : add ucpd
2024-03-07 13:06:41,087 [INFO] IPUIPlugin:80 - create IPUIPlugin
2024-03-07 13:06:41,087 [INFO] PluginManager:220 - loadIPPluginJar : add usart
2024-03-07 13:06:41,132 [INFO] IPUIPlugin:80 - create IPUIPlugin
2024-03-07 13:06:41,132 [INFO] PluginManager:220 - loadIPPluginJar : add usbx
2024-03-07 13:06:41,264 [INFO] CADModel:165 - CPN selected for project level
2024-03-07 13:06:41,265 [INFO] CADModel:114 - Register for checkConnection events
2024-03-07 13:06:41,265 [FATAL] Updater:308 - Updater called before beeing initialized
2024-03-07 13:06:41,265 [ERROR] CADModel:125 - Updater not yet initialized, retry later 
2024-03-07 13:06:41,418 [INFO] CADModel:165 - CPN selected for project level
2024-03-07 13:06:41,418 [INFO] CADModel:114 - Register for checkConnection events
2024-03-07 13:06:41,418 [FATAL] Updater:308 - Updater called before beeing initialized
2024-03-07 13:06:41,418 [ERROR] CADModel:125 - Updater not yet initialized, retry later 
2024-03-07 13:06:41,421 [FATAL] Updater:308 - Updater called before beeing initialized
2024-03-07 13:06:41,530 [FATAL] Updater:308 - Updater called before beeing initialized
2024-03-07 13:06:41,540 [INFO] DbMcusAds:53 - JSON generation date=Thu Sep 30 08:55:09 CEST 2021 (1632984909247)
2024-03-07 13:06:41,540 [FATAL] Updater:308 - Updater called before beeing initialized
2024-03-07 13:06:41,615 [WARN] DetailPanel:346 - Failed to get advertising image, set to default
2024-03-07 13:06:41,716 [FATAL] Updater:308 - Updater called before beeing initialized
2024-03-07 13:06:41,718 [FATAL] Updater:308 - Updater called before beeing initialized
2024-03-07 13:06:41,718 [FATAL] Updater:308 - Updater called before beeing initialized
2024-03-07 13:06:41,719 [WARN] DetailPanel:346 - Failed to get advertising image, set to default
2024-03-07 13:06:41,719 [FATAL] Updater:308 - Updater called before beeing initialized
2024-03-07 13:06:41,801 [ERROR] Updater:1120 - MainUpdater not yet initialized. External WinMGr cannot be set.
2024-03-07 13:06:41,811 [INFO] Updater:1056 - Updater Version found : 6.10.0
2024-03-07 13:06:41,831 [INFO] ApplicationProperties:184 - Using Application install path: C:\ST\STM32CubeIDE_1.13.2\STM32CubeIDE\plugins\com.st.stm32cube.common.mx_6.10.0.202311202037
2024-03-07 13:06:41,952 [INFO] ThirdPartyUpdaterWithRetryManager:70 - Updater plugin not ready yet. [2/15]
2024-03-07 13:06:42,189 [INFO] MainUpdater:2873 - connection check result : 10
2024-03-07 13:06:42,190 [INFO] MainUpdater:290 - Updater Check For Update Now.
2024-03-07 13:06:42,190 [INFO] MicroXplorer:498 - Change Database Version : DB.6.0.100
2024-03-07 13:06:42,203 [INFO] McuFinderGlobals:63 - Set McuFinder mode to 2 (CubeIDE integrated)
2024-03-07 13:06:42,216 [INFO] UserAuth:404 - Internet connection configuration mode: 1
2024-03-07 13:06:42,240 [INFO] JxBrowserEngine:152 - Initiate JxBrowser Engine with user profile folder
2024-03-07 13:06:42,374 [INFO] CheckServerUpdateThread:120 - End of CheckServer Thread
2024-03-07 13:06:44,964 [INFO] WebApp:161 - Instantiating new browser for Auth
2024-03-07 13:06:45,204 [WARN] PackLoader:240 - Cannot read IP mode file for STMicroelectronics.X-CUBE-SMBUS.2.1.0
2024-03-07 13:06:45,220 [WARN] PackLoader:240 - Cannot read IP mode file for STMicroelectronics.X-CUBE-TOUCHGFX.4.23.0
2024-03-07 13:06:45,262 [WARN] PackLoader:240 - Cannot read IP mode file for STMicroelectronics.X-CUBE-AZRTOS-F7.1.1.0
2024-03-07 13:06:45,288 [WARN] PackLoader:240 - Cannot read IP mode file for STMicroelectronics.FP-SNS-MOTENV1.4.3.2
2024-03-07 13:06:45,303 [WARN] PackLoader:240 - Cannot read IP mode file for STMicroelectronics.FP-SNS-FLIGHT1.5.0.2
2024-03-07 13:06:45,324 [WARN] PackLoader:240 - Cannot read IP mode file for STMicroelectronics.X-CUBE-DISPLAY.3.0.0
2024-03-07 13:06:45,348 [WARN] PackLoader:240 - Cannot read IP mode file for STMicroelectronics.X-CUBE-BLE1.7.0.0
2024-03-07 13:06:45,365 [WARN] PackLoader:240 - Cannot read IP mode file for emotas.I-CUBE-CANOPEN.1.3.0
2024-03-07 13:06:45,375 [WARN] PackLoader:240 - Cannot read IP mode file for STMicroelectronics.X-CUBE-TOUCHGFX.4.22.1
2024-03-07 13:06:45,397 [WARN] PackLoader:240 - Cannot read IP mode file for STMicroelectronics.X-CUBE-BLEMGR.3.1.0
2024-03-07 13:06:45,417 [WARN] PackLoader:240 - Cannot read IP mode file for STMicroelectronics.FP-SNS-SMARTAG2.1.2.0
2024-03-07 13:06:45,446 [INFO] LogOutputStream:77 - [STDOUT_REDIRECT] 1 : Invalid condition id : UX_CORESTACK_Condition cause : null
2024-03-07 13:06:45,446 [INFO] LogOutputStream:77 - [STDOUT_REDIRECT] 1 : Invalid condition id : UX_CORESTACK_Condition cause : null
2024-03-07 13:06:45,446 [INFO] LogOutputStream:77 - [STDOUT_REDIRECT] 1 : Invalid condition id : UX_CORESTACK_Condition cause : null
2024-03-07 13:06:45,450 [INFO] LogOutputStream:77 - [STDOUT_REDIRECT] 1 : Invalid condition id : UX_CORESTACK_Condition cause : null
2024-03-07 13:06:45,450 [INFO] LogOutputStream:77 - [STDOUT_REDIRECT] 1 : Invalid condition id : UX_CORESTACK_Condition cause : null
2024-03-07 13:06:45,454 [WARN] PackLoader:240 - Cannot read IP mode file for STMicroelectronics.X-CUBE-AZRTOS-WL.2.0.0
2024-03-07 13:06:45,469 [WARN] PackLoader:240 - Cannot read IP mode file for WES.I-CUBE-Cesium.1.3.0
2024-03-07 13:06:45,479 [WARN] PackLoader:240 - Cannot read IP mode file for STMicroelectronics.X-CUBE-BLE2.3.3.0
2024-03-07 13:06:45,495 [WARN] PackLoader:240 - Cannot read IP mode file for STMicroelectronics.X-CUBE-ALGOBUILD.1.3.0
2024-03-07 13:06:45,524 [WARN] PackLoader:240 - Cannot read IP mode file for STMicroelectronics.X-CUBE-AZRTOS-G0.1.1.0
2024-03-07 13:06:45,541 [WARN] PackLoader:240 - Cannot read IP mode file for STMicroelectronics.X-CUBE-NFC4.3.0.0
2024-03-07 13:06:45,559 [WARN] PackLoader:240 - Cannot read IP mode file for STMicroelectronics.X-CUBE-BLEMGR.3.0.0
2024-03-07 13:06:45,576 [WARN] PackLoader:240 - Cannot read IP mode file for STMicroelectronics.FP-ATR-SIGFOX1.3.2.0
2024-03-07 13:06:45,590 [WARN] PackLoader:240 - Cannot read IP mode file for STMicroelectronics.X-CUBE-EEPRMA1.5.1.0
2024-03-07 13:06:45,635 [WARN] PackLoader:240 - Cannot read IP mode file for SEGGER.I-CUBE-embOS.1.3.1
2024-03-07 13:06:45,652 [INFO] WebApp:780 - Register for checkConnection events
2024-03-07 13:06:45,652 [INFO] WebApp:414 - Apply proxy settings
2024-03-07 13:06:45,652 [INFO] WebApp:499 - Chromium requires no authentication
2024-03-07 13:06:45,665 [INFO] WebApp:442 - Direct internet connection detected
2024-03-07 13:06:45,683 [WARN] PackLoader:240 - Cannot read IP mode file for STMicroelectronics.X-CUBE-GNSS1.6.0.0
2024-03-07 13:06:45,716 [WARN] PackLoader:240 - Cannot read IP mode file for STMicroelectronics.X-CUBE-AZRTOS-F4.1.1.0
2024-03-07 13:06:45,736 [WARN] PackLoader:240 - Cannot read IP mode file for wolfSSL.I-CUBE-wolfSSL.5.6.4
2024-03-07 13:06:45,772 [WARN] PackLoader:240 - Cannot read IP mode file for STMicroelectronics.X-CUBE-AZRTOS-L5.2.0.0
2024-03-07 13:06:45,788 [WARN] PackLoader:240 - Cannot read IP mode file for STMicroelectronics.X-CUBE-EEPRMA1.4.2.0
2024-03-07 13:06:45,808 [WARN] PackLoader:240 - Cannot read IP mode file for ITTIA_DB.I-CUBE-ITTIADB.8.8.0
2024-03-07 13:06:45,854 [WARN] ConditionMgr:438 - getConditionDescription Invalid condition id : UX DEVICE CLASS RTOS Condition cause : null
2024-03-07 13:06:45,854 [WARN] ConditionMgr:438 - getConditionDescription Invalid condition id : UX DEVICE CLASS RTOS Condition cause : null
2024-03-07 13:06:45,859 [WARN] PackLoader:240 - Cannot read IP mode file for STMicroelectronics.X-CUBE-AZRTOS-H7.3.1.0
2024-03-07 13:06:45,859 [WARN] ConditionMgr:1039 - genDependencies : Invalid condition id : UX DEVICE CLASS RTOS Condition cause : null
2024-03-07 13:06:45,859 [WARN] ConditionMgr:1039 - genDependencies : Invalid condition id : UX DEVICE CLASS RTOS Condition cause : null
2024-03-07 13:06:45,863 [WARN] ConditionMgr:1039 - genDependencies : Invalid condition id : UX DEVICE CLASS RTOS Condition cause : null
2024-03-07 13:06:45,863 [WARN] ConditionMgr:1039 - genDependencies : Invalid condition id : UX DEVICE CLASS RTOS Condition cause : null
2024-03-07 13:06:45,863 [WARN] ConditionMgr:1039 - genDependencies : Invalid condition id : UX DEVICE CLASS RTOS Condition cause : null
2024-03-07 13:06:45,879 [WARN] PackLoader:240 - Cannot read IP mode file for STMicroelectronics.X-CUBE-NFC7.1.0.1
2024-03-07 13:06:45,905 [WARN] PackLoader:240 - Cannot read IP mode file for STMicroelectronics.X-CUBE-NFC6.3.0.0
2024-03-07 13:06:45,917 [WARN] PackLoader:240 - Cannot read IP mode file for STMicroelectronics.X-CUBE-AI.8.1.0
2024-03-07 13:06:45,948 [WARN] ConditionMgr:438 - getConditionDescription Invalid condition id : LAN8742 Phy interface Condition cause : null
2024-03-07 13:06:45,948 [WARN] PackLoader:240 - Cannot read IP mode file for STMicroelectronics.X-CUBE-AZRTOS-L4.2.0.0
2024-03-07 13:06:45,948 [WARN] ConditionMgr:1039 - genDependencies : Invalid condition id : LAN8742 Phy interface Condition cause : null
2024-03-07 13:06:45,953 [WARN] ConditionMgr:1039 - genDependencies : Invalid condition id : LAN8742 Phy interface Condition cause : null
2024-03-07 13:06:45,953 [WARN] ConditionMgr:1039 - genDependencies : Invalid condition id : LAN8742 Phy interface Condition cause : null
2024-03-07 13:06:45,969 [WARN] PackLoader:240 - Cannot read IP mode file for STMicroelectronics.X-CUBE-SFXS2LP1.4.0.0
2024-03-07 13:06:45,974 [INFO] WebApp:192 - Starting web application
2024-03-07 13:06:45,974 [INFO] WebApp:544 - Web application path used C:\ST\STM32CubeIDE_1.13.2\STM32CubeIDE\plugins\com.st.stm32cube.common.mx_6.10.0.202311202037\db\plugins\mcufinder\reactClient1\index.html
2024-03-07 13:06:45,985 [WARN] PackLoader:240 - Cannot read IP mode file for STMicroelectronics.X-CUBE-ISPU.1.1.0
2024-03-07 13:06:46,013 [WARN] ConditionMgr:438 - getConditionDescription Invalid condition id : UX DEVICE CLASS RTOS Condition cause : null
2024-03-07 13:06:46,013 [WARN] ConditionMgr:438 - getConditionDescription Invalid condition id : UX DEVICE CLASS RTOS Condition cause : null
2024-03-07 13:06:46,016 [WARN] PackLoader:240 - Cannot read IP mode file for STMicroelectronics.X-CUBE-AZRTOS-WB.2.0.0
2024-03-07 13:06:46,016 [WARN] ConditionMgr:1039 - genDependencies : Invalid condition id : UX DEVICE CLASS RTOS Condition cause : null
2024-03-07 13:06:46,016 [WARN] ConditionMgr:1039 - genDependencies : Invalid condition id : UX DEVICE CLASS RTOS Condition cause : null
2024-03-07 13:06:46,016 [WARN] ConditionMgr:1039 - genDependencies : Invalid condition id : UX DEVICE CLASS RTOS Condition cause : null
2024-03-07 13:06:46,016 [WARN] ConditionMgr:1039 - genDependencies : Invalid condition id : UX DEVICE CLASS RTOS Condition cause : null
2024-03-07 13:06:46,016 [WARN] ConditionMgr:1039 - genDependencies : Invalid condition id : UX DEVICE CLASS RTOS Condition cause : null
2024-03-07 13:06:46,035 [WARN] PackLoader:240 - Cannot read IP mode file for STMicroelectronics.X-CUBE-SUBG2.5.0.0
2024-03-07 13:06:46,071 [WARN] PackLoader:240 - Cannot read IP mode file for STMicroelectronics.X-CUBE-TOF1.3.3.1
2024-03-07 13:06:46,106 [WARN] PackLoader:240 - Cannot read IP mode file for STMicroelectronics.X-CUBE-AZRTOS-G4.2.0.0
2024-03-07 13:06:46,136 [WARN] PackLoader:240 - Cannot read IP mode file for Infineon.AIROC-Wi-Fi-Bluetooth-STM32.1.5.1
2024-03-07 13:06:46,159 [WARN] PackLoader:240 - Cannot read IP mode file for STMicroelectronics.FP-SNS-MOTENVWB1.1.3.0
2024-03-07 13:06:46,178 [WARN] PackLoader:240 - Cannot read IP mode file for STMicroelectronics.FP-SNS-MOTENVWB1.1.3.1
2024-03-07 13:06:46,192 [WARN] PackLoader:240 - Cannot read IP mode file for STMicroelectronics.X-CUBE-ISPU.2.0.0
2024-03-07 13:06:46,250 [WARN] PackLoader:240 - Cannot read IP mode file for STMicroelectronics.X-CUBE-MEMS1.10.0.0
2024-03-07 13:06:46,399 [WARN] PackLoader:240 - Cannot read IP mode file for STMicroelectronics.X-CUBE-FREERTOS.1.1.0
2024-03-07 13:06:46,415 [WARN] PackLoader:240 - Cannot read IP mode file for portGmbH.I-Cube-SoM-uGOAL.1.1.0
2024-03-07 13:06:46,427 [WARN] PackLoader:240 - Cannot read IP mode file for STMicroelectronics.X-CUBE-ALS.1.0.1
2024-03-07 13:06:46,440 [WARN] PackLoader:240 - Cannot read IP mode file for STMicroelectronics.FP-ATR-ASTRA1.2.0.0
2024-03-07 13:06:46,466 [WARN] PackLoader:240 - Cannot read IP mode file for STMicroelectronics.X-CUBE-TOF1.3.4.0
2024-03-07 13:06:46,504 [WARN] PackLoader:240 - Cannot read IP mode file for STMicroelectronics.X-CUBE-TOF1.3.4.1
2024-03-07 13:06:46,551 [WARN] PackLoader:240 - Cannot read IP mode file for STMicroelectronics.X-CUBE-AZRTOS-H7.3.2.0
2024-03-07 13:06:46,557 [INFO] ThirdParty:978 - Integrity check success = true
2024-03-07 13:06:46,557 [INFO] IntegrityCheckThread:100 - exiting critical section [integrity check]
2024-03-07 13:06:46,557 [INFO] IntegrityCheckThread:103 - End integrity checks thread
2024-03-07 13:07:06,796 [ERROR] LogOutputStream:75 - [STDERR_REDIRECT] SLF4J: Failed to load class "org.slf4j.impl.StaticLoggerBinder".
2024-03-07 13:07:06,797 [ERROR] LogOutputStream:75 - [STDERR_REDIRECT] SLF4J: Defaulting to no-operation (NOP) logger implementation
2024-03-07 13:07:06,798 [ERROR] LogOutputStream:75 - [STDERR_REDIRECT] SLF4J: See http://www.slf4j.org/codes.html#StaticLoggerBinder for further details.
2024-03-07 13:30:57,957 [ERROR] LogOutputStream:75 - [STDERR_REDIRECT] 
