2024-03-06 10:29:46,555 [INFO] Activator:176 - 


2024-03-06 10:29:46,562 [INFO] Activator:177 - !SESSION log4j initialized
2024-03-06 10:29:53,189 [INFO] LogOutputStream:77 - [STDOUT_REDIRECT] 
2024-03-06 10:29:54,080 [INFO] ApplicationProperties:184 - Using Application install path: C:\ST\STM32CubeIDE_1.13.2\STM32CubeIDE\plugins\com.st.stm32cube.common.mx_6.10.0.202311202037
2024-03-06 10:29:54,096 [INFO] DbMcusXml:78 - Set database path to: C:\ST\STM32CubeIDE_1.13.2\STM32CubeIDE\plugins\com.st.stm32cube.common.mx_6.10.0.202311202037\\db\/mcu/
2024-03-06 10:29:54,096 [INFO] ApiDb:274 - Set plugin database path to: C:\ST\STM32CubeIDE_1.13.2\STM32CubeIDE\plugins\com.st.stm32cube.common.mx_6.10.0.202311202037\\db\/plugins/boardmanager/
2024-03-06 10:29:54,096 [WARN] ApiDb:259 - Overriding images path with different value:  => C:\ST\STM32CubeIDE_1.13.2\STM32CubeIDE\plugins\com.st.stm32cube.common.mx_6.10.0.202311202037\\db\/plugins/mcufinder/images/
2024-03-06 10:29:54,105 [INFO] ApiDb:250 - Set database path to: C:\Users\grafd\.stmcufinder\plugins\mcufinder//mcu/
2024-03-06 10:29:54,106 [INFO] DbMcusAds:125 - Set database path to: C:\Users\grafd\.stmcufinder\plugins\mcufinder//mcu/
2024-03-06 10:29:54,108 [INFO] CrossReferenceDbSqlite:203 - Set database path to: C:\Users\grafd\.stmcufinder\plugins\mcufinder//mcu/cs/
2024-03-06 10:29:54,209 [INFO] RulesReader:64 - Compatibility file has been processed (297 Rules)
2024-03-06 10:29:54,289 [INFO] DbMcusXml:78 - Set database path to: C:\ST\STM32CubeIDE_1.13.2\STM32CubeIDE\plugins\com.st.stm32cube.common.mx_6.10.0.202311202037\\db\/mcu/
2024-03-06 10:29:54,289 [INFO] ApiDb:274 - Set plugin database path to: C:\ST\STM32CubeIDE_1.13.2\STM32CubeIDE\plugins\com.st.stm32cube.common.mx_6.10.0.202311202037\\db\/plugins/boardmanager/
2024-03-06 10:29:54,289 [INFO] ApiDb:261 - Set plugin images path to: C:\ST\STM32CubeIDE_1.13.2\STM32CubeIDE\plugins\com.st.stm32cube.common.mx_6.10.0.202311202037\\db\/plugins/mcufinder/images/
2024-03-06 10:29:54,289 [WARN] DbFile:41 - Overriding database path with different value: C:\Users\grafd\.stmcufinder\plugins\mcufinder/ => C:\Users\grafd\.stmcufinder\plugins\mcufinder
2024-03-06 10:29:54,289 [INFO] ApiDb:250 - Set database path to: C:\Users\grafd\.stmcufinder\plugins\mcufinder//mcu/
2024-03-06 10:29:54,289 [WARN] DbFile:41 - Overriding database path with different value: C:\Users\grafd\.stmcufinder\plugins\mcufinder/ => C:\Users\grafd\.stmcufinder\plugins\mcufinder
2024-03-06 10:29:54,289 [INFO] DbMcusAds:125 - Set database path to: C:\Users\grafd\.stmcufinder\plugins\mcufinder//mcu/
2024-03-06 10:29:54,290 [WARN] DbFile:41 - Overriding database path with different value: C:\Users\grafd\.stmcufinder\plugins\mcufinder/ => C:\Users\grafd\.stmcufinder\plugins\mcufinder
2024-03-06 10:29:54,290 [WARN] DbFile:41 - Overriding database path with different value: C:\Users\grafd\.stmcufinder\plugins\mcufinder/ => C:\Users\grafd\.stmcufinder\plugins\mcufinder
2024-03-06 10:29:54,290 [INFO] CrossReferenceDbSqlite:203 - Set database path to: C:\Users\grafd\.stmcufinder\plugins\mcufinder//mcu/cs/
2024-03-06 10:29:54,356 [INFO] MainPanel:264 - HeapMemory: 268435456
2024-03-06 10:29:54,435 [INFO] DbMcusXml:78 - Set database path to: C:\ST\STM32CubeIDE_1.13.2\STM32CubeIDE\plugins\com.st.stm32cube.common.mx_6.10.0.202311202037\\db\/mcu/
2024-03-06 10:29:54,435 [INFO] ApiDb:274 - Set plugin database path to: C:\ST\STM32CubeIDE_1.13.2\STM32CubeIDE\plugins\com.st.stm32cube.common.mx_6.10.0.202311202037\\db\/plugins/boardmanager/
2024-03-06 10:29:54,435 [INFO] ApiDb:261 - Set plugin images path to: C:\ST\STM32CubeIDE_1.13.2\STM32CubeIDE\plugins\com.st.stm32cube.common.mx_6.10.0.202311202037\\db\/plugins/mcufinder/images/
2024-03-06 10:29:54,436 [WARN] DbFile:41 - Overriding database path with different value: C:\Users\grafd\.stmcufinder\plugins\mcufinder/ => C:\Users\grafd\.stmcufinder\plugins\mcufinder
2024-03-06 10:29:54,436 [INFO] ApiDb:250 - Set database path to: C:\Users\grafd\.stmcufinder\plugins\mcufinder//mcu/
2024-03-06 10:29:54,436 [WARN] DbFile:41 - Overriding database path with different value: C:\Users\grafd\.stmcufinder\plugins\mcufinder/ => C:\Users\grafd\.stmcufinder\plugins\mcufinder
2024-03-06 10:29:54,436 [INFO] DbMcusAds:125 - Set database path to: C:\Users\grafd\.stmcufinder\plugins\mcufinder//mcu/
2024-03-06 10:29:54,436 [WARN] DbFile:41 - Overriding database path with different value: C:\Users\grafd\.stmcufinder\plugins\mcufinder/ => C:\Users\grafd\.stmcufinder\plugins\mcufinder
2024-03-06 10:29:54,436 [WARN] DbFile:41 - Overriding database path with different value: C:\Users\grafd\.stmcufinder\plugins\mcufinder/ => C:\Users\grafd\.stmcufinder\plugins\mcufinder
2024-03-06 10:29:54,436 [INFO] CrossReferenceDbSqlite:203 - Set database path to: C:\Users\grafd\.stmcufinder\plugins\mcufinder//mcu/cs/
2024-03-06 10:29:54,453 [INFO] ApplicationProperties:184 - Using Application install path: C:\ST\STM32CubeIDE_1.13.2\STM32CubeIDE\plugins\com.st.stm32cube.common.mx_6.10.0.202311202037
2024-03-06 10:29:54,455 [INFO] PluginManage:196 - Search for loadable plugins [exclusion list=, ]
2024-03-06 10:29:54,456 [INFO] PluginManage:310 - Check plugin analytics
2024-03-06 10:29:54,598 [INFO] AnalyticsPlugin:253 - Accepted Software Licenses: 
2024-03-06 10:29:54,598 [INFO] AnalyticsPlugin:255 - Accepted CMSIS Pack Licenses: 
2024-03-06 10:29:54,599 [INFO] AnalyticsPlugin:257 - Accepted Firmware Licenses: 
2024-03-06 10:29:54,601 [INFO] PluginManage:359 - Loaded plugin analytics (category:tool,tabindex:-1)
2024-03-06 10:29:54,601 [INFO] PluginManage:310 - Check plugin cadmodel
2024-03-06 10:29:54,615 [INFO] CADModel:105 - Init CAD model plugin
2024-03-06 10:29:54,616 [INFO] PluginManage:359 - Loaded plugin cadmodel (category:power,tabindex:5)
2024-03-06 10:29:54,616 [INFO] PluginManage:310 - Check plugin clock
2024-03-06 10:29:54,636 [INFO] PluginManage:359 - Loaded plugin clock (category:base,tabindex:2)
2024-03-06 10:29:54,636 [INFO] PluginManage:310 - Check plugin ddr
2024-03-06 10:29:54,639 [INFO] PluginManage:359 - Loaded plugin ddr (category:tool,tabindex:6)
2024-03-06 10:29:54,639 [INFO] PluginManage:310 - Check plugin filemanager
2024-03-06 10:29:54,771 [INFO] PluginManage:359 - Loaded plugin filemanager (category:base,tabindex:10)
2024-03-06 10:29:54,771 [INFO] PluginManage:310 - Check plugin ipmanager
2024-03-06 10:29:54,779 [INFO] PluginManage:359 - Loaded plugin ipmanager (category:base,tabindex:5)
2024-03-06 10:29:54,779 [INFO] PluginManage:310 - Check plugin lpbam
2024-03-06 10:29:54,797 [INFO] PluginManage:359 - Loaded plugin lpbam (category:base,tabindex:0)
2024-03-06 10:29:54,798 [INFO] PluginManage:310 - Check plugin memorymap
2024-03-06 10:29:54,824 [INFO] PluginManage:359 - Loaded plugin memorymap (category:base,tabindex:4)
2024-03-06 10:29:54,824 [INFO] PluginManage:310 - Check plugin pinoutandconfiguration
2024-03-06 10:29:54,840 [INFO] PluginManage:359 - Loaded plugin pinoutandconfiguration (category:base,tabindex:1)
2024-03-06 10:29:54,840 [INFO] PluginManage:310 - Check plugin pinoutconfig
2024-03-06 10:29:54,916 [WARN] SupportedApi:132 - Cannot load RTOS API schema: s4s-elt-must-match.1: The content of 'definitions' must match (annotation?, (simpleType | complexType)?, (unique | key | keyref)*)). A problem was found starting at: attribute.
2024-03-06 10:29:55,025 [INFO] PluginManage:359 - Loaded plugin pinoutconfig (category:base,tabindex:0)
2024-03-06 10:29:55,025 [INFO] PluginManage:310 - Check plugin power
2024-03-06 10:29:55,042 [INFO] PluginManage:359 - Loaded plugin power (category:power,tabindex:4)
2024-03-06 10:29:55,043 [INFO] PluginManage:310 - Check plugin projectmanager
2024-03-06 10:29:55,056 [INFO] PluginManage:359 - Loaded plugin projectmanager (category:projectmanager,tabindex:3)
2024-03-06 10:29:55,056 [INFO] PluginManage:310 - Check plugin thirdparty
2024-03-06 10:29:55,300 [INFO] PluginManage:359 - Loaded plugin thirdparty (category:base,tabindex:-1)
2024-03-06 10:29:55,300 [WARN] IntegrityCheckThread:84 - waiting for thirdparty lock release [integrity check]
2024-03-06 10:29:55,301 [INFO] PluginManage:310 - Check plugin tools
2024-03-06 10:29:55,301 [INFO] IntegrityCheckThread:86 - entering critical section [integrity check]
2024-03-06 10:29:55,301 [INFO] ThirdPartyUpdaterWithRetryManager:70 - Updater plugin not ready yet. [1/15]
2024-03-06 10:29:55,330 [INFO] PluginManage:359 - Loaded plugin tools (category:base,tabindex:7)
2024-03-06 10:29:55,330 [INFO] PluginManage:310 - Check plugin tutovideos
2024-03-06 10:29:55,493 [INFO] PluginManage:359 - Loaded plugin tutovideos (category:base,tabindex:-1)
2024-03-06 10:29:55,494 [INFO] PluginManage:310 - Check plugin updater
2024-03-06 10:29:55,503 [INFO] PluginManage:359 - Loaded plugin updater (category:base,tabindex:12)
2024-03-06 10:29:55,503 [INFO] PluginManage:310 - Check plugin userauth
2024-03-06 10:29:55,508 [INFO] UserAuth:114 - Init User Auth plugin
2024-03-06 10:29:55,508 [INFO] PluginManage:359 - Loaded plugin userauth (category:base,tabindex:14)
2024-03-06 10:29:55,508 [INFO] PluginManage:283 - PluginManage : Loaded plugins [17]
2024-03-06 10:29:55,690 [INFO] PinOutPanel:1499 - setPackage(No Configuration,No Configuration)
2024-03-06 10:29:55,759 [INFO] CADModel:165 - CPN selected for project level
2024-03-06 10:29:55,759 [INFO] CADModel:114 - Register for checkConnection events
2024-03-06 10:29:55,785 [INFO] IPUIPlugin:80 - create IPUIPlugin
2024-03-06 10:29:55,785 [INFO] PluginManager:220 - loadIPPluginJar : add adc
2024-03-06 10:29:55,820 [INFO] IPUIPlugin:80 - create IPUIPlugin
2024-03-06 10:29:55,820 [INFO] PluginManager:220 - loadIPPluginJar : add aes
2024-03-06 10:29:55,857 [INFO] IPUIPlugin:80 - create IPUIPlugin
2024-03-06 10:29:55,857 [INFO] PluginManager:220 - loadIPPluginJar : add can
2024-03-06 10:29:55,876 [INFO] IPUIPlugin:80 - create IPUIPlugin
2024-03-06 10:29:55,876 [INFO] PluginManager:220 - loadIPPluginJar : add comp
2024-03-06 10:29:55,903 [INFO] IPUIPlugin:80 - create IPUIPlugin
2024-03-06 10:29:55,904 [INFO] PluginManager:220 - loadIPPluginJar : add cryp
2024-03-06 10:29:55,930 [INFO] IPUIPlugin:80 - create IPUIPlugin
2024-03-06 10:29:55,930 [INFO] PluginManager:220 - loadIPPluginJar : add dfsdm
2024-03-06 10:29:55,944 [INFO] IPUIPlugin:80 - create IPUIPlugin
2024-03-06 10:29:55,944 [INFO] PluginManager:220 - loadIPPluginJar : add dma
2024-03-06 10:29:55,981 [INFO] IPUIPlugin:80 - create IPUIPlugin
2024-03-06 10:29:55,981 [INFO] PluginManager:220 - loadIPPluginJar : add dma3
2024-03-06 10:29:55,999 [INFO] IPUIPlugin:80 - create IPUIPlugin
2024-03-06 10:29:55,999 [INFO] PluginManager:220 - loadIPPluginJar : add fatfs
2024-03-06 10:29:56,038 [INFO] IPUIPlugin:80 - create IPUIPlugin
2024-03-06 10:29:56,038 [INFO] PluginManager:220 - loadIPPluginJar : add fmc
2024-03-06 10:29:56,051 [INFO] IPUIPlugin:80 - create IPUIPlugin
2024-03-06 10:29:56,051 [INFO] PluginManager:220 - loadIPPluginJar : add freertos
2024-03-06 10:29:56,071 [INFO] IPUIPlugin:80 - create IPUIPlugin
2024-03-06 10:29:56,072 [INFO] PluginManager:220 - loadIPPluginJar : add genericplugin
2024-03-06 10:29:56,137 [INFO] IPUIPlugin:80 - create IPUIPlugin
2024-03-06 10:29:56,137 [INFO] PluginManager:220 - loadIPPluginJar : add gfxmmu
2024-03-06 10:29:56,228 [INFO] IPUIPlugin:80 - create IPUIPlugin
2024-03-06 10:29:56,229 [INFO] PluginManager:220 - loadIPPluginJar : add gic
2024-03-06 10:29:56,240 [INFO] IPUIPlugin:80 - create IPUIPlugin
2024-03-06 10:29:56,240 [INFO] PluginManager:220 - loadIPPluginJar : add gpio
2024-03-06 10:29:56,307 [INFO] IPUIPlugin:80 - create IPUIPlugin
2024-03-06 10:29:56,307 [INFO] PluginManager:220 - loadIPPluginJar : add gtzc
2024-03-06 10:29:56,332 [INFO] IPUIPlugin:80 - create IPUIPlugin
2024-03-06 10:29:56,333 [INFO] PluginManager:220 - loadIPPluginJar : add hash
2024-03-06 10:29:56,375 [INFO] IPUIPlugin:80 - create IPUIPlugin
2024-03-06 10:29:56,375 [INFO] PluginManager:220 - loadIPPluginJar : add i2c
2024-03-06 10:29:56,406 [INFO] IPUIPlugin:80 - create IPUIPlugin
2024-03-06 10:29:56,406 [INFO] PluginManager:220 - loadIPPluginJar : add i2s
2024-03-06 10:29:56,438 [INFO] IPUIPlugin:80 - create IPUIPlugin
2024-03-06 10:29:56,438 [INFO] PluginManager:220 - loadIPPluginJar : add i3c
2024-03-06 10:29:56,525 [INFO] IPUIPlugin:80 - create IPUIPlugin
2024-03-06 10:29:56,525 [INFO] PluginManager:220 - loadIPPluginJar : add ipddr
2024-03-06 10:29:56,590 [INFO] IPUIPlugin:80 - create IPUIPlugin
2024-03-06 10:29:56,590 [INFO] PluginManager:220 - loadIPPluginJar : add linkedlist
2024-03-06 10:29:56,617 [INFO] IPUIPlugin:80 - create IPUIPlugin
2024-03-06 10:29:56,617 [INFO] PluginManager:220 - loadIPPluginJar : add lorawan
2024-03-06 10:29:56,644 [INFO] IPUIPlugin:80 - create IPUIPlugin
2024-03-06 10:29:56,644 [INFO] PluginManager:220 - loadIPPluginJar : add ltdc
2024-03-06 10:29:56,657 [INFO] IPUIPlugin:80 - create IPUIPlugin
2024-03-06 10:29:56,657 [INFO] PluginManager:220 - loadIPPluginJar : add mdma
2024-03-06 10:29:56,668 [INFO] IPUIPlugin:80 - create IPUIPlugin
2024-03-06 10:29:56,668 [INFO] PluginManager:220 - loadIPPluginJar : add nvic
2024-03-06 10:29:56,696 [INFO] IPUIPlugin:80 - create IPUIPlugin
2024-03-06 10:29:56,696 [INFO] PluginManager:220 - loadIPPluginJar : add opamp
2024-03-06 10:29:56,739 [INFO] IPUIPlugin:80 - create IPUIPlugin
2024-03-06 10:29:56,739 [INFO] PluginManager:220 - loadIPPluginJar : add openamp
2024-03-06 10:29:56,772 [INFO] IPUIPlugin:80 - create IPUIPlugin
2024-03-06 10:29:56,772 [INFO] PluginManager:220 - loadIPPluginJar : add pdm2pcm
2024-03-06 10:29:56,784 [INFO] IPUIPlugin:80 - create IPUIPlugin
2024-03-06 10:29:56,785 [INFO] PluginManager:220 - loadIPPluginJar : add plateformsettings
2024-03-06 10:29:56,803 [INFO] IPUIPlugin:80 - create IPUIPlugin
2024-03-06 10:29:56,803 [INFO] PluginManager:220 - loadIPPluginJar : add quadspi
2024-03-06 10:29:56,814 [INFO] IPUIPlugin:80 - create IPUIPlugin
2024-03-06 10:29:56,814 [INFO] PluginManager:220 - loadIPPluginJar : add resmgrutility
2024-03-06 10:29:56,851 [INFO] IPUIPlugin:80 - create IPUIPlugin
2024-03-06 10:29:56,851 [INFO] PluginManager:220 - loadIPPluginJar : add sai
2024-03-06 10:29:56,879 [INFO] IPUIPlugin:80 - create IPUIPlugin
2024-03-06 10:29:56,879 [INFO] PluginManager:220 - loadIPPluginJar : add spi
2024-03-06 10:29:56,930 [INFO] IPUIPlugin:80 - create IPUIPlugin
2024-03-06 10:29:56,931 [INFO] PluginManager:220 - loadIPPluginJar : add stm32_wpan
2024-03-06 10:29:56,950 [INFO] IPUIPlugin:80 - create IPUIPlugin
2024-03-06 10:29:56,950 [INFO] PluginManager:220 - loadIPPluginJar : add tim
2024-03-06 10:29:56,994 [INFO] IPUIPlugin:80 - create IPUIPlugin
2024-03-06 10:29:56,994 [INFO] PluginManager:220 - loadIPPluginJar : add touchsensing
2024-03-06 10:29:57,012 [INFO] IPUIPlugin:80 - create IPUIPlugin
2024-03-06 10:29:57,012 [INFO] PluginManager:220 - loadIPPluginJar : add tracer_emb
2024-03-06 10:29:57,034 [INFO] IPUIPlugin:80 - create IPUIPlugin
2024-03-06 10:29:57,034 [INFO] PluginManager:220 - loadIPPluginJar : add ts
2024-03-06 10:29:57,050 [INFO] IPUIPlugin:80 - create IPUIPlugin
2024-03-06 10:29:57,050 [INFO] PluginManager:220 - loadIPPluginJar : add tsc
2024-03-06 10:29:57,068 [INFO] IPUIPlugin:80 - create IPUIPlugin
2024-03-06 10:29:57,068 [INFO] PluginManager:220 - loadIPPluginJar : add ucpd
2024-03-06 10:29:57,101 [INFO] IPUIPlugin:80 - create IPUIPlugin
2024-03-06 10:29:57,102 [INFO] PluginManager:220 - loadIPPluginJar : add usart
2024-03-06 10:29:57,136 [INFO] IPUIPlugin:80 - create IPUIPlugin
2024-03-06 10:29:57,136 [INFO] PluginManager:220 - loadIPPluginJar : add usbx
2024-03-06 10:29:57,252 [INFO] CADModel:165 - CPN selected for project level
2024-03-06 10:29:57,252 [INFO] CADModel:114 - Register for checkConnection events
2024-03-06 10:29:57,252 [FATAL] Updater:308 - Updater called before beeing initialized
2024-03-06 10:29:57,252 [ERROR] CADModel:125 - Updater not yet initialized, retry later 
2024-03-06 10:29:57,360 [INFO] CADModel:165 - CPN selected for project level
2024-03-06 10:29:57,360 [INFO] CADModel:114 - Register for checkConnection events
2024-03-06 10:29:57,360 [FATAL] Updater:308 - Updater called before beeing initialized
2024-03-06 10:29:57,361 [ERROR] CADModel:125 - Updater not yet initialized, retry later 
2024-03-06 10:29:57,363 [FATAL] Updater:308 - Updater called before beeing initialized
2024-03-06 10:29:57,452 [FATAL] Updater:308 - Updater called before beeing initialized
2024-03-06 10:29:57,460 [INFO] DbMcusAds:53 - JSON generation date=Thu Sep 30 08:55:09 CEST 2021 (1632984909247)
2024-03-06 10:29:57,460 [FATAL] Updater:308 - Updater called before beeing initialized
2024-03-06 10:29:57,524 [WARN] DetailPanel:346 - Failed to get advertising image, set to default
2024-03-06 10:29:57,610 [FATAL] Updater:308 - Updater called before beeing initialized
2024-03-06 10:29:57,613 [FATAL] Updater:308 - Updater called before beeing initialized
2024-03-06 10:29:57,613 [FATAL] Updater:308 - Updater called before beeing initialized
2024-03-06 10:29:57,613 [WARN] DetailPanel:346 - Failed to get advertising image, set to default
2024-03-06 10:29:57,613 [FATAL] Updater:308 - Updater called before beeing initialized
2024-03-06 10:29:57,662 [ERROR] Updater:1120 - MainUpdater not yet initialized. External WinMGr cannot be set.
2024-03-06 10:29:57,672 [INFO] Updater:1056 - Updater Version found : 6.10.0
2024-03-06 10:29:57,690 [INFO] ApplicationProperties:184 - Using Application install path: C:\ST\STM32CubeIDE_1.13.2\STM32CubeIDE\plugins\com.st.stm32cube.common.mx_6.10.0.202311202037
2024-03-06 10:29:58,061 [INFO] MainUpdater:2873 - connection check result : 10
2024-03-06 10:29:58,062 [INFO] MainUpdater:290 - Updater Check For Update Now.
2024-03-06 10:29:58,062 [INFO] MicroXplorer:498 - Change Database Version : DB.6.0.100
2024-03-06 10:29:58,074 [INFO] McuFinderGlobals:63 - Set McuFinder mode to 2 (CubeIDE integrated)
2024-03-06 10:29:58,086 [INFO] UserAuth:404 - Internet connection configuration mode: 1
2024-03-06 10:29:58,114 [INFO] JxBrowserEngine:152 - Initiate JxBrowser Engine with user profile folder
2024-03-06 10:29:58,242 [INFO] CheckServerUpdateThread:120 - End of CheckServer Thread
2024-03-06 10:29:58,462 [WARN] PackLoader:240 - Cannot read IP mode file for STMicroelectronics.X-CUBE-SMBUS.2.1.0
2024-03-06 10:29:58,477 [WARN] PackLoader:240 - Cannot read IP mode file for STMicroelectronics.X-CUBE-TOUCHGFX.4.23.0
2024-03-06 10:29:58,509 [WARN] PackLoader:240 - Cannot read IP mode file for STMicroelectronics.X-CUBE-AZRTOS-F7.1.1.0
2024-03-06 10:29:58,524 [WARN] PackLoader:240 - Cannot read IP mode file for STMicroelectronics.FP-SNS-MOTENV1.4.3.2
2024-03-06 10:29:58,539 [WARN] PackLoader:240 - Cannot read IP mode file for STMicroelectronics.FP-SNS-FLIGHT1.5.0.2
2024-03-06 10:29:58,554 [WARN] PackLoader:240 - Cannot read IP mode file for STMicroelectronics.X-CUBE-DISPLAY.3.0.0
2024-03-06 10:29:58,574 [WARN] PackLoader:240 - Cannot read IP mode file for STMicroelectronics.X-CUBE-BLE1.7.0.0
2024-03-06 10:29:58,586 [WARN] PackLoader:240 - Cannot read IP mode file for emotas.I-CUBE-CANOPEN.1.3.0
2024-03-06 10:29:58,596 [WARN] PackLoader:240 - Cannot read IP mode file for STMicroelectronics.X-CUBE-TOUCHGFX.4.22.1
2024-03-06 10:29:58,609 [WARN] PackLoader:240 - Cannot read IP mode file for STMicroelectronics.X-CUBE-BLEMGR.3.1.0
2024-03-06 10:29:58,620 [WARN] PackLoader:240 - Cannot read IP mode file for STMicroelectronics.FP-SNS-SMARTAG2.1.2.0
2024-03-06 10:29:58,636 [INFO] LogOutputStream:77 - [STDOUT_REDIRECT] 1 : Invalid condition id : UX_CORESTACK_Condition cause : null
2024-03-06 10:29:58,637 [INFO] LogOutputStream:77 - [STDOUT_REDIRECT] 1 : Invalid condition id : UX_CORESTACK_Condition cause : null
2024-03-06 10:29:58,638 [INFO] LogOutputStream:77 - [STDOUT_REDIRECT] 1 : Invalid condition id : UX_CORESTACK_Condition cause : null
2024-03-06 10:29:58,638 [INFO] LogOutputStream:77 - [STDOUT_REDIRECT] 1 : Invalid condition id : UX_CORESTACK_Condition cause : null
2024-03-06 10:29:58,639 [INFO] LogOutputStream:77 - [STDOUT_REDIRECT] 1 : Invalid condition id : UX_CORESTACK_Condition cause : null
2024-03-06 10:29:58,641 [WARN] PackLoader:240 - Cannot read IP mode file for STMicroelectronics.X-CUBE-AZRTOS-WL.2.0.0
2024-03-06 10:29:58,653 [WARN] PackLoader:240 - Cannot read IP mode file for WES.I-CUBE-Cesium.1.3.0
2024-03-06 10:29:58,664 [WARN] PackLoader:240 - Cannot read IP mode file for STMicroelectronics.X-CUBE-BLE2.3.3.0
2024-03-06 10:29:58,674 [WARN] PackLoader:240 - Cannot read IP mode file for STMicroelectronics.X-CUBE-ALGOBUILD.1.3.0
2024-03-06 10:29:58,697 [WARN] PackLoader:240 - Cannot read IP mode file for STMicroelectronics.X-CUBE-AZRTOS-G0.1.1.0
2024-03-06 10:29:58,713 [WARN] PackLoader:240 - Cannot read IP mode file for STMicroelectronics.X-CUBE-NFC4.3.0.0
2024-03-06 10:29:58,731 [WARN] PackLoader:240 - Cannot read IP mode file for STMicroelectronics.X-CUBE-BLEMGR.3.0.0
2024-03-06 10:29:58,744 [WARN] PackLoader:240 - Cannot read IP mode file for STMicroelectronics.FP-ATR-SIGFOX1.3.2.0
2024-03-06 10:29:58,758 [WARN] PackLoader:240 - Cannot read IP mode file for STMicroelectronics.X-CUBE-EEPRMA1.5.1.0
2024-03-06 10:29:58,791 [WARN] PackLoader:240 - Cannot read IP mode file for SEGGER.I-CUBE-embOS.1.3.1
2024-03-06 10:29:58,829 [WARN] PackLoader:240 - Cannot read IP mode file for STMicroelectronics.X-CUBE-GNSS1.6.0.0
2024-03-06 10:29:58,860 [WARN] PackLoader:240 - Cannot read IP mode file for STMicroelectronics.X-CUBE-AZRTOS-F4.1.1.0
2024-03-06 10:29:58,878 [WARN] PackLoader:240 - Cannot read IP mode file for wolfSSL.I-CUBE-wolfSSL.5.6.4
2024-03-06 10:29:58,912 [WARN] PackLoader:240 - Cannot read IP mode file for STMicroelectronics.X-CUBE-AZRTOS-L5.2.0.0
2024-03-06 10:29:58,930 [WARN] PackLoader:240 - Cannot read IP mode file for STMicroelectronics.X-CUBE-EEPRMA1.4.2.0
2024-03-06 10:29:58,946 [WARN] PackLoader:240 - Cannot read IP mode file for ITTIA_DB.I-CUBE-ITTIADB.8.8.0
2024-03-06 10:29:58,976 [WARN] ConditionMgr:438 - getConditionDescription Invalid condition id : UX DEVICE CLASS RTOS Condition cause : null
2024-03-06 10:29:58,976 [WARN] ConditionMgr:438 - getConditionDescription Invalid condition id : UX DEVICE CLASS RTOS Condition cause : null
2024-03-06 10:29:58,978 [WARN] PackLoader:240 - Cannot read IP mode file for STMicroelectronics.X-CUBE-AZRTOS-H7.3.1.0
2024-03-06 10:29:58,979 [WARN] ConditionMgr:1039 - genDependencies : Invalid condition id : UX DEVICE CLASS RTOS Condition cause : null
2024-03-06 10:29:58,979 [WARN] ConditionMgr:1039 - genDependencies : Invalid condition id : UX DEVICE CLASS RTOS Condition cause : null
2024-03-06 10:29:58,980 [WARN] ConditionMgr:1039 - genDependencies : Invalid condition id : UX DEVICE CLASS RTOS Condition cause : null
2024-03-06 10:29:58,980 [WARN] ConditionMgr:1039 - genDependencies : Invalid condition id : UX DEVICE CLASS RTOS Condition cause : null
2024-03-06 10:29:58,980 [WARN] ConditionMgr:1039 - genDependencies : Invalid condition id : UX DEVICE CLASS RTOS Condition cause : null
2024-03-06 10:29:58,998 [WARN] PackLoader:240 - Cannot read IP mode file for STMicroelectronics.X-CUBE-NFC7.1.0.1
2024-03-06 10:29:59,024 [WARN] PackLoader:240 - Cannot read IP mode file for STMicroelectronics.X-CUBE-NFC6.3.0.0
2024-03-06 10:29:59,043 [WARN] PackLoader:240 - Cannot read IP mode file for STMicroelectronics.X-CUBE-AI.8.1.0
2024-03-06 10:29:59,083 [WARN] ConditionMgr:438 - getConditionDescription Invalid condition id : LAN8742 Phy interface Condition cause : null
2024-03-06 10:29:59,084 [WARN] PackLoader:240 - Cannot read IP mode file for STMicroelectronics.X-CUBE-AZRTOS-L4.2.0.0
2024-03-06 10:29:59,099 [WARN] ConditionMgr:1039 - genDependencies : Invalid condition id : LAN8742 Phy interface Condition cause : null
2024-03-06 10:29:59,099 [WARN] ConditionMgr:1039 - genDependencies : Invalid condition id : LAN8742 Phy interface Condition cause : null
2024-03-06 10:29:59,100 [WARN] ConditionMgr:1039 - genDependencies : Invalid condition id : LAN8742 Phy interface Condition cause : null
2024-03-06 10:29:59,135 [WARN] PackLoader:240 - Cannot read IP mode file for STMicroelectronics.X-CUBE-SFXS2LP1.4.0.0
2024-03-06 10:29:59,150 [WARN] PackLoader:240 - Cannot read IP mode file for STMicroelectronics.X-CUBE-ISPU.1.1.0
2024-03-06 10:29:59,176 [WARN] ConditionMgr:438 - getConditionDescription Invalid condition id : UX DEVICE CLASS RTOS Condition cause : null
2024-03-06 10:29:59,176 [WARN] ConditionMgr:438 - getConditionDescription Invalid condition id : UX DEVICE CLASS RTOS Condition cause : null
2024-03-06 10:29:59,178 [WARN] PackLoader:240 - Cannot read IP mode file for STMicroelectronics.X-CUBE-AZRTOS-WB.2.0.0
2024-03-06 10:29:59,178 [WARN] ConditionMgr:1039 - genDependencies : Invalid condition id : UX DEVICE CLASS RTOS Condition cause : null
2024-03-06 10:29:59,178 [WARN] ConditionMgr:1039 - genDependencies : Invalid condition id : UX DEVICE CLASS RTOS Condition cause : null
2024-03-06 10:29:59,178 [WARN] ConditionMgr:1039 - genDependencies : Invalid condition id : UX DEVICE CLASS RTOS Condition cause : null
2024-03-06 10:29:59,178 [WARN] ConditionMgr:1039 - genDependencies : Invalid condition id : UX DEVICE CLASS RTOS Condition cause : null
2024-03-06 10:29:59,178 [WARN] ConditionMgr:1039 - genDependencies : Invalid condition id : UX DEVICE CLASS RTOS Condition cause : null
2024-03-06 10:29:59,201 [WARN] PackLoader:240 - Cannot read IP mode file for STMicroelectronics.X-CUBE-SUBG2.5.0.0
2024-03-06 10:29:59,227 [WARN] PackLoader:240 - Cannot read IP mode file for STMicroelectronics.X-CUBE-TOF1.3.3.1
2024-03-06 10:29:59,263 [WARN] PackLoader:240 - Cannot read IP mode file for STMicroelectronics.X-CUBE-AZRTOS-G4.2.0.0
2024-03-06 10:29:59,290 [WARN] PackLoader:240 - Cannot read IP mode file for Infineon.AIROC-Wi-Fi-Bluetooth-STM32.1.5.1
2024-03-06 10:29:59,308 [WARN] PackLoader:240 - Cannot read IP mode file for STMicroelectronics.FP-SNS-MOTENVWB1.1.3.0
2024-03-06 10:29:59,322 [WARN] PackLoader:240 - Cannot read IP mode file for STMicroelectronics.FP-SNS-MOTENVWB1.1.3.1
2024-03-06 10:29:59,337 [WARN] PackLoader:240 - Cannot read IP mode file for STMicroelectronics.X-CUBE-ISPU.2.0.0
2024-03-06 10:29:59,389 [WARN] PackLoader:240 - Cannot read IP mode file for STMicroelectronics.X-CUBE-MEMS1.10.0.0
2024-03-06 10:29:59,506 [WARN] PackLoader:240 - Cannot read IP mode file for STMicroelectronics.X-CUBE-FREERTOS.1.1.0
2024-03-06 10:29:59,526 [WARN] PackLoader:240 - Cannot read IP mode file for portGmbH.I-Cube-SoM-uGOAL.1.1.0
2024-03-06 10:29:59,541 [WARN] PackLoader:240 - Cannot read IP mode file for STMicroelectronics.X-CUBE-ALS.1.0.1
2024-03-06 10:29:59,560 [WARN] PackLoader:240 - Cannot read IP mode file for STMicroelectronics.FP-ATR-ASTRA1.2.0.0
2024-03-06 10:29:59,582 [WARN] PackLoader:240 - Cannot read IP mode file for STMicroelectronics.X-CUBE-TOF1.3.4.0
2024-03-06 10:29:59,611 [WARN] PackLoader:240 - Cannot read IP mode file for STMicroelectronics.X-CUBE-TOF1.3.4.1
2024-03-06 10:29:59,657 [WARN] PackLoader:240 - Cannot read IP mode file for STMicroelectronics.X-CUBE-AZRTOS-H7.3.2.0
2024-03-06 10:29:59,661 [INFO] ThirdParty:978 - Integrity check success = true
2024-03-06 10:29:59,661 [INFO] IntegrityCheckThread:100 - exiting critical section [integrity check]
2024-03-06 10:29:59,661 [INFO] IntegrityCheckThread:103 - End integrity checks thread
2024-03-06 10:30:01,155 [INFO] WebApp:161 - Instantiating new browser for Auth
2024-03-06 10:30:01,584 [INFO] WebApp:780 - Register for checkConnection events
2024-03-06 10:30:01,584 [INFO] WebApp:414 - Apply proxy settings
2024-03-06 10:30:01,586 [INFO] WebApp:499 - Chromium requires no authentication
2024-03-06 10:30:01,592 [INFO] WebApp:442 - Direct internet connection detected
2024-03-06 10:30:01,722 [INFO] WebApp:192 - Starting web application
2024-03-06 10:30:01,722 [INFO] WebApp:544 - Web application path used C:\ST\STM32CubeIDE_1.13.2\STM32CubeIDE\plugins\com.st.stm32cube.common.mx_6.10.0.202311202037\db\plugins\mcufinder\reactClient1\index.html
2024-03-06 10:30:22,459 [ERROR] LogOutputStream:75 - [STDERR_REDIRECT] SLF4J: Failed to load class "org.slf4j.impl.StaticLoggerBinder".
2024-03-06 10:30:22,459 [ERROR] LogOutputStream:75 - [STDERR_REDIRECT] SLF4J: Defaulting to no-operation (NOP) logger implementation
2024-03-06 10:30:22,460 [ERROR] LogOutputStream:75 - [STDERR_REDIRECT] SLF4J: See http://www.slf4j.org/codes.html#StaticLoggerBinder for further details.
2024-03-06 10:41:12,120 [ERROR] LogOutputStream:75 - [STDERR_REDIRECT] 
2024-03-06 21:00:45,571 [INFO] Activator:176 - 


2024-03-06 21:00:45,576 [INFO] Activator:177 - !SESSION log4j initialized
2024-03-06 21:00:56,171 [INFO] LogOutputStream:77 - [STDOUT_REDIRECT] 
