2024-03-11 19:30:04,585 [INFO] Activator:176 - 


2024-03-11 19:30:04,594 [INFO] Activator:177 - !SESSION log4j initialized
2024-03-11 19:30:11,273 [INFO] LogOutputStream:77 - [STDOUT_REDIRECT] 
2024-03-11 19:30:12,260 [INFO] ApplicationProperties:184 - Using Application install path: C:\ST\STM32CubeIDE_1.13.2\STM32CubeIDE\plugins\com.st.stm32cube.common.mx_6.10.0.202311202037
2024-03-11 19:30:12,279 [INFO] DbMcusXml:78 - Set database path to: C:\ST\STM32CubeIDE_1.13.2\STM32CubeIDE\plugins\com.st.stm32cube.common.mx_6.10.0.202311202037\\db\/mcu/
2024-03-11 19:30:12,279 [INFO] ApiDb:274 - Set plugin database path to: C:\ST\STM32CubeIDE_1.13.2\STM32CubeIDE\plugins\com.st.stm32cube.common.mx_6.10.0.202311202037\\db\/plugins/boardmanager/
2024-03-11 19:30:12,279 [WARN] ApiDb:259 - Overriding images path with different value:  => C:\ST\STM32CubeIDE_1.13.2\STM32CubeIDE\plugins\com.st.stm32cube.common.mx_6.10.0.202311202037\\db\/plugins/mcufinder/images/
2024-03-11 19:30:12,285 [INFO] ApiDb:250 - Set database path to: C:\Users\grafd\.stmcufinder\plugins\mcufinder//mcu/
2024-03-11 19:30:12,287 [INFO] DbMcusAds:125 - Set database path to: C:\Users\grafd\.stmcufinder\plugins\mcufinder//mcu/
2024-03-11 19:30:12,289 [INFO] CrossReferenceDbSqlite:203 - Set database path to: C:\Users\grafd\.stmcufinder\plugins\mcufinder//mcu/cs/
2024-03-11 19:30:12,389 [INFO] RulesReader:64 - Compatibility file has been processed (297 Rules)
2024-03-11 19:30:12,474 [INFO] DbMcusXml:78 - Set database path to: C:\ST\STM32CubeIDE_1.13.2\STM32CubeIDE\plugins\com.st.stm32cube.common.mx_6.10.0.202311202037\\db\/mcu/
2024-03-11 19:30:12,474 [INFO] ApiDb:274 - Set plugin database path to: C:\ST\STM32CubeIDE_1.13.2\STM32CubeIDE\plugins\com.st.stm32cube.common.mx_6.10.0.202311202037\\db\/plugins/boardmanager/
2024-03-11 19:30:12,474 [INFO] ApiDb:261 - Set plugin images path to: C:\ST\STM32CubeIDE_1.13.2\STM32CubeIDE\plugins\com.st.stm32cube.common.mx_6.10.0.202311202037\\db\/plugins/mcufinder/images/
2024-03-11 19:30:12,474 [WARN] DbFile:41 - Overriding database path with different value: C:\Users\grafd\.stmcufinder\plugins\mcufinder/ => C:\Users\grafd\.stmcufinder\plugins\mcufinder
2024-03-11 19:30:12,474 [INFO] ApiDb:250 - Set database path to: C:\Users\grafd\.stmcufinder\plugins\mcufinder//mcu/
2024-03-11 19:30:12,474 [WARN] DbFile:41 - Overriding database path with different value: C:\Users\grafd\.stmcufinder\plugins\mcufinder/ => C:\Users\grafd\.stmcufinder\plugins\mcufinder
2024-03-11 19:30:12,474 [INFO] DbMcusAds:125 - Set database path to: C:\Users\grafd\.stmcufinder\plugins\mcufinder//mcu/
2024-03-11 19:30:12,474 [WARN] DbFile:41 - Overriding database path with different value: C:\Users\grafd\.stmcufinder\plugins\mcufinder/ => C:\Users\grafd\.stmcufinder\plugins\mcufinder
2024-03-11 19:30:12,474 [WARN] DbFile:41 - Overriding database path with different value: C:\Users\grafd\.stmcufinder\plugins\mcufinder/ => C:\Users\grafd\.stmcufinder\plugins\mcufinder
2024-03-11 19:30:12,474 [INFO] CrossReferenceDbSqlite:203 - Set database path to: C:\Users\grafd\.stmcufinder\plugins\mcufinder//mcu/cs/
2024-03-11 19:30:12,546 [INFO] MainPanel:264 - HeapMemory: 268435456
2024-03-11 19:30:12,648 [INFO] DbMcusXml:78 - Set database path to: C:\ST\STM32CubeIDE_1.13.2\STM32CubeIDE\plugins\com.st.stm32cube.common.mx_6.10.0.202311202037\\db\/mcu/
2024-03-11 19:30:12,648 [INFO] ApiDb:274 - Set plugin database path to: C:\ST\STM32CubeIDE_1.13.2\STM32CubeIDE\plugins\com.st.stm32cube.common.mx_6.10.0.202311202037\\db\/plugins/boardmanager/
2024-03-11 19:30:12,648 [INFO] ApiDb:261 - Set plugin images path to: C:\ST\STM32CubeIDE_1.13.2\STM32CubeIDE\plugins\com.st.stm32cube.common.mx_6.10.0.202311202037\\db\/plugins/mcufinder/images/
2024-03-11 19:30:12,649 [WARN] DbFile:41 - Overriding database path with different value: C:\Users\grafd\.stmcufinder\plugins\mcufinder/ => C:\Users\grafd\.stmcufinder\plugins\mcufinder
2024-03-11 19:30:12,649 [INFO] ApiDb:250 - Set database path to: C:\Users\grafd\.stmcufinder\plugins\mcufinder//mcu/
2024-03-11 19:30:12,649 [WARN] DbFile:41 - Overriding database path with different value: C:\Users\grafd\.stmcufinder\plugins\mcufinder/ => C:\Users\grafd\.stmcufinder\plugins\mcufinder
2024-03-11 19:30:12,649 [INFO] DbMcusAds:125 - Set database path to: C:\Users\grafd\.stmcufinder\plugins\mcufinder//mcu/
2024-03-11 19:30:12,649 [WARN] DbFile:41 - Overriding database path with different value: C:\Users\grafd\.stmcufinder\plugins\mcufinder/ => C:\Users\grafd\.stmcufinder\plugins\mcufinder
2024-03-11 19:30:12,649 [WARN] DbFile:41 - Overriding database path with different value: C:\Users\grafd\.stmcufinder\plugins\mcufinder/ => C:\Users\grafd\.stmcufinder\plugins\mcufinder
2024-03-11 19:30:12,649 [INFO] CrossReferenceDbSqlite:203 - Set database path to: C:\Users\grafd\.stmcufinder\plugins\mcufinder//mcu/cs/
2024-03-11 19:30:12,667 [INFO] ApplicationProperties:184 - Using Application install path: C:\ST\STM32CubeIDE_1.13.2\STM32CubeIDE\plugins\com.st.stm32cube.common.mx_6.10.0.202311202037
2024-03-11 19:30:12,668 [INFO] PluginManage:196 - Search for loadable plugins [exclusion list=, ]
2024-03-11 19:30:12,670 [INFO] PluginManage:310 - Check plugin analytics
2024-03-11 19:30:12,838 [INFO] AnalyticsPlugin:253 - Accepted Software Licenses: 
2024-03-11 19:30:12,839 [INFO] AnalyticsPlugin:255 - Accepted CMSIS Pack Licenses: 
2024-03-11 19:30:12,839 [INFO] AnalyticsPlugin:257 - Accepted Firmware Licenses: 
2024-03-11 19:30:12,842 [INFO] PluginManage:359 - Loaded plugin analytics (category:tool,tabindex:-1)
2024-03-11 19:30:12,843 [INFO] PluginManage:310 - Check plugin cadmodel
2024-03-11 19:30:12,862 [INFO] CADModel:105 - Init CAD model plugin
2024-03-11 19:30:12,862 [INFO] PluginManage:359 - Loaded plugin cadmodel (category:power,tabindex:5)
2024-03-11 19:30:12,862 [INFO] PluginManage:310 - Check plugin clock
2024-03-11 19:30:12,888 [INFO] PluginManage:359 - Loaded plugin clock (category:base,tabindex:2)
2024-03-11 19:30:12,888 [INFO] PluginManage:310 - Check plugin ddr
2024-03-11 19:30:12,891 [INFO] PluginManage:359 - Loaded plugin ddr (category:tool,tabindex:6)
2024-03-11 19:30:12,891 [INFO] PluginManage:310 - Check plugin filemanager
2024-03-11 19:30:13,044 [INFO] PluginManage:359 - Loaded plugin filemanager (category:base,tabindex:10)
2024-03-11 19:30:13,044 [INFO] PluginManage:310 - Check plugin ipmanager
2024-03-11 19:30:13,053 [INFO] PluginManage:359 - Loaded plugin ipmanager (category:base,tabindex:5)
2024-03-11 19:30:13,053 [INFO] PluginManage:310 - Check plugin lpbam
2024-03-11 19:30:13,074 [INFO] PluginManage:359 - Loaded plugin lpbam (category:base,tabindex:0)
2024-03-11 19:30:13,074 [INFO] PluginManage:310 - Check plugin memorymap
2024-03-11 19:30:13,101 [INFO] PluginManage:359 - Loaded plugin memorymap (category:base,tabindex:4)
2024-03-11 19:30:13,102 [INFO] PluginManage:310 - Check plugin pinoutandconfiguration
2024-03-11 19:30:13,119 [INFO] PluginManage:359 - Loaded plugin pinoutandconfiguration (category:base,tabindex:1)
2024-03-11 19:30:13,119 [INFO] PluginManage:310 - Check plugin pinoutconfig
2024-03-11 19:30:13,211 [WARN] SupportedApi:132 - Cannot load RTOS API schema: s4s-elt-must-match.1: The content of 'definitions' must match (annotation?, (simpleType | complexType)?, (unique | key | keyref)*)). A problem was found starting at: attribute.
2024-03-11 19:30:13,333 [INFO] PluginManage:359 - Loaded plugin pinoutconfig (category:base,tabindex:0)
2024-03-11 19:30:13,334 [INFO] PluginManage:310 - Check plugin power
2024-03-11 19:30:13,353 [INFO] PluginManage:359 - Loaded plugin power (category:power,tabindex:4)
2024-03-11 19:30:13,354 [INFO] PluginManage:310 - Check plugin projectmanager
2024-03-11 19:30:13,370 [INFO] PluginManage:359 - Loaded plugin projectmanager (category:projectmanager,tabindex:3)
2024-03-11 19:30:13,370 [INFO] PluginManage:310 - Check plugin thirdparty
2024-03-11 19:30:13,612 [INFO] PluginManage:359 - Loaded plugin thirdparty (category:base,tabindex:-1)
2024-03-11 19:30:13,612 [INFO] PluginManage:310 - Check plugin tools
2024-03-11 19:30:13,612 [WARN] IntegrityCheckThread:84 - waiting for thirdparty lock release [integrity check]
2024-03-11 19:30:13,612 [INFO] IntegrityCheckThread:86 - entering critical section [integrity check]
2024-03-11 19:30:13,613 [INFO] ThirdPartyUpdaterWithRetryManager:70 - Updater plugin not ready yet. [1/15]
2024-03-11 19:30:13,641 [INFO] PluginManage:359 - Loaded plugin tools (category:base,tabindex:7)
2024-03-11 19:30:13,641 [INFO] PluginManage:310 - Check plugin tutovideos
2024-03-11 19:30:13,835 [INFO] PluginManage:359 - Loaded plugin tutovideos (category:base,tabindex:-1)
2024-03-11 19:30:13,835 [INFO] PluginManage:310 - Check plugin updater
2024-03-11 19:30:13,846 [INFO] PluginManage:359 - Loaded plugin updater (category:base,tabindex:12)
2024-03-11 19:30:13,846 [INFO] PluginManage:310 - Check plugin userauth
2024-03-11 19:30:13,851 [INFO] UserAuth:114 - Init User Auth plugin
2024-03-11 19:30:13,851 [INFO] PluginManage:359 - Loaded plugin userauth (category:base,tabindex:14)
2024-03-11 19:30:13,851 [INFO] PluginManage:283 - PluginManage : Loaded plugins [17]
2024-03-11 19:30:14,041 [INFO] PinOutPanel:1499 - setPackage(No Configuration,No Configuration)
2024-03-11 19:30:14,123 [INFO] CADModel:165 - CPN selected for project level
2024-03-11 19:30:14,123 [INFO] CADModel:114 - Register for checkConnection events
2024-03-11 19:30:14,147 [INFO] IPUIPlugin:80 - create IPUIPlugin
2024-03-11 19:30:14,147 [INFO] PluginManager:220 - loadIPPluginJar : add adc
2024-03-11 19:30:14,176 [INFO] IPUIPlugin:80 - create IPUIPlugin
2024-03-11 19:30:14,176 [INFO] PluginManager:220 - loadIPPluginJar : add aes
2024-03-11 19:30:14,211 [INFO] IPUIPlugin:80 - create IPUIPlugin
2024-03-11 19:30:14,211 [INFO] PluginManager:220 - loadIPPluginJar : add can
2024-03-11 19:30:14,233 [INFO] IPUIPlugin:80 - create IPUIPlugin
2024-03-11 19:30:14,233 [INFO] PluginManager:220 - loadIPPluginJar : add comp
2024-03-11 19:30:14,263 [INFO] IPUIPlugin:80 - create IPUIPlugin
2024-03-11 19:30:14,263 [INFO] PluginManager:220 - loadIPPluginJar : add cryp
2024-03-11 19:30:14,289 [INFO] IPUIPlugin:80 - create IPUIPlugin
2024-03-11 19:30:14,289 [INFO] PluginManager:220 - loadIPPluginJar : add dfsdm
2024-03-11 19:30:14,302 [INFO] IPUIPlugin:80 - create IPUIPlugin
2024-03-11 19:30:14,303 [INFO] PluginManager:220 - loadIPPluginJar : add dma
2024-03-11 19:30:14,340 [INFO] IPUIPlugin:80 - create IPUIPlugin
2024-03-11 19:30:14,340 [INFO] PluginManager:220 - loadIPPluginJar : add dma3
2024-03-11 19:30:14,358 [INFO] IPUIPlugin:80 - create IPUIPlugin
2024-03-11 19:30:14,358 [INFO] PluginManager:220 - loadIPPluginJar : add fatfs
2024-03-11 19:30:14,398 [INFO] IPUIPlugin:80 - create IPUIPlugin
2024-03-11 19:30:14,398 [INFO] PluginManager:220 - loadIPPluginJar : add fmc
2024-03-11 19:30:14,412 [INFO] IPUIPlugin:80 - create IPUIPlugin
2024-03-11 19:30:14,413 [INFO] PluginManager:220 - loadIPPluginJar : add freertos
2024-03-11 19:30:14,431 [INFO] IPUIPlugin:80 - create IPUIPlugin
2024-03-11 19:30:14,431 [INFO] PluginManager:220 - loadIPPluginJar : add genericplugin
2024-03-11 19:30:14,513 [INFO] IPUIPlugin:80 - create IPUIPlugin
2024-03-11 19:30:14,513 [INFO] PluginManager:220 - loadIPPluginJar : add gfxmmu
2024-03-11 19:30:14,622 [INFO] IPUIPlugin:80 - create IPUIPlugin
2024-03-11 19:30:14,622 [INFO] PluginManager:220 - loadIPPluginJar : add gic
2024-03-11 19:30:14,633 [INFO] IPUIPlugin:80 - create IPUIPlugin
2024-03-11 19:30:14,633 [INFO] PluginManager:220 - loadIPPluginJar : add gpio
2024-03-11 19:30:14,709 [INFO] IPUIPlugin:80 - create IPUIPlugin
2024-03-11 19:30:14,709 [INFO] PluginManager:220 - loadIPPluginJar : add gtzc
2024-03-11 19:30:14,735 [INFO] IPUIPlugin:80 - create IPUIPlugin
2024-03-11 19:30:14,735 [INFO] PluginManager:220 - loadIPPluginJar : add hash
2024-03-11 19:30:14,785 [INFO] IPUIPlugin:80 - create IPUIPlugin
2024-03-11 19:30:14,785 [INFO] PluginManager:220 - loadIPPluginJar : add i2c
2024-03-11 19:30:14,818 [INFO] IPUIPlugin:80 - create IPUIPlugin
2024-03-11 19:30:14,818 [INFO] PluginManager:220 - loadIPPluginJar : add i2s
2024-03-11 19:30:14,852 [INFO] IPUIPlugin:80 - create IPUIPlugin
2024-03-11 19:30:14,852 [INFO] PluginManager:220 - loadIPPluginJar : add i3c
2024-03-11 19:30:14,937 [INFO] IPUIPlugin:80 - create IPUIPlugin
2024-03-11 19:30:14,937 [INFO] PluginManager:220 - loadIPPluginJar : add ipddr
2024-03-11 19:30:15,008 [INFO] IPUIPlugin:80 - create IPUIPlugin
2024-03-11 19:30:15,009 [INFO] PluginManager:220 - loadIPPluginJar : add linkedlist
2024-03-11 19:30:15,037 [INFO] IPUIPlugin:80 - create IPUIPlugin
2024-03-11 19:30:15,037 [INFO] PluginManager:220 - loadIPPluginJar : add lorawan
2024-03-11 19:30:15,065 [INFO] IPUIPlugin:80 - create IPUIPlugin
2024-03-11 19:30:15,066 [INFO] PluginManager:220 - loadIPPluginJar : add ltdc
2024-03-11 19:30:15,079 [INFO] IPUIPlugin:80 - create IPUIPlugin
2024-03-11 19:30:15,079 [INFO] PluginManager:220 - loadIPPluginJar : add mdma
2024-03-11 19:30:15,090 [INFO] IPUIPlugin:80 - create IPUIPlugin
2024-03-11 19:30:15,090 [INFO] PluginManager:220 - loadIPPluginJar : add nvic
2024-03-11 19:30:15,121 [INFO] IPUIPlugin:80 - create IPUIPlugin
2024-03-11 19:30:15,121 [INFO] PluginManager:220 - loadIPPluginJar : add opamp
2024-03-11 19:30:15,184 [INFO] IPUIPlugin:80 - create IPUIPlugin
2024-03-11 19:30:15,184 [INFO] PluginManager:220 - loadIPPluginJar : add openamp
2024-03-11 19:30:15,225 [INFO] IPUIPlugin:80 - create IPUIPlugin
2024-03-11 19:30:15,225 [INFO] PluginManager:220 - loadIPPluginJar : add pdm2pcm
2024-03-11 19:30:15,241 [INFO] IPUIPlugin:80 - create IPUIPlugin
2024-03-11 19:30:15,243 [INFO] PluginManager:220 - loadIPPluginJar : add plateformsettings
2024-03-11 19:30:15,273 [INFO] IPUIPlugin:80 - create IPUIPlugin
2024-03-11 19:30:15,273 [INFO] PluginManager:220 - loadIPPluginJar : add quadspi
2024-03-11 19:30:15,285 [INFO] IPUIPlugin:80 - create IPUIPlugin
2024-03-11 19:30:15,285 [INFO] PluginManager:220 - loadIPPluginJar : add resmgrutility
2024-03-11 19:30:15,327 [INFO] IPUIPlugin:80 - create IPUIPlugin
2024-03-11 19:30:15,327 [INFO] PluginManager:220 - loadIPPluginJar : add sai
2024-03-11 19:30:15,366 [INFO] IPUIPlugin:80 - create IPUIPlugin
2024-03-11 19:30:15,366 [INFO] PluginManager:220 - loadIPPluginJar : add spi
2024-03-11 19:30:15,434 [INFO] IPUIPlugin:80 - create IPUIPlugin
2024-03-11 19:30:15,434 [INFO] PluginManager:220 - loadIPPluginJar : add stm32_wpan
2024-03-11 19:30:15,459 [INFO] IPUIPlugin:80 - create IPUIPlugin
2024-03-11 19:30:15,459 [INFO] PluginManager:220 - loadIPPluginJar : add tim
2024-03-11 19:30:15,512 [INFO] IPUIPlugin:80 - create IPUIPlugin
2024-03-11 19:30:15,512 [INFO] PluginManager:220 - loadIPPluginJar : add touchsensing
2024-03-11 19:30:15,523 [INFO] McuFinderGlobals:63 - Set McuFinder mode to 2 (CubeIDE integrated)
2024-03-11 19:30:15,536 [INFO] IPUIPlugin:80 - create IPUIPlugin
2024-03-11 19:30:15,536 [INFO] PluginManager:220 - loadIPPluginJar : add tracer_emb
2024-03-11 19:30:15,564 [INFO] IPUIPlugin:80 - create IPUIPlugin
2024-03-11 19:30:15,565 [INFO] PluginManager:220 - loadIPPluginJar : add ts
2024-03-11 19:30:15,585 [INFO] IPUIPlugin:80 - create IPUIPlugin
2024-03-11 19:30:15,585 [INFO] PluginManager:220 - loadIPPluginJar : add tsc
2024-03-11 19:30:15,604 [INFO] IPUIPlugin:80 - create IPUIPlugin
2024-03-11 19:30:15,604 [INFO] PluginManager:220 - loadIPPluginJar : add ucpd
2024-03-11 19:30:15,640 [INFO] IPUIPlugin:80 - create IPUIPlugin
2024-03-11 19:30:15,641 [INFO] PluginManager:220 - loadIPPluginJar : add usart
2024-03-11 19:30:15,676 [INFO] IPUIPlugin:80 - create IPUIPlugin
2024-03-11 19:30:15,676 [INFO] PluginManager:220 - loadIPPluginJar : add usbx
2024-03-11 19:30:15,795 [INFO] CADModel:165 - CPN selected for project level
2024-03-11 19:30:15,795 [INFO] CADModel:114 - Register for checkConnection events
2024-03-11 19:30:15,795 [FATAL] Updater:308 - Updater called before beeing initialized
2024-03-11 19:30:15,795 [ERROR] CADModel:125 - Updater not yet initialized, retry later 
2024-03-11 19:30:15,906 [INFO] CADModel:165 - CPN selected for project level
2024-03-11 19:30:15,907 [INFO] CADModel:114 - Register for checkConnection events
2024-03-11 19:30:15,907 [FATAL] Updater:308 - Updater called before beeing initialized
2024-03-11 19:30:15,907 [ERROR] CADModel:125 - Updater not yet initialized, retry later 
2024-03-11 19:30:15,910 [FATAL] Updater:308 - Updater called before beeing initialized
2024-03-11 19:30:16,007 [FATAL] Updater:308 - Updater called before beeing initialized
2024-03-11 19:30:16,017 [INFO] DbMcusAds:53 - JSON generation date=Wed Nov 29 11:52:27 CET 2023 (1701255147349)
2024-03-11 19:30:16,017 [FATAL] Updater:308 - Updater called before beeing initialized
2024-03-11 19:30:16,084 [WARN] DetailPanel:346 - Failed to get advertising image, set to default
2024-03-11 19:30:16,182 [FATAL] Updater:308 - Updater called before beeing initialized
2024-03-11 19:30:16,185 [FATAL] Updater:308 - Updater called before beeing initialized
2024-03-11 19:30:16,185 [FATAL] Updater:308 - Updater called before beeing initialized
2024-03-11 19:30:16,185 [WARN] DetailPanel:346 - Failed to get advertising image, set to default
2024-03-11 19:30:16,186 [FATAL] Updater:308 - Updater called before beeing initialized
2024-03-11 19:30:16,266 [ERROR] Updater:1120 - MainUpdater not yet initialized. External WinMGr cannot be set.
2024-03-11 19:30:16,280 [INFO] Updater:1056 - Updater Version found : 6.10.0
2024-03-11 19:30:16,300 [INFO] ApplicationProperties:184 - Using Application install path: C:\ST\STM32CubeIDE_1.13.2\STM32CubeIDE\plugins\com.st.stm32cube.common.mx_6.10.0.202311202037
2024-03-11 19:30:16,614 [INFO] ThirdPartyUpdaterWithRetryManager:70 - Updater plugin not ready yet. [2/15]
2024-03-11 19:30:16,653 [INFO] MainUpdater:2873 - connection check result : 10
2024-03-11 19:30:16,653 [INFO] MainUpdater:3567 - Updater definition file requires update
2024-03-11 19:30:16,653 [INFO] MainUpdater:290 - Updater Check For Update Now.
2024-03-11 19:30:16,653 [INFO] MicroXplorer:498 - Change Database Version : DB.6.0.100
2024-03-11 19:30:16,667 [INFO] McuFinderGlobals:63 - Set McuFinder mode to 2 (CubeIDE integrated)
2024-03-11 19:30:16,675 [INFO] UserAuth:404 - Internet connection configuration mode: 1
2024-03-11 19:30:16,694 [INFO] JxBrowserEngine:152 - Initiate JxBrowser Engine with user profile folder
2024-03-11 19:30:16,764 [INFO] ServerAccessManage:473 - Download File updaters.zip
2024-03-11 19:30:16,830 [INFO] FileExtend:240 - Unzip File : updaters.zip
2024-03-11 19:30:16,831 [INFO] FileExtend:255 - Standard Zip Deflate
2024-03-11 19:30:17,358 [INFO] ServerAccessManage:473 - Download File PacksControlFlags.xml
2024-03-11 19:30:19,607 [INFO] WebApp:161 - Instantiating new browser for Auth
2024-03-11 19:30:19,615 [WARN] MainUpdater:1194 - Updater busy. Cannot search thirdparties
2024-03-11 19:30:19,616 [INFO] ThirdPartyUpdaterWithRetryManager:96 - Updater plugin is busy. [1/15]
2024-03-11 19:30:20,167 [INFO] WebApp:780 - Register for checkConnection events
2024-03-11 19:30:20,168 [INFO] WebApp:414 - Apply proxy settings
2024-03-11 19:30:20,168 [INFO] WebApp:499 - Chromium requires no authentication
2024-03-11 19:30:20,175 [INFO] WebApp:442 - Direct internet connection detected
2024-03-11 19:30:20,322 [INFO] WebApp:192 - Starting web application
2024-03-11 19:30:20,322 [INFO] WebApp:544 - Web application path used C:\ST\STM32CubeIDE_1.13.2\STM32CubeIDE\plugins\com.st.stm32cube.common.mx_6.10.0.202311202037\db\plugins\mcufinder\reactClient1\index.html
2024-03-11 19:30:22,617 [WARN] MainUpdater:1194 - Updater busy. Cannot search thirdparties
2024-03-11 19:30:22,617 [INFO] ThirdPartyUpdaterWithRetryManager:96 - Updater plugin is busy. [2/15]
2024-03-11 19:30:22,761 [INFO] ServerAccessManage:473 - Download File cubemx.pidx
2024-03-11 19:30:22,847 [INFO] LoadServerUpdatesThread:375 - End of LoadServerUpdate Thread
2024-03-11 19:30:23,004 [INFO] CheckServerUpdateThread:120 - End of CheckServer Thread
2024-03-11 19:30:23,097 [INFO] MainUpdater:2873 - connection check result : 10
2024-03-11 19:30:23,103 [INFO] MainUpdater:2873 - connection check result : 10
2024-03-11 19:30:23,271 [INFO] MicroXplorer:468 - Change Database Path : 
2024-03-11 19:30:23,271 [INFO] MicroXplorer:498 - Change Database Version : DB.6.0.100
2024-03-11 19:30:23,274 [WARN] ThirdParty:871 - waiting for thirdparty lock release [close project]
2024-03-11 19:30:25,781 [WARN] PackLoader:240 - Cannot read IP mode file for STMicroelectronics.X-CUBE-SMBUS.2.1.0
2024-03-11 19:30:25,795 [WARN] PackLoader:240 - Cannot read IP mode file for STMicroelectronics.X-CUBE-TOUCHGFX.4.23.0
2024-03-11 19:30:25,830 [WARN] PackLoader:240 - Cannot read IP mode file for STMicroelectronics.X-CUBE-AZRTOS-F7.1.1.0
2024-03-11 19:30:25,850 [WARN] PackLoader:240 - Cannot read IP mode file for STMicroelectronics.FP-SNS-MOTENV1.4.3.2
2024-03-11 19:30:25,867 [WARN] PackLoader:240 - Cannot read IP mode file for STMicroelectronics.FP-SNS-FLIGHT1.5.0.2
2024-03-11 19:30:25,882 [WARN] PackLoader:240 - Cannot read IP mode file for STMicroelectronics.X-CUBE-DISPLAY.3.0.0
2024-03-11 19:30:25,901 [WARN] PackLoader:240 - Cannot read IP mode file for STMicroelectronics.X-CUBE-BLE1.7.0.0
2024-03-11 19:30:25,914 [WARN] PackLoader:240 - Cannot read IP mode file for emotas.I-CUBE-CANOPEN.1.3.0
2024-03-11 19:30:25,927 [WARN] PackLoader:240 - Cannot read IP mode file for STMicroelectronics.X-CUBE-TOUCHGFX.4.22.1
2024-03-11 19:30:25,942 [WARN] PackLoader:240 - Cannot read IP mode file for STMicroelectronics.X-CUBE-BLEMGR.3.1.0
2024-03-11 19:30:25,955 [WARN] PackLoader:240 - Cannot read IP mode file for STMicroelectronics.FP-SNS-SMARTAG2.1.2.0
2024-03-11 19:30:25,974 [INFO] LogOutputStream:77 - [STDOUT_REDIRECT] 1 : Invalid condition id : UX_CORESTACK_Condition cause : null
2024-03-11 19:30:25,975 [INFO] LogOutputStream:77 - [STDOUT_REDIRECT] 1 : Invalid condition id : UX_CORESTACK_Condition cause : null
2024-03-11 19:30:25,976 [INFO] LogOutputStream:77 - [STDOUT_REDIRECT] 1 : Invalid condition id : UX_CORESTACK_Condition cause : null
2024-03-11 19:30:25,977 [INFO] LogOutputStream:77 - [STDOUT_REDIRECT] 1 : Invalid condition id : UX_CORESTACK_Condition cause : null
2024-03-11 19:30:25,978 [INFO] LogOutputStream:77 - [STDOUT_REDIRECT] 1 : Invalid condition id : UX_CORESTACK_Condition cause : null
2024-03-11 19:30:25,980 [WARN] PackLoader:240 - Cannot read IP mode file for STMicroelectronics.X-CUBE-AZRTOS-WL.2.0.0
2024-03-11 19:30:25,994 [WARN] PackLoader:240 - Cannot read IP mode file for WES.I-CUBE-Cesium.1.3.0
2024-03-11 19:30:26,004 [WARN] PackLoader:240 - Cannot read IP mode file for STMicroelectronics.X-CUBE-BLE2.3.3.0
2024-03-11 19:30:26,018 [WARN] PackLoader:240 - Cannot read IP mode file for STMicroelectronics.X-CUBE-ALGOBUILD.1.3.0
2024-03-11 19:30:26,042 [WARN] PackLoader:240 - Cannot read IP mode file for STMicroelectronics.X-CUBE-AZRTOS-G0.1.1.0
2024-03-11 19:30:26,058 [WARN] PackLoader:240 - Cannot read IP mode file for STMicroelectronics.X-CUBE-NFC4.3.0.0
2024-03-11 19:30:26,074 [WARN] PackLoader:240 - Cannot read IP mode file for STMicroelectronics.X-CUBE-BLEMGR.3.0.0
2024-03-11 19:30:26,088 [WARN] PackLoader:240 - Cannot read IP mode file for STMicroelectronics.FP-ATR-SIGFOX1.3.2.0
2024-03-11 19:30:26,103 [WARN] PackLoader:240 - Cannot read IP mode file for STMicroelectronics.X-CUBE-EEPRMA1.5.1.0
2024-03-11 19:30:26,138 [WARN] PackLoader:240 - Cannot read IP mode file for SEGGER.I-CUBE-embOS.1.3.1
2024-03-11 19:30:26,183 [WARN] PackLoader:240 - Cannot read IP mode file for STMicroelectronics.X-CUBE-GNSS1.6.0.0
2024-03-11 19:30:26,219 [WARN] PackLoader:240 - Cannot read IP mode file for STMicroelectronics.X-CUBE-AZRTOS-F4.1.1.0
2024-03-11 19:30:26,240 [WARN] PackLoader:240 - Cannot read IP mode file for wolfSSL.I-CUBE-wolfSSL.5.6.4
2024-03-11 19:30:26,275 [WARN] PackLoader:240 - Cannot read IP mode file for STMicroelectronics.X-CUBE-AZRTOS-L5.2.0.0
2024-03-11 19:30:26,298 [WARN] PackLoader:240 - Cannot read IP mode file for STMicroelectronics.X-CUBE-EEPRMA1.4.2.0
2024-03-11 19:30:26,320 [WARN] PackLoader:240 - Cannot read IP mode file for ITTIA_DB.I-CUBE-ITTIADB.8.8.0
2024-03-11 19:30:26,359 [WARN] ConditionMgr:438 - getConditionDescription Invalid condition id : UX DEVICE CLASS RTOS Condition cause : null
2024-03-11 19:30:26,360 [WARN] ConditionMgr:438 - getConditionDescription Invalid condition id : UX DEVICE CLASS RTOS Condition cause : null
2024-03-11 19:30:26,363 [WARN] PackLoader:240 - Cannot read IP mode file for STMicroelectronics.X-CUBE-AZRTOS-H7.3.1.0
2024-03-11 19:30:26,365 [WARN] ConditionMgr:1039 - genDependencies : Invalid condition id : UX DEVICE CLASS RTOS Condition cause : null
2024-03-11 19:30:26,365 [WARN] ConditionMgr:1039 - genDependencies : Invalid condition id : UX DEVICE CLASS RTOS Condition cause : null
2024-03-11 19:30:26,366 [WARN] ConditionMgr:1039 - genDependencies : Invalid condition id : UX DEVICE CLASS RTOS Condition cause : null
2024-03-11 19:30:26,367 [WARN] ConditionMgr:1039 - genDependencies : Invalid condition id : UX DEVICE CLASS RTOS Condition cause : null
2024-03-11 19:30:26,367 [WARN] ConditionMgr:1039 - genDependencies : Invalid condition id : UX DEVICE CLASS RTOS Condition cause : null
2024-03-11 19:30:26,387 [WARN] PackLoader:240 - Cannot read IP mode file for STMicroelectronics.X-CUBE-NFC7.1.0.1
2024-03-11 19:30:26,409 [WARN] PackLoader:240 - Cannot read IP mode file for STMicroelectronics.X-CUBE-NFC6.3.0.0
2024-03-11 19:30:26,429 [WARN] PackLoader:240 - Cannot read IP mode file for STMicroelectronics.X-CUBE-AI.8.1.0
2024-03-11 19:30:26,467 [WARN] ConditionMgr:438 - getConditionDescription Invalid condition id : LAN8742 Phy interface Condition cause : null
2024-03-11 19:30:26,468 [WARN] PackLoader:240 - Cannot read IP mode file for STMicroelectronics.X-CUBE-AZRTOS-L4.2.0.0
2024-03-11 19:30:26,470 [WARN] ConditionMgr:1039 - genDependencies : Invalid condition id : LAN8742 Phy interface Condition cause : null
2024-03-11 19:30:26,470 [WARN] ConditionMgr:1039 - genDependencies : Invalid condition id : LAN8742 Phy interface Condition cause : null
2024-03-11 19:30:26,471 [WARN] ConditionMgr:1039 - genDependencies : Invalid condition id : LAN8742 Phy interface Condition cause : null
2024-03-11 19:30:26,496 [WARN] PackLoader:240 - Cannot read IP mode file for STMicroelectronics.X-CUBE-SFXS2LP1.4.0.0
2024-03-11 19:30:26,516 [WARN] PackLoader:240 - Cannot read IP mode file for STMicroelectronics.X-CUBE-ISPU.1.1.0
2024-03-11 19:30:26,546 [WARN] ConditionMgr:438 - getConditionDescription Invalid condition id : UX DEVICE CLASS RTOS Condition cause : null
2024-03-11 19:30:26,547 [WARN] ConditionMgr:438 - getConditionDescription Invalid condition id : UX DEVICE CLASS RTOS Condition cause : null
2024-03-11 19:30:26,549 [WARN] PackLoader:240 - Cannot read IP mode file for STMicroelectronics.X-CUBE-AZRTOS-WB.2.0.0
2024-03-11 19:30:26,550 [WARN] ConditionMgr:1039 - genDependencies : Invalid condition id : UX DEVICE CLASS RTOS Condition cause : null
2024-03-11 19:30:26,550 [WARN] ConditionMgr:1039 - genDependencies : Invalid condition id : UX DEVICE CLASS RTOS Condition cause : null
2024-03-11 19:30:26,550 [WARN] ConditionMgr:1039 - genDependencies : Invalid condition id : UX DEVICE CLASS RTOS Condition cause : null
2024-03-11 19:30:26,550 [WARN] ConditionMgr:1039 - genDependencies : Invalid condition id : UX DEVICE CLASS RTOS Condition cause : null
2024-03-11 19:30:26,550 [WARN] ConditionMgr:1039 - genDependencies : Invalid condition id : UX DEVICE CLASS RTOS Condition cause : null
2024-03-11 19:30:26,574 [WARN] PackLoader:240 - Cannot read IP mode file for STMicroelectronics.X-CUBE-SUBG2.5.0.0
2024-03-11 19:30:26,600 [WARN] PackLoader:240 - Cannot read IP mode file for STMicroelectronics.X-CUBE-TOF1.3.3.1
2024-03-11 19:30:26,635 [WARN] PackLoader:240 - Cannot read IP mode file for STMicroelectronics.X-CUBE-AZRTOS-G4.2.0.0
2024-03-11 19:30:26,664 [WARN] PackLoader:240 - Cannot read IP mode file for Infineon.AIROC-Wi-Fi-Bluetooth-STM32.1.5.1
2024-03-11 19:30:26,686 [WARN] PackLoader:240 - Cannot read IP mode file for STMicroelectronics.FP-SNS-MOTENVWB1.1.3.0
2024-03-11 19:30:26,703 [WARN] PackLoader:240 - Cannot read IP mode file for STMicroelectronics.FP-SNS-MOTENVWB1.1.3.1
2024-03-11 19:30:26,721 [WARN] PackLoader:240 - Cannot read IP mode file for STMicroelectronics.X-CUBE-ISPU.2.0.0
2024-03-11 19:30:26,770 [WARN] PackLoader:240 - Cannot read IP mode file for STMicroelectronics.X-CUBE-MEMS1.10.0.0
2024-03-11 19:30:26,881 [WARN] PackLoader:240 - Cannot read IP mode file for STMicroelectronics.X-CUBE-FREERTOS.1.1.0
2024-03-11 19:30:26,903 [WARN] PackLoader:240 - Cannot read IP mode file for portGmbH.I-Cube-SoM-uGOAL.1.1.0
2024-03-11 19:30:26,921 [WARN] PackLoader:240 - Cannot read IP mode file for STMicroelectronics.X-CUBE-ALS.1.0.1
2024-03-11 19:30:26,937 [WARN] PackLoader:240 - Cannot read IP mode file for STMicroelectronics.FP-ATR-ASTRA1.2.0.0
2024-03-11 19:30:26,963 [WARN] PackLoader:240 - Cannot read IP mode file for STMicroelectronics.X-CUBE-TOF1.3.4.0
2024-03-11 19:30:27,001 [WARN] PackLoader:240 - Cannot read IP mode file for STMicroelectronics.X-CUBE-TOF1.3.4.1
2024-03-11 19:30:27,051 [WARN] PackLoader:240 - Cannot read IP mode file for STMicroelectronics.X-CUBE-AZRTOS-H7.3.2.0
2024-03-11 19:30:27,054 [INFO] ThirdParty:978 - Integrity check success = true
2024-03-11 19:30:27,055 [INFO] IntegrityCheckThread:100 - exiting critical section [integrity check]
2024-03-11 19:30:27,055 [INFO] IntegrityCheckThread:103 - End integrity checks thread
2024-03-11 19:30:27,055 [INFO] ThirdParty:873 - entering critical section [close project]
2024-03-11 19:30:27,059 [INFO] ThirdParty:883 - exiting critical section [close project]
2024-03-11 19:30:27,064 [INFO] PinOutPanel:1499 - setPackage(No Configuration,No Configuration)
2024-03-11 19:30:27,069 [INFO] UtilMem:75 - Begin LoadConfig() Used Memory: 308028816 Bytes (387973120)
2024-03-11 19:30:27,071 [INFO] MicroXplorer:468 - Change Database Path : 
2024-03-11 19:30:27,071 [INFO] MicroXplorer:498 - Change Database Version : DB.6.0.100
2024-03-11 19:30:27,071 [INFO] OpenFileManager:312 - Change cursor
2024-03-11 19:30:27,183 [INFO] Mcu:2016 - Initializing MCU STM32L562CETx STM32L562CETx STM32L562CET6
2024-03-11 19:30:27,997 [WARN] Context:676 - Trying to add IP FREERTOS in context CortexM33 not assigned to a contextSplit
2024-03-11 19:30:28,382 [WARN] Context:676 - Trying to add IP OTFDEC in context CortexM33 not assigned to a contextSplit
2024-03-11 19:30:28,411 [WARN] Context:676 - Trying to add IP PWR in context CortexM33 not assigned to a contextSplit
2024-03-11 19:30:28,446 [WARN] Context:676 - Trying to add IP RCC in context CortexM33 not assigned to a contextSplit
2024-03-11 19:30:28,485 [WARN] Context:676 - Trying to add IP RTC in context CortexM33 not assigned to a contextSplit
2024-03-11 19:30:28,598 [WARN] Context:676 - Trying to add IP SYS in context CortexM33 not assigned to a contextSplit
2024-03-11 19:30:28,647 [WARN] Context:676 - Trying to add IP TAMP in context CortexM33 not assigned to a contextSplit
2024-03-11 19:30:29,712 [INFO] Context:659 - Trying to add GPIOservice into a context  which must be forbidden
2024-03-11 19:30:29,712 [INFO] Context:659 - Trying to add GPIOservice into a context  which must be forbidden
2024-03-11 19:30:29,712 [INFO] Context:659 - Trying to add GPIOservice into a context  which must be forbidden
2024-03-11 19:30:29,712 [WARN] Context:676 - Trying to add IP GPIO in context CortexM33 not assigned to a contextSplit
2024-03-11 19:30:29,741 [WARN] Context:676 - Trying to add IP DMA in context CortexM33 not assigned to a contextSplit
2024-03-11 19:30:29,767 [WARN] Context:676 - Trying to add IP NVIC2 in context CortexM33 not assigned to a contextSplit
2024-03-11 19:30:30,884 [INFO] RtosManager:555 - Registered RTOS mode: class=CMSIS, group=RTOS, mode=CMSIS_V1, owner=FREERTOS
2024-03-11 19:30:30,884 [INFO] RtosManager:555 - Registered RTOS mode: class=CMSIS, group=RTOS2, mode=CMSIS_V2, owner=FREERTOS
2024-03-11 19:30:30,886 [INFO] RtosManager:555 - Registered RTOS mode: class=RTOS, group=Core, mode=CMSIS_V1, owner=FREERTOS
2024-03-11 19:30:30,886 [INFO] RtosManager:555 - Registered RTOS mode: class=RTOS, group=Core, mode=CMSIS_V2, owner=FREERTOS
2024-03-11 19:30:30,886 [WARN] ModelIntegratedComponent:184 - Missing modes for component STMicroelectronics:FreeRTOS:0.0.1:STMicroelectronics:RTOS:FreeRTOS:Core:::10.2.0:
2024-03-11 19:30:30,911 [WARN] ModelIntegratedComponent:63 - No mode defined for component null
2024-03-11 19:30:30,911 [WARN] ModelIntegratedComponent:63 - No mode defined for component null
2024-03-11 19:30:30,911 [WARN] ModelIntegratedComponent:63 - No mode defined for component null
2024-03-11 19:30:30,911 [WARN] ModelIntegratedComponent:63 - No mode defined for component null
2024-03-11 19:30:30,911 [WARN] ModelIntegratedComponent:63 - No mode defined for component null
2024-03-11 19:30:30,911 [WARN] ModelIntegratedComponent:63 - No mode defined for component null
2024-03-11 19:30:30,911 [WARN] ModelIntegratedComponent:63 - No mode defined for component null
2024-03-11 19:30:30,911 [WARN] ModelIntegratedComponent:63 - No mode defined for component null
2024-03-11 19:30:30,911 [WARN] ModelIntegratedComponent:63 - No mode defined for component null
2024-03-11 19:30:30,911 [WARN] ModelIntegratedComponent:63 - No mode defined for component null
2024-03-11 19:30:30,911 [WARN] ModelIntegratedComponent:63 - No mode defined for component null
2024-03-11 19:30:30,911 [WARN] ModelIntegratedComponent:63 - No mode defined for component null
2024-03-11 19:30:30,911 [WARN] ModelIntegratedComponent:63 - No mode defined for component null
2024-03-11 19:30:30,913 [WARN] ModelIntegratedComponent:63 - No mode defined for component null
2024-03-11 19:30:30,913 [WARN] ModelIntegratedComponent:63 - No mode defined for component null
2024-03-11 19:30:30,913 [WARN] ModelIntegratedComponent:63 - No mode defined for component null
2024-03-11 19:30:30,913 [WARN] ModelIntegratedComponent:63 - No mode defined for component null
2024-03-11 19:30:30,913 [WARN] ModelIntegratedComponent:63 - No mode defined for component null
2024-03-11 19:30:30,913 [WARN] ModelIntegratedComponent:63 - No mode defined for component null
2024-03-11 19:30:30,913 [WARN] ModelIntegratedComponent:63 - No mode defined for component null
2024-03-11 19:30:30,913 [WARN] ModelIntegratedComponent:63 - No mode defined for component null
2024-03-11 19:30:30,913 [WARN] ModelIntegratedComponent:63 - No mode defined for component null
2024-03-11 19:30:30,913 [WARN] ModelIntegratedComponent:63 - No mode defined for component null
2024-03-11 19:30:30,913 [WARN] ModelIntegratedComponent:63 - No mode defined for component null
2024-03-11 19:30:30,913 [WARN] ModelIntegratedComponent:63 - No mode defined for component null
2024-03-11 19:30:30,913 [WARN] ModelIntegratedComponent:63 - No mode defined for component null
2024-03-11 19:30:30,913 [WARN] ModelIntegratedComponent:63 - No mode defined for component null
2024-03-11 19:30:30,913 [WARN] ModelIntegratedComponent:63 - No mode defined for component null
2024-03-11 19:30:30,913 [WARN] ModelIntegratedComponent:63 - No mode defined for component null
2024-03-11 19:30:30,913 [WARN] ModelIntegratedComponent:63 - No mode defined for component null
2024-03-11 19:30:30,913 [WARN] ModelIntegratedComponent:63 - No mode defined for component null
2024-03-11 19:30:30,913 [WARN] ModelIntegratedComponent:63 - No mode defined for component null
2024-03-11 19:30:30,913 [WARN] ModelIntegratedComponent:63 - No mode defined for component null
2024-03-11 19:30:31,112 [INFO] ThirdPartyModel:298 - Start build external matchings
2024-03-11 19:30:31,385 [INFO] ThirdPartyModel:316 - End build external matchings
2024-03-11 19:30:31,406 [INFO] ImportTextPane:194 - (OptionalMessage_ERROR) IP (ADC1) : Parameter (CommonPathInternal) has invalid value (null|null|null|null)
2024-03-11 19:30:31,979 [INFO] UtilMem:75 - End LoadConfig() Used Memory: 261258400 Bytes (536870912)
2024-03-11 19:30:32,089 [INFO] ApiDb:581 - Connected to CubeFinder SQLite database (C:\Users\grafd\.stmcufinder\plugins\mcufinder\mcu\cube-finder-db.db)
2024-03-11 19:30:32,183 [INFO] ApiDb:668 - CubeFinder database Data Model version=2.1
2024-03-11 19:30:32,184 [INFO] ApiDb:669 - CubeFinder database Configuration version=3.0.39
2024-03-11 19:30:32,184 [INFO] ApiDb:670 - CubeFinder database generation date=2024-02-19 (1708350410)
2024-03-11 19:30:32,184 [INFO] ApiDb:671 - CubeFinder database FW Pack versions=[FP-ATR-ASTRA1_V2.0.0, FP-SNS-FLIGHT1_V5.0.1, FP-SNS-FLIGHT1_V5.0.2, FP-SNS-MOTENV1_V4.3.1, FP-SNS-MOTENV1_V4.3.2, FP-SNS-MOTENVWB1_V1.3.1, FP-SNS-SMARTAG2_V1.2.0, STM32Cube_FW_C0_V1.1.0, STM32Cube_FW_F4_V1.28.0, STM32Cube_FW_F7_V1.17.0, STM32Cube_FW_G0_V1.6.2, STM32Cube_FW_G4_V1.5.2, STM32Cube_FW_H5_V0.5.1, STM32Cube_FW_H5_V1.1.1, STM32Cube_FW_H5_V1.2.0RC2, STM32Cube_FW_H7_V1.11.0, STM32Cube_FW_L0_V1.12.2, STM32Cube_FW_L5_V1.5.0, STM32Cube_FW_U5_V1.3.0RC4, STM32Cube_FW_U5_V1.4.0, STM32Cube_FW_WBA_V1.0.0RC1, STM32Cube_FW_WBA_V1.1.0RC1, STM32Cube_FW_WBA_V1.2.0, STM32Cube_FW_WBA_V1.2.0RC2, STM32Cube_FW_WB_V1.15.0RC1, STM32Cube_FW_WB_V1.16.0, STM32Cube_FW_WB_V1.16.0RC2, STM32Cube_FW_WB_V1.18.0, STM32Cube_FW_WL_V1.3.0, X-CUBE-ALGOBUILD_V1.3.0, X-CUBE-ALS_V1.0.1, X-CUBE-AZRTOS-F4_V1.1.0, X-CUBE-AZRTOS-F7_V1.1.0, X-CUBE-AZRTOS-G0_V1.1.0, X-CUBE-AZRTOS-G4_V2.0.0, X-CUBE-AZRTOS-H7_V3.2.0, X-CUBE-AZRTOS-L4_V1.0.0, X-CUBE-AZRTOS-L4_V2.0.0, X-CUBE-AZRTOS-L5_V1.1.0, X-CUBE-AZRTOS-WB_V2.0.0, X-CUBE-AZRTOS-WL_V2.0.0, X-CUBE-BLE1_V7.0.0, X-CUBE-BLE2_V3.3.0, X-CUBE-BLEMGR_V3.0.0, X-CUBE-EEPRMA1_V4.1.0, X-CUBE-EEPRMA1_V5.1.0, X-CUBE-FREERTOS_V1.1.0, X-CUBE-GNSS1_V6.0.0, X-CUBE-MEMS1_V10.0.0, X-CUBE-MEMS1_V9.1.0, X-CUBE-MEMS1_V9.4.0, X-CUBE-MEMS1_V9.6.0, X-CUBE-NFC4_V3.0.0, X-CUBE-NFC7_V1.0.1, X-CUBE-SFXS2LP1_V4.0.0, X-CUBE-SUBG2_V5.0.0, X-CUBE-TOF1_V3.4.0]
2024-03-11 19:30:34,291 [INFO] ApiDb:240 - Found 371 in-development CPN: [B-G473E-ZEST1S, B-WB1M-WPAN1, B-WL5M-SUBG1, NUCLEO-C031C6, NUCLEO-H503RB, NUCLEO-H563ZI, NUCLEO-U545RE-Q, NUCLEO-U5A5ZJ-Q, NUCLEO-WBA52CG, NUCLEO-WBA55CG, STEVAL-MKBOXPRO, STEVAL-PROTEUS1, STEVAL-STWINBX1, STM320518-EVAL, STM32C0116-DK, STM32C011D6Y3TR, STM32C011D6Y6TR, STM32C011F4P3, STM32C011F4P6, STM32C011F4U3, STM32C011F4U6TR, STM32C011F6P3, STM32C011F6P6, STM32C011F6U3, STM32C011F6U6TR, STM32C011J4M3, STM32C011J4M6, STM32C011J6M3, STM32C011J6M6, STM32C0316-DK, STM32C031C4T3, STM32C031C4T6, STM32C031C4U3, STM32C031C4U6, STM32C031C6T3, STM32C031C6T6, STM32C031C6U3, STM32C031C6U6, STM32C031F4P3, STM32C031F4P6, STM32C031F6P3, STM32C031F6P6, STM32C031G4U3, STM32C031G4U6, STM32C031G6U3, STM32C031G6U6, STM32C031K4T3, STM32C031K4T6, STM32C031K4U3, STM32C031K4U6, STM32C031K6T3, STM32C031K6T6, STM32C031K6U3, STM32C031K6U6, STM32G071K8TXN, STM32G071K8UXN, STM32G081GBU6N, STM32G081KBT6N, STM32G081KBUXN, STM32G0B1CCT6N, STM32G0B1KCT6, STM32G0B1NEY6TR, STM32G0B1RCT6N, STM32G0C1CCT6, STM32G0C1CCT6N, STM32G0C1CCU6N, STM32G0C1CET6N, STM32G0C1CEU6N, STM32G0C1KCT6, STM32G0C1NEY6TR, STM32G0C1RCI6N, STM32G0C1RCT6N, STM32G0C1REI6N, STM32G0C1RET6N, STM32G0C1VCI6, STM32G0C1VEI6, STM32G471CCT6, STM32G471CCU6, STM32G471CET3, STM32G471CET6, STM32G471CEU3, STM32G471CEU6, STM32G471MCT6, STM32G471MET3, STM32G471MET6, STM32G471MEY6TR, STM32G471QCT6, STM32G471QET3, STM32G471RCT6, STM32G471RET3, STM32G471RET6, STM32G471VCH6, STM32G471VCI6, STM32G471VCT6, STM32G471VEH3, STM32G471VEH6, STM32G471VEI3, STM32G471VEI6, STM32G471VET3, STM32G471VET6, STM32G474CCT6, STM32H503CBT6, STM32H503CBU6, STM32H503EBY6TR, STM32H503KBU6, STM32H503RBT6, STM32H562AGI6, STM32H562AII6, STM32H562IGK6, STM32H562IGT6, STM32H562IIK6, STM32H562IIT6, STM32H562RGT6, STM32H562RGV6, STM32H562RIT6, STM32H562RIV6, STM32H562VGT6, STM32H562VIT6, STM32H562ZGT6, STM32H562ZIT6, STM32H563AGI6, STM32H563AII3Q, STM32H563AII6, STM32H563IGK6, STM32H563IGT6, STM32H563IIK3Q, STM32H563IIK6, STM32H563IIT3Q, STM32H563IIT6, STM32H563MIY3QTR, STM32H563RGT6, STM32H563RGV6, STM32H563RIT6, STM32H563RIV6, STM32H563VGT6, STM32H563VIT3Q, STM32H563VIT6, STM32H563ZGT6, STM32H563ZIT3Q, STM32H563ZIT6, STM32H573AII3Q, STM32H573AII6, STM32H573I-DK, STM32H573IIK3Q, STM32H573IIK6, STM32H573IIT3Q, STM32H573IIT6, STM32H573MIY3QTR, STM32H573RIT6, STM32H573RIV6, STM32H573VIT3Q, STM32H573VIT6, STM32H573ZIT3Q, STM32H573ZIT6, STM32L4R5QGI6STR, STM32MP131AAE3, STM32MP131AAF3, STM32MP131AAG3, STM32MP131CAE3, STM32MP131CAF3, STM32MP131CAG3, STM32MP131DAE7, STM32MP131DAF7, STM32MP131DAG7, STM32MP131FAE7, STM32MP131FAF7, STM32MP131FAG7, STM32MP133AAE3, STM32MP133AAF3, STM32MP133AAG3, STM32MP133CAE3, STM32MP133CAF3, STM32MP133CAG3, STM32MP133DAE7, STM32MP133DAF7, STM32MP133DAG7, STM32MP133FAE7, STM32MP133FAF7, STM32MP133FAG7, STM32MP135AAE3, STM32MP135AAF3, STM32MP135AAG3, STM32MP135CAE3, STM32MP135CAF3, STM32MP135CAG3, STM32MP135DAE7, STM32MP135DAF7, STM32MP135DAG7, STM32MP135F-DK, STM32MP135FAE7, STM32MP135FAF7, STM32MP135FAF7T, STM32MP135FAF7U, STM32MP135FAG7, STM32U535CBT6, STM32U535CBT6Q, STM32U535CBU6, STM32U535CBU6Q, STM32U535CCT6, STM32U535CCT6Q, STM32U535CCU6, STM32U535CCU6Q, STM32U535CET6, STM32U535CET6Q, STM32U535CEU6, STM32U535CEU6Q, STM32U535JEY6QTR, STM32U535NCY6QTR, STM32U535NEY6QTR, STM32U535RBI6, STM32U535RBI6Q, STM32U535RBT6, STM32U535RBT6Q, STM32U535RCI6, STM32U535RCI6Q, STM32U535RCT6, STM32U535RCT6Q, STM32U535REI6, STM32U535REI6Q, STM32U535RET6, STM32U535RET6Q, STM32U535VCI6, STM32U535VCI6Q, STM32U535VCT6, STM32U535VCT6Q, STM32U535VEI6, STM32U535VEI6Q, STM32U535VET6, STM32U535VET6Q, STM32U545CET6, STM32U545CET6Q, STM32U545CEU6, STM32U545CEU6Q, STM32U545JEY6QTR, STM32U545NEY6QTR, STM32U545REI6, STM32U545REI6Q, STM32U545RET6, STM32U545RET6Q, STM32U545VEI6, STM32U545VEI6Q, STM32U545VET6, STM32U545VET6Q, STM32U595AIH6, STM32U595AIH6Q, STM32U595AJH6, STM32U595AJH6Q, STM32U595QII6, STM32U595QII6Q, STM32U595QJI6, STM32U595QJI6Q, STM32U595RIT6, STM32U595RIT6Q, STM32U595RJT6, STM32U595RJT6Q, STM32U595VIT6, STM32U595VIT6Q, STM32U595VJT6, STM32U595VJT6Q, STM32U595ZIT6, STM32U595ZIT6Q, STM32U595ZIY6QTR, STM32U595ZJT6, STM32U595ZJT6Q, STM32U595ZJY6QTR, STM32U599BJY6QTR, STM32U599NIH6Q, STM32U599NJH6Q, STM32U599VIT6Q, STM32U599VJT6, STM32U599VJT6Q, STM32U599ZIT6Q, STM32U599ZIY6QTR, STM32U599ZJT6Q, STM32U599ZJY6QTR, STM32U5A5AJH6, STM32U5A5AJH6Q, STM32U5A5QJI6, STM32U5A5QJI6Q, STM32U5A5RJT6, STM32U5A5RJT6Q, STM32U5A5VJT6, STM32U5A5VJT6Q, STM32U5A5ZJT6, STM32U5A5ZJT6Q, STM32U5A5ZJY6QTR, STM32U5A9BJY6QTR, STM32U5A9J-DK, STM32U5A9NJH6Q, STM32U5A9VJT6Q, STM32U5A9ZJT6Q, STM32U5A9ZJY6QTR, STM32U5F7VIT6, STM32U5F7VIT6Q, STM32U5F7VJT6, STM32U5F7VJT6Q, STM32U5F9BJY6QTR, STM32U5F9NJH6Q, STM32U5F9VIT6Q, STM32U5F9VJT6Q, STM32U5F9ZIJ6QTR, STM32U5F9ZIT6Q, STM32U5F9ZJJ6QTR, STM32U5F9ZJT6Q, STM32U5G7VJT6, STM32U5G7VJT6Q, STM32U5G9BJY6QTR, STM32U5G9J-DK1, STM32U5G9J-DK2, STM32U5G9NJH6Q, STM32U5G9VJT6Q, STM32U5G9ZJJ6QTR, STM32U5G9ZJT6Q, STM32WB1MMCH6, STM32WBA50KEU6, STM32WBA50KEU6TR, STM32WBA50KGU6, STM32WBA50KGU6TR, STM32WBA52CEU6, STM32WBA52CEU6TR, STM32WBA52CEU7, STM32WBA52CEU7TR, STM32WBA52CGU6, STM32WBA52CGU6TR, STM32WBA52CGU6U, STM32WBA52CGU7, STM32WBA52CGU7TR, STM32WBA52KEU6, STM32WBA52KEU6TR, STM32WBA52KGU6, STM32WBA52KGU6TR, STM32WBA54CEU6, STM32WBA54CEU6TR, STM32WBA54CEU7, STM32WBA54CEU7TR, STM32WBA54CGU6, STM32WBA54CGU6TR, STM32WBA54CGU7, STM32WBA54CGU7TR, STM32WBA54KEU6, STM32WBA54KEU6TR, STM32WBA54KEU7, STM32WBA54KEU7TR, STM32WBA54KGU6, STM32WBA54KGU6TR, STM32WBA54KGU7, STM32WBA54KGU7TR, STM32WBA55CEU6, STM32WBA55CEU6TR, STM32WBA55CEU7, STM32WBA55CEU7TR, STM32WBA55CGU6, STM32WBA55CGU6TR, STM32WBA55CGU6U, STM32WBA55CGU7, STM32WBA55CGU7TR, STM32WBA55G-DK1, STM32WBA55HEF6, STM32WBA55HEF7, STM32WBA55HGF6, STM32WBA55HGF7, STM32WBA55UEI6, STM32WBA55UEI6TR, STM32WBA55UEI7, STM32WBA55UEI7TR, STM32WBA55UGI6, STM32WBA55UGI6TR, STM32WBA55UGI7, STM32WBA55UGI7TR, STM32WL5MOCH6, STM32WL5MOCH6TR]
2024-03-11 19:30:34,296 [INFO] DbMcus:218 - Found 3930 MCUs, 3930 are supported
2024-03-11 19:30:34,297 [INFO] ApiDb:423 - Load user favorites file C:\Users\grafd/.stm32cubeide/favorites.mcus.txt: 0 item(s)
2024-03-11 19:30:34,297 [INFO] ApiDb:427 - User favorites MCUs=[]
2024-03-11 19:30:34,297 [INFO] DbMcus:224 - Set 0 / 0 favorites MCUs
2024-03-11 19:30:34,633 [INFO] MicroXplorer:468 - Change Database Path : 
2024-03-11 19:30:34,634 [INFO] MicroXplorer:498 - Change Database Version : DB.6.0.100
2024-03-11 19:30:34,634 [WARN] ThirdParty:833 - waiting for thirdparty lock release [change project]
2024-03-11 19:30:34,634 [INFO] ThirdParty:835 - entering critical section [change project]
2024-03-11 19:30:34,634 [INFO] ThirdParty:1030 - CMSIS Pack Vendor :STMicroelectronics X-CUBE-ISPU 1.1.0
2024-03-11 19:30:34,634 [INFO] ThirdParty:1030 - CMSIS Pack Vendor :STMicroelectronics USBPD 4.1
2024-03-11 19:30:34,634 [INFO] ThirdParty:1030 - CMSIS Pack Vendor :STMicroelectronics X-CUBE-GNSS1 6.0.0
2024-03-11 19:30:34,634 [INFO] ThirdParty:1030 - CMSIS Pack Vendor :STMicroelectronics USB_HOST 2.0.0
2024-03-11 19:30:34,634 [INFO] ThirdParty:1030 - CMSIS Pack Vendor :STMicroelectronics X-CUBE-AZRTOS-F4 1.1.0
2024-03-11 19:30:34,634 [INFO] ThirdParty:1030 - CMSIS Pack Vendor :STMicroelectronics LIBJPEG 8.0.0
2024-03-11 19:30:34,634 [INFO] ThirdParty:1030 - CMSIS Pack Vendor :wolfSSL I-CUBE-wolfSSL 5.6.4
2024-03-11 19:30:34,634 [INFO] ThirdParty:1030 - CMSIS Pack Vendor :STMicroelectronics X-CUBE-SMBUS 2.1.0
2024-03-11 19:30:34,634 [INFO] ThirdParty:1030 - CMSIS Pack Vendor :STMicroelectronics USB_DEVICE 3.0.0
2024-03-11 19:30:34,634 [INFO] ThirdParty:1030 - CMSIS Pack Vendor :STMicroelectronics X-CUBE-AZRTOS-WB 2.0.0
2024-03-11 19:30:34,634 [INFO] ThirdParty:1030 - CMSIS Pack Vendor :STMicroelectronics X-CUBE-TOUCHGFX 4.23.0
2024-03-11 19:30:34,634 [INFO] ThirdParty:1030 - CMSIS Pack Vendor :STMicroelectronics X-CUBE-AZRTOS-F7 1.1.0
2024-03-11 19:30:34,634 [INFO] ThirdParty:1030 - CMSIS Pack Vendor :STMicroelectronics X-CUBE-AZRTOS-L5 2.0.0
2024-03-11 19:30:34,635 [INFO] ThirdParty:1030 - CMSIS Pack Vendor :STMicroelectronics USB_DEVICE 2.0.0
2024-03-11 19:30:34,635 [INFO] ThirdParty:1030 - CMSIS Pack Vendor :STMicroelectronics X-CUBE-EEPRMA1 4.2.0
2024-03-11 19:30:34,635 [INFO] ThirdParty:1030 - CMSIS Pack Vendor :ITTIA_DB I-CUBE-ITTIADB 8.8.0
2024-03-11 19:30:34,635 [INFO] ThirdParty:1030 - CMSIS Pack Vendor :STMicroelectronics FP-SNS-MOTENV1 4.3.2
2024-03-11 19:30:34,635 [INFO] ThirdParty:1030 - CMSIS Pack Vendor :STMicroelectronics X-CUBE-ALGOBUILD 1.3.0
2024-03-11 19:30:34,635 [INFO] ThirdParty:1030 - CMSIS Pack Vendor :STMicroelectronics FreeRTOS 0.0.1
2024-03-11 19:30:34,635 [INFO] ThirdParty:1030 - CMSIS Pack Vendor :STMicroelectronics X-CUBE-AZRTOS-G0 1.1.0
2024-03-11 19:30:34,635 [INFO] ThirdParty:1030 - CMSIS Pack Vendor :STMicroelectronics X-CUBE-NFC4 3.0.0
2024-03-11 19:30:34,635 [INFO] ThirdParty:1030 - CMSIS Pack Vendor :STMicroelectronics X-CUBE-SUBG2 5.0.0
2024-03-11 19:30:34,635 [INFO] ThirdParty:1030 - CMSIS Pack Vendor :STMicroelectronics STM32_WPAN 1.0.0
2024-03-11 19:30:34,635 [INFO] ThirdParty:1030 - CMSIS Pack Vendor :STMicroelectronics lwIP 2.0.3
2024-03-11 19:30:34,635 [INFO] ThirdParty:1030 - CMSIS Pack Vendor :STMicroelectronics FP-SNS-FLIGHT1 5.0.2
2024-03-11 19:30:34,635 [INFO] ThirdParty:1030 - CMSIS Pack Vendor :STMicroelectronics USB_HOST 1.0.0
2024-03-11 19:30:34,635 [INFO] ThirdParty:1030 - CMSIS Pack Vendor :STMicroelectronics X-CUBE-TOF1 3.3.1
2024-03-11 19:30:34,635 [INFO] ThirdParty:1030 - CMSIS Pack Vendor :STMicroelectronics X-CUBE-AZRTOS-G4 2.0.0
2024-03-11 19:30:34,635 [INFO] ThirdParty:1030 - CMSIS Pack Vendor :STMicroelectronics PDM2PCM 3.1.0
2024-03-11 19:30:34,635 [INFO] ThirdParty:1030 - CMSIS Pack Vendor :STMicroelectronics X-CUBE-AZRTOS-H7 3.1.0
2024-03-11 19:30:34,635 [INFO] ThirdParty:1030 - CMSIS Pack Vendor :Infineon AIROC-Wi-Fi-Bluetooth-STM32 1.5.1
2024-03-11 19:30:34,635 [INFO] ThirdParty:1030 - CMSIS Pack Vendor :STMicroelectronics X-CUBE-BLEMGR 3.0.0
2024-03-11 19:30:34,635 [INFO] ThirdParty:1030 - CMSIS Pack Vendor :STMicroelectronics PDM2PCM 3.3.0
2024-03-11 19:30:34,635 [INFO] ThirdParty:1030 - CMSIS Pack Vendor :STMicroelectronics X-CUBE-DISPLAY 3.0.0
2024-03-11 19:30:34,635 [INFO] ThirdParty:1030 - CMSIS Pack Vendor :STMicroelectronics FP-SNS-MOTENVWB1 1.3.0
2024-03-11 19:30:34,635 [INFO] ThirdParty:1030 - CMSIS Pack Vendor :STMicroelectronics FP-SNS-MOTENVWB1 1.3.1
2024-03-11 19:30:34,635 [INFO] ThirdParty:1030 - CMSIS Pack Vendor :STMicroelectronics X-CUBE-BLE1 7.0.0
2024-03-11 19:30:34,635 [INFO] ThirdParty:1030 - CMSIS Pack Vendor :STMicroelectronics FP-ATR-SIGFOX1 3.2.0
2024-03-11 19:30:34,635 [INFO] ThirdParty:1030 - CMSIS Pack Vendor :STMicroelectronics X-CUBE-ISPU 2.0.0
2024-03-11 19:30:34,635 [INFO] ThirdParty:1030 - CMSIS Pack Vendor :STMicroelectronics X-CUBE-EEPRMA1 5.1.0
2024-03-11 19:30:34,635 [INFO] ThirdParty:1030 - CMSIS Pack Vendor :STMicroelectronics HAL Drivers 0.0.0
2024-03-11 19:30:34,635 [INFO] ThirdParty:1030 - CMSIS Pack Vendor :STMicroelectronics MBEDTLS 2.16.2
2024-03-11 19:30:34,635 [INFO] ThirdParty:1030 - CMSIS Pack Vendor :emotas I-CUBE-CANOPEN 1.3.0
2024-03-11 19:30:34,635 [INFO] ThirdParty:1030 - CMSIS Pack Vendor :STMicroelectronics X-CUBE-MEMS1 10.0.0
2024-03-11 19:30:34,635 [INFO] ThirdParty:1030 - CMSIS Pack Vendor :STMicroelectronics X-CUBE-FREERTOS 1.1.0
2024-03-11 19:30:34,635 [INFO] ThirdParty:1030 - CMSIS Pack Vendor :STMicroelectronics X-CUBE-NFC7 1.0.1
2024-03-11 19:30:34,635 [INFO] ThirdParty:1030 - CMSIS Pack Vendor :STMicroelectronics MBEDTLS 2.14.1
2024-03-11 19:30:34,635 [INFO] ThirdParty:1030 - CMSIS Pack Vendor :STMicroelectronics X-CUBE-TOUCHGFX 4.22.1
2024-03-11 19:30:34,635 [INFO] ThirdParty:1030 - CMSIS Pack Vendor :STMicroelectronics X-CUBE-NFC6 3.0.0
2024-03-11 19:30:34,635 [INFO] ThirdParty:1030 - CMSIS Pack Vendor :portGmbH I-Cube-SoM-uGOAL 1.1.0
2024-03-11 19:30:34,635 [INFO] ThirdParty:1030 - CMSIS Pack Vendor :STMicroelectronics X-CUBE-ALS 1.0.1
2024-03-11 19:30:34,635 [INFO] ThirdParty:1030 - CMSIS Pack Vendor :STMicroelectronics X-CUBE-BLEMGR 3.1.0
2024-03-11 19:30:34,635 [INFO] ThirdParty:1030 - CMSIS Pack Vendor :STMicroelectronics ThreadX 1.0.0
2024-03-11 19:30:34,635 [INFO] ThirdParty:1030 - CMSIS Pack Vendor :STMicroelectronics FP-SNS-SMARTAG2 1.2.0
2024-03-11 19:30:34,635 [INFO] ThirdParty:1030 - CMSIS Pack Vendor :STMicroelectronics X-CUBE-AZRTOS-WL 2.0.0
2024-03-11 19:30:34,636 [INFO] ThirdParty:1030 - CMSIS Pack Vendor :SEGGER I-CUBE-embOS 1.3.1
2024-03-11 19:30:34,636 [INFO] ThirdParty:1030 - CMSIS Pack Vendor :STMicroelectronics USB_DEVICE 1.0.0
2024-03-11 19:30:34,636 [INFO] ThirdParty:1030 - CMSIS Pack Vendor :STMicroelectronics X-CUBE-AI 8.1.0
2024-03-11 19:30:34,636 [INFO] ThirdParty:1030 - CMSIS Pack Vendor :STMicroelectronics X-CUBE-AZRTOS-L4 2.0.0
2024-03-11 19:30:34,636 [INFO] ThirdParty:1030 - CMSIS Pack Vendor :STMicroelectronics ThreadX 0.0.2
2024-03-11 19:30:34,636 [INFO] ThirdParty:1030 - CMSIS Pack Vendor :WES I-CUBE-Cesium 1.3.0
2024-03-11 19:30:34,636 [INFO] ThirdParty:1030 - CMSIS Pack Vendor :STMicroelectronics FP-ATR-ASTRA1 2.0.0
2024-03-11 19:30:34,636 [INFO] ThirdParty:1030 - CMSIS Pack Vendor :STMicroelectronics lwIP 2.1.2
2024-03-11 19:30:34,636 [INFO] ThirdParty:1030 - CMSIS Pack Vendor :STMicroelectronics X-CUBE-SFXS2LP1 4.0.0
2024-03-11 19:30:34,636 [INFO] ThirdParty:1030 - CMSIS Pack Vendor :STMicroelectronics X-CUBE-BLE2 3.3.0
2024-03-11 19:30:34,636 [INFO] ThirdParty:1030 - CMSIS Pack Vendor :STMicroelectronics X-CUBE-TOF1 3.4.0
2024-03-11 19:30:34,636 [INFO] ThirdParty:1030 - CMSIS Pack Vendor :STMicroelectronics X-CUBE-TOF1 3.4.1
2024-03-11 19:30:34,636 [INFO] ThirdParty:1030 - CMSIS Pack Vendor :STMicroelectronics X-CUBE-AZRTOS-H7 3.2.0
2024-03-11 19:30:34,636 [INFO] ThirdParty:1030 - CMSIS Pack Vendor :STMicroelectronics PDM2PCM 3.2.0
2024-03-11 19:30:34,636 [INFO] ThirdParty:841 - exiting critical section [change project]
2024-03-11 19:30:35,056 [INFO] PinOutPanel:1499 - setPackage(No Configuration,No Configuration)
2024-03-11 19:30:35,058 [INFO] PinOutPanel:1499 - setPackage(STM32L562CETx,LQFP48)
2024-03-11 19:30:35,767 [INFO] UtilMem:75 - Before build in PCC Used Memory: 249599488 Bytes (536870912)
2024-03-11 19:30:37,224 [INFO] UtilMem:75 - After build in PCC Used Memory: 379340560 Bytes (536870912)
2024-03-11 19:30:37,255 [INFO] IPUIPlugin:80 - create IPUIPlugin
2024-03-11 19:30:37,255 [INFO] IPUIPlugin:80 - create IPUIPlugin
2024-03-11 19:30:37,255 [INFO] IPUIPlugin:80 - create IPUIPlugin
2024-03-11 19:30:37,255 [INFO] IPUIPlugin:80 - create IPUIPlugin
2024-03-11 19:30:37,256 [INFO] IPUIPlugin:80 - create IPUIPlugin
2024-03-11 19:30:37,256 [INFO] IPUIPlugin:80 - create IPUIPlugin
2024-03-11 19:30:37,256 [INFO] IPUIPlugin:80 - create IPUIPlugin
2024-03-11 19:30:37,256 [INFO] IPUIPlugin:80 - create IPUIPlugin
2024-03-11 19:30:37,256 [INFO] IPUIPlugin:80 - create IPUIPlugin
2024-03-11 19:30:37,256 [INFO] IPUIPlugin:80 - create IPUIPlugin
2024-03-11 19:30:37,256 [INFO] IPUIPlugin:80 - create IPUIPlugin
2024-03-11 19:30:37,256 [INFO] IPUIPlugin:80 - create IPUIPlugin
2024-03-11 19:30:37,256 [INFO] IPUIPlugin:80 - create IPUIPlugin
2024-03-11 19:30:37,256 [INFO] IPUIPlugin:80 - create IPUIPlugin
2024-03-11 19:30:37,256 [INFO] IPUIPlugin:80 - create IPUIPlugin
2024-03-11 19:30:37,256 [INFO] IPUIPlugin:80 - create IPUIPlugin
2024-03-11 19:30:37,256 [INFO] IPUIPlugin:80 - create IPUIPlugin
2024-03-11 19:30:37,257 [INFO] IPUIPlugin:80 - create IPUIPlugin
2024-03-11 19:30:37,257 [INFO] IPUIPlugin:80 - create IPUIPlugin
2024-03-11 19:30:37,257 [INFO] IPUIPlugin:80 - create IPUIPlugin
2024-03-11 19:30:37,257 [INFO] IPUIPlugin:80 - create IPUIPlugin
2024-03-11 19:30:37,257 [INFO] IPUIPlugin:80 - create IPUIPlugin
2024-03-11 19:30:37,257 [INFO] IPUIPlugin:80 - create IPUIPlugin
2024-03-11 19:30:37,257 [INFO] IPUIPlugin:80 - create IPUIPlugin
2024-03-11 19:30:37,258 [INFO] IPUIPlugin:80 - create IPUIPlugin
2024-03-11 19:30:37,258 [INFO] IPUIPlugin:80 - create IPUIPlugin
2024-03-11 19:30:37,258 [INFO] IPUIPlugin:80 - create IPUIPlugin
2024-03-11 19:30:37,258 [INFO] IPUIPlugin:80 - create IPUIPlugin
2024-03-11 19:30:37,258 [INFO] IPUIPlugin:80 - create IPUIPlugin
2024-03-11 19:30:37,259 [INFO] IPUIPlugin:80 - create IPUIPlugin
2024-03-11 19:30:37,259 [INFO] IPUIPlugin:80 - create IPUIPlugin
2024-03-11 19:30:37,259 [INFO] IPUIPlugin:80 - create IPUIPlugin
2024-03-11 19:30:37,259 [INFO] IPUIPlugin:80 - create IPUIPlugin
2024-03-11 19:30:37,259 [INFO] IPUIPlugin:80 - create IPUIPlugin
2024-03-11 19:30:37,259 [INFO] IPUIPlugin:80 - create IPUIPlugin
2024-03-11 19:30:37,261 [INFO] IPUIPlugin:80 - create IPUIPlugin
2024-03-11 19:30:37,261 [INFO] IPUIPlugin:80 - create IPUIPlugin
2024-03-11 19:30:37,261 [INFO] IPUIPlugin:80 - create IPUIPlugin
2024-03-11 19:30:37,261 [INFO] IPUIPlugin:80 - create IPUIPlugin
2024-03-11 19:30:37,262 [INFO] IPUIPlugin:80 - create IPUIPlugin
2024-03-11 19:30:37,262 [INFO] IPUIPlugin:80 - create IPUIPlugin
2024-03-11 19:30:37,262 [INFO] IPUIPlugin:80 - create IPUIPlugin
2024-03-11 19:30:37,262 [INFO] IPUIPlugin:80 - create IPUIPlugin
2024-03-11 19:30:37,262 [INFO] IPUIPlugin:80 - create IPUIPlugin
2024-03-11 19:30:37,262 [INFO] IPUIPlugin:80 - create IPUIPlugin
2024-03-11 19:30:37,262 [INFO] IPUIPlugin:80 - create IPUIPlugin
2024-03-11 19:30:37,263 [INFO] IPUIPlugin:80 - create IPUIPlugin
2024-03-11 19:30:37,263 [INFO] IPUIPlugin:80 - create IPUIPlugin
2024-03-11 19:30:37,263 [INFO] IPUIPlugin:80 - create IPUIPlugin
2024-03-11 19:30:37,263 [INFO] IPUIPlugin:80 - create IPUIPlugin
2024-03-11 19:30:37,263 [INFO] IPUIPlugin:80 - create IPUIPlugin
2024-03-11 19:30:37,263 [INFO] IPUIPlugin:80 - create IPUIPlugin
2024-03-11 19:30:37,263 [INFO] IPUIPlugin:80 - create IPUIPlugin
2024-03-11 19:30:37,263 [INFO] IPUIPlugin:80 - create IPUIPlugin
2024-03-11 19:30:37,263 [INFO] IPUIPlugin:80 - create IPUIPlugin
2024-03-11 19:30:37,264 [INFO] IPUIPlugin:80 - create IPUIPlugin
2024-03-11 19:30:37,264 [INFO] IPUIPlugin:80 - create IPUIPlugin
2024-03-11 19:30:37,264 [INFO] IPUIPlugin:80 - create IPUIPlugin
2024-03-11 19:30:37,264 [INFO] IPUIPlugin:80 - create IPUIPlugin
2024-03-11 19:30:37,264 [INFO] IPUIPlugin:80 - create IPUIPlugin
2024-03-11 19:30:37,264 [INFO] IPUIPlugin:80 - create IPUIPlugin
2024-03-11 19:30:37,264 [INFO] IPUIPlugin:80 - create IPUIPlugin
2024-03-11 19:30:37,266 [INFO] IPUIPlugin:80 - create IPUIPlugin
2024-03-11 19:30:37,266 [INFO] IPUIPlugin:80 - create IPUIPlugin
2024-03-11 19:30:37,266 [INFO] IPUIPlugin:80 - create IPUIPlugin
2024-03-11 19:30:37,266 [INFO] IPUIPlugin:80 - create IPUIPlugin
2024-03-11 19:30:37,266 [INFO] IPUIPlugin:80 - create IPUIPlugin
2024-03-11 19:30:37,267 [INFO] IPUIPlugin:80 - create IPUIPlugin
2024-03-11 19:30:37,267 [INFO] IPUIPlugin:80 - create IPUIPlugin
2024-03-11 19:30:37,267 [INFO] IPUIPlugin:80 - create IPUIPlugin
2024-03-11 19:30:37,453 [INFO] CADModel:165 - CPN selected for project levelSTM32L562CET6
2024-03-11 19:30:37,454 [INFO] CADModel:114 - Register for checkConnection events
2024-03-11 19:30:37,493 [INFO] OpenFileManager:343 - Restore cursor
2024-03-11 19:30:37,618 [WARN] IP:2119 - pwrPrivilegeSecure not found: check if there is a RefParameter without a condition.
2024-03-11 19:30:37,618 [WARN] IP:2119 - pwrPrivilegeNSecure not found: check if there is a RefParameter without a condition.
2024-03-11 19:30:37,618 [WARN] IP:2119 - PWR_WKUP1 not found: check if there is a RefParameter without a condition.
2024-03-11 19:30:37,618 [WARN] IP:2119 - PWR_WKUP2 not found: check if there is a RefParameter without a condition.
2024-03-11 19:30:37,618 [WARN] IP:2119 - PWR_WKUP3 not found: check if there is a RefParameter without a condition.
2024-03-11 19:30:37,618 [WARN] IP:2119 - PWR_WKUP4 not found: check if there is a RefParameter without a condition.
2024-03-11 19:30:37,618 [WARN] IP:2119 - PWR_WKUP5 not found: check if there is a RefParameter without a condition.
2024-03-11 19:30:37,618 [WARN] IP:2119 - PWR_VDM not found: check if there is a RefParameter without a condition.
2024-03-11 19:30:37,618 [WARN] IP:2119 - PWR_APC not found: check if there is a RefParameter without a condition.
2024-03-11 19:30:37,618 [WARN] IP:2119 - PWR_LPM not found: check if there is a RefParameter without a condition.
2024-03-11 19:30:37,618 [WARN] IP:2119 - PWR_VB not found: check if there is a RefParameter without a condition.
2024-03-11 19:30:37,618 [WARN] IP:2119 - pwrPrivilegeSecure not found: check if there is a RefParameter without a condition.
2024-03-11 19:30:37,618 [WARN] IP:2119 - pwrPrivilegeNSecure not found: check if there is a RefParameter without a condition.
2024-03-11 19:30:37,618 [WARN] IP:2119 - PWR_WKUP1 not found: check if there is a RefParameter without a condition.
2024-03-11 19:30:37,618 [WARN] IP:2119 - PWR_WKUP2 not found: check if there is a RefParameter without a condition.
2024-03-11 19:30:37,619 [WARN] IP:2119 - PWR_WKUP3 not found: check if there is a RefParameter without a condition.
2024-03-11 19:30:37,619 [WARN] IP:2119 - PWR_WKUP4 not found: check if there is a RefParameter without a condition.
2024-03-11 19:30:37,619 [WARN] IP:2119 - PWR_WKUP5 not found: check if there is a RefParameter without a condition.
2024-03-11 19:30:37,619 [WARN] IP:2119 - PWR_VDM not found: check if there is a RefParameter without a condition.
2024-03-11 19:30:37,619 [WARN] IP:2119 - PWR_APC not found: check if there is a RefParameter without a condition.
2024-03-11 19:30:37,619 [WARN] IP:2119 - PWR_LPM not found: check if there is a RefParameter without a condition.
2024-03-11 19:30:37,619 [WARN] IP:2119 - PWR_VB not found: check if there is a RefParameter without a condition.
2024-03-11 19:30:41,086 [ERROR] LogOutputStream:75 - [STDERR_REDIRECT] SLF4J: Failed to load class "org.slf4j.impl.StaticLoggerBinder".
2024-03-11 19:30:41,087 [ERROR] LogOutputStream:75 - [STDERR_REDIRECT] SLF4J: Defaulting to no-operation (NOP) logger implementation
2024-03-11 19:30:41,089 [ERROR] LogOutputStream:75 - [STDERR_REDIRECT] SLF4J: See http://www.slf4j.org/codes.html#StaticLoggerBinder for further details.
