2024-02-24 14:32:24,463 [INFO] Activator:176 - 


2024-02-24 14:32:24,469 [INFO] Activator:177 - !SESSION log4j initialized
2024-02-24 14:32:30,182 [INFO] LogOutputStream:77 - [STDOUT_REDIRECT] 
2024-02-24 14:32:31,095 [INFO] ApplicationProperties:184 - Using Application install path: C:\ST\STM32CubeIDE_1.13.2\STM32CubeIDE\plugins\com.st.stm32cube.common.mx_6.10.0.202311202037
2024-02-24 14:32:31,111 [INFO] DbMcusXml:78 - Set database path to: C:\ST\STM32CubeIDE_1.13.2\STM32CubeIDE\plugins\com.st.stm32cube.common.mx_6.10.0.202311202037\\db\/mcu/
2024-02-24 14:32:31,112 [INFO] ApiDb:274 - Set plugin database path to: C:\ST\STM32CubeIDE_1.13.2\STM32CubeIDE\plugins\com.st.stm32cube.common.mx_6.10.0.202311202037\\db\/plugins/boardmanager/
2024-02-24 14:32:31,112 [WARN] ApiDb:259 - Overriding images path with different value:  => C:\ST\STM32CubeIDE_1.13.2\STM32CubeIDE\plugins\com.st.stm32cube.common.mx_6.10.0.202311202037\\db\/plugins/mcufinder/images/
2024-02-24 14:32:31,121 [INFO] ApiDb:250 - Set database path to: C:\Users\grafd\.stmcufinder\plugins\mcufinder//mcu/
2024-02-24 14:32:31,122 [INFO] DbMcusAds:125 - Set database path to: C:\Users\grafd\.stmcufinder\plugins\mcufinder//mcu/
2024-02-24 14:32:31,124 [INFO] CrossReferenceDbSqlite:203 - Set database path to: C:\Users\grafd\.stmcufinder\plugins\mcufinder//mcu/cs/
2024-02-24 14:32:31,223 [INFO] RulesReader:64 - Compatibility file has been processed (297 Rules)
2024-02-24 14:32:31,297 [INFO] DbMcusXml:78 - Set database path to: C:\ST\STM32CubeIDE_1.13.2\STM32CubeIDE\plugins\com.st.stm32cube.common.mx_6.10.0.202311202037\\db\/mcu/
2024-02-24 14:32:31,297 [INFO] ApiDb:274 - Set plugin database path to: C:\ST\STM32CubeIDE_1.13.2\STM32CubeIDE\plugins\com.st.stm32cube.common.mx_6.10.0.202311202037\\db\/plugins/boardmanager/
2024-02-24 14:32:31,298 [INFO] ApiDb:261 - Set plugin images path to: C:\ST\STM32CubeIDE_1.13.2\STM32CubeIDE\plugins\com.st.stm32cube.common.mx_6.10.0.202311202037\\db\/plugins/mcufinder/images/
2024-02-24 14:32:31,298 [WARN] DbFile:41 - Overriding database path with different value: C:\Users\grafd\.stmcufinder\plugins\mcufinder/ => C:\Users\grafd\.stmcufinder\plugins\mcufinder
2024-02-24 14:32:31,298 [INFO] ApiDb:250 - Set database path to: C:\Users\grafd\.stmcufinder\plugins\mcufinder//mcu/
2024-02-24 14:32:31,298 [WARN] DbFile:41 - Overriding database path with different value: C:\Users\grafd\.stmcufinder\plugins\mcufinder/ => C:\Users\grafd\.stmcufinder\plugins\mcufinder
2024-02-24 14:32:31,298 [INFO] DbMcusAds:125 - Set database path to: C:\Users\grafd\.stmcufinder\plugins\mcufinder//mcu/
2024-02-24 14:32:31,298 [WARN] DbFile:41 - Overriding database path with different value: C:\Users\grafd\.stmcufinder\plugins\mcufinder/ => C:\Users\grafd\.stmcufinder\plugins\mcufinder
2024-02-24 14:32:31,298 [WARN] DbFile:41 - Overriding database path with different value: C:\Users\grafd\.stmcufinder\plugins\mcufinder/ => C:\Users\grafd\.stmcufinder\plugins\mcufinder
2024-02-24 14:32:31,298 [INFO] CrossReferenceDbSqlite:203 - Set database path to: C:\Users\grafd\.stmcufinder\plugins\mcufinder//mcu/cs/
2024-02-24 14:32:31,362 [INFO] MainPanel:264 - HeapMemory: 268435456
2024-02-24 14:32:31,441 [INFO] DbMcusXml:78 - Set database path to: C:\ST\STM32CubeIDE_1.13.2\STM32CubeIDE\plugins\com.st.stm32cube.common.mx_6.10.0.202311202037\\db\/mcu/
2024-02-24 14:32:31,441 [INFO] ApiDb:274 - Set plugin database path to: C:\ST\STM32CubeIDE_1.13.2\STM32CubeIDE\plugins\com.st.stm32cube.common.mx_6.10.0.202311202037\\db\/plugins/boardmanager/
2024-02-24 14:32:31,441 [INFO] ApiDb:261 - Set plugin images path to: C:\ST\STM32CubeIDE_1.13.2\STM32CubeIDE\plugins\com.st.stm32cube.common.mx_6.10.0.202311202037\\db\/plugins/mcufinder/images/
2024-02-24 14:32:31,441 [WARN] DbFile:41 - Overriding database path with different value: C:\Users\grafd\.stmcufinder\plugins\mcufinder/ => C:\Users\grafd\.stmcufinder\plugins\mcufinder
2024-02-24 14:32:31,441 [INFO] ApiDb:250 - Set database path to: C:\Users\grafd\.stmcufinder\plugins\mcufinder//mcu/
2024-02-24 14:32:31,441 [WARN] DbFile:41 - Overriding database path with different value: C:\Users\grafd\.stmcufinder\plugins\mcufinder/ => C:\Users\grafd\.stmcufinder\plugins\mcufinder
2024-02-24 14:32:31,441 [INFO] DbMcusAds:125 - Set database path to: C:\Users\grafd\.stmcufinder\plugins\mcufinder//mcu/
2024-02-24 14:32:31,441 [WARN] DbFile:41 - Overriding database path with different value: C:\Users\grafd\.stmcufinder\plugins\mcufinder/ => C:\Users\grafd\.stmcufinder\plugins\mcufinder
2024-02-24 14:32:31,441 [WARN] DbFile:41 - Overriding database path with different value: C:\Users\grafd\.stmcufinder\plugins\mcufinder/ => C:\Users\grafd\.stmcufinder\plugins\mcufinder
2024-02-24 14:32:31,441 [INFO] CrossReferenceDbSqlite:203 - Set database path to: C:\Users\grafd\.stmcufinder\plugins\mcufinder//mcu/cs/
2024-02-24 14:32:31,457 [INFO] ApplicationProperties:184 - Using Application install path: C:\ST\STM32CubeIDE_1.13.2\STM32CubeIDE\plugins\com.st.stm32cube.common.mx_6.10.0.202311202037
2024-02-24 14:32:31,458 [INFO] PluginManage:196 - Search for loadable plugins [exclusion list=, ]
2024-02-24 14:32:31,460 [INFO] PluginManage:310 - Check plugin analytics
2024-02-24 14:32:31,599 [INFO] AnalyticsPlugin:253 - Accepted Software Licenses: 
2024-02-24 14:32:31,599 [INFO] AnalyticsPlugin:255 - Accepted CMSIS Pack Licenses: 
2024-02-24 14:32:31,599 [INFO] AnalyticsPlugin:257 - Accepted Firmware Licenses: 
2024-02-24 14:32:31,602 [INFO] PluginManage:359 - Loaded plugin analytics (category:tool,tabindex:-1)
2024-02-24 14:32:31,603 [INFO] PluginManage:310 - Check plugin cadmodel
2024-02-24 14:32:31,617 [INFO] CADModel:105 - Init CAD model plugin
2024-02-24 14:32:31,618 [INFO] PluginManage:359 - Loaded plugin cadmodel (category:power,tabindex:5)
2024-02-24 14:32:31,618 [INFO] PluginManage:310 - Check plugin clock
2024-02-24 14:32:31,638 [INFO] PluginManage:359 - Loaded plugin clock (category:base,tabindex:2)
2024-02-24 14:32:31,638 [INFO] PluginManage:310 - Check plugin ddr
2024-02-24 14:32:31,642 [INFO] PluginManage:359 - Loaded plugin ddr (category:tool,tabindex:6)
2024-02-24 14:32:31,642 [INFO] PluginManage:310 - Check plugin filemanager
2024-02-24 14:32:31,765 [INFO] PluginManage:359 - Loaded plugin filemanager (category:base,tabindex:10)
2024-02-24 14:32:31,765 [INFO] PluginManage:310 - Check plugin ipmanager
2024-02-24 14:32:31,771 [INFO] PluginManage:359 - Loaded plugin ipmanager (category:base,tabindex:5)
2024-02-24 14:32:31,771 [INFO] PluginManage:310 - Check plugin lpbam
2024-02-24 14:32:31,791 [INFO] PluginManage:359 - Loaded plugin lpbam (category:base,tabindex:0)
2024-02-24 14:32:31,791 [INFO] PluginManage:310 - Check plugin memorymap
2024-02-24 14:32:31,812 [INFO] PluginManage:359 - Loaded plugin memorymap (category:base,tabindex:4)
2024-02-24 14:32:31,813 [INFO] PluginManage:310 - Check plugin pinoutandconfiguration
2024-02-24 14:32:31,827 [INFO] PluginManage:359 - Loaded plugin pinoutandconfiguration (category:base,tabindex:1)
2024-02-24 14:32:31,828 [INFO] PluginManage:310 - Check plugin pinoutconfig
2024-02-24 14:32:31,906 [WARN] SupportedApi:132 - Cannot load RTOS API schema: s4s-elt-must-match.1: The content of 'definitions' must match (annotation?, (simpleType | complexType)?, (unique | key | keyref)*)). A problem was found starting at: attribute.
2024-02-24 14:32:32,011 [INFO] PluginManage:359 - Loaded plugin pinoutconfig (category:base,tabindex:0)
2024-02-24 14:32:32,011 [INFO] PluginManage:310 - Check plugin power
2024-02-24 14:32:32,028 [INFO] PluginManage:359 - Loaded plugin power (category:power,tabindex:4)
2024-02-24 14:32:32,028 [INFO] PluginManage:310 - Check plugin projectmanager
2024-02-24 14:32:32,041 [INFO] PluginManage:359 - Loaded plugin projectmanager (category:projectmanager,tabindex:3)
2024-02-24 14:32:32,041 [INFO] PluginManage:310 - Check plugin thirdparty
2024-02-24 14:32:32,269 [INFO] PluginManage:359 - Loaded plugin thirdparty (category:base,tabindex:-1)
2024-02-24 14:32:32,269 [INFO] PluginManage:310 - Check plugin tools
2024-02-24 14:32:32,269 [WARN] IntegrityCheckThread:84 - waiting for thirdparty lock release [integrity check]
2024-02-24 14:32:32,269 [INFO] IntegrityCheckThread:86 - entering critical section [integrity check]
2024-02-24 14:32:32,269 [INFO] ThirdPartyUpdaterWithRetryManager:70 - Updater plugin not ready yet. [1/15]
2024-02-24 14:32:32,297 [INFO] PluginManage:359 - Loaded plugin tools (category:base,tabindex:7)
2024-02-24 14:32:32,297 [INFO] PluginManage:310 - Check plugin tutovideos
2024-02-24 14:32:32,453 [INFO] PluginManage:359 - Loaded plugin tutovideos (category:base,tabindex:-1)
2024-02-24 14:32:32,453 [INFO] PluginManage:310 - Check plugin updater
2024-02-24 14:32:32,463 [INFO] PluginManage:359 - Loaded plugin updater (category:base,tabindex:12)
2024-02-24 14:32:32,463 [INFO] PluginManage:310 - Check plugin userauth
2024-02-24 14:32:32,467 [INFO] UserAuth:114 - Init User Auth plugin
2024-02-24 14:32:32,468 [INFO] PluginManage:359 - Loaded plugin userauth (category:base,tabindex:14)
2024-02-24 14:32:32,468 [INFO] PluginManage:283 - PluginManage : Loaded plugins [17]
2024-02-24 14:32:32,652 [INFO] PinOutPanel:1499 - setPackage(No Configuration,No Configuration)
2024-02-24 14:32:32,719 [INFO] CADModel:165 - CPN selected for project level
2024-02-24 14:32:32,719 [INFO] CADModel:114 - Register for checkConnection events
2024-02-24 14:32:32,742 [INFO] IPUIPlugin:80 - create IPUIPlugin
2024-02-24 14:32:32,742 [INFO] PluginManager:220 - loadIPPluginJar : add adc
2024-02-24 14:32:32,769 [INFO] IPUIPlugin:80 - create IPUIPlugin
2024-02-24 14:32:32,769 [INFO] PluginManager:220 - loadIPPluginJar : add aes
2024-02-24 14:32:32,801 [INFO] IPUIPlugin:80 - create IPUIPlugin
2024-02-24 14:32:32,801 [INFO] PluginManager:220 - loadIPPluginJar : add can
2024-02-24 14:32:32,819 [INFO] IPUIPlugin:80 - create IPUIPlugin
2024-02-24 14:32:32,819 [INFO] PluginManager:220 - loadIPPluginJar : add comp
2024-02-24 14:32:32,845 [INFO] IPUIPlugin:80 - create IPUIPlugin
2024-02-24 14:32:32,845 [INFO] PluginManager:220 - loadIPPluginJar : add cryp
2024-02-24 14:32:32,867 [INFO] IPUIPlugin:80 - create IPUIPlugin
2024-02-24 14:32:32,867 [INFO] PluginManager:220 - loadIPPluginJar : add dfsdm
2024-02-24 14:32:32,879 [INFO] IPUIPlugin:80 - create IPUIPlugin
2024-02-24 14:32:32,880 [INFO] PluginManager:220 - loadIPPluginJar : add dma
2024-02-24 14:32:32,912 [INFO] IPUIPlugin:80 - create IPUIPlugin
2024-02-24 14:32:32,912 [INFO] PluginManager:220 - loadIPPluginJar : add dma3
2024-02-24 14:32:32,929 [INFO] IPUIPlugin:80 - create IPUIPlugin
2024-02-24 14:32:32,929 [INFO] PluginManager:220 - loadIPPluginJar : add fatfs
2024-02-24 14:32:32,965 [INFO] IPUIPlugin:80 - create IPUIPlugin
2024-02-24 14:32:32,965 [INFO] PluginManager:220 - loadIPPluginJar : add fmc
2024-02-24 14:32:32,978 [INFO] IPUIPlugin:80 - create IPUIPlugin
2024-02-24 14:32:32,978 [INFO] PluginManager:220 - loadIPPluginJar : add freertos
2024-02-24 14:32:32,995 [INFO] IPUIPlugin:80 - create IPUIPlugin
2024-02-24 14:32:32,995 [INFO] PluginManager:220 - loadIPPluginJar : add genericplugin
2024-02-24 14:32:33,058 [INFO] IPUIPlugin:80 - create IPUIPlugin
2024-02-24 14:32:33,058 [INFO] PluginManager:220 - loadIPPluginJar : add gfxmmu
2024-02-24 14:32:33,151 [INFO] IPUIPlugin:80 - create IPUIPlugin
2024-02-24 14:32:33,151 [INFO] PluginManager:220 - loadIPPluginJar : add gic
2024-02-24 14:32:33,161 [INFO] IPUIPlugin:80 - create IPUIPlugin
2024-02-24 14:32:33,161 [INFO] PluginManager:220 - loadIPPluginJar : add gpio
2024-02-24 14:32:33,230 [INFO] IPUIPlugin:80 - create IPUIPlugin
2024-02-24 14:32:33,230 [INFO] PluginManager:220 - loadIPPluginJar : add gtzc
2024-02-24 14:32:33,257 [INFO] IPUIPlugin:80 - create IPUIPlugin
2024-02-24 14:32:33,257 [INFO] PluginManager:220 - loadIPPluginJar : add hash
2024-02-24 14:32:33,298 [INFO] IPUIPlugin:80 - create IPUIPlugin
2024-02-24 14:32:33,298 [INFO] PluginManager:220 - loadIPPluginJar : add i2c
2024-02-24 14:32:33,328 [INFO] IPUIPlugin:80 - create IPUIPlugin
2024-02-24 14:32:33,328 [INFO] PluginManager:220 - loadIPPluginJar : add i2s
2024-02-24 14:32:33,361 [INFO] IPUIPlugin:80 - create IPUIPlugin
2024-02-24 14:32:33,361 [INFO] PluginManager:220 - loadIPPluginJar : add i3c
2024-02-24 14:32:33,440 [INFO] IPUIPlugin:80 - create IPUIPlugin
2024-02-24 14:32:33,441 [INFO] PluginManager:220 - loadIPPluginJar : add ipddr
2024-02-24 14:32:33,504 [INFO] IPUIPlugin:80 - create IPUIPlugin
2024-02-24 14:32:33,504 [INFO] PluginManager:220 - loadIPPluginJar : add linkedlist
2024-02-24 14:32:33,530 [INFO] IPUIPlugin:80 - create IPUIPlugin
2024-02-24 14:32:33,530 [INFO] PluginManager:220 - loadIPPluginJar : add lorawan
2024-02-24 14:32:33,558 [INFO] IPUIPlugin:80 - create IPUIPlugin
2024-02-24 14:32:33,558 [INFO] PluginManager:220 - loadIPPluginJar : add ltdc
2024-02-24 14:32:33,569 [INFO] IPUIPlugin:80 - create IPUIPlugin
2024-02-24 14:32:33,569 [INFO] PluginManager:220 - loadIPPluginJar : add mdma
2024-02-24 14:32:33,581 [INFO] IPUIPlugin:80 - create IPUIPlugin
2024-02-24 14:32:33,581 [INFO] PluginManager:220 - loadIPPluginJar : add nvic
2024-02-24 14:32:33,607 [INFO] IPUIPlugin:80 - create IPUIPlugin
2024-02-24 14:32:33,607 [INFO] PluginManager:220 - loadIPPluginJar : add opamp
2024-02-24 14:32:33,652 [INFO] IPUIPlugin:80 - create IPUIPlugin
2024-02-24 14:32:33,652 [INFO] PluginManager:220 - loadIPPluginJar : add openamp
2024-02-24 14:32:33,684 [INFO] IPUIPlugin:80 - create IPUIPlugin
2024-02-24 14:32:33,684 [INFO] PluginManager:220 - loadIPPluginJar : add pdm2pcm
2024-02-24 14:32:33,697 [INFO] IPUIPlugin:80 - create IPUIPlugin
2024-02-24 14:32:33,698 [INFO] PluginManager:220 - loadIPPluginJar : add plateformsettings
2024-02-24 14:32:33,715 [INFO] IPUIPlugin:80 - create IPUIPlugin
2024-02-24 14:32:33,716 [INFO] PluginManager:220 - loadIPPluginJar : add quadspi
2024-02-24 14:32:33,727 [INFO] IPUIPlugin:80 - create IPUIPlugin
2024-02-24 14:32:33,727 [INFO] PluginManager:220 - loadIPPluginJar : add resmgrutility
2024-02-24 14:32:33,765 [INFO] IPUIPlugin:80 - create IPUIPlugin
2024-02-24 14:32:33,766 [INFO] PluginManager:220 - loadIPPluginJar : add sai
2024-02-24 14:32:33,794 [INFO] IPUIPlugin:80 - create IPUIPlugin
2024-02-24 14:32:33,794 [INFO] PluginManager:220 - loadIPPluginJar : add spi
2024-02-24 14:32:33,847 [INFO] IPUIPlugin:80 - create IPUIPlugin
2024-02-24 14:32:33,847 [INFO] PluginManager:220 - loadIPPluginJar : add stm32_wpan
2024-02-24 14:32:33,865 [INFO] IPUIPlugin:80 - create IPUIPlugin
2024-02-24 14:32:33,865 [INFO] PluginManager:220 - loadIPPluginJar : add tim
2024-02-24 14:32:33,908 [INFO] IPUIPlugin:80 - create IPUIPlugin
2024-02-24 14:32:33,908 [INFO] PluginManager:220 - loadIPPluginJar : add touchsensing
2024-02-24 14:32:33,926 [INFO] IPUIPlugin:80 - create IPUIPlugin
2024-02-24 14:32:33,926 [INFO] PluginManager:220 - loadIPPluginJar : add tracer_emb
2024-02-24 14:32:33,943 [INFO] IPUIPlugin:80 - create IPUIPlugin
2024-02-24 14:32:33,944 [INFO] PluginManager:220 - loadIPPluginJar : add ts
2024-02-24 14:32:33,961 [INFO] IPUIPlugin:80 - create IPUIPlugin
2024-02-24 14:32:33,961 [INFO] PluginManager:220 - loadIPPluginJar : add tsc
2024-02-24 14:32:33,981 [INFO] IPUIPlugin:80 - create IPUIPlugin
2024-02-24 14:32:33,981 [INFO] PluginManager:220 - loadIPPluginJar : add ucpd
2024-02-24 14:32:34,013 [INFO] IPUIPlugin:80 - create IPUIPlugin
2024-02-24 14:32:34,013 [INFO] PluginManager:220 - loadIPPluginJar : add usart
2024-02-24 14:32:34,047 [INFO] IPUIPlugin:80 - create IPUIPlugin
2024-02-24 14:32:34,047 [INFO] PluginManager:220 - loadIPPluginJar : add usbx
2024-02-24 14:32:34,163 [INFO] CADModel:165 - CPN selected for project level
2024-02-24 14:32:34,163 [INFO] CADModel:114 - Register for checkConnection events
2024-02-24 14:32:34,163 [FATAL] Updater:308 - Updater called before beeing initialized
2024-02-24 14:32:34,164 [ERROR] CADModel:125 - Updater not yet initialized, retry later 
2024-02-24 14:32:34,283 [INFO] CADModel:165 - CPN selected for project level
2024-02-24 14:32:34,283 [INFO] CADModel:114 - Register for checkConnection events
2024-02-24 14:32:34,283 [FATAL] Updater:308 - Updater called before beeing initialized
2024-02-24 14:32:34,283 [ERROR] CADModel:125 - Updater not yet initialized, retry later 
2024-02-24 14:32:34,286 [FATAL] Updater:308 - Updater called before beeing initialized
2024-02-24 14:32:34,382 [FATAL] Updater:308 - Updater called before beeing initialized
2024-02-24 14:32:34,388 [INFO] DbMcusAds:53 - JSON generation date=Thu Sep 30 08:55:09 CEST 2021 (1632984909247)
2024-02-24 14:32:34,388 [FATAL] Updater:308 - Updater called before beeing initialized
2024-02-24 14:32:34,452 [WARN] DetailPanel:346 - Failed to get advertising image, set to default
2024-02-24 14:32:34,531 [FATAL] Updater:308 - Updater called before beeing initialized
2024-02-24 14:32:34,533 [FATAL] Updater:308 - Updater called before beeing initialized
2024-02-24 14:32:34,533 [FATAL] Updater:308 - Updater called before beeing initialized
2024-02-24 14:32:34,533 [WARN] DetailPanel:346 - Failed to get advertising image, set to default
2024-02-24 14:32:34,534 [FATAL] Updater:308 - Updater called before beeing initialized
2024-02-24 14:32:34,582 [ERROR] Updater:1120 - MainUpdater not yet initialized. External WinMGr cannot be set.
2024-02-24 14:32:34,591 [INFO] Updater:1056 - Updater Version found : 6.10.0
2024-02-24 14:32:34,607 [INFO] ApplicationProperties:184 - Using Application install path: C:\ST\STM32CubeIDE_1.13.2\STM32CubeIDE\plugins\com.st.stm32cube.common.mx_6.10.0.202311202037
2024-02-24 14:32:34,938 [INFO] MainUpdater:2873 - connection check result : 10
2024-02-24 14:32:34,939 [INFO] MainUpdater:290 - Updater Check For Update Now.
2024-02-24 14:32:34,939 [INFO] MicroXplorer:498 - Change Database Version : DB.6.0.100
2024-02-24 14:32:34,951 [INFO] McuFinderGlobals:63 - Set McuFinder mode to 2 (CubeIDE integrated)
2024-02-24 14:32:34,961 [INFO] UserAuth:404 - Internet connection configuration mode: 1
2024-02-24 14:32:34,989 [INFO] JxBrowserEngine:152 - Initiate JxBrowser Engine with user profile folder
2024-02-24 14:32:35,121 [INFO] CheckServerUpdateThread:120 - End of CheckServer Thread
2024-02-24 14:32:35,426 [WARN] PackLoader:240 - Cannot read IP mode file for STMicroelectronics.X-CUBE-SMBUS.2.1.0
2024-02-24 14:32:35,437 [WARN] PackLoader:240 - Cannot read IP mode file for STMicroelectronics.X-CUBE-TOUCHGFX.4.23.0
2024-02-24 14:32:35,467 [WARN] PackLoader:240 - Cannot read IP mode file for STMicroelectronics.X-CUBE-AZRTOS-F7.1.1.0
2024-02-24 14:32:35,484 [WARN] PackLoader:240 - Cannot read IP mode file for STMicroelectronics.FP-SNS-MOTENV1.4.3.2
2024-02-24 14:32:35,499 [WARN] PackLoader:240 - Cannot read IP mode file for STMicroelectronics.FP-SNS-FLIGHT1.5.0.2
2024-02-24 14:32:35,513 [WARN] PackLoader:240 - Cannot read IP mode file for STMicroelectronics.X-CUBE-DISPLAY.3.0.0
2024-02-24 14:32:35,533 [WARN] PackLoader:240 - Cannot read IP mode file for STMicroelectronics.X-CUBE-BLE1.7.0.0
2024-02-24 14:32:35,546 [WARN] PackLoader:240 - Cannot read IP mode file for emotas.I-CUBE-CANOPEN.1.3.0
2024-02-24 14:32:35,557 [WARN] PackLoader:240 - Cannot read IP mode file for STMicroelectronics.X-CUBE-TOUCHGFX.4.22.1
2024-02-24 14:32:35,566 [WARN] PackLoader:240 - Cannot read IP mode file for STMicroelectronics.FP-SNS-SMARTAG2.1.2.0
2024-02-24 14:32:35,583 [INFO] LogOutputStream:77 - [STDOUT_REDIRECT] 1 : Invalid condition id : UX_CORESTACK_Condition cause : null
2024-02-24 14:32:35,583 [INFO] LogOutputStream:77 - [STDOUT_REDIRECT] 1 : Invalid condition id : UX_CORESTACK_Condition cause : null
2024-02-24 14:32:35,584 [INFO] LogOutputStream:77 - [STDOUT_REDIRECT] 1 : Invalid condition id : UX_CORESTACK_Condition cause : null
2024-02-24 14:32:35,585 [INFO] LogOutputStream:77 - [STDOUT_REDIRECT] 1 : Invalid condition id : UX_CORESTACK_Condition cause : null
2024-02-24 14:32:35,586 [INFO] LogOutputStream:77 - [STDOUT_REDIRECT] 1 : Invalid condition id : UX_CORESTACK_Condition cause : null
2024-02-24 14:32:35,588 [WARN] PackLoader:240 - Cannot read IP mode file for STMicroelectronics.X-CUBE-AZRTOS-WL.2.0.0
2024-02-24 14:32:35,600 [WARN] PackLoader:240 - Cannot read IP mode file for WES.I-CUBE-Cesium.1.3.0
2024-02-24 14:32:35,611 [WARN] PackLoader:240 - Cannot read IP mode file for STMicroelectronics.X-CUBE-BLE2.3.3.0
2024-02-24 14:32:35,623 [WARN] PackLoader:240 - Cannot read IP mode file for STMicroelectronics.X-CUBE-ALGOBUILD.1.3.0
2024-02-24 14:32:35,649 [WARN] PackLoader:240 - Cannot read IP mode file for STMicroelectronics.X-CUBE-AZRTOS-G0.1.1.0
2024-02-24 14:32:35,663 [WARN] PackLoader:240 - Cannot read IP mode file for STMicroelectronics.X-CUBE-NFC4.3.0.0
2024-02-24 14:32:35,684 [WARN] PackLoader:240 - Cannot read IP mode file for STMicroelectronics.X-CUBE-BLEMGR.3.0.0
2024-02-24 14:32:35,698 [WARN] PackLoader:240 - Cannot read IP mode file for STMicroelectronics.FP-ATR-SIGFOX1.3.2.0
2024-02-24 14:32:35,711 [WARN] PackLoader:240 - Cannot read IP mode file for STMicroelectronics.X-CUBE-EEPRMA1.5.1.0
2024-02-24 14:32:35,743 [WARN] PackLoader:240 - Cannot read IP mode file for SEGGER.I-CUBE-embOS.1.3.1
2024-02-24 14:32:35,784 [WARN] PackLoader:240 - Cannot read IP mode file for STMicroelectronics.X-CUBE-GNSS1.6.0.0
2024-02-24 14:32:35,813 [WARN] PackLoader:240 - Cannot read IP mode file for STMicroelectronics.X-CUBE-AZRTOS-F4.1.1.0
2024-02-24 14:32:35,829 [WARN] PackLoader:240 - Cannot read IP mode file for wolfSSL.I-CUBE-wolfSSL.5.6.4
2024-02-24 14:32:35,861 [WARN] PackLoader:240 - Cannot read IP mode file for STMicroelectronics.X-CUBE-AZRTOS-L5.2.0.0
2024-02-24 14:32:35,879 [WARN] PackLoader:240 - Cannot read IP mode file for STMicroelectronics.X-CUBE-EEPRMA1.4.2.0
2024-02-24 14:32:35,893 [WARN] PackLoader:240 - Cannot read IP mode file for ITTIA_DB.I-CUBE-ITTIADB.8.8.0
2024-02-24 14:32:35,919 [WARN] ConditionMgr:438 - getConditionDescription Invalid condition id : UX DEVICE CLASS RTOS Condition cause : null
2024-02-24 14:32:35,919 [WARN] ConditionMgr:438 - getConditionDescription Invalid condition id : UX DEVICE CLASS RTOS Condition cause : null
2024-02-24 14:32:35,922 [WARN] PackLoader:240 - Cannot read IP mode file for STMicroelectronics.X-CUBE-AZRTOS-H7.3.1.0
2024-02-24 14:32:35,924 [WARN] ConditionMgr:1039 - genDependencies : Invalid condition id : UX DEVICE CLASS RTOS Condition cause : null
2024-02-24 14:32:35,924 [WARN] ConditionMgr:1039 - genDependencies : Invalid condition id : UX DEVICE CLASS RTOS Condition cause : null
2024-02-24 14:32:35,925 [WARN] ConditionMgr:1039 - genDependencies : Invalid condition id : UX DEVICE CLASS RTOS Condition cause : null
2024-02-24 14:32:35,925 [WARN] ConditionMgr:1039 - genDependencies : Invalid condition id : UX DEVICE CLASS RTOS Condition cause : null
2024-02-24 14:32:35,925 [WARN] ConditionMgr:1039 - genDependencies : Invalid condition id : UX DEVICE CLASS RTOS Condition cause : null
2024-02-24 14:32:35,942 [WARN] PackLoader:240 - Cannot read IP mode file for STMicroelectronics.X-CUBE-NFC7.1.0.1
2024-02-24 14:32:35,960 [WARN] PackLoader:240 - Cannot read IP mode file for STMicroelectronics.X-CUBE-NFC6.3.0.0
2024-02-24 14:32:35,983 [WARN] PackLoader:240 - Cannot read IP mode file for STMicroelectronics.X-CUBE-AI.8.1.0
2024-02-24 14:32:36,012 [WARN] ConditionMgr:438 - getConditionDescription Invalid condition id : LAN8742 Phy interface Condition cause : null
2024-02-24 14:32:36,014 [WARN] PackLoader:240 - Cannot read IP mode file for STMicroelectronics.X-CUBE-AZRTOS-L4.2.0.0
2024-02-24 14:32:36,015 [WARN] ConditionMgr:1039 - genDependencies : Invalid condition id : LAN8742 Phy interface Condition cause : null
2024-02-24 14:32:36,015 [WARN] ConditionMgr:1039 - genDependencies : Invalid condition id : LAN8742 Phy interface Condition cause : null
2024-02-24 14:32:36,016 [WARN] ConditionMgr:1039 - genDependencies : Invalid condition id : LAN8742 Phy interface Condition cause : null
2024-02-24 14:32:36,041 [WARN] PackLoader:240 - Cannot read IP mode file for STMicroelectronics.X-CUBE-SFXS2LP1.4.0.0
2024-02-24 14:32:36,062 [WARN] PackLoader:240 - Cannot read IP mode file for STMicroelectronics.X-CUBE-ISPU.1.1.0
2024-02-24 14:32:36,088 [WARN] ConditionMgr:438 - getConditionDescription Invalid condition id : UX DEVICE CLASS RTOS Condition cause : null
2024-02-24 14:32:36,088 [WARN] ConditionMgr:438 - getConditionDescription Invalid condition id : UX DEVICE CLASS RTOS Condition cause : null
2024-02-24 14:32:36,089 [WARN] PackLoader:240 - Cannot read IP mode file for STMicroelectronics.X-CUBE-AZRTOS-WB.2.0.0
2024-02-24 14:32:36,090 [WARN] ConditionMgr:1039 - genDependencies : Invalid condition id : UX DEVICE CLASS RTOS Condition cause : null
2024-02-24 14:32:36,090 [WARN] ConditionMgr:1039 - genDependencies : Invalid condition id : UX DEVICE CLASS RTOS Condition cause : null
2024-02-24 14:32:36,091 [WARN] ConditionMgr:1039 - genDependencies : Invalid condition id : UX DEVICE CLASS RTOS Condition cause : null
2024-02-24 14:32:36,091 [WARN] ConditionMgr:1039 - genDependencies : Invalid condition id : UX DEVICE CLASS RTOS Condition cause : null
2024-02-24 14:32:36,091 [WARN] ConditionMgr:1039 - genDependencies : Invalid condition id : UX DEVICE CLASS RTOS Condition cause : null
2024-02-24 14:32:36,111 [WARN] PackLoader:240 - Cannot read IP mode file for STMicroelectronics.X-CUBE-SUBG2.5.0.0
2024-02-24 14:32:36,132 [WARN] PackLoader:240 - Cannot read IP mode file for STMicroelectronics.X-CUBE-TOF1.3.3.1
2024-02-24 14:32:36,164 [WARN] PackLoader:240 - Cannot read IP mode file for STMicroelectronics.X-CUBE-AZRTOS-G4.2.0.0
2024-02-24 14:32:36,187 [WARN] PackLoader:240 - Cannot read IP mode file for Infineon.AIROC-Wi-Fi-Bluetooth-STM32.1.5.1
2024-02-24 14:32:36,202 [WARN] PackLoader:240 - Cannot read IP mode file for STMicroelectronics.FP-SNS-MOTENVWB1.1.3.0
2024-02-24 14:32:36,215 [WARN] PackLoader:240 - Cannot read IP mode file for STMicroelectronics.FP-SNS-MOTENVWB1.1.3.1
2024-02-24 14:32:36,227 [WARN] PackLoader:240 - Cannot read IP mode file for STMicroelectronics.X-CUBE-ISPU.2.0.0
2024-02-24 14:32:36,264 [WARN] PackLoader:240 - Cannot read IP mode file for STMicroelectronics.X-CUBE-MEMS1.10.0.0
2024-02-24 14:32:36,377 [WARN] PackLoader:240 - Cannot read IP mode file for STMicroelectronics.X-CUBE-FREERTOS.1.1.0
2024-02-24 14:32:36,394 [WARN] PackLoader:240 - Cannot read IP mode file for portGmbH.I-Cube-SoM-uGOAL.1.1.0
2024-02-24 14:32:36,410 [WARN] PackLoader:240 - Cannot read IP mode file for STMicroelectronics.X-CUBE-ALS.1.0.1
2024-02-24 14:32:36,428 [WARN] PackLoader:240 - Cannot read IP mode file for STMicroelectronics.FP-ATR-ASTRA1.2.0.0
2024-02-24 14:32:36,451 [WARN] PackLoader:240 - Cannot read IP mode file for STMicroelectronics.X-CUBE-TOF1.3.4.0
2024-02-24 14:32:36,486 [WARN] PackLoader:240 - Cannot read IP mode file for STMicroelectronics.X-CUBE-AZRTOS-H7.3.2.0
2024-02-24 14:32:36,490 [INFO] ThirdParty:978 - Integrity check success = true
2024-02-24 14:32:36,490 [INFO] IntegrityCheckThread:100 - exiting critical section [integrity check]
2024-02-24 14:32:36,490 [INFO] IntegrityCheckThread:103 - End integrity checks thread
2024-02-24 14:32:37,836 [INFO] WebApp:161 - Instantiating new browser for Auth
2024-02-24 14:32:38,257 [INFO] WebApp:780 - Register for checkConnection events
2024-02-24 14:32:38,257 [INFO] WebApp:414 - Apply proxy settings
2024-02-24 14:32:38,257 [INFO] WebApp:499 - Chromium requires no authentication
2024-02-24 14:32:38,263 [INFO] WebApp:442 - Direct internet connection detected
2024-02-24 14:32:38,383 [INFO] WebApp:192 - Starting web application
2024-02-24 14:32:38,383 [INFO] WebApp:544 - Web application path used C:\ST\STM32CubeIDE_1.13.2\STM32CubeIDE\plugins\com.st.stm32cube.common.mx_6.10.0.202311202037\db\plugins\mcufinder\reactClient1\index.html
2024-02-24 14:32:59,103 [ERROR] LogOutputStream:75 - [STDERR_REDIRECT] SLF4J: Failed to load class "org.slf4j.impl.StaticLoggerBinder".
2024-02-24 14:32:59,103 [ERROR] LogOutputStream:75 - [STDERR_REDIRECT] SLF4J: Defaulting to no-operation (NOP) logger implementation
2024-02-24 14:32:59,104 [ERROR] LogOutputStream:75 - [STDERR_REDIRECT] SLF4J: See http://www.slf4j.org/codes.html#StaticLoggerBinder for further details.
2024-02-24 15:41:43,604 [ERROR] LogOutputStream:75 - [STDERR_REDIRECT] 
