2024-03-02 11:34:33,754 [INFO] Activator:176 - 


2024-03-02 11:34:33,762 [INFO] Activator:177 - !SESSION log4j initialized
2024-03-02 11:34:39,791 [INFO] LogOutputStream:77 - [STDOUT_REDIRECT] 
2024-03-02 11:34:40,885 [INFO] ApplicationProperties:184 - Using Application install path: C:\ST\STM32CubeIDE_1.13.2\STM32CubeIDE\plugins\com.st.stm32cube.common.mx_6.10.0.202311202037
2024-03-02 11:34:40,913 [INFO] DbMcusXml:78 - Set database path to: C:\ST\STM32CubeIDE_1.13.2\STM32CubeIDE\plugins\com.st.stm32cube.common.mx_6.10.0.202311202037\\db\/mcu/
2024-03-02 11:34:40,914 [INFO] ApiDb:274 - Set plugin database path to: C:\ST\STM32CubeIDE_1.13.2\STM32CubeIDE\plugins\com.st.stm32cube.common.mx_6.10.0.202311202037\\db\/plugins/boardmanager/
2024-03-02 11:34:40,914 [WARN] ApiDb:259 - Overriding images path with different value:  => C:\ST\STM32CubeIDE_1.13.2\STM32CubeIDE\plugins\com.st.stm32cube.common.mx_6.10.0.202311202037\\db\/plugins/mcufinder/images/
2024-03-02 11:34:40,926 [INFO] ApiDb:250 - Set database path to: C:\Users\grafd\.stmcufinder\plugins\mcufinder//mcu/
2024-03-02 11:34:40,928 [INFO] DbMcusAds:125 - Set database path to: C:\Users\grafd\.stmcufinder\plugins\mcufinder//mcu/
2024-03-02 11:34:40,930 [INFO] CrossReferenceDbSqlite:203 - Set database path to: C:\Users\grafd\.stmcufinder\plugins\mcufinder//mcu/cs/
2024-03-02 11:34:41,061 [INFO] RulesReader:64 - Compatibility file has been processed (297 Rules)
2024-03-02 11:34:41,160 [INFO] DbMcusXml:78 - Set database path to: C:\ST\STM32CubeIDE_1.13.2\STM32CubeIDE\plugins\com.st.stm32cube.common.mx_6.10.0.202311202037\\db\/mcu/
2024-03-02 11:34:41,160 [INFO] ApiDb:274 - Set plugin database path to: C:\ST\STM32CubeIDE_1.13.2\STM32CubeIDE\plugins\com.st.stm32cube.common.mx_6.10.0.202311202037\\db\/plugins/boardmanager/
2024-03-02 11:34:41,160 [INFO] ApiDb:261 - Set plugin images path to: C:\ST\STM32CubeIDE_1.13.2\STM32CubeIDE\plugins\com.st.stm32cube.common.mx_6.10.0.202311202037\\db\/plugins/mcufinder/images/
2024-03-02 11:34:41,161 [WARN] DbFile:41 - Overriding database path with different value: C:\Users\grafd\.stmcufinder\plugins\mcufinder/ => C:\Users\grafd\.stmcufinder\plugins\mcufinder
2024-03-02 11:34:41,161 [INFO] ApiDb:250 - Set database path to: C:\Users\grafd\.stmcufinder\plugins\mcufinder//mcu/
2024-03-02 11:34:41,161 [WARN] DbFile:41 - Overriding database path with different value: C:\Users\grafd\.stmcufinder\plugins\mcufinder/ => C:\Users\grafd\.stmcufinder\plugins\mcufinder
2024-03-02 11:34:41,161 [INFO] DbMcusAds:125 - Set database path to: C:\Users\grafd\.stmcufinder\plugins\mcufinder//mcu/
2024-03-02 11:34:41,161 [WARN] DbFile:41 - Overriding database path with different value: C:\Users\grafd\.stmcufinder\plugins\mcufinder/ => C:\Users\grafd\.stmcufinder\plugins\mcufinder
2024-03-02 11:34:41,161 [WARN] DbFile:41 - Overriding database path with different value: C:\Users\grafd\.stmcufinder\plugins\mcufinder/ => C:\Users\grafd\.stmcufinder\plugins\mcufinder
2024-03-02 11:34:41,161 [INFO] CrossReferenceDbSqlite:203 - Set database path to: C:\Users\grafd\.stmcufinder\plugins\mcufinder//mcu/cs/
2024-03-02 11:34:41,246 [INFO] MainPanel:264 - HeapMemory: 268435456
2024-03-02 11:34:41,350 [INFO] DbMcusXml:78 - Set database path to: C:\ST\STM32CubeIDE_1.13.2\STM32CubeIDE\plugins\com.st.stm32cube.common.mx_6.10.0.202311202037\\db\/mcu/
2024-03-02 11:34:41,350 [INFO] ApiDb:274 - Set plugin database path to: C:\ST\STM32CubeIDE_1.13.2\STM32CubeIDE\plugins\com.st.stm32cube.common.mx_6.10.0.202311202037\\db\/plugins/boardmanager/
2024-03-02 11:34:41,350 [INFO] ApiDb:261 - Set plugin images path to: C:\ST\STM32CubeIDE_1.13.2\STM32CubeIDE\plugins\com.st.stm32cube.common.mx_6.10.0.202311202037\\db\/plugins/mcufinder/images/
2024-03-02 11:34:41,351 [WARN] DbFile:41 - Overriding database path with different value: C:\Users\grafd\.stmcufinder\plugins\mcufinder/ => C:\Users\grafd\.stmcufinder\plugins\mcufinder
2024-03-02 11:34:41,351 [INFO] ApiDb:250 - Set database path to: C:\Users\grafd\.stmcufinder\plugins\mcufinder//mcu/
2024-03-02 11:34:41,351 [WARN] DbFile:41 - Overriding database path with different value: C:\Users\grafd\.stmcufinder\plugins\mcufinder/ => C:\Users\grafd\.stmcufinder\plugins\mcufinder
2024-03-02 11:34:41,351 [INFO] DbMcusAds:125 - Set database path to: C:\Users\grafd\.stmcufinder\plugins\mcufinder//mcu/
2024-03-02 11:34:41,351 [WARN] DbFile:41 - Overriding database path with different value: C:\Users\grafd\.stmcufinder\plugins\mcufinder/ => C:\Users\grafd\.stmcufinder\plugins\mcufinder
2024-03-02 11:34:41,351 [WARN] DbFile:41 - Overriding database path with different value: C:\Users\grafd\.stmcufinder\plugins\mcufinder/ => C:\Users\grafd\.stmcufinder\plugins\mcufinder
2024-03-02 11:34:41,351 [INFO] CrossReferenceDbSqlite:203 - Set database path to: C:\Users\grafd\.stmcufinder\plugins\mcufinder//mcu/cs/
2024-03-02 11:34:41,379 [INFO] ApplicationProperties:184 - Using Application install path: C:\ST\STM32CubeIDE_1.13.2\STM32CubeIDE\plugins\com.st.stm32cube.common.mx_6.10.0.202311202037
2024-03-02 11:34:41,381 [INFO] PluginManage:196 - Search for loadable plugins [exclusion list=, ]
2024-03-02 11:34:41,383 [INFO] PluginManage:310 - Check plugin analytics
2024-03-02 11:34:41,568 [INFO] AnalyticsPlugin:253 - Accepted Software Licenses: 
2024-03-02 11:34:41,568 [INFO] AnalyticsPlugin:255 - Accepted CMSIS Pack Licenses: 
2024-03-02 11:34:41,568 [INFO] AnalyticsPlugin:257 - Accepted Firmware Licenses: 
2024-03-02 11:34:41,571 [INFO] PluginManage:359 - Loaded plugin analytics (category:tool,tabindex:-1)
2024-03-02 11:34:41,571 [INFO] PluginManage:310 - Check plugin cadmodel
2024-03-02 11:34:41,589 [INFO] CADModel:105 - Init CAD model plugin
2024-03-02 11:34:41,590 [INFO] PluginManage:359 - Loaded plugin cadmodel (category:power,tabindex:5)
2024-03-02 11:34:41,590 [INFO] PluginManage:310 - Check plugin clock
2024-03-02 11:34:41,612 [INFO] PluginManage:359 - Loaded plugin clock (category:base,tabindex:2)
2024-03-02 11:34:41,612 [INFO] PluginManage:310 - Check plugin ddr
2024-03-02 11:34:41,614 [INFO] PluginManage:359 - Loaded plugin ddr (category:tool,tabindex:6)
2024-03-02 11:34:41,614 [INFO] PluginManage:310 - Check plugin filemanager
2024-03-02 11:34:41,739 [INFO] PluginManage:359 - Loaded plugin filemanager (category:base,tabindex:10)
2024-03-02 11:34:41,739 [INFO] PluginManage:310 - Check plugin ipmanager
2024-03-02 11:34:41,747 [INFO] PluginManage:359 - Loaded plugin ipmanager (category:base,tabindex:5)
2024-03-02 11:34:41,748 [INFO] PluginManage:310 - Check plugin lpbam
2024-03-02 11:34:41,764 [INFO] PluginManage:359 - Loaded plugin lpbam (category:base,tabindex:0)
2024-03-02 11:34:41,764 [INFO] PluginManage:310 - Check plugin memorymap
2024-03-02 11:34:41,786 [INFO] PluginManage:359 - Loaded plugin memorymap (category:base,tabindex:4)
2024-03-02 11:34:41,786 [INFO] PluginManage:310 - Check plugin pinoutandconfiguration
2024-03-02 11:34:41,801 [INFO] PluginManage:359 - Loaded plugin pinoutandconfiguration (category:base,tabindex:1)
2024-03-02 11:34:41,801 [INFO] PluginManage:310 - Check plugin pinoutconfig
2024-03-02 11:34:41,890 [WARN] SupportedApi:132 - Cannot load RTOS API schema: s4s-elt-must-match.1: The content of 'definitions' must match (annotation?, (simpleType | complexType)?, (unique | key | keyref)*)). A problem was found starting at: attribute.
2024-03-02 11:34:42,016 [INFO] PluginManage:359 - Loaded plugin pinoutconfig (category:base,tabindex:0)
2024-03-02 11:34:42,016 [INFO] PluginManage:310 - Check plugin power
2024-03-02 11:34:42,034 [INFO] PluginManage:359 - Loaded plugin power (category:power,tabindex:4)
2024-03-02 11:34:42,034 [INFO] PluginManage:310 - Check plugin projectmanager
2024-03-02 11:34:42,048 [INFO] PluginManage:359 - Loaded plugin projectmanager (category:projectmanager,tabindex:3)
2024-03-02 11:34:42,048 [INFO] PluginManage:310 - Check plugin thirdparty
2024-03-02 11:34:42,307 [INFO] PluginManage:359 - Loaded plugin thirdparty (category:base,tabindex:-1)
2024-03-02 11:34:42,307 [WARN] IntegrityCheckThread:84 - waiting for thirdparty lock release [integrity check]
2024-03-02 11:34:42,307 [INFO] PluginManage:310 - Check plugin tools
2024-03-02 11:34:42,308 [INFO] IntegrityCheckThread:86 - entering critical section [integrity check]
2024-03-02 11:34:42,308 [INFO] ThirdPartyUpdaterWithRetryManager:70 - Updater plugin not ready yet. [1/15]
2024-03-02 11:34:42,343 [INFO] PluginManage:359 - Loaded plugin tools (category:base,tabindex:7)
2024-03-02 11:34:42,343 [INFO] PluginManage:310 - Check plugin tutovideos
2024-03-02 11:34:42,540 [INFO] PluginManage:359 - Loaded plugin tutovideos (category:base,tabindex:-1)
2024-03-02 11:34:42,541 [INFO] PluginManage:310 - Check plugin updater
2024-03-02 11:34:42,552 [INFO] PluginManage:359 - Loaded plugin updater (category:base,tabindex:12)
2024-03-02 11:34:42,553 [INFO] PluginManage:310 - Check plugin userauth
2024-03-02 11:34:42,558 [INFO] UserAuth:114 - Init User Auth plugin
2024-03-02 11:34:42,559 [INFO] PluginManage:359 - Loaded plugin userauth (category:base,tabindex:14)
2024-03-02 11:34:42,559 [INFO] PluginManage:283 - PluginManage : Loaded plugins [17]
2024-03-02 11:34:42,779 [INFO] PinOutPanel:1499 - setPackage(No Configuration,No Configuration)
2024-03-02 11:34:42,850 [INFO] CADModel:165 - CPN selected for project level
2024-03-02 11:34:42,851 [INFO] CADModel:114 - Register for checkConnection events
2024-03-02 11:34:42,872 [INFO] IPUIPlugin:80 - create IPUIPlugin
2024-03-02 11:34:42,872 [INFO] PluginManager:220 - loadIPPluginJar : add adc
2024-03-02 11:34:42,899 [INFO] IPUIPlugin:80 - create IPUIPlugin
2024-03-02 11:34:42,899 [INFO] PluginManager:220 - loadIPPluginJar : add aes
2024-03-02 11:34:42,930 [INFO] IPUIPlugin:80 - create IPUIPlugin
2024-03-02 11:34:42,930 [INFO] PluginManager:220 - loadIPPluginJar : add can
2024-03-02 11:34:42,948 [INFO] IPUIPlugin:80 - create IPUIPlugin
2024-03-02 11:34:42,948 [INFO] PluginManager:220 - loadIPPluginJar : add comp
2024-03-02 11:34:42,974 [INFO] IPUIPlugin:80 - create IPUIPlugin
2024-03-02 11:34:42,974 [INFO] PluginManager:220 - loadIPPluginJar : add cryp
2024-03-02 11:34:42,996 [INFO] IPUIPlugin:80 - create IPUIPlugin
2024-03-02 11:34:42,996 [INFO] PluginManager:220 - loadIPPluginJar : add dfsdm
2024-03-02 11:34:43,006 [INFO] IPUIPlugin:80 - create IPUIPlugin
2024-03-02 11:34:43,007 [INFO] PluginManager:220 - loadIPPluginJar : add dma
2024-03-02 11:34:43,037 [INFO] IPUIPlugin:80 - create IPUIPlugin
2024-03-02 11:34:43,037 [INFO] PluginManager:220 - loadIPPluginJar : add dma3
2024-03-02 11:34:43,051 [INFO] IPUIPlugin:80 - create IPUIPlugin
2024-03-02 11:34:43,051 [INFO] PluginManager:220 - loadIPPluginJar : add fatfs
2024-03-02 11:34:43,083 [INFO] IPUIPlugin:80 - create IPUIPlugin
2024-03-02 11:34:43,083 [INFO] PluginManager:220 - loadIPPluginJar : add fmc
2024-03-02 11:34:43,098 [INFO] IPUIPlugin:80 - create IPUIPlugin
2024-03-02 11:34:43,098 [INFO] PluginManager:220 - loadIPPluginJar : add freertos
2024-03-02 11:34:43,114 [INFO] IPUIPlugin:80 - create IPUIPlugin
2024-03-02 11:34:43,114 [INFO] PluginManager:220 - loadIPPluginJar : add genericplugin
2024-03-02 11:34:43,173 [INFO] IPUIPlugin:80 - create IPUIPlugin
2024-03-02 11:34:43,173 [INFO] PluginManager:220 - loadIPPluginJar : add gfxmmu
2024-03-02 11:34:43,253 [INFO] IPUIPlugin:80 - create IPUIPlugin
2024-03-02 11:34:43,254 [INFO] PluginManager:220 - loadIPPluginJar : add gic
2024-03-02 11:34:43,264 [INFO] IPUIPlugin:80 - create IPUIPlugin
2024-03-02 11:34:43,264 [INFO] PluginManager:220 - loadIPPluginJar : add gpio
2024-03-02 11:34:43,323 [INFO] IPUIPlugin:80 - create IPUIPlugin
2024-03-02 11:34:43,323 [INFO] PluginManager:220 - loadIPPluginJar : add gtzc
2024-03-02 11:34:43,345 [INFO] IPUIPlugin:80 - create IPUIPlugin
2024-03-02 11:34:43,345 [INFO] PluginManager:220 - loadIPPluginJar : add hash
2024-03-02 11:34:43,379 [INFO] IPUIPlugin:80 - create IPUIPlugin
2024-03-02 11:34:43,379 [INFO] PluginManager:220 - loadIPPluginJar : add i2c
2024-03-02 11:34:43,405 [INFO] IPUIPlugin:80 - create IPUIPlugin
2024-03-02 11:34:43,405 [INFO] PluginManager:220 - loadIPPluginJar : add i2s
2024-03-02 11:34:43,434 [INFO] IPUIPlugin:80 - create IPUIPlugin
2024-03-02 11:34:43,434 [INFO] PluginManager:220 - loadIPPluginJar : add i3c
2024-03-02 11:34:43,511 [INFO] IPUIPlugin:80 - create IPUIPlugin
2024-03-02 11:34:43,511 [INFO] PluginManager:220 - loadIPPluginJar : add ipddr
2024-03-02 11:34:43,574 [INFO] IPUIPlugin:80 - create IPUIPlugin
2024-03-02 11:34:43,574 [INFO] PluginManager:220 - loadIPPluginJar : add linkedlist
2024-03-02 11:34:43,598 [INFO] IPUIPlugin:80 - create IPUIPlugin
2024-03-02 11:34:43,598 [INFO] PluginManager:220 - loadIPPluginJar : add lorawan
2024-03-02 11:34:43,623 [INFO] IPUIPlugin:80 - create IPUIPlugin
2024-03-02 11:34:43,623 [INFO] PluginManager:220 - loadIPPluginJar : add ltdc
2024-03-02 11:34:43,634 [INFO] IPUIPlugin:80 - create IPUIPlugin
2024-03-02 11:34:43,634 [INFO] PluginManager:220 - loadIPPluginJar : add mdma
2024-03-02 11:34:43,645 [INFO] IPUIPlugin:80 - create IPUIPlugin
2024-03-02 11:34:43,645 [INFO] PluginManager:220 - loadIPPluginJar : add nvic
2024-03-02 11:34:43,670 [INFO] IPUIPlugin:80 - create IPUIPlugin
2024-03-02 11:34:43,671 [INFO] PluginManager:220 - loadIPPluginJar : add opamp
2024-03-02 11:34:43,713 [INFO] IPUIPlugin:80 - create IPUIPlugin
2024-03-02 11:34:43,713 [INFO] PluginManager:220 - loadIPPluginJar : add openamp
2024-03-02 11:34:43,749 [INFO] IPUIPlugin:80 - create IPUIPlugin
2024-03-02 11:34:43,749 [INFO] PluginManager:220 - loadIPPluginJar : add pdm2pcm
2024-03-02 11:34:43,762 [INFO] IPUIPlugin:80 - create IPUIPlugin
2024-03-02 11:34:43,764 [INFO] PluginManager:220 - loadIPPluginJar : add plateformsettings
2024-03-02 11:34:43,782 [INFO] IPUIPlugin:80 - create IPUIPlugin
2024-03-02 11:34:43,782 [INFO] PluginManager:220 - loadIPPluginJar : add quadspi
2024-03-02 11:34:43,794 [INFO] IPUIPlugin:80 - create IPUIPlugin
2024-03-02 11:34:43,794 [INFO] PluginManager:220 - loadIPPluginJar : add resmgrutility
2024-03-02 11:34:43,830 [INFO] IPUIPlugin:80 - create IPUIPlugin
2024-03-02 11:34:43,830 [INFO] PluginManager:220 - loadIPPluginJar : add sai
2024-03-02 11:34:43,859 [INFO] IPUIPlugin:80 - create IPUIPlugin
2024-03-02 11:34:43,859 [INFO] PluginManager:220 - loadIPPluginJar : add spi
2024-03-02 11:34:43,911 [INFO] IPUIPlugin:80 - create IPUIPlugin
2024-03-02 11:34:43,911 [INFO] PluginManager:220 - loadIPPluginJar : add stm32_wpan
2024-03-02 11:34:43,931 [INFO] IPUIPlugin:80 - create IPUIPlugin
2024-03-02 11:34:43,931 [INFO] PluginManager:220 - loadIPPluginJar : add tim
2024-03-02 11:34:43,976 [INFO] IPUIPlugin:80 - create IPUIPlugin
2024-03-02 11:34:43,976 [INFO] PluginManager:220 - loadIPPluginJar : add touchsensing
2024-03-02 11:34:43,996 [INFO] IPUIPlugin:80 - create IPUIPlugin
2024-03-02 11:34:43,996 [INFO] PluginManager:220 - loadIPPluginJar : add tracer_emb
2024-03-02 11:34:44,017 [INFO] IPUIPlugin:80 - create IPUIPlugin
2024-03-02 11:34:44,017 [INFO] PluginManager:220 - loadIPPluginJar : add ts
2024-03-02 11:34:44,035 [INFO] IPUIPlugin:80 - create IPUIPlugin
2024-03-02 11:34:44,035 [INFO] PluginManager:220 - loadIPPluginJar : add tsc
2024-03-02 11:34:44,054 [INFO] IPUIPlugin:80 - create IPUIPlugin
2024-03-02 11:34:44,054 [INFO] PluginManager:220 - loadIPPluginJar : add ucpd
2024-03-02 11:34:44,085 [INFO] IPUIPlugin:80 - create IPUIPlugin
2024-03-02 11:34:44,085 [INFO] PluginManager:220 - loadIPPluginJar : add usart
2024-03-02 11:34:44,118 [INFO] IPUIPlugin:80 - create IPUIPlugin
2024-03-02 11:34:44,118 [INFO] PluginManager:220 - loadIPPluginJar : add usbx
2024-03-02 11:34:44,236 [INFO] CADModel:165 - CPN selected for project level
2024-03-02 11:34:44,236 [INFO] CADModel:114 - Register for checkConnection events
2024-03-02 11:34:44,236 [FATAL] Updater:308 - Updater called before beeing initialized
2024-03-02 11:34:44,236 [ERROR] CADModel:125 - Updater not yet initialized, retry later 
2024-03-02 11:34:44,359 [INFO] CADModel:165 - CPN selected for project level
2024-03-02 11:34:44,359 [INFO] CADModel:114 - Register for checkConnection events
2024-03-02 11:34:44,359 [FATAL] Updater:308 - Updater called before beeing initialized
2024-03-02 11:34:44,359 [ERROR] CADModel:125 - Updater not yet initialized, retry later 
2024-03-02 11:34:44,362 [FATAL] Updater:308 - Updater called before beeing initialized
2024-03-02 11:34:44,453 [FATAL] Updater:308 - Updater called before beeing initialized
2024-03-02 11:34:44,462 [INFO] DbMcusAds:53 - JSON generation date=Thu Sep 30 08:55:09 CEST 2021 (1632984909247)
2024-03-02 11:34:44,462 [FATAL] Updater:308 - Updater called before beeing initialized
2024-03-02 11:34:44,526 [WARN] DetailPanel:346 - Failed to get advertising image, set to default
2024-03-02 11:34:44,619 [FATAL] Updater:308 - Updater called before beeing initialized
2024-03-02 11:34:44,621 [FATAL] Updater:308 - Updater called before beeing initialized
2024-03-02 11:34:44,621 [FATAL] Updater:308 - Updater called before beeing initialized
2024-03-02 11:34:44,621 [WARN] DetailPanel:346 - Failed to get advertising image, set to default
2024-03-02 11:34:44,622 [FATAL] Updater:308 - Updater called before beeing initialized
2024-03-02 11:34:44,697 [ERROR] Updater:1120 - MainUpdater not yet initialized. External WinMGr cannot be set.
2024-03-02 11:34:44,705 [INFO] Updater:1056 - Updater Version found : 6.10.0
2024-03-02 11:34:44,723 [INFO] ApplicationProperties:184 - Using Application install path: C:\ST\STM32CubeIDE_1.13.2\STM32CubeIDE\plugins\com.st.stm32cube.common.mx_6.10.0.202311202037
2024-03-02 11:34:45,059 [INFO] MainUpdater:2873 - connection check result : 10
2024-03-02 11:34:45,059 [INFO] MainUpdater:290 - Updater Check For Update Now.
2024-03-02 11:34:45,060 [INFO] MicroXplorer:498 - Change Database Version : DB.6.0.100
2024-03-02 11:34:45,072 [INFO] McuFinderGlobals:63 - Set McuFinder mode to 2 (CubeIDE integrated)
2024-03-02 11:34:45,085 [INFO] UserAuth:404 - Internet connection configuration mode: 1
2024-03-02 11:34:45,110 [INFO] JxBrowserEngine:152 - Initiate JxBrowser Engine with user profile folder
2024-03-02 11:34:45,241 [INFO] CheckServerUpdateThread:120 - End of CheckServer Thread
2024-03-02 11:34:45,481 [WARN] PackLoader:240 - Cannot read IP mode file for STMicroelectronics.X-CUBE-SMBUS.2.1.0
2024-03-02 11:34:45,494 [WARN] PackLoader:240 - Cannot read IP mode file for STMicroelectronics.X-CUBE-TOUCHGFX.4.23.0
2024-03-02 11:34:45,529 [WARN] PackLoader:240 - Cannot read IP mode file for STMicroelectronics.X-CUBE-AZRTOS-F7.1.1.0
2024-03-02 11:34:45,548 [WARN] PackLoader:240 - Cannot read IP mode file for STMicroelectronics.FP-SNS-MOTENV1.4.3.2
2024-03-02 11:34:45,566 [WARN] PackLoader:240 - Cannot read IP mode file for STMicroelectronics.FP-SNS-FLIGHT1.5.0.2
2024-03-02 11:34:45,586 [WARN] PackLoader:240 - Cannot read IP mode file for STMicroelectronics.X-CUBE-DISPLAY.3.0.0
2024-03-02 11:34:45,606 [WARN] PackLoader:240 - Cannot read IP mode file for STMicroelectronics.X-CUBE-BLE1.7.0.0
2024-03-02 11:34:45,619 [WARN] PackLoader:240 - Cannot read IP mode file for emotas.I-CUBE-CANOPEN.1.3.0
2024-03-02 11:34:45,632 [WARN] PackLoader:240 - Cannot read IP mode file for STMicroelectronics.X-CUBE-TOUCHGFX.4.22.1
2024-03-02 11:34:45,644 [WARN] PackLoader:240 - Cannot read IP mode file for STMicroelectronics.FP-SNS-SMARTAG2.1.2.0
2024-03-02 11:34:45,660 [INFO] LogOutputStream:77 - [STDOUT_REDIRECT] 1 : Invalid condition id : UX_CORESTACK_Condition cause : null
2024-03-02 11:34:45,660 [INFO] LogOutputStream:77 - [STDOUT_REDIRECT] 1 : Invalid condition id : UX_CORESTACK_Condition cause : null
2024-03-02 11:34:45,661 [INFO] LogOutputStream:77 - [STDOUT_REDIRECT] 1 : Invalid condition id : UX_CORESTACK_Condition cause : null
2024-03-02 11:34:45,662 [INFO] LogOutputStream:77 - [STDOUT_REDIRECT] 1 : Invalid condition id : UX_CORESTACK_Condition cause : null
2024-03-02 11:34:45,663 [INFO] LogOutputStream:77 - [STDOUT_REDIRECT] 1 : Invalid condition id : UX_CORESTACK_Condition cause : null
2024-03-02 11:34:45,665 [WARN] PackLoader:240 - Cannot read IP mode file for STMicroelectronics.X-CUBE-AZRTOS-WL.2.0.0
2024-03-02 11:34:45,680 [WARN] PackLoader:240 - Cannot read IP mode file for WES.I-CUBE-Cesium.1.3.0
2024-03-02 11:34:45,692 [WARN] PackLoader:240 - Cannot read IP mode file for STMicroelectronics.X-CUBE-BLE2.3.3.0
2024-03-02 11:34:45,704 [WARN] PackLoader:240 - Cannot read IP mode file for STMicroelectronics.X-CUBE-ALGOBUILD.1.3.0
2024-03-02 11:34:45,727 [WARN] PackLoader:240 - Cannot read IP mode file for STMicroelectronics.X-CUBE-AZRTOS-G0.1.1.0
2024-03-02 11:34:45,741 [WARN] PackLoader:240 - Cannot read IP mode file for STMicroelectronics.X-CUBE-NFC4.3.0.0
2024-03-02 11:34:45,754 [WARN] PackLoader:240 - Cannot read IP mode file for STMicroelectronics.X-CUBE-BLEMGR.3.0.0
2024-03-02 11:34:45,767 [WARN] PackLoader:240 - Cannot read IP mode file for STMicroelectronics.FP-ATR-SIGFOX1.3.2.0
2024-03-02 11:34:45,784 [WARN] PackLoader:240 - Cannot read IP mode file for STMicroelectronics.X-CUBE-EEPRMA1.5.1.0
2024-03-02 11:34:45,817 [WARN] PackLoader:240 - Cannot read IP mode file for SEGGER.I-CUBE-embOS.1.3.1
2024-03-02 11:34:45,858 [WARN] PackLoader:240 - Cannot read IP mode file for STMicroelectronics.X-CUBE-GNSS1.6.0.0
2024-03-02 11:34:45,888 [WARN] PackLoader:240 - Cannot read IP mode file for STMicroelectronics.X-CUBE-AZRTOS-F4.1.1.0
2024-03-02 11:34:45,901 [WARN] PackLoader:240 - Cannot read IP mode file for wolfSSL.I-CUBE-wolfSSL.5.6.4
2024-03-02 11:34:45,931 [WARN] PackLoader:240 - Cannot read IP mode file for STMicroelectronics.X-CUBE-AZRTOS-L5.2.0.0
2024-03-02 11:34:45,944 [WARN] PackLoader:240 - Cannot read IP mode file for STMicroelectronics.X-CUBE-EEPRMA1.4.2.0
2024-03-02 11:34:45,959 [WARN] PackLoader:240 - Cannot read IP mode file for ITTIA_DB.I-CUBE-ITTIADB.8.8.0
2024-03-02 11:34:45,986 [WARN] ConditionMgr:438 - getConditionDescription Invalid condition id : UX DEVICE CLASS RTOS Condition cause : null
2024-03-02 11:34:45,987 [WARN] ConditionMgr:438 - getConditionDescription Invalid condition id : UX DEVICE CLASS RTOS Condition cause : null
2024-03-02 11:34:45,989 [WARN] PackLoader:240 - Cannot read IP mode file for STMicroelectronics.X-CUBE-AZRTOS-H7.3.1.0
2024-03-02 11:34:45,991 [WARN] ConditionMgr:1039 - genDependencies : Invalid condition id : UX DEVICE CLASS RTOS Condition cause : null
2024-03-02 11:34:45,991 [WARN] ConditionMgr:1039 - genDependencies : Invalid condition id : UX DEVICE CLASS RTOS Condition cause : null
2024-03-02 11:34:45,992 [WARN] ConditionMgr:1039 - genDependencies : Invalid condition id : UX DEVICE CLASS RTOS Condition cause : null
2024-03-02 11:34:45,992 [WARN] ConditionMgr:1039 - genDependencies : Invalid condition id : UX DEVICE CLASS RTOS Condition cause : null
2024-03-02 11:34:45,992 [WARN] ConditionMgr:1039 - genDependencies : Invalid condition id : UX DEVICE CLASS RTOS Condition cause : null
2024-03-02 11:34:46,011 [WARN] PackLoader:240 - Cannot read IP mode file for STMicroelectronics.X-CUBE-NFC7.1.0.1
2024-03-02 11:34:46,030 [WARN] PackLoader:240 - Cannot read IP mode file for STMicroelectronics.X-CUBE-NFC6.3.0.0
2024-03-02 11:34:46,046 [WARN] PackLoader:240 - Cannot read IP mode file for STMicroelectronics.X-CUBE-AI.8.1.0
2024-03-02 11:34:46,083 [WARN] ConditionMgr:438 - getConditionDescription Invalid condition id : LAN8742 Phy interface Condition cause : null
2024-03-02 11:34:46,084 [WARN] PackLoader:240 - Cannot read IP mode file for STMicroelectronics.X-CUBE-AZRTOS-L4.2.0.0
2024-03-02 11:34:46,085 [WARN] ConditionMgr:1039 - genDependencies : Invalid condition id : LAN8742 Phy interface Condition cause : null
2024-03-02 11:34:46,086 [WARN] ConditionMgr:1039 - genDependencies : Invalid condition id : LAN8742 Phy interface Condition cause : null
2024-03-02 11:34:46,086 [WARN] ConditionMgr:1039 - genDependencies : Invalid condition id : LAN8742 Phy interface Condition cause : null
2024-03-02 11:34:46,104 [WARN] PackLoader:240 - Cannot read IP mode file for STMicroelectronics.X-CUBE-SFXS2LP1.4.0.0
2024-03-02 11:34:46,120 [WARN] PackLoader:240 - Cannot read IP mode file for STMicroelectronics.X-CUBE-ISPU.1.1.0
2024-03-02 11:34:46,161 [WARN] ConditionMgr:438 - getConditionDescription Invalid condition id : UX DEVICE CLASS RTOS Condition cause : null
2024-03-02 11:34:46,161 [WARN] ConditionMgr:438 - getConditionDescription Invalid condition id : UX DEVICE CLASS RTOS Condition cause : null
2024-03-02 11:34:46,162 [WARN] PackLoader:240 - Cannot read IP mode file for STMicroelectronics.X-CUBE-AZRTOS-WB.2.0.0
2024-03-02 11:34:46,163 [WARN] ConditionMgr:1039 - genDependencies : Invalid condition id : UX DEVICE CLASS RTOS Condition cause : null
2024-03-02 11:34:46,163 [WARN] ConditionMgr:1039 - genDependencies : Invalid condition id : UX DEVICE CLASS RTOS Condition cause : null
2024-03-02 11:34:46,164 [WARN] ConditionMgr:1039 - genDependencies : Invalid condition id : UX DEVICE CLASS RTOS Condition cause : null
2024-03-02 11:34:46,164 [WARN] ConditionMgr:1039 - genDependencies : Invalid condition id : UX DEVICE CLASS RTOS Condition cause : null
2024-03-02 11:34:46,164 [WARN] ConditionMgr:1039 - genDependencies : Invalid condition id : UX DEVICE CLASS RTOS Condition cause : null
2024-03-02 11:34:46,190 [WARN] PackLoader:240 - Cannot read IP mode file for STMicroelectronics.X-CUBE-SUBG2.5.0.0
2024-03-02 11:34:46,212 [WARN] PackLoader:240 - Cannot read IP mode file for STMicroelectronics.X-CUBE-TOF1.3.3.1
2024-03-02 11:34:46,242 [WARN] PackLoader:240 - Cannot read IP mode file for STMicroelectronics.X-CUBE-AZRTOS-G4.2.0.0
2024-03-02 11:34:46,265 [WARN] PackLoader:240 - Cannot read IP mode file for Infineon.AIROC-Wi-Fi-Bluetooth-STM32.1.5.1
2024-03-02 11:34:46,283 [WARN] PackLoader:240 - Cannot read IP mode file for STMicroelectronics.FP-SNS-MOTENVWB1.1.3.0
2024-03-02 11:34:46,297 [WARN] PackLoader:240 - Cannot read IP mode file for STMicroelectronics.FP-SNS-MOTENVWB1.1.3.1
2024-03-02 11:34:46,311 [WARN] PackLoader:240 - Cannot read IP mode file for STMicroelectronics.X-CUBE-ISPU.2.0.0
2024-03-02 11:34:46,346 [WARN] PackLoader:240 - Cannot read IP mode file for STMicroelectronics.X-CUBE-MEMS1.10.0.0
2024-03-02 11:34:46,438 [WARN] PackLoader:240 - Cannot read IP mode file for STMicroelectronics.X-CUBE-FREERTOS.1.1.0
2024-03-02 11:34:46,455 [WARN] PackLoader:240 - Cannot read IP mode file for portGmbH.I-Cube-SoM-uGOAL.1.1.0
2024-03-02 11:34:46,470 [WARN] PackLoader:240 - Cannot read IP mode file for STMicroelectronics.X-CUBE-ALS.1.0.1
2024-03-02 11:34:46,483 [WARN] PackLoader:240 - Cannot read IP mode file for STMicroelectronics.FP-ATR-ASTRA1.2.0.0
2024-03-02 11:34:46,506 [WARN] PackLoader:240 - Cannot read IP mode file for STMicroelectronics.X-CUBE-TOF1.3.4.0
2024-03-02 11:34:46,541 [WARN] PackLoader:240 - Cannot read IP mode file for STMicroelectronics.X-CUBE-AZRTOS-H7.3.2.0
2024-03-02 11:34:46,544 [INFO] ThirdParty:978 - Integrity check success = true
2024-03-02 11:34:46,544 [INFO] IntegrityCheckThread:100 - exiting critical section [integrity check]
2024-03-02 11:34:46,544 [INFO] IntegrityCheckThread:103 - End integrity checks thread
2024-03-02 11:34:47,920 [INFO] WebApp:161 - Instantiating new browser for Auth
2024-03-02 11:34:48,377 [INFO] WebApp:780 - Register for checkConnection events
2024-03-02 11:34:48,378 [INFO] WebApp:414 - Apply proxy settings
2024-03-02 11:34:48,378 [INFO] WebApp:499 - Chromium requires no authentication
2024-03-02 11:34:48,385 [INFO] WebApp:442 - Direct internet connection detected
2024-03-02 11:34:48,515 [INFO] WebApp:192 - Starting web application
2024-03-02 11:34:48,515 [INFO] WebApp:544 - Web application path used C:\ST\STM32CubeIDE_1.13.2\STM32CubeIDE\plugins\com.st.stm32cube.common.mx_6.10.0.202311202037\db\plugins\mcufinder\reactClient1\index.html
2024-03-02 11:35:09,420 [ERROR] LogOutputStream:75 - [STDERR_REDIRECT] SLF4J: Failed to load class "org.slf4j.impl.StaticLoggerBinder".
2024-03-02 11:35:09,420 [ERROR] LogOutputStream:75 - [STDERR_REDIRECT] SLF4J: Defaulting to no-operation (NOP) logger implementation
2024-03-02 11:35:09,421 [ERROR] LogOutputStream:75 - [STDERR_REDIRECT] SLF4J: See http://www.slf4j.org/codes.html#StaticLoggerBinder for further details.
2024-03-02 15:37:13,127 [ERROR] LogOutputStream:75 - [STDERR_REDIRECT] 
