2024-02-06 13:49:41,098 [INFO] Activator:176 - 


2024-02-06 13:49:41,104 [INFO] Activator:177 - !SESSION log4j initialized
2024-02-06 13:49:46,785 [INFO] LogOutputStream:77 - [STDOUT_REDIRECT] 
2024-02-06 13:49:47,823 [INFO] ApplicationProperties:184 - Using Application install path: C:\ST\STM32CubeIDE_1.13.2\STM32CubeIDE\plugins\com.st.stm32cube.common.mx_6.9.2.202309101412
2024-02-06 13:49:47,861 [INFO] DbMcusXml:78 - Set database path to: C:\ST\STM32CubeIDE_1.13.2\STM32CubeIDE\plugins\com.st.stm32cube.common.mx_6.9.2.202309101412\\db\/mcu/
2024-02-06 13:49:47,862 [INFO] ApiDb:274 - Set plugin database path to: C:\ST\STM32CubeIDE_1.13.2\STM32CubeIDE\plugins\com.st.stm32cube.common.mx_6.9.2.202309101412\\db\/plugins/boardmanager/
2024-02-06 13:49:47,862 [WARN] ApiDb:259 - Overriding images path with different value:  => C:\ST\STM32CubeIDE_1.13.2\STM32CubeIDE\plugins\com.st.stm32cube.common.mx_6.9.2.202309101412\\db\/plugins/mcufinder/images/
2024-02-06 13:49:47,872 [INFO] ApiDb:250 - Set database path to: C:\Users\grafd\.stmcufinder\plugins\mcufinder//mcu/
2024-02-06 13:49:47,873 [INFO] DbMcusAds:125 - Set database path to: C:\Users\grafd\.stmcufinder\plugins\mcufinder//mcu/
2024-02-06 13:49:47,874 [INFO] CrossReferenceDbSqlite:203 - Set database path to: C:\Users\grafd\.stmcufinder\plugins\mcufinder//mcu/cs/
2024-02-06 13:49:47,956 [INFO] RulesReader:64 - Compatibility file has been processed (293 Rules)
2024-02-06 13:49:48,024 [INFO] DbMcusXml:78 - Set database path to: C:\ST\STM32CubeIDE_1.13.2\STM32CubeIDE\plugins\com.st.stm32cube.common.mx_6.9.2.202309101412\\db\/mcu/
2024-02-06 13:49:48,024 [INFO] ApiDb:274 - Set plugin database path to: C:\ST\STM32CubeIDE_1.13.2\STM32CubeIDE\plugins\com.st.stm32cube.common.mx_6.9.2.202309101412\\db\/plugins/boardmanager/
2024-02-06 13:49:48,024 [INFO] ApiDb:261 - Set plugin images path to: C:\ST\STM32CubeIDE_1.13.2\STM32CubeIDE\plugins\com.st.stm32cube.common.mx_6.9.2.202309101412\\db\/plugins/mcufinder/images/
2024-02-06 13:49:48,025 [WARN] DbFile:41 - Overriding database path with different value: C:\Users\grafd\.stmcufinder\plugins\mcufinder/ => C:\Users\grafd\.stmcufinder\plugins\mcufinder
2024-02-06 13:49:48,025 [INFO] ApiDb:250 - Set database path to: C:\Users\grafd\.stmcufinder\plugins\mcufinder//mcu/
2024-02-06 13:49:48,025 [WARN] DbFile:41 - Overriding database path with different value: C:\Users\grafd\.stmcufinder\plugins\mcufinder/ => C:\Users\grafd\.stmcufinder\plugins\mcufinder
2024-02-06 13:49:48,025 [INFO] DbMcusAds:125 - Set database path to: C:\Users\grafd\.stmcufinder\plugins\mcufinder//mcu/
2024-02-06 13:49:48,025 [WARN] DbFile:41 - Overriding database path with different value: C:\Users\grafd\.stmcufinder\plugins\mcufinder/ => C:\Users\grafd\.stmcufinder\plugins\mcufinder
2024-02-06 13:49:48,025 [WARN] DbFile:41 - Overriding database path with different value: C:\Users\grafd\.stmcufinder\plugins\mcufinder/ => C:\Users\grafd\.stmcufinder\plugins\mcufinder
2024-02-06 13:49:48,025 [INFO] CrossReferenceDbSqlite:203 - Set database path to: C:\Users\grafd\.stmcufinder\plugins\mcufinder//mcu/cs/
2024-02-06 13:49:48,089 [INFO] MainPanel:262 - HeapMemory: 268435456
2024-02-06 13:49:48,169 [INFO] DbMcusXml:78 - Set database path to: C:\ST\STM32CubeIDE_1.13.2\STM32CubeIDE\plugins\com.st.stm32cube.common.mx_6.9.2.202309101412\\db\/mcu/
2024-02-06 13:49:48,169 [INFO] ApiDb:274 - Set plugin database path to: C:\ST\STM32CubeIDE_1.13.2\STM32CubeIDE\plugins\com.st.stm32cube.common.mx_6.9.2.202309101412\\db\/plugins/boardmanager/
2024-02-06 13:49:48,169 [INFO] ApiDb:261 - Set plugin images path to: C:\ST\STM32CubeIDE_1.13.2\STM32CubeIDE\plugins\com.st.stm32cube.common.mx_6.9.2.202309101412\\db\/plugins/mcufinder/images/
2024-02-06 13:49:48,169 [WARN] DbFile:41 - Overriding database path with different value: C:\Users\grafd\.stmcufinder\plugins\mcufinder/ => C:\Users\grafd\.stmcufinder\plugins\mcufinder
2024-02-06 13:49:48,169 [INFO] ApiDb:250 - Set database path to: C:\Users\grafd\.stmcufinder\plugins\mcufinder//mcu/
2024-02-06 13:49:48,169 [WARN] DbFile:41 - Overriding database path with different value: C:\Users\grafd\.stmcufinder\plugins\mcufinder/ => C:\Users\grafd\.stmcufinder\plugins\mcufinder
2024-02-06 13:49:48,170 [INFO] DbMcusAds:125 - Set database path to: C:\Users\grafd\.stmcufinder\plugins\mcufinder//mcu/
2024-02-06 13:49:48,170 [WARN] DbFile:41 - Overriding database path with different value: C:\Users\grafd\.stmcufinder\plugins\mcufinder/ => C:\Users\grafd\.stmcufinder\plugins\mcufinder
2024-02-06 13:49:48,170 [WARN] DbFile:41 - Overriding database path with different value: C:\Users\grafd\.stmcufinder\plugins\mcufinder/ => C:\Users\grafd\.stmcufinder\plugins\mcufinder
2024-02-06 13:49:48,170 [INFO] CrossReferenceDbSqlite:203 - Set database path to: C:\Users\grafd\.stmcufinder\plugins\mcufinder//mcu/cs/
2024-02-06 13:49:48,185 [INFO] ApplicationProperties:184 - Using Application install path: C:\ST\STM32CubeIDE_1.13.2\STM32CubeIDE\plugins\com.st.stm32cube.common.mx_6.9.2.202309101412
2024-02-06 13:49:48,186 [INFO] PluginManage:196 - Search for loadable plugins [exclusion list=, ]
2024-02-06 13:49:48,187 [INFO] PluginManage:310 - Check plugin analytics
2024-02-06 13:49:48,317 [INFO] AnalyticsPlugin:253 - Accepted Software Licenses: 
2024-02-06 13:49:48,318 [INFO] AnalyticsPlugin:255 - Accepted CMSIS Pack Licenses: 
2024-02-06 13:49:48,318 [INFO] AnalyticsPlugin:257 - Accepted Firmware Licenses: 
2024-02-06 13:49:48,319 [INFO] PluginManage:359 - Loaded plugin analytics (category:tool,tabindex:-1)
2024-02-06 13:49:48,320 [INFO] PluginManage:310 - Check plugin cadmodel
2024-02-06 13:49:48,332 [INFO] CADModel:105 - Init CAD model plugin
2024-02-06 13:49:48,332 [INFO] PluginManage:359 - Loaded plugin cadmodel (category:power,tabindex:5)
2024-02-06 13:49:48,332 [INFO] PluginManage:310 - Check plugin clock
2024-02-06 13:49:48,351 [INFO] PluginManage:359 - Loaded plugin clock (category:base,tabindex:2)
2024-02-06 13:49:48,351 [INFO] PluginManage:310 - Check plugin ddr
2024-02-06 13:49:48,353 [INFO] PluginManage:359 - Loaded plugin ddr (category:tool,tabindex:6)
2024-02-06 13:49:48,353 [INFO] PluginManage:310 - Check plugin filemanager
2024-02-06 13:49:48,457 [INFO] McuFinderGlobals:63 - Set McuFinder mode to 2 (CubeIDE integrated)
2024-02-06 13:49:48,485 [INFO] PluginManage:359 - Loaded plugin filemanager (category:base,tabindex:10)
2024-02-06 13:49:48,485 [INFO] PluginManage:310 - Check plugin ipmanager
2024-02-06 13:49:48,492 [INFO] PluginManage:359 - Loaded plugin ipmanager (category:base,tabindex:5)
2024-02-06 13:49:48,492 [INFO] PluginManage:310 - Check plugin lpbam
2024-02-06 13:49:48,508 [INFO] PluginManage:359 - Loaded plugin lpbam (category:base,tabindex:0)
2024-02-06 13:49:48,508 [INFO] PluginManage:310 - Check plugin memorymap
2024-02-06 13:49:48,529 [INFO] PluginManage:359 - Loaded plugin memorymap (category:base,tabindex:4)
2024-02-06 13:49:48,530 [INFO] PluginManage:310 - Check plugin pinoutandconfiguration
2024-02-06 13:49:48,545 [INFO] PluginManage:359 - Loaded plugin pinoutandconfiguration (category:base,tabindex:1)
2024-02-06 13:49:48,545 [INFO] PluginManage:310 - Check plugin pinoutconfig
2024-02-06 13:49:48,624 [WARN] SupportedApi:132 - Cannot load RTOS API schema: s4s-elt-must-match.1: The content of 'definitions' must match (annotation?, (simpleType | complexType)?, (unique | key | keyref)*)). A problem was found starting at: attribute.
2024-02-06 13:49:48,731 [INFO] PluginManage:359 - Loaded plugin pinoutconfig (category:base,tabindex:0)
2024-02-06 13:49:48,731 [INFO] PluginManage:310 - Check plugin power
2024-02-06 13:49:48,746 [INFO] PluginManage:359 - Loaded plugin power (category:power,tabindex:4)
2024-02-06 13:49:48,746 [INFO] PluginManage:310 - Check plugin projectmanager
2024-02-06 13:49:48,757 [INFO] PluginManage:359 - Loaded plugin projectmanager (category:projectmanager,tabindex:3)
2024-02-06 13:49:48,757 [INFO] PluginManage:310 - Check plugin thirdparty
2024-02-06 13:49:48,975 [INFO] PluginManage:359 - Loaded plugin thirdparty (category:base,tabindex:-1)
2024-02-06 13:49:48,975 [WARN] IntegrityCheckThread:84 - waiting for thirdparty lock release [integrity check]
2024-02-06 13:49:48,975 [INFO] PluginManage:310 - Check plugin tools
2024-02-06 13:49:48,976 [INFO] IntegrityCheckThread:86 - entering critical section [integrity check]
2024-02-06 13:49:48,976 [INFO] ThirdPartyUpdaterWithRetryManager:70 - Updater plugin not ready yet. [1/15]
2024-02-06 13:49:49,006 [INFO] PluginManage:359 - Loaded plugin tools (category:base,tabindex:7)
2024-02-06 13:49:49,007 [INFO] PluginManage:310 - Check plugin tutovideos
2024-02-06 13:49:49,161 [INFO] PluginManage:359 - Loaded plugin tutovideos (category:base,tabindex:-1)
2024-02-06 13:49:49,161 [INFO] PluginManage:310 - Check plugin updater
2024-02-06 13:49:49,170 [INFO] PluginManage:359 - Loaded plugin updater (category:base,tabindex:12)
2024-02-06 13:49:49,170 [INFO] PluginManage:310 - Check plugin userauth
2024-02-06 13:49:49,175 [INFO] UserAuth:113 - Init User Auth plugin
2024-02-06 13:49:49,175 [INFO] PluginManage:359 - Loaded plugin userauth (category:base,tabindex:14)
2024-02-06 13:49:49,175 [INFO] PluginManage:283 - PluginManage : Loaded plugins [17]
2024-02-06 13:49:49,347 [INFO] PinOutPanel:1499 - setPackage(No Configuration,No Configuration)
2024-02-06 13:49:49,432 [INFO] CADModel:165 - CPN selected for project level
2024-02-06 13:49:49,432 [INFO] CADModel:114 - Register for checkConnection events
2024-02-06 13:49:49,454 [INFO] IPUIPlugin:80 - create IPUIPlugin
2024-02-06 13:49:49,454 [INFO] PluginManager:220 - loadIPPluginJar : add adc
2024-02-06 13:49:49,483 [INFO] IPUIPlugin:80 - create IPUIPlugin
2024-02-06 13:49:49,483 [INFO] PluginManager:220 - loadIPPluginJar : add aes
2024-02-06 13:49:49,513 [INFO] IPUIPlugin:80 - create IPUIPlugin
2024-02-06 13:49:49,513 [INFO] PluginManager:220 - loadIPPluginJar : add can
2024-02-06 13:49:49,531 [INFO] IPUIPlugin:80 - create IPUIPlugin
2024-02-06 13:49:49,532 [INFO] PluginManager:220 - loadIPPluginJar : add comp
2024-02-06 13:49:49,557 [INFO] IPUIPlugin:80 - create IPUIPlugin
2024-02-06 13:49:49,557 [INFO] PluginManager:220 - loadIPPluginJar : add cryp
2024-02-06 13:49:49,581 [INFO] IPUIPlugin:80 - create IPUIPlugin
2024-02-06 13:49:49,581 [INFO] PluginManager:220 - loadIPPluginJar : add dfsdm
2024-02-06 13:49:49,593 [INFO] IPUIPlugin:80 - create IPUIPlugin
2024-02-06 13:49:49,594 [INFO] PluginManager:220 - loadIPPluginJar : add dma
2024-02-06 13:49:49,637 [INFO] IPUIPlugin:80 - create IPUIPlugin
2024-02-06 13:49:49,637 [INFO] PluginManager:220 - loadIPPluginJar : add dma3
2024-02-06 13:49:49,654 [INFO] IPUIPlugin:80 - create IPUIPlugin
2024-02-06 13:49:49,654 [INFO] PluginManager:220 - loadIPPluginJar : add fatfs
2024-02-06 13:49:49,691 [INFO] IPUIPlugin:80 - create IPUIPlugin
2024-02-06 13:49:49,691 [INFO] PluginManager:220 - loadIPPluginJar : add fmc
2024-02-06 13:49:49,704 [INFO] IPUIPlugin:80 - create IPUIPlugin
2024-02-06 13:49:49,704 [INFO] PluginManager:220 - loadIPPluginJar : add freertos
2024-02-06 13:49:49,721 [INFO] IPUIPlugin:80 - create IPUIPlugin
2024-02-06 13:49:49,721 [INFO] PluginManager:220 - loadIPPluginJar : add genericplugin
2024-02-06 13:49:49,788 [INFO] IPUIPlugin:80 - create IPUIPlugin
2024-02-06 13:49:49,788 [INFO] PluginManager:220 - loadIPPluginJar : add gfxmmu
2024-02-06 13:49:49,888 [INFO] IPUIPlugin:80 - create IPUIPlugin
2024-02-06 13:49:49,888 [INFO] PluginManager:220 - loadIPPluginJar : add gic
2024-02-06 13:49:49,903 [INFO] IPUIPlugin:80 - create IPUIPlugin
2024-02-06 13:49:49,903 [INFO] PluginManager:220 - loadIPPluginJar : add gpio
2024-02-06 13:49:49,974 [INFO] IPUIPlugin:80 - create IPUIPlugin
2024-02-06 13:49:49,974 [INFO] PluginManager:220 - loadIPPluginJar : add gtzc
2024-02-06 13:49:49,999 [INFO] IPUIPlugin:80 - create IPUIPlugin
2024-02-06 13:49:49,999 [INFO] PluginManager:220 - loadIPPluginJar : add hash
2024-02-06 13:49:50,038 [INFO] IPUIPlugin:80 - create IPUIPlugin
2024-02-06 13:49:50,038 [INFO] PluginManager:220 - loadIPPluginJar : add i2c
2024-02-06 13:49:50,069 [INFO] IPUIPlugin:80 - create IPUIPlugin
2024-02-06 13:49:50,069 [INFO] PluginManager:220 - loadIPPluginJar : add i2s
2024-02-06 13:49:50,100 [INFO] IPUIPlugin:80 - create IPUIPlugin
2024-02-06 13:49:50,100 [INFO] PluginManager:220 - loadIPPluginJar : add i3c
2024-02-06 13:49:50,181 [INFO] IPUIPlugin:80 - create IPUIPlugin
2024-02-06 13:49:50,181 [INFO] PluginManager:220 - loadIPPluginJar : add ipddr
2024-02-06 13:49:50,248 [INFO] IPUIPlugin:80 - create IPUIPlugin
2024-02-06 13:49:50,248 [INFO] PluginManager:220 - loadIPPluginJar : add linkedlist
2024-02-06 13:49:50,275 [INFO] IPUIPlugin:80 - create IPUIPlugin
2024-02-06 13:49:50,275 [INFO] PluginManager:220 - loadIPPluginJar : add lorawan
2024-02-06 13:49:50,303 [INFO] IPUIPlugin:80 - create IPUIPlugin
2024-02-06 13:49:50,303 [INFO] PluginManager:220 - loadIPPluginJar : add ltdc
2024-02-06 13:49:50,316 [INFO] IPUIPlugin:80 - create IPUIPlugin
2024-02-06 13:49:50,316 [INFO] PluginManager:220 - loadIPPluginJar : add mdma
2024-02-06 13:49:50,327 [INFO] IPUIPlugin:80 - create IPUIPlugin
2024-02-06 13:49:50,328 [INFO] PluginManager:220 - loadIPPluginJar : add nvic
2024-02-06 13:49:50,354 [INFO] IPUIPlugin:80 - create IPUIPlugin
2024-02-06 13:49:50,354 [INFO] PluginManager:220 - loadIPPluginJar : add opamp
2024-02-06 13:49:50,398 [INFO] IPUIPlugin:80 - create IPUIPlugin
2024-02-06 13:49:50,398 [INFO] PluginManager:220 - loadIPPluginJar : add openamp
2024-02-06 13:49:50,434 [INFO] IPUIPlugin:80 - create IPUIPlugin
2024-02-06 13:49:50,434 [INFO] PluginManager:220 - loadIPPluginJar : add pdm2pcm
2024-02-06 13:49:50,446 [INFO] IPUIPlugin:80 - create IPUIPlugin
2024-02-06 13:49:50,448 [INFO] PluginManager:220 - loadIPPluginJar : add plateformsettings
2024-02-06 13:49:50,465 [INFO] IPUIPlugin:80 - create IPUIPlugin
2024-02-06 13:49:50,465 [INFO] PluginManager:220 - loadIPPluginJar : add quadspi
2024-02-06 13:49:50,477 [INFO] IPUIPlugin:80 - create IPUIPlugin
2024-02-06 13:49:50,477 [INFO] PluginManager:220 - loadIPPluginJar : add resmgrutility
2024-02-06 13:49:50,513 [INFO] IPUIPlugin:80 - create IPUIPlugin
2024-02-06 13:49:50,513 [INFO] PluginManager:220 - loadIPPluginJar : add sai
2024-02-06 13:49:50,541 [INFO] IPUIPlugin:80 - create IPUIPlugin
2024-02-06 13:49:50,542 [INFO] PluginManager:220 - loadIPPluginJar : add spi
2024-02-06 13:49:50,586 [INFO] IPUIPlugin:80 - create IPUIPlugin
2024-02-06 13:49:50,586 [INFO] PluginManager:220 - loadIPPluginJar : add stm32_wpan
2024-02-06 13:49:50,604 [INFO] IPUIPlugin:80 - create IPUIPlugin
2024-02-06 13:49:50,604 [INFO] PluginManager:220 - loadIPPluginJar : add tim
2024-02-06 13:49:50,644 [INFO] IPUIPlugin:80 - create IPUIPlugin
2024-02-06 13:49:50,645 [INFO] PluginManager:220 - loadIPPluginJar : add touchsensing
2024-02-06 13:49:50,663 [INFO] IPUIPlugin:80 - create IPUIPlugin
2024-02-06 13:49:50,663 [INFO] PluginManager:220 - loadIPPluginJar : add tracer_emb
2024-02-06 13:49:50,681 [INFO] IPUIPlugin:80 - create IPUIPlugin
2024-02-06 13:49:50,682 [INFO] PluginManager:220 - loadIPPluginJar : add ts
2024-02-06 13:49:50,699 [INFO] IPUIPlugin:80 - create IPUIPlugin
2024-02-06 13:49:50,699 [INFO] PluginManager:220 - loadIPPluginJar : add tsc
2024-02-06 13:49:50,717 [INFO] IPUIPlugin:80 - create IPUIPlugin
2024-02-06 13:49:50,717 [INFO] PluginManager:220 - loadIPPluginJar : add ucpd
2024-02-06 13:49:50,756 [INFO] IPUIPlugin:80 - create IPUIPlugin
2024-02-06 13:49:50,756 [INFO] PluginManager:220 - loadIPPluginJar : add usart
2024-02-06 13:49:50,794 [INFO] IPUIPlugin:80 - create IPUIPlugin
2024-02-06 13:49:50,794 [INFO] PluginManager:220 - loadIPPluginJar : add usbx
2024-02-06 13:49:50,904 [INFO] CADModel:165 - CPN selected for project level
2024-02-06 13:49:50,904 [INFO] CADModel:114 - Register for checkConnection events
2024-02-06 13:49:50,904 [FATAL] Updater:308 - Updater called before beeing initialized
2024-02-06 13:49:50,904 [ERROR] CADModel:125 - Updater not yet initialized, retry later 
2024-02-06 13:49:51,014 [INFO] CADModel:165 - CPN selected for project level
2024-02-06 13:49:51,014 [INFO] CADModel:114 - Register for checkConnection events
2024-02-06 13:49:51,014 [FATAL] Updater:308 - Updater called before beeing initialized
2024-02-06 13:49:51,014 [ERROR] CADModel:125 - Updater not yet initialized, retry later 
2024-02-06 13:49:51,016 [FATAL] Updater:308 - Updater called before beeing initialized
2024-02-06 13:49:51,096 [FATAL] Updater:308 - Updater called before beeing initialized
2024-02-06 13:49:51,106 [INFO] DbMcusAds:53 - JSON generation date=Tue Mar 07 09:50:55 CET 2023 (1678179055335)
2024-02-06 13:49:51,106 [FATAL] Updater:308 - Updater called before beeing initialized
2024-02-06 13:49:51,172 [WARN] DetailPanel:346 - Failed to get advertising image, set to default
2024-02-06 13:49:51,257 [FATAL] Updater:308 - Updater called before beeing initialized
2024-02-06 13:49:51,259 [FATAL] Updater:308 - Updater called before beeing initialized
2024-02-06 13:49:51,259 [FATAL] Updater:308 - Updater called before beeing initialized
2024-02-06 13:49:51,259 [WARN] DetailPanel:346 - Failed to get advertising image, set to default
2024-02-06 13:49:51,260 [FATAL] Updater:308 - Updater called before beeing initialized
2024-02-06 13:49:51,328 [ERROR] Updater:1120 - MainUpdater not yet initialized. External WinMGr cannot be set.
2024-02-06 13:49:51,339 [INFO] Updater:1056 - Updater Version found : 6.9.2
2024-02-06 13:49:51,356 [INFO] ApplicationProperties:184 - Using Application install path: C:\ST\STM32CubeIDE_1.13.2\STM32CubeIDE\plugins\com.st.stm32cube.common.mx_6.9.2.202309101412
2024-02-06 13:49:51,639 [INFO] MainUpdater:2868 - connection check result : 10
2024-02-06 13:49:51,640 [INFO] MainUpdater:285 - Updater Check For Update Now.
2024-02-06 13:49:51,640 [INFO] MicroXplorer:498 - Change Database Version : DB.6.0.92
2024-02-06 13:49:51,654 [INFO] McuFinderGlobals:63 - Set McuFinder mode to 2 (CubeIDE integrated)
2024-02-06 13:49:51,811 [INFO] CheckServerUpdateThread:120 - End of CheckServer Thread
2024-02-06 13:49:51,868 [INFO] MainUpdater:2868 - connection check result : 10
2024-02-06 13:49:51,874 [INFO] MainUpdater:2868 - connection check result : 10
2024-02-06 13:49:52,022 [INFO] MicroXplorer:468 - Change Database Path : 
2024-02-06 13:49:52,022 [INFO] MicroXplorer:498 - Change Database Version : DB.6.0.92
2024-02-06 13:49:52,027 [WARN] ThirdParty:871 - waiting for thirdparty lock release [close project]
2024-02-06 13:49:52,139 [WARN] PackLoader:240 - Cannot read IP mode file for STMicroelectronics.X-CUBE-SMBUS.2.1.0
2024-02-06 13:49:52,154 [WARN] PackLoader:240 - Cannot read IP mode file for STMicroelectronics.X-CUBE-TOUCHGFX.4.23.0
2024-02-06 13:49:52,190 [WARN] PackLoader:240 - Cannot read IP mode file for STMicroelectronics.X-CUBE-AZRTOS-F7.1.1.0
2024-02-06 13:49:52,210 [WARN] PackLoader:240 - Cannot read IP mode file for STMicroelectronics.FP-SNS-MOTENV1.4.3.2
2024-02-06 13:49:52,228 [WARN] PackLoader:240 - Cannot read IP mode file for STMicroelectronics.FP-SNS-FLIGHT1.5.0.2
2024-02-06 13:49:52,251 [WARN] PackLoader:240 - Cannot read IP mode file for STMicroelectronics.X-CUBE-DISPLAY.3.0.0
2024-02-06 13:49:52,273 [WARN] PackLoader:240 - Cannot read IP mode file for STMicroelectronics.X-CUBE-BLE1.7.0.0
2024-02-06 13:49:52,290 [WARN] PackLoader:240 - Cannot read IP mode file for emotas.I-CUBE-CANOPEN.1.3.0
2024-02-06 13:49:52,306 [WARN] PackLoader:240 - Cannot read IP mode file for STMicroelectronics.X-CUBE-TOUCHGFX.4.22.1
2024-02-06 13:49:52,320 [WARN] PackLoader:240 - Cannot read IP mode file for STMicroelectronics.FP-SNS-SMARTAG2.1.2.0
2024-02-06 13:49:52,341 [INFO] LogOutputStream:77 - [STDOUT_REDIRECT] 1 : Invalid condition id : UX_CORESTACK_Condition cause : null
2024-02-06 13:49:52,343 [INFO] LogOutputStream:77 - [STDOUT_REDIRECT] 1 : Invalid condition id : UX_CORESTACK_Condition cause : null
2024-02-06 13:49:52,344 [INFO] LogOutputStream:77 - [STDOUT_REDIRECT] 1 : Invalid condition id : UX_CORESTACK_Condition cause : null
2024-02-06 13:49:52,344 [INFO] LogOutputStream:77 - [STDOUT_REDIRECT] 1 : Invalid condition id : UX_CORESTACK_Condition cause : null
2024-02-06 13:49:52,345 [INFO] LogOutputStream:77 - [STDOUT_REDIRECT] 1 : Invalid condition id : UX_CORESTACK_Condition cause : null
2024-02-06 13:49:52,350 [WARN] PackLoader:240 - Cannot read IP mode file for STMicroelectronics.X-CUBE-AZRTOS-WL.2.0.0
2024-02-06 13:49:52,365 [WARN] PackLoader:240 - Cannot read IP mode file for WES.I-CUBE-Cesium.1.3.0
2024-02-06 13:49:52,376 [WARN] PackLoader:240 - Cannot read IP mode file for STMicroelectronics.X-CUBE-BLE2.3.3.0
2024-02-06 13:49:52,388 [WARN] PackLoader:240 - Cannot read IP mode file for STMicroelectronics.X-CUBE-ALGOBUILD.1.3.0
2024-02-06 13:49:52,413 [WARN] PackLoader:240 - Cannot read IP mode file for STMicroelectronics.X-CUBE-AZRTOS-G0.1.1.0
2024-02-06 13:49:52,428 [WARN] PackLoader:240 - Cannot read IP mode file for STMicroelectronics.X-CUBE-NFC4.3.0.0
2024-02-06 13:49:52,445 [WARN] PackLoader:240 - Cannot read IP mode file for STMicroelectronics.X-CUBE-BLEMGR.3.0.0
2024-02-06 13:49:52,459 [WARN] PackLoader:240 - Cannot read IP mode file for STMicroelectronics.FP-ATR-SIGFOX1.3.2.0
2024-02-06 13:49:52,471 [WARN] PackLoader:240 - Cannot read IP mode file for STMicroelectronics.X-CUBE-EEPRMA1.5.1.0
2024-02-06 13:49:52,510 [WARN] PackLoader:240 - Cannot read IP mode file for SEGGER.I-CUBE-embOS.1.3.1
2024-02-06 13:49:52,551 [WARN] PackLoader:240 - Cannot read IP mode file for STMicroelectronics.X-CUBE-GNSS1.6.0.0
2024-02-06 13:49:52,576 [WARN] PackLoader:240 - Cannot read IP mode file for STMicroelectronics.X-CUBE-AZRTOS-F4.1.1.0
2024-02-06 13:49:52,591 [WARN] PackLoader:240 - Cannot read IP mode file for wolfSSL.I-CUBE-wolfSSL.5.6.4
2024-02-06 13:49:52,619 [WARN] PackLoader:240 - Cannot read IP mode file for STMicroelectronics.X-CUBE-AZRTOS-L5.2.0.0
2024-02-06 13:49:52,635 [WARN] PackLoader:240 - Cannot read IP mode file for STMicroelectronics.X-CUBE-EEPRMA1.4.2.0
2024-02-06 13:49:52,651 [WARN] PackLoader:240 - Cannot read IP mode file for ITTIA_DB.I-CUBE-ITTIADB.8.8.0
2024-02-06 13:49:52,679 [WARN] ConditionMgr:438 - getConditionDescription Invalid condition id : UX DEVICE CLASS RTOS Condition cause : null
2024-02-06 13:49:52,679 [WARN] ConditionMgr:438 - getConditionDescription Invalid condition id : UX DEVICE CLASS RTOS Condition cause : null
2024-02-06 13:49:52,681 [WARN] PackLoader:240 - Cannot read IP mode file for STMicroelectronics.X-CUBE-AZRTOS-H7.3.1.0
2024-02-06 13:49:52,682 [WARN] ConditionMgr:1039 - genDependencies : Invalid condition id : UX DEVICE CLASS RTOS Condition cause : null
2024-02-06 13:49:52,683 [WARN] ConditionMgr:1039 - genDependencies : Invalid condition id : UX DEVICE CLASS RTOS Condition cause : null
2024-02-06 13:49:52,683 [WARN] ConditionMgr:1039 - genDependencies : Invalid condition id : UX DEVICE CLASS RTOS Condition cause : null
2024-02-06 13:49:52,684 [WARN] ConditionMgr:1039 - genDependencies : Invalid condition id : UX DEVICE CLASS RTOS Condition cause : null
2024-02-06 13:49:52,684 [WARN] ConditionMgr:1039 - genDependencies : Invalid condition id : UX DEVICE CLASS RTOS Condition cause : null
2024-02-06 13:49:52,701 [WARN] PackLoader:240 - Cannot read IP mode file for STMicroelectronics.X-CUBE-NFC7.1.0.1
2024-02-06 13:49:52,720 [WARN] PackLoader:240 - Cannot read IP mode file for STMicroelectronics.X-CUBE-NFC6.3.0.0
2024-02-06 13:49:52,735 [WARN] PackLoader:240 - Cannot read IP mode file for STMicroelectronics.X-CUBE-AI.8.1.0
2024-02-06 13:49:52,763 [WARN] ConditionMgr:438 - getConditionDescription Invalid condition id : LAN8742 Phy interface Condition cause : null
2024-02-06 13:49:52,763 [WARN] PackLoader:240 - Cannot read IP mode file for STMicroelectronics.X-CUBE-AZRTOS-L4.2.0.0
2024-02-06 13:49:52,764 [WARN] ConditionMgr:1039 - genDependencies : Invalid condition id : LAN8742 Phy interface Condition cause : null
2024-02-06 13:49:52,764 [WARN] ConditionMgr:1039 - genDependencies : Invalid condition id : LAN8742 Phy interface Condition cause : null
2024-02-06 13:49:52,764 [WARN] ConditionMgr:1039 - genDependencies : Invalid condition id : LAN8742 Phy interface Condition cause : null
2024-02-06 13:49:52,782 [WARN] PackLoader:240 - Cannot read IP mode file for STMicroelectronics.X-CUBE-SFXS2LP1.4.0.0
2024-02-06 13:49:52,798 [WARN] PackLoader:240 - Cannot read IP mode file for STMicroelectronics.X-CUBE-ISPU.1.1.0
2024-02-06 13:49:52,822 [WARN] ConditionMgr:438 - getConditionDescription Invalid condition id : UX DEVICE CLASS RTOS Condition cause : null
2024-02-06 13:49:52,822 [WARN] ConditionMgr:438 - getConditionDescription Invalid condition id : UX DEVICE CLASS RTOS Condition cause : null
2024-02-06 13:49:52,827 [WARN] PackLoader:240 - Cannot read IP mode file for STMicroelectronics.X-CUBE-AZRTOS-WB.2.0.0
2024-02-06 13:49:52,829 [WARN] ConditionMgr:1039 - genDependencies : Invalid condition id : UX DEVICE CLASS RTOS Condition cause : null
2024-02-06 13:49:52,829 [WARN] ConditionMgr:1039 - genDependencies : Invalid condition id : UX DEVICE CLASS RTOS Condition cause : null
2024-02-06 13:49:52,830 [WARN] ConditionMgr:1039 - genDependencies : Invalid condition id : UX DEVICE CLASS RTOS Condition cause : null
2024-02-06 13:49:52,830 [WARN] ConditionMgr:1039 - genDependencies : Invalid condition id : UX DEVICE CLASS RTOS Condition cause : null
2024-02-06 13:49:52,830 [WARN] ConditionMgr:1039 - genDependencies : Invalid condition id : UX DEVICE CLASS RTOS Condition cause : null
2024-02-06 13:49:52,855 [WARN] PackLoader:240 - Cannot read IP mode file for STMicroelectronics.X-CUBE-SUBG2.5.0.0
2024-02-06 13:49:52,884 [WARN] PackLoader:240 - Cannot read IP mode file for STMicroelectronics.X-CUBE-TOF1.3.3.1
2024-02-06 13:49:52,936 [WARN] PackLoader:240 - Cannot read IP mode file for STMicroelectronics.X-CUBE-AZRTOS-G4.2.0.0
2024-02-06 13:49:52,965 [WARN] PackLoader:240 - Cannot read IP mode file for Infineon.AIROC-Wi-Fi-Bluetooth-STM32.1.5.1
2024-02-06 13:49:52,986 [WARN] PackLoader:240 - Cannot read IP mode file for STMicroelectronics.FP-SNS-MOTENVWB1.1.3.0
2024-02-06 13:49:52,998 [WARN] PackLoader:240 - Cannot read IP mode file for STMicroelectronics.FP-SNS-MOTENVWB1.1.3.1
2024-02-06 13:49:53,010 [WARN] PackLoader:240 - Cannot read IP mode file for STMicroelectronics.X-CUBE-ISPU.2.0.0
2024-02-06 13:49:53,051 [WARN] PackLoader:240 - Cannot read IP mode file for STMicroelectronics.X-CUBE-MEMS1.10.0.0
2024-02-06 13:49:53,163 [WARN] PackLoader:240 - Cannot read IP mode file for STMicroelectronics.X-CUBE-FREERTOS.1.1.0
2024-02-06 13:49:53,180 [WARN] PackLoader:240 - Cannot read IP mode file for portGmbH.I-Cube-SoM-uGOAL.1.1.0
2024-02-06 13:49:53,194 [WARN] PackLoader:240 - Cannot read IP mode file for STMicroelectronics.X-CUBE-ALS.1.0.1
2024-02-06 13:49:53,210 [WARN] PackLoader:240 - Cannot read IP mode file for STMicroelectronics.FP-ATR-ASTRA1.2.0.0
2024-02-06 13:49:53,230 [WARN] PackLoader:240 - Cannot read IP mode file for STMicroelectronics.X-CUBE-TOF1.3.4.0
2024-02-06 13:49:53,264 [WARN] PackLoader:240 - Cannot read IP mode file for STMicroelectronics.X-CUBE-AZRTOS-H7.3.2.0
2024-02-06 13:49:53,267 [INFO] ThirdParty:978 - Integrity check success = true
2024-02-06 13:49:53,267 [INFO] IntegrityCheckThread:100 - exiting critical section [integrity check]
2024-02-06 13:49:53,267 [INFO] IntegrityCheckThread:103 - End integrity checks thread
2024-02-06 13:49:53,268 [INFO] ThirdParty:873 - entering critical section [close project]
2024-02-06 13:49:53,269 [INFO] ThirdParty:883 - exiting critical section [close project]
2024-02-06 13:49:53,271 [INFO] PinOutPanel:1499 - setPackage(No Configuration,No Configuration)
2024-02-06 13:49:53,277 [INFO] UtilMem:75 - Begin LoadConfig() Used Memory: 183068896 Bytes (268435456)
2024-02-06 13:49:53,278 [INFO] MicroXplorer:468 - Change Database Path : 
2024-02-06 13:49:53,279 [INFO] MicroXplorer:498 - Change Database Version : DB.6.0.92
2024-02-06 13:49:53,279 [INFO] OpenFileManager:308 - Change cursor
2024-02-06 13:49:53,320 [INFO] Mcu:1946 - Initializing MCU STM32L562CETx STM32L562CETx STM32L562CET6
2024-02-06 13:49:53,840 [WARN] Context:676 - Trying to add IP FREERTOS in context CortexM33 not assigned to a contextSplit
2024-02-06 13:49:54,173 [WARN] Context:676 - Trying to add IP OTFDEC in context CortexM33 not assigned to a contextSplit
2024-02-06 13:49:54,194 [WARN] Context:676 - Trying to add IP PWR in context CortexM33 not assigned to a contextSplit
2024-02-06 13:49:54,224 [WARN] Context:676 - Trying to add IP RCC in context CortexM33 not assigned to a contextSplit
2024-02-06 13:49:54,251 [WARN] Context:676 - Trying to add IP RTC in context CortexM33 not assigned to a contextSplit
2024-02-06 13:49:54,351 [WARN] Context:676 - Trying to add IP SYS in context CortexM33 not assigned to a contextSplit
2024-02-06 13:49:54,392 [WARN] Context:676 - Trying to add IP TAMP in context CortexM33 not assigned to a contextSplit
2024-02-06 13:49:55,372 [INFO] Context:659 - Trying to add GPIOservice into a context  which must be forbidden
2024-02-06 13:49:55,373 [INFO] Context:659 - Trying to add GPIOservice into a context  which must be forbidden
2024-02-06 13:49:55,373 [INFO] Context:659 - Trying to add GPIOservice into a context  which must be forbidden
2024-02-06 13:49:55,373 [WARN] Context:676 - Trying to add IP GPIO in context CortexM33 not assigned to a contextSplit
2024-02-06 13:49:55,397 [WARN] Context:676 - Trying to add IP DMA in context CortexM33 not assigned to a contextSplit
2024-02-06 13:49:55,415 [WARN] Context:676 - Trying to add IP NVIC2 in context CortexM33 not assigned to a contextSplit
2024-02-06 13:49:56,104 [INFO] RtosManager:555 - Registered RTOS mode: class=CMSIS, group=RTOS, mode=CMSIS_V1, owner=FREERTOS
2024-02-06 13:49:56,104 [INFO] RtosManager:555 - Registered RTOS mode: class=CMSIS, group=RTOS2, mode=CMSIS_V2, owner=FREERTOS
2024-02-06 13:49:56,105 [INFO] RtosManager:555 - Registered RTOS mode: class=RTOS, group=Core, mode=CMSIS_V1, owner=FREERTOS
2024-02-06 13:49:56,105 [INFO] RtosManager:555 - Registered RTOS mode: class=RTOS, group=Core, mode=CMSIS_V2, owner=FREERTOS
2024-02-06 13:49:56,105 [WARN] ModelIntegratedComponent:184 - Missing modes for component STMicroelectronics:FreeRTOS:0.0.1:STMicroelectronics:RTOS:FreeRTOS:Core:::10.2.0:
2024-02-06 13:49:56,125 [WARN] ModelIntegratedComponent:63 - No mode defined for component null
2024-02-06 13:49:56,125 [WARN] ModelIntegratedComponent:63 - No mode defined for component null
2024-02-06 13:49:56,125 [WARN] ModelIntegratedComponent:63 - No mode defined for component null
2024-02-06 13:49:56,125 [WARN] ModelIntegratedComponent:63 - No mode defined for component null
2024-02-06 13:49:56,125 [WARN] ModelIntegratedComponent:63 - No mode defined for component null
2024-02-06 13:49:56,125 [WARN] ModelIntegratedComponent:63 - No mode defined for component null
2024-02-06 13:49:56,125 [WARN] ModelIntegratedComponent:63 - No mode defined for component null
2024-02-06 13:49:56,125 [WARN] ModelIntegratedComponent:63 - No mode defined for component null
2024-02-06 13:49:56,125 [WARN] ModelIntegratedComponent:63 - No mode defined for component null
2024-02-06 13:49:56,125 [WARN] ModelIntegratedComponent:63 - No mode defined for component null
2024-02-06 13:49:56,125 [WARN] ModelIntegratedComponent:63 - No mode defined for component null
2024-02-06 13:49:56,125 [WARN] ModelIntegratedComponent:63 - No mode defined for component null
2024-02-06 13:49:56,125 [WARN] ModelIntegratedComponent:63 - No mode defined for component null
2024-02-06 13:49:56,125 [WARN] ModelIntegratedComponent:63 - No mode defined for component null
2024-02-06 13:49:56,126 [WARN] ModelIntegratedComponent:63 - No mode defined for component null
2024-02-06 13:49:56,126 [WARN] ModelIntegratedComponent:63 - No mode defined for component null
2024-02-06 13:49:56,126 [WARN] ModelIntegratedComponent:63 - No mode defined for component null
2024-02-06 13:49:56,126 [WARN] ModelIntegratedComponent:63 - No mode defined for component null
2024-02-06 13:49:56,126 [WARN] ModelIntegratedComponent:63 - No mode defined for component null
2024-02-06 13:49:56,126 [WARN] ModelIntegratedComponent:63 - No mode defined for component null
2024-02-06 13:49:56,126 [WARN] ModelIntegratedComponent:63 - No mode defined for component null
2024-02-06 13:49:56,126 [WARN] ModelIntegratedComponent:63 - No mode defined for component null
2024-02-06 13:49:56,126 [WARN] ModelIntegratedComponent:63 - No mode defined for component null
2024-02-06 13:49:56,126 [WARN] ModelIntegratedComponent:63 - No mode defined for component null
2024-02-06 13:49:56,126 [WARN] ModelIntegratedComponent:63 - No mode defined for component null
2024-02-06 13:49:56,126 [WARN] ModelIntegratedComponent:63 - No mode defined for component null
2024-02-06 13:49:56,126 [WARN] ModelIntegratedComponent:63 - No mode defined for component null
2024-02-06 13:49:56,126 [WARN] ModelIntegratedComponent:63 - No mode defined for component null
2024-02-06 13:49:56,126 [WARN] ModelIntegratedComponent:63 - No mode defined for component null
2024-02-06 13:49:56,126 [WARN] ModelIntegratedComponent:63 - No mode defined for component null
2024-02-06 13:49:56,126 [WARN] ModelIntegratedComponent:63 - No mode defined for component null
2024-02-06 13:49:56,126 [WARN] ModelIntegratedComponent:63 - No mode defined for component null
2024-02-06 13:49:56,126 [WARN] ModelIntegratedComponent:63 - No mode defined for component null
2024-02-06 13:49:56,214 [INFO] ThirdPartyModel:298 - Start build external matchings
2024-02-06 13:49:56,475 [INFO] ThirdPartyModel:316 - End build external matchings
2024-02-06 13:49:56,491 [INFO] ImportTextPane:194 - (OptionalMessage_ERROR) IP (ADC1) : Parameter (CommonPathInternal) has invalid value (null|null|null|null)
2024-02-06 13:49:56,493 [INFO] ImportTextPane:194 - (OptionalMessage_ERROR) IP (RCC) : Invalid parameter (FamilyName)
2024-02-06 13:49:56,494 [INFO] ImportTextPane:194 - (OptionalMessage_ERROR) IP (RCC) : Parameter (VCOSAI1OutputFreq_Value) has invalid value (32000000)
2024-02-06 13:49:56,779 [INFO] UtilMem:75 - End LoadConfig() Used Memory: 173369328 Bytes (573571072)
2024-02-06 13:49:56,883 [INFO] ApiDb:581 - Connected to CubeFinder SQLite database (C:\Users\grafd\.stmcufinder\plugins\mcufinder\mcu\cube-finder-db.db)
2024-02-06 13:49:56,947 [INFO] ApiDb:668 - CubeFinder database Data Model version=2.1
2024-02-06 13:49:56,948 [INFO] ApiDb:669 - CubeFinder database Configuration version=3.0.37
2024-02-06 13:49:56,948 [INFO] ApiDb:670 - CubeFinder database generation date=2023-10-13 (1697197505)
2024-02-06 13:49:56,948 [INFO] ApiDb:671 - CubeFinder database FW Pack versions=[FP-ATR-ASTRA1_V2.0.0, FP-SNS-FLIGHT1_V5.0.1, FP-SNS-FLIGHT1_V5.0.2, FP-SNS-MOTENV1_V4.3.1, FP-SNS-MOTENV1_V4.3.2, FP-SNS-SMARTAG2_V1.2.0, I-CUBE-ITTIADB_V8.6.3-1, STM32Cube_FW_C0_V1.1.0, STM32Cube_FW_F4_V1.27.1, STM32Cube_FW_F7_V1.17.0, STM32Cube_FW_G0_V1.6.1, STM32Cube_FW_G4_V1.5.1, STM32Cube_FW_H5_V0.5.1, STM32Cube_FW_H5_V1.1.1, STM32Cube_FW_H7_V1.11.0, STM32Cube_FW_L0_V1.12.2, STM32Cube_FW_L5_V1.5.0, STM32Cube_FW_U5_V1.3.0, STM32Cube_FW_U5_V1.3.0RC4, STM32Cube_FW_WBA_V1.0.0RC1, STM32Cube_FW_WBA_V1.1.0RC1, STM32Cube_FW_WBA_V1.1.1, STM32Cube_FW_WB_V1.15.0RC1, STM32Cube_FW_WB_V1.16.0, STM32Cube_FW_WB_V1.16.0RC2, STM32Cube_FW_WB_V1.17.3, STM32Cube_FW_WL_V1.3.0, X-CUBE-ALGOBUILD_V1.3.0, X-CUBE-ALS_V1.0.1, X-CUBE-AZRTOS-F4_V1.1.0, X-CUBE-AZRTOS-F7_V1.1.0, X-CUBE-AZRTOS-G0_V1.1.0, X-CUBE-AZRTOS-G4_V2.0.0, X-CUBE-AZRTOS-H7_V3.1.0, X-CUBE-AZRTOS-L4_V1.0.0, X-CUBE-AZRTOS-L4_V2.0.0, X-CUBE-AZRTOS-L5_V1.1.0, X-CUBE-AZRTOS-WB_V2.0.0, X-CUBE-AZRTOS-WL_V2.0.0, X-CUBE-BLE1_V7.0.0, X-CUBE-BLE2_V3.3.0, X-CUBE-BLEMGR_V2.0.0, X-CUBE-EEPRMA1_V4.1.0, X-CUBE-FREERTOS_V1.1.0, X-CUBE-GNSS1_V6.0.0, X-CUBE-MEMS1_V10.0.0, X-CUBE-MEMS1_V9.1.0, X-CUBE-MEMS1_V9.4.0, X-CUBE-MEMS1_V9.6.0, X-CUBE-NFC4_V3.0.0, X-CUBE-NFC7_V1.0.1, X-CUBE-SFXS2LP1_V4.0.0, X-CUBE-SUBG2_V5.0.0, X-CUBE-TOF1_V3.3.1]
2024-02-06 13:49:58,711 [INFO] ApiDb:240 - Found 323 in-development CPN: [B-G473E-ZEST1S, B-WB1M-WPAN1, B-WL5M-SUBG1, NUCLEO-C031C6, NUCLEO-H503RB, NUCLEO-H563ZI, NUCLEO-U545RE-Q, NUCLEO-U5A5ZJ-Q, NUCLEO-WBA52CG, STEVAL-PROTEUS1, STEVAL-SMARTAG2, STEVAL-STWINBX1, STM320518-EVAL, STM32C0116-DK, STM32C011D6Y3TR, STM32C011D6Y6TR, STM32C011F4P3, STM32C011F4P6, STM32C011F4U3, STM32C011F4U6TR, STM32C011F6P3, STM32C011F6P6, STM32C011F6U3, STM32C011F6U6TR, STM32C011J4M3, STM32C011J4M6, STM32C011J6M3, STM32C011J6M6, STM32C0316-DK, STM32C031C4T3, STM32C031C4T6, STM32C031C4U3, STM32C031C4U6, STM32C031C6T3, STM32C031C6T6, STM32C031C6U3, STM32C031C6U6, STM32C031F4P3, STM32C031F4P6, STM32C031F6P3, STM32C031F6P6, STM32C031G4U3, STM32C031G4U6, STM32C031G6U3, STM32C031G6U6, STM32C031K4T3, STM32C031K4T6, STM32C031K4U3, STM32C031K4U6, STM32C031K6T3, STM32C031K6T6, STM32C031K6U3, STM32C031K6U6, STM32G071K8TXN, STM32G071K8UXN, STM32G081GBU6N, STM32G081KBT6N, STM32G081KBUXN, STM32G0B1CCT6N, STM32G0B1KCT6, STM32G0B1NEY6TR, STM32G0B1RCT6N, STM32G0C1CCT6, STM32G0C1CCT6N, STM32G0C1CCU6N, STM32G0C1CET6N, STM32G0C1CEU6N, STM32G0C1KCT6, STM32G0C1NEY6TR, STM32G0C1RCI6N, STM32G0C1RCT6N, STM32G0C1REI6N, STM32G0C1RET6N, STM32G0C1VCI6, STM32G0C1VEI6, STM32G471CCT6, STM32G471CCU6, STM32G471CET3, STM32G471CET6, STM32G471CEU3, STM32G471CEU6, STM32G471MCT6, STM32G471MET3, STM32G471MET6, STM32G471MEY6TR, STM32G471QCT6, STM32G471QET3, STM32G471RCT6, STM32G471RET3, STM32G471RET6, STM32G471VCH6, STM32G471VCI6, STM32G471VCT6, STM32G471VEH3, STM32G471VEH6, STM32G471VEI3, STM32G471VEI6, STM32G471VET3, STM32G471VET6, STM32G474CCT6, STM32H503CBT6, STM32H503CBU6, STM32H503EBY6TR, STM32H503KBU6, STM32H503RBT6, STM32H562AGI6, STM32H562AII6, STM32H562IGK6, STM32H562IGT6, STM32H562IIK6, STM32H562IIT6, STM32H562RGT6, STM32H562RGV6, STM32H562RIT6, STM32H562RIV6, STM32H562VGT6, STM32H562VIT6, STM32H562ZGT6, STM32H562ZIT6, STM32H563AGI6, STM32H563AII3Q, STM32H563AII6, STM32H563IGK6, STM32H563IGT6, STM32H563IIK3Q, STM32H563IIK6, STM32H563IIT3Q, STM32H563IIT6, STM32H563MIY3QTR, STM32H563RGT6, STM32H563RGV6, STM32H563RIT6, STM32H563RIV6, STM32H563VGT6, STM32H563VIT3Q, STM32H563VIT6, STM32H563ZGT6, STM32H563ZIT3Q, STM32H563ZIT6, STM32H573AII3Q, STM32H573AII6, STM32H573I-DK, STM32H573IIK3Q, STM32H573IIK6, STM32H573IIT3Q, STM32H573IIT6, STM32H573MIY3QTR, STM32H573RIT6, STM32H573RIV6, STM32H573VIT3Q, STM32H573VIT6, STM32H573ZIT3Q, STM32H573ZIT6, STM32L4R5QGI6STR, STM32MP131AAE3, STM32MP131AAF3, STM32MP131AAG3, STM32MP131CAE3, STM32MP131CAF3, STM32MP131CAG3, STM32MP131DAE7, STM32MP131DAF7, STM32MP131DAG7, STM32MP131FAE7, STM32MP131FAF7, STM32MP131FAG7, STM32MP133AAE3, STM32MP133AAF3, STM32MP133AAG3, STM32MP133CAE3, STM32MP133CAF3, STM32MP133CAG3, STM32MP133DAE7, STM32MP133DAF7, STM32MP133DAG7, STM32MP133FAE7, STM32MP133FAF7, STM32MP133FAG7, STM32MP135AAE3, STM32MP135AAF3, STM32MP135AAG3, STM32MP135CAE3, STM32MP135CAF3, STM32MP135CAG3, STM32MP135DAE7, STM32MP135DAF7, STM32MP135DAG7, STM32MP135F-DK, STM32MP135FAE7, STM32MP135FAF7, STM32MP135FAF7T, STM32MP135FAF7U, STM32MP135FAG7, STM32U535CBT6, STM32U535CBT6Q, STM32U535CBU6, STM32U535CBU6Q, STM32U535CCT6, STM32U535CCT6Q, STM32U535CCU6, STM32U535CCU6Q, STM32U535CET6, STM32U535CET6Q, STM32U535CEU6, STM32U535CEU6Q, STM32U535JEY6QTR, STM32U535NCY6QTR, STM32U535NEY6QTR, STM32U535RBI6, STM32U535RBI6Q, STM32U535RBT6, STM32U535RBT6Q, STM32U535RCI6, STM32U535RCI6Q, STM32U535RCT6, STM32U535RCT6Q, STM32U535REI6, STM32U535REI6Q, STM32U535RET6, STM32U535RET6Q, STM32U535VCI6, STM32U535VCI6Q, STM32U535VCT6, STM32U535VCT6Q, STM32U535VEI6, STM32U535VEI6Q, STM32U535VET6, STM32U535VET6Q, STM32U545CET6, STM32U545CET6Q, STM32U545CEU6, STM32U545CEU6Q, STM32U545JEY6QTR, STM32U545NEY6QTR, STM32U545REI6, STM32U545REI6Q, STM32U545RET6, STM32U545RET6Q, STM32U545VEI6, STM32U545VEI6Q, STM32U545VET6, STM32U545VET6Q, STM32U595AIH6, STM32U595AIH6Q, STM32U595AJH6, STM32U595AJH6Q, STM32U595QII6, STM32U595QII6Q, STM32U595QJI6, STM32U595QJI6Q, STM32U595RIT6, STM32U595RIT6Q, STM32U595RJT6, STM32U595RJT6Q, STM32U595VIT6, STM32U595VIT6Q, STM32U595VJT6, STM32U595VJT6Q, STM32U595ZIT6, STM32U595ZIT6Q, STM32U595ZIY6QTR, STM32U595ZJT6, STM32U595ZJT6Q, STM32U595ZJY6QTR, STM32U599BJY6QTR, STM32U599NIH6Q, STM32U599NJH6Q, STM32U599VIT6Q, STM32U599VJT6, STM32U599VJT6Q, STM32U599ZIT6Q, STM32U599ZIY6QTR, STM32U599ZJT6Q, STM32U599ZJY6QTR, STM32U5A5AJH6, STM32U5A5AJH6Q, STM32U5A5QJI6, STM32U5A5QJI6Q, STM32U5A5RJT6, STM32U5A5RJT6Q, STM32U5A5VJT6, STM32U5A5VJT6Q, STM32U5A5ZJT6, STM32U5A5ZJT6Q, STM32U5A5ZJY6QTR, STM32U5A9BJY6QTR, STM32U5A9J-DK, STM32U5A9NJH6Q, STM32U5A9VJT6Q, STM32U5A9ZJT6Q, STM32U5A9ZJY6QTR, STM32U5F7VIT6, STM32U5F7VIT6Q, STM32U5F7VJT6, STM32U5F7VJT6Q, STM32U5F9BJY6QTR, STM32U5F9NJH6Q, STM32U5F9VIT6Q, STM32U5F9VJT6Q, STM32U5F9ZIJ6QTR, STM32U5F9ZIT6Q, STM32U5F9ZJJ6QTR, STM32U5F9ZJT6Q, STM32U5G7VJT6, STM32U5G7VJT6Q, STM32U5G9BJY6QTR, STM32U5G9J-DK1, STM32U5G9J-DK2, STM32U5G9NJH6Q, STM32U5G9VJT6Q, STM32U5G9ZJJ6QTR, STM32U5G9ZJT6Q, STM32WB1MMCH6, STM32WBA52CEU6, STM32WBA52CEU6T, STM32WBA52CGU6, STM32WBA52CGU6T, STM32WBA52KEU6, STM32WBA52KEU6T, STM32WBA52KGU6, STM32WBA52KGU6T, STM32WL5MOCH6, STM32WL5MOCH6TR]
2024-02-06 13:49:58,714 [INFO] DbMcus:217 - Found 3848 MCUs, 3848 are supported
2024-02-06 13:49:58,716 [INFO] ApiDb:423 - Load user favorites file C:\Users\grafd/.stm32cubeide/favorites.mcus.txt: 0 item(s)
2024-02-06 13:49:58,716 [INFO] ApiDb:427 - User favorites MCUs=[]
2024-02-06 13:49:58,716 [INFO] DbMcus:223 - Set 0 / 0 favorites MCUs
2024-02-06 13:49:58,939 [WARN] ThirdParty:833 - waiting for thirdparty lock release [change project]
2024-02-06 13:49:58,940 [INFO] ThirdParty:835 - entering critical section [change project]
2024-02-06 13:49:58,940 [INFO] ThirdParty:1030 - CMSIS Pack Vendor :STMicroelectronics X-CUBE-ISPU 1.1.0
2024-02-06 13:49:58,940 [INFO] ThirdParty:1030 - CMSIS Pack Vendor :STMicroelectronics USBPD 4.1
2024-02-06 13:49:58,940 [INFO] ThirdParty:1030 - CMSIS Pack Vendor :STMicroelectronics X-CUBE-GNSS1 6.0.0
2024-02-06 13:49:58,940 [INFO] ThirdParty:1030 - CMSIS Pack Vendor :STMicroelectronics USB_HOST 2.0.0
2024-02-06 13:49:58,940 [INFO] ThirdParty:1030 - CMSIS Pack Vendor :STMicroelectronics X-CUBE-AZRTOS-F4 1.1.0
2024-02-06 13:49:58,940 [INFO] ThirdParty:1030 - CMSIS Pack Vendor :STMicroelectronics LIBJPEG 8.0.0
2024-02-06 13:49:58,940 [INFO] ThirdParty:1030 - CMSIS Pack Vendor :wolfSSL I-CUBE-wolfSSL 5.6.4
2024-02-06 13:49:58,940 [INFO] ThirdParty:1030 - CMSIS Pack Vendor :STMicroelectronics X-CUBE-SMBUS 2.1.0
2024-02-06 13:49:58,940 [INFO] ThirdParty:1030 - CMSIS Pack Vendor :STMicroelectronics USB_DEVICE 3.0.0
2024-02-06 13:49:58,940 [INFO] ThirdParty:1030 - CMSIS Pack Vendor :STMicroelectronics X-CUBE-AZRTOS-WB 2.0.0
2024-02-06 13:49:58,940 [INFO] ThirdParty:1030 - CMSIS Pack Vendor :STMicroelectronics X-CUBE-TOUCHGFX 4.23.0
2024-02-06 13:49:58,940 [INFO] ThirdParty:1030 - CMSIS Pack Vendor :STMicroelectronics X-CUBE-AZRTOS-F7 1.1.0
2024-02-06 13:49:58,940 [INFO] ThirdParty:1030 - CMSIS Pack Vendor :STMicroelectronics X-CUBE-AZRTOS-L5 2.0.0
2024-02-06 13:49:58,940 [INFO] ThirdParty:1030 - CMSIS Pack Vendor :STMicroelectronics USB_DEVICE 2.0.0
2024-02-06 13:49:58,940 [INFO] ThirdParty:1030 - CMSIS Pack Vendor :STMicroelectronics X-CUBE-EEPRMA1 4.2.0
2024-02-06 13:49:58,940 [INFO] ThirdParty:1030 - CMSIS Pack Vendor :ITTIA_DB I-CUBE-ITTIADB 8.8.0
2024-02-06 13:49:58,940 [INFO] ThirdParty:1030 - CMSIS Pack Vendor :STMicroelectronics FP-SNS-MOTENV1 4.3.2
2024-02-06 13:49:58,940 [INFO] ThirdParty:1030 - CMSIS Pack Vendor :STMicroelectronics X-CUBE-ALGOBUILD 1.3.0
2024-02-06 13:49:58,940 [INFO] ThirdParty:1030 - CMSIS Pack Vendor :STMicroelectronics FreeRTOS 0.0.1
2024-02-06 13:49:58,940 [INFO] ThirdParty:1030 - CMSIS Pack Vendor :STMicroelectronics X-CUBE-AZRTOS-G0 1.1.0
2024-02-06 13:49:58,940 [INFO] ThirdParty:1030 - CMSIS Pack Vendor :STMicroelectronics X-CUBE-NFC4 3.0.0
2024-02-06 13:49:58,940 [INFO] ThirdParty:1030 - CMSIS Pack Vendor :STMicroelectronics X-CUBE-SUBG2 5.0.0
2024-02-06 13:49:58,940 [INFO] ThirdParty:1030 - CMSIS Pack Vendor :STMicroelectronics STM32_WPAN 1.0.0
2024-02-06 13:49:58,940 [INFO] ThirdParty:1030 - CMSIS Pack Vendor :STMicroelectronics lwIP 2.0.3
2024-02-06 13:49:58,940 [INFO] ThirdParty:1030 - CMSIS Pack Vendor :STMicroelectronics FP-SNS-FLIGHT1 5.0.2
2024-02-06 13:49:58,940 [INFO] ThirdParty:1030 - CMSIS Pack Vendor :STMicroelectronics USB_HOST 1.0.0
2024-02-06 13:49:58,941 [INFO] ThirdParty:1030 - CMSIS Pack Vendor :STMicroelectronics X-CUBE-TOF1 3.3.1
2024-02-06 13:49:58,941 [INFO] ThirdParty:1030 - CMSIS Pack Vendor :STMicroelectronics X-CUBE-AZRTOS-G4 2.0.0
2024-02-06 13:49:58,941 [INFO] ThirdParty:1030 - CMSIS Pack Vendor :STMicroelectronics PDM2PCM 3.1.0
2024-02-06 13:49:58,941 [INFO] ThirdParty:1030 - CMSIS Pack Vendor :STMicroelectronics X-CUBE-AZRTOS-H7 3.1.0
2024-02-06 13:49:58,941 [INFO] ThirdParty:1030 - CMSIS Pack Vendor :Infineon AIROC-Wi-Fi-Bluetooth-STM32 1.5.1
2024-02-06 13:49:58,941 [INFO] ThirdParty:1030 - CMSIS Pack Vendor :STMicroelectronics X-CUBE-BLEMGR 3.0.0
2024-02-06 13:49:58,941 [INFO] ThirdParty:1030 - CMSIS Pack Vendor :STMicroelectronics PDM2PCM 3.3.0
2024-02-06 13:49:58,941 [INFO] ThirdParty:1030 - CMSIS Pack Vendor :STMicroelectronics X-CUBE-DISPLAY 3.0.0
2024-02-06 13:49:58,941 [INFO] ThirdParty:1030 - CMSIS Pack Vendor :STMicroelectronics FP-SNS-MOTENVWB1 1.3.0
2024-02-06 13:49:58,941 [INFO] ThirdParty:1030 - CMSIS Pack Vendor :STMicroelectronics FP-SNS-MOTENVWB1 1.3.1
2024-02-06 13:49:58,941 [INFO] ThirdParty:1030 - CMSIS Pack Vendor :STMicroelectronics X-CUBE-BLE1 7.0.0
2024-02-06 13:49:58,941 [INFO] ThirdParty:1030 - CMSIS Pack Vendor :STMicroelectronics FP-ATR-SIGFOX1 3.2.0
2024-02-06 13:49:58,941 [INFO] ThirdParty:1030 - CMSIS Pack Vendor :STMicroelectronics X-CUBE-ISPU 2.0.0
2024-02-06 13:49:58,941 [INFO] ThirdParty:1030 - CMSIS Pack Vendor :STMicroelectronics X-CUBE-EEPRMA1 5.1.0
2024-02-06 13:49:58,941 [INFO] ThirdParty:1030 - CMSIS Pack Vendor :STMicroelectronics HAL Drivers 0.0.0
2024-02-06 13:49:58,941 [INFO] ThirdParty:1030 - CMSIS Pack Vendor :STMicroelectronics MBEDTLS 2.16.2
2024-02-06 13:49:58,941 [INFO] ThirdParty:1030 - CMSIS Pack Vendor :emotas I-CUBE-CANOPEN 1.3.0
2024-02-06 13:49:58,941 [INFO] ThirdParty:1030 - CMSIS Pack Vendor :STMicroelectronics X-CUBE-MEMS1 10.0.0
2024-02-06 13:49:58,941 [INFO] ThirdParty:1030 - CMSIS Pack Vendor :STMicroelectronics X-CUBE-FREERTOS 1.1.0
2024-02-06 13:49:58,941 [INFO] ThirdParty:1030 - CMSIS Pack Vendor :STMicroelectronics X-CUBE-NFC7 1.0.1
2024-02-06 13:49:58,941 [INFO] ThirdParty:1030 - CMSIS Pack Vendor :STMicroelectronics MBEDTLS 2.14.1
2024-02-06 13:49:58,941 [INFO] ThirdParty:1030 - CMSIS Pack Vendor :STMicroelectronics X-CUBE-TOUCHGFX 4.22.1
2024-02-06 13:49:58,941 [INFO] ThirdParty:1030 - CMSIS Pack Vendor :STMicroelectronics X-CUBE-NFC6 3.0.0
2024-02-06 13:49:58,941 [INFO] ThirdParty:1030 - CMSIS Pack Vendor :portGmbH I-Cube-SoM-uGOAL 1.1.0
2024-02-06 13:49:58,941 [INFO] ThirdParty:1030 - CMSIS Pack Vendor :STMicroelectronics X-CUBE-ALS 1.0.1
2024-02-06 13:49:58,941 [INFO] ThirdParty:1030 - CMSIS Pack Vendor :STMicroelectronics ThreadX 1.0.0
2024-02-06 13:49:58,941 [INFO] ThirdParty:1030 - CMSIS Pack Vendor :STMicroelectronics FP-SNS-SMARTAG2 1.2.0
2024-02-06 13:49:58,941 [INFO] ThirdParty:1030 - CMSIS Pack Vendor :STMicroelectronics X-CUBE-AZRTOS-WL 2.0.0
2024-02-06 13:49:58,941 [INFO] ThirdParty:1030 - CMSIS Pack Vendor :SEGGER I-CUBE-embOS 1.3.1
2024-02-06 13:49:58,941 [INFO] ThirdParty:1030 - CMSIS Pack Vendor :STMicroelectronics USB_DEVICE 1.0.0
2024-02-06 13:49:58,941 [INFO] ThirdParty:1030 - CMSIS Pack Vendor :STMicroelectronics X-CUBE-AI 8.1.0
2024-02-06 13:49:58,941 [INFO] ThirdParty:1030 - CMSIS Pack Vendor :STMicroelectronics X-CUBE-AZRTOS-L4 2.0.0
2024-02-06 13:49:58,941 [INFO] ThirdParty:1030 - CMSIS Pack Vendor :STMicroelectronics ThreadX 0.0.2
2024-02-06 13:49:58,942 [INFO] ThirdParty:1030 - CMSIS Pack Vendor :WES I-CUBE-Cesium 1.3.0
2024-02-06 13:49:58,942 [INFO] ThirdParty:1030 - CMSIS Pack Vendor :STMicroelectronics FP-ATR-ASTRA1 2.0.0
2024-02-06 13:49:58,942 [INFO] ThirdParty:1030 - CMSIS Pack Vendor :STMicroelectronics lwIP 2.1.2
2024-02-06 13:49:58,942 [INFO] ThirdParty:1030 - CMSIS Pack Vendor :STMicroelectronics X-CUBE-SFXS2LP1 4.0.0
2024-02-06 13:49:58,942 [INFO] ThirdParty:1030 - CMSIS Pack Vendor :STMicroelectronics X-CUBE-BLE2 3.3.0
2024-02-06 13:49:58,942 [INFO] ThirdParty:1030 - CMSIS Pack Vendor :STMicroelectronics X-CUBE-TOF1 3.4.0
2024-02-06 13:49:58,942 [INFO] ThirdParty:1030 - CMSIS Pack Vendor :STMicroelectronics X-CUBE-AZRTOS-H7 3.2.0
2024-02-06 13:49:58,942 [INFO] ThirdParty:1030 - CMSIS Pack Vendor :STMicroelectronics PDM2PCM 3.2.0
2024-02-06 13:49:58,942 [INFO] ThirdParty:841 - exiting critical section [change project]
2024-02-06 13:49:59,256 [INFO] PinOutPanel:1499 - setPackage(No Configuration,No Configuration)
2024-02-06 13:49:59,258 [INFO] PinOutPanel:1499 - setPackage(STM32L562CETx,LQFP48)
2024-02-06 13:49:59,699 [INFO] UtilMem:75 - Before build in PCC Used Memory: 463161872 Bytes (573571072)
2024-02-06 13:50:00,896 [INFO] UtilMem:75 - After build in PCC Used Memory: 331674112 Bytes (573571072)
2024-02-06 13:50:00,921 [INFO] IPUIPlugin:80 - create IPUIPlugin
2024-02-06 13:50:00,921 [INFO] IPUIPlugin:80 - create IPUIPlugin
2024-02-06 13:50:00,921 [INFO] IPUIPlugin:80 - create IPUIPlugin
2024-02-06 13:50:00,921 [INFO] IPUIPlugin:80 - create IPUIPlugin
2024-02-06 13:50:00,921 [INFO] IPUIPlugin:80 - create IPUIPlugin
2024-02-06 13:50:00,921 [INFO] IPUIPlugin:80 - create IPUIPlugin
2024-02-06 13:50:00,921 [INFO] IPUIPlugin:80 - create IPUIPlugin
2024-02-06 13:50:00,921 [INFO] IPUIPlugin:80 - create IPUIPlugin
2024-02-06 13:50:00,921 [INFO] IPUIPlugin:80 - create IPUIPlugin
2024-02-06 13:50:00,921 [INFO] IPUIPlugin:80 - create IPUIPlugin
2024-02-06 13:50:00,921 [INFO] IPUIPlugin:80 - create IPUIPlugin
2024-02-06 13:50:00,921 [INFO] IPUIPlugin:80 - create IPUIPlugin
2024-02-06 13:50:00,921 [INFO] IPUIPlugin:80 - create IPUIPlugin
2024-02-06 13:50:00,922 [INFO] IPUIPlugin:80 - create IPUIPlugin
2024-02-06 13:50:00,922 [INFO] IPUIPlugin:80 - create IPUIPlugin
2024-02-06 13:50:00,922 [INFO] IPUIPlugin:80 - create IPUIPlugin
2024-02-06 13:50:00,922 [INFO] IPUIPlugin:80 - create IPUIPlugin
2024-02-06 13:50:00,922 [INFO] IPUIPlugin:80 - create IPUIPlugin
2024-02-06 13:50:00,922 [INFO] IPUIPlugin:80 - create IPUIPlugin
2024-02-06 13:50:00,922 [INFO] IPUIPlugin:80 - create IPUIPlugin
2024-02-06 13:50:00,922 [INFO] IPUIPlugin:80 - create IPUIPlugin
2024-02-06 13:50:00,922 [INFO] IPUIPlugin:80 - create IPUIPlugin
2024-02-06 13:50:00,922 [INFO] IPUIPlugin:80 - create IPUIPlugin
2024-02-06 13:50:00,922 [INFO] IPUIPlugin:80 - create IPUIPlugin
2024-02-06 13:50:00,922 [INFO] IPUIPlugin:80 - create IPUIPlugin
2024-02-06 13:50:00,922 [INFO] IPUIPlugin:80 - create IPUIPlugin
2024-02-06 13:50:00,922 [INFO] IPUIPlugin:80 - create IPUIPlugin
2024-02-06 13:50:00,923 [INFO] IPUIPlugin:80 - create IPUIPlugin
2024-02-06 13:50:00,923 [INFO] IPUIPlugin:80 - create IPUIPlugin
2024-02-06 13:50:00,923 [INFO] IPUIPlugin:80 - create IPUIPlugin
2024-02-06 13:50:00,923 [INFO] IPUIPlugin:80 - create IPUIPlugin
2024-02-06 13:50:00,923 [INFO] IPUIPlugin:80 - create IPUIPlugin
2024-02-06 13:50:00,923 [INFO] IPUIPlugin:80 - create IPUIPlugin
2024-02-06 13:50:00,923 [INFO] IPUIPlugin:80 - create IPUIPlugin
2024-02-06 13:50:00,924 [INFO] IPUIPlugin:80 - create IPUIPlugin
2024-02-06 13:50:00,924 [INFO] IPUIPlugin:80 - create IPUIPlugin
2024-02-06 13:50:00,924 [INFO] IPUIPlugin:80 - create IPUIPlugin
2024-02-06 13:50:00,925 [INFO] IPUIPlugin:80 - create IPUIPlugin
2024-02-06 13:50:00,925 [INFO] IPUIPlugin:80 - create IPUIPlugin
2024-02-06 13:50:00,925 [INFO] IPUIPlugin:80 - create IPUIPlugin
2024-02-06 13:50:00,925 [INFO] IPUIPlugin:80 - create IPUIPlugin
2024-02-06 13:50:00,925 [INFO] IPUIPlugin:80 - create IPUIPlugin
2024-02-06 13:50:00,925 [INFO] IPUIPlugin:80 - create IPUIPlugin
2024-02-06 13:50:00,925 [INFO] IPUIPlugin:80 - create IPUIPlugin
2024-02-06 13:50:00,927 [INFO] IPUIPlugin:80 - create IPUIPlugin
2024-02-06 13:50:00,927 [INFO] IPUIPlugin:80 - create IPUIPlugin
2024-02-06 13:50:00,927 [INFO] IPUIPlugin:80 - create IPUIPlugin
2024-02-06 13:50:00,927 [INFO] IPUIPlugin:80 - create IPUIPlugin
2024-02-06 13:50:00,927 [INFO] IPUIPlugin:80 - create IPUIPlugin
2024-02-06 13:50:00,927 [INFO] IPUIPlugin:80 - create IPUIPlugin
2024-02-06 13:50:00,928 [INFO] IPUIPlugin:80 - create IPUIPlugin
2024-02-06 13:50:00,928 [INFO] IPUIPlugin:80 - create IPUIPlugin
2024-02-06 13:50:00,928 [INFO] IPUIPlugin:80 - create IPUIPlugin
2024-02-06 13:50:00,928 [INFO] IPUIPlugin:80 - create IPUIPlugin
2024-02-06 13:50:00,928 [INFO] IPUIPlugin:80 - create IPUIPlugin
2024-02-06 13:50:00,928 [INFO] IPUIPlugin:80 - create IPUIPlugin
2024-02-06 13:50:00,928 [INFO] IPUIPlugin:80 - create IPUIPlugin
2024-02-06 13:50:00,929 [INFO] IPUIPlugin:80 - create IPUIPlugin
2024-02-06 13:50:00,929 [INFO] IPUIPlugin:80 - create IPUIPlugin
2024-02-06 13:50:00,929 [INFO] IPUIPlugin:80 - create IPUIPlugin
2024-02-06 13:50:00,929 [INFO] IPUIPlugin:80 - create IPUIPlugin
2024-02-06 13:50:00,929 [INFO] IPUIPlugin:80 - create IPUIPlugin
2024-02-06 13:50:00,930 [INFO] IPUIPlugin:80 - create IPUIPlugin
2024-02-06 13:50:00,930 [INFO] IPUIPlugin:80 - create IPUIPlugin
2024-02-06 13:50:00,930 [INFO] IPUIPlugin:80 - create IPUIPlugin
2024-02-06 13:50:00,930 [INFO] IPUIPlugin:80 - create IPUIPlugin
2024-02-06 13:50:00,931 [INFO] IPUIPlugin:80 - create IPUIPlugin
2024-02-06 13:50:00,931 [INFO] IPUIPlugin:80 - create IPUIPlugin
2024-02-06 13:50:00,931 [INFO] IPUIPlugin:80 - create IPUIPlugin
2024-02-06 13:50:00,931 [INFO] IPUIPlugin:80 - create IPUIPlugin
2024-02-06 13:50:01,091 [INFO] CADModel:165 - CPN selected for project levelSTM32L562CET6
2024-02-06 13:50:01,091 [INFO] CADModel:114 - Register for checkConnection events
2024-02-06 13:50:01,144 [INFO] OpenFileManager:328 - Restore cursor
2024-02-06 13:50:12,337 [ERROR] LogOutputStream:75 - [STDERR_REDIRECT] SLF4J: Failed to load class "org.slf4j.impl.StaticLoggerBinder".
2024-02-06 13:50:12,337 [ERROR] LogOutputStream:75 - [STDERR_REDIRECT] SLF4J: Defaulting to no-operation (NOP) logger implementation
2024-02-06 13:50:12,338 [ERROR] LogOutputStream:75 - [STDERR_REDIRECT] SLF4J: See http://www.slf4j.org/codes.html#StaticLoggerBinder for further details.
2024-02-06 15:28:45,173 [INFO] UtilMem:75 - End SaveConfig() Used Memory: 719461624 Bytes (1073741824)
2024-02-06 15:28:45,256 [INFO] UtilMem:75 - End SaveConfig() Used Memory: 737101824 Bytes (1073741824)
2024-02-06 15:28:47,275 [INFO] UtilMem:75 - End SaveConfig() Used Memory: 598981264 Bytes (1073741824)
2024-02-06 15:28:47,615 [INFO] ProjectBuilder:2337 - IP not ready for code generation: Clock
2024-02-06 15:28:48,504 [INFO] BlockDiagram:2759 - set Specific Code input for plugin: SPI
2024-02-06 15:28:48,504 [INFO] BlockDiagram:2759 - set Specific Code input for plugin: TIM1_8L5
2024-02-06 15:28:48,504 [INFO] BlockDiagram:2759 - set Specific Code input for plugin: ADC
2024-02-06 15:28:48,504 [INFO] BlockDiagram:2759 - set Specific Code input for plugin: RCC
2024-02-06 15:28:48,504 [INFO] BlockDiagram:2759 - set Specific Code input for plugin: I2C
2024-02-06 15:28:48,504 [INFO] BlockDiagram:2759 - set Specific Code input for plugin: NVIC
2024-02-06 15:28:48,504 [INFO] BlockDiagram:2759 - set Specific Code input for plugin: UART
2024-02-06 15:28:48,504 [INFO] BlockDiagram:2759 - set Specific Code input for plugin: DEBUG
2024-02-06 15:28:48,505 [INFO] BlockDiagram:2759 - set Specific Code input for plugin: GPIO
2024-02-06 15:28:48,506 [INFO] CodeGenerator:799 - code generatio: config db path: C:\ST\STM32CubeIDE_1.13.2\STM32CubeIDE\plugins\com.st.stm32cube.common.mx_6.9.2.202309101412\\db\
2024-02-06 15:28:48,700 [INFO] CodeEngine:255 - oldGeneratedFile, C:\Users\grafd\STM32CubeIDE\workspace_1.13.2\PortableGenerator\MXTmpFiles\license.tmp_save
2024-02-06 15:28:48,971 [INFO] CodeEngine:279 - Generated code: C:\Users\grafd\STM32CubeIDE\workspace_1.13.2\PortableGenerator\MXTmpFiles\license.tmp
2024-02-06 15:28:49,105 [INFO] CodeEngine:255 - oldGeneratedFile, C:\Users\grafd\STM32CubeIDE\workspace_1.13.2\PortableGenerator\MXTmpFiles\gpio.tmp_save
2024-02-06 15:28:49,248 [INFO] CodeEngine:279 - Generated code: C:\Users\grafd\STM32CubeIDE\workspace_1.13.2\PortableGenerator\MXTmpFiles\gpio.tmp
2024-02-06 15:28:49,401 [WARN] IPConfigManager:99 - WARNING: Missing Config File for DEBUG ip!!
2024-02-06 15:28:49,852 [INFO] CodeEngine:255 - oldGeneratedFile, C:\Users\grafd\STM32CubeIDE\workspace_1.13.2\PortableGenerator\Core\Src\stm32l5xx_it.c_save
2024-02-06 15:28:49,998 [INFO] CodeEngine:279 - Generated code: C:\Users\grafd\STM32CubeIDE\workspace_1.13.2\PortableGenerator\Core\Src\stm32l5xx_it.c
2024-02-06 15:28:50,017 [INFO] CodeEngine:255 - oldGeneratedFile, C:\Users\grafd\STM32CubeIDE\workspace_1.13.2\PortableGenerator\Core\Inc\stm32l5xx_it.h_save
2024-02-06 15:28:50,099 [INFO] CodeEngine:279 - Generated code: C:\Users\grafd\STM32CubeIDE\workspace_1.13.2\PortableGenerator\Core\Inc\stm32l5xx_it.h
2024-02-06 15:28:50,216 [INFO] CodeEngine:255 - oldGeneratedFile, C:\Users\grafd\STM32CubeIDE\workspace_1.13.2\PortableGenerator\Core\Src\stm32l5xx_hal_msp.c_save
2024-02-06 15:28:50,358 [INFO] CodeEngine:279 - Generated code: C:\Users\grafd\STM32CubeIDE\workspace_1.13.2\PortableGenerator\Core\Src\stm32l5xx_hal_msp.c
2024-02-06 15:28:50,374 [INFO] CodeEngine:255 - oldGeneratedFile, C:\Users\grafd\STM32CubeIDE\workspace_1.13.2\PortableGenerator\MXTmpFiles\system.tmp_save
2024-02-06 15:28:50,443 [INFO] CodeEngine:279 - Generated code: C:\Users\grafd\STM32CubeIDE\workspace_1.13.2\PortableGenerator\MXTmpFiles\system.tmp
2024-02-06 15:28:50,470 [INFO] CodeEngine:311 - oldGeneratedFile, C:\Users\grafd\STM32CubeIDE\workspace_1.13.2\PortableGenerator\Core\Inc\stm32l5xx_hal_conf.h_save
2024-02-06 15:28:50,560 [INFO] CodeEngine:335 - Generated code: C:\Users\grafd\STM32CubeIDE\workspace_1.13.2\PortableGenerator\Core\Inc\stm32l5xx_hal_conf.h
2024-02-06 15:28:50,603 [WARN] IPConfigManager:3431 - IP not found : TIM
2024-02-06 15:28:50,604 [WARN] CodeGenerator:3764 - IP not found : null
2024-02-06 15:28:50,631 [INFO] CodeEngine:255 - oldGeneratedFile, C:\Users\grafd\STM32CubeIDE\workspace_1.13.2\PortableGenerator\Core\Inc\main.h_save
2024-02-06 15:28:50,732 [INFO] CodeEngine:279 - Generated code: C:\Users\grafd\STM32CubeIDE\workspace_1.13.2\PortableGenerator\Core\Inc\main.h
2024-02-06 15:28:50,758 [INFO] CodeEngine:255 - oldGeneratedFile, C:\Users\grafd\STM32CubeIDE\workspace_1.13.2\PortableGenerator\Core\Src\main.c_save
2024-02-06 15:28:50,901 [INFO] CodeEngine:279 - Generated code: C:\Users\grafd\STM32CubeIDE\workspace_1.13.2\PortableGenerator\Core\Src\main.c
2024-02-06 15:28:51,305 [INFO] ProjectBuilder:3064 - Time for Copy HAL[1] : 185mS.
2024-02-06 15:28:51,310 [INFO] ProjectBuilder:4404 - Project Generator version: 4.1.0
2024-02-06 15:28:51,548 [INFO] ConfigFileManager:1457 - The Die is : DIE472
2024-02-06 15:28:51,564 [INFO] ApiDbMcu:507 - Load IP Config File for FATFS
2024-02-06 15:28:51,578 [INFO] ApiDbMcu:507 - Load IP Config File for FREERTOS
2024-02-06 15:28:51,591 [INFO] ApiDbMcu:507 - Load IP Config File for MBEDTLS
2024-02-06 15:28:51,611 [INFO] ApiDbMcu:507 - Load IP Config File for TOUCHSENSING
2024-02-06 15:28:51,625 [INFO] ApiDbMcu:507 - Load IP Config File for USBPD
2024-02-06 15:28:51,639 [INFO] ApiDbMcu:507 - Load IP Config File for USB_Device
2024-02-06 15:28:52,430 [INFO] LogOutputStream:77 - [STDOUT_REDIRECT] 
2024-02-06 15:28:53,909 [INFO] ProjectBuilder:4626 - Time for Generating toolchain IDE Files: 2598mS.
2024-02-06 15:28:53,909 [INFO] ProjectBuilder:2935 - Time for Copy CMSIS : 0mS.
2024-02-06 15:28:53,911 [INFO] ProjectBuilder:2935 - Time for Copy CMSIS : 0mS.
