2023-12-13 13:55:56,395 [INFO] Activator:176 - 


2023-12-13 13:55:56,403 [INFO] Activator:177 - !SESSION log4j initialized
2023-12-13 13:56:01,645 [INFO] LogOutputStream:77 - [STDOUT_REDIRECT] 
2023-12-13 13:56:02,591 [INFO] ApplicationProperties:184 - Using Application install path: C:\ST\STM32CubeIDE_1.13.2\STM32CubeIDE\plugins\com.st.stm32cube.common.mx_6.9.2.202309101412
2023-12-13 13:56:02,607 [INFO] DbMcusXml:78 - Set database path to: C:\ST\STM32CubeIDE_1.13.2\STM32CubeIDE\plugins\com.st.stm32cube.common.mx_6.9.2.202309101412\\db\/mcu/
2023-12-13 13:56:02,607 [INFO] ApiDb:274 - Set plugin database path to: C:\ST\STM32CubeIDE_1.13.2\STM32CubeIDE\plugins\com.st.stm32cube.common.mx_6.9.2.202309101412\\db\/plugins/boardmanager/
2023-12-13 13:56:02,607 [WARN] ApiDb:259 - Overriding images path with different value:  => C:\ST\STM32CubeIDE_1.13.2\STM32CubeIDE\plugins\com.st.stm32cube.common.mx_6.9.2.202309101412\\db\/plugins/mcufinder/images/
2023-12-13 13:56:02,615 [INFO] ApiDb:250 - Set database path to: C:\Users\grafd\.stmcufinder\plugins\mcufinder//mcu/
2023-12-13 13:56:02,615 [INFO] DbMcusAds:125 - Set database path to: C:\Users\grafd\.stmcufinder\plugins\mcufinder//mcu/
2023-12-13 13:56:02,623 [INFO] CrossReferenceDbSqlite:203 - Set database path to: C:\Users\grafd\.stmcufinder\plugins\mcufinder//mcu/cs/
2023-12-13 13:56:02,713 [INFO] RulesReader:64 - Compatibility file has been processed (293 Rules)
2023-12-13 13:56:02,786 [INFO] DbMcusXml:78 - Set database path to: C:\ST\STM32CubeIDE_1.13.2\STM32CubeIDE\plugins\com.st.stm32cube.common.mx_6.9.2.202309101412\\db\/mcu/
2023-12-13 13:56:02,786 [INFO] ApiDb:274 - Set plugin database path to: C:\ST\STM32CubeIDE_1.13.2\STM32CubeIDE\plugins\com.st.stm32cube.common.mx_6.9.2.202309101412\\db\/plugins/boardmanager/
2023-12-13 13:56:02,786 [INFO] ApiDb:261 - Set plugin images path to: C:\ST\STM32CubeIDE_1.13.2\STM32CubeIDE\plugins\com.st.stm32cube.common.mx_6.9.2.202309101412\\db\/plugins/mcufinder/images/
2023-12-13 13:56:02,786 [WARN] DbFile:41 - Overriding database path with different value: C:\Users\grafd\.stmcufinder\plugins\mcufinder/ => C:\Users\grafd\.stmcufinder\plugins\mcufinder
2023-12-13 13:56:02,786 [INFO] ApiDb:250 - Set database path to: C:\Users\grafd\.stmcufinder\plugins\mcufinder//mcu/
2023-12-13 13:56:02,786 [WARN] DbFile:41 - Overriding database path with different value: C:\Users\grafd\.stmcufinder\plugins\mcufinder/ => C:\Users\grafd\.stmcufinder\plugins\mcufinder
2023-12-13 13:56:02,786 [INFO] DbMcusAds:125 - Set database path to: C:\Users\grafd\.stmcufinder\plugins\mcufinder//mcu/
2023-12-13 13:56:02,786 [WARN] DbFile:41 - Overriding database path with different value: C:\Users\grafd\.stmcufinder\plugins\mcufinder/ => C:\Users\grafd\.stmcufinder\plugins\mcufinder
2023-12-13 13:56:02,786 [WARN] DbFile:41 - Overriding database path with different value: C:\Users\grafd\.stmcufinder\plugins\mcufinder/ => C:\Users\grafd\.stmcufinder\plugins\mcufinder
2023-12-13 13:56:02,786 [INFO] CrossReferenceDbSqlite:203 - Set database path to: C:\Users\grafd\.stmcufinder\plugins\mcufinder//mcu/cs/
2023-12-13 13:56:02,859 [INFO] MainPanel:262 - HeapMemory: 268435456
2023-12-13 13:56:02,939 [INFO] DbMcusXml:78 - Set database path to: C:\ST\STM32CubeIDE_1.13.2\STM32CubeIDE\plugins\com.st.stm32cube.common.mx_6.9.2.202309101412\\db\/mcu/
2023-12-13 13:56:02,939 [INFO] ApiDb:274 - Set plugin database path to: C:\ST\STM32CubeIDE_1.13.2\STM32CubeIDE\plugins\com.st.stm32cube.common.mx_6.9.2.202309101412\\db\/plugins/boardmanager/
2023-12-13 13:56:02,939 [INFO] ApiDb:261 - Set plugin images path to: C:\ST\STM32CubeIDE_1.13.2\STM32CubeIDE\plugins\com.st.stm32cube.common.mx_6.9.2.202309101412\\db\/plugins/mcufinder/images/
2023-12-13 13:56:02,939 [WARN] DbFile:41 - Overriding database path with different value: C:\Users\grafd\.stmcufinder\plugins\mcufinder/ => C:\Users\grafd\.stmcufinder\plugins\mcufinder
2023-12-13 13:56:02,939 [INFO] ApiDb:250 - Set database path to: C:\Users\grafd\.stmcufinder\plugins\mcufinder//mcu/
2023-12-13 13:56:02,939 [WARN] DbFile:41 - Overriding database path with different value: C:\Users\grafd\.stmcufinder\plugins\mcufinder/ => C:\Users\grafd\.stmcufinder\plugins\mcufinder
2023-12-13 13:56:02,939 [INFO] DbMcusAds:125 - Set database path to: C:\Users\grafd\.stmcufinder\plugins\mcufinder//mcu/
2023-12-13 13:56:02,939 [WARN] DbFile:41 - Overriding database path with different value: C:\Users\grafd\.stmcufinder\plugins\mcufinder/ => C:\Users\grafd\.stmcufinder\plugins\mcufinder
2023-12-13 13:56:02,939 [WARN] DbFile:41 - Overriding database path with different value: C:\Users\grafd\.stmcufinder\plugins\mcufinder/ => C:\Users\grafd\.stmcufinder\plugins\mcufinder
2023-12-13 13:56:02,939 [INFO] CrossReferenceDbSqlite:203 - Set database path to: C:\Users\grafd\.stmcufinder\plugins\mcufinder//mcu/cs/
2023-12-13 13:56:02,956 [INFO] ApplicationProperties:184 - Using Application install path: C:\ST\STM32CubeIDE_1.13.2\STM32CubeIDE\plugins\com.st.stm32cube.common.mx_6.9.2.202309101412
2023-12-13 13:56:02,956 [INFO] PluginManage:196 - Search for loadable plugins [exclusion list=, ]
2023-12-13 13:56:02,964 [INFO] PluginManage:310 - Check plugin analytics
2023-12-13 13:56:03,103 [INFO] AnalyticsPlugin:253 - Accepted Software Licenses: 
2023-12-13 13:56:03,103 [INFO] AnalyticsPlugin:255 - Accepted CMSIS Pack Licenses: 
2023-12-13 13:56:03,103 [INFO] AnalyticsPlugin:257 - Accepted Firmware Licenses: FW.L5.1.5.0
2023-12-13 13:56:03,103 [INFO] PluginManage:359 - Loaded plugin analytics (category:tool,tabindex:-1)
2023-12-13 13:56:03,103 [INFO] PluginManage:310 - Check plugin cadmodel
2023-12-13 13:56:03,119 [INFO] CADModel:105 - Init CAD model plugin
2023-12-13 13:56:03,119 [INFO] PluginManage:359 - Loaded plugin cadmodel (category:power,tabindex:5)
2023-12-13 13:56:03,119 [INFO] PluginManage:310 - Check plugin clock
2023-12-13 13:56:03,143 [INFO] PluginManage:359 - Loaded plugin clock (category:base,tabindex:2)
2023-12-13 13:56:03,143 [INFO] PluginManage:310 - Check plugin ddr
2023-12-13 13:56:03,143 [INFO] PluginManage:359 - Loaded plugin ddr (category:tool,tabindex:6)
2023-12-13 13:56:03,143 [INFO] PluginManage:310 - Check plugin filemanager
2023-12-13 13:56:03,257 [INFO] PluginManage:359 - Loaded plugin filemanager (category:base,tabindex:10)
2023-12-13 13:56:03,257 [INFO] PluginManage:310 - Check plugin ipmanager
2023-12-13 13:56:03,267 [INFO] PluginManage:359 - Loaded plugin ipmanager (category:base,tabindex:5)
2023-12-13 13:56:03,267 [INFO] PluginManage:310 - Check plugin lpbam
2023-12-13 13:56:03,289 [INFO] PluginManage:359 - Loaded plugin lpbam (category:base,tabindex:0)
2023-12-13 13:56:03,289 [INFO] PluginManage:310 - Check plugin memorymap
2023-12-13 13:56:03,313 [INFO] PluginManage:359 - Loaded plugin memorymap (category:base,tabindex:4)
2023-12-13 13:56:03,313 [INFO] PluginManage:310 - Check plugin pinoutandconfiguration
2023-12-13 13:56:03,329 [INFO] PluginManage:359 - Loaded plugin pinoutandconfiguration (category:base,tabindex:1)
2023-12-13 13:56:03,329 [INFO] PluginManage:310 - Check plugin pinoutconfig
2023-12-13 13:56:03,419 [WARN] SupportedApi:132 - Cannot load RTOS API schema: s4s-elt-must-match.1: The content of 'definitions' must match (annotation?, (simpleType | complexType)?, (unique | key | keyref)*)). A problem was found starting at: attribute.
2023-12-13 13:56:03,532 [INFO] PluginManage:359 - Loaded plugin pinoutconfig (category:base,tabindex:0)
2023-12-13 13:56:03,532 [INFO] PluginManage:310 - Check plugin power
2023-12-13 13:56:03,556 [INFO] PluginManage:359 - Loaded plugin power (category:power,tabindex:4)
2023-12-13 13:56:03,556 [INFO] PluginManage:310 - Check plugin projectmanager
2023-12-13 13:56:03,572 [INFO] PluginManage:359 - Loaded plugin projectmanager (category:projectmanager,tabindex:3)
2023-12-13 13:56:03,572 [INFO] PluginManage:310 - Check plugin thirdparty
2023-12-13 13:56:03,718 [INFO] McuFinderGlobals:63 - Set McuFinder mode to 2 (CubeIDE integrated)
2023-12-13 13:56:03,799 [INFO] PluginManage:359 - Loaded plugin thirdparty (category:base,tabindex:-1)
2023-12-13 13:56:03,799 [WARN] IntegrityCheckThread:84 - waiting for thirdparty lock release [integrity check]
2023-12-13 13:56:03,799 [INFO] IntegrityCheckThread:86 - entering critical section [integrity check]
2023-12-13 13:56:03,799 [INFO] PluginManage:310 - Check plugin tools
2023-12-13 13:56:03,799 [INFO] ThirdPartyUpdaterWithRetryManager:70 - Updater plugin not ready yet. [1/15]
2023-12-13 13:56:03,823 [INFO] PluginManage:359 - Loaded plugin tools (category:base,tabindex:7)
2023-12-13 13:56:03,823 [INFO] PluginManage:310 - Check plugin tutovideos
2023-12-13 13:56:03,977 [INFO] PluginManage:359 - Loaded plugin tutovideos (category:base,tabindex:-1)
2023-12-13 13:56:03,977 [INFO] PluginManage:310 - Check plugin updater
2023-12-13 13:56:03,993 [INFO] PluginManage:359 - Loaded plugin updater (category:base,tabindex:12)
2023-12-13 13:56:03,993 [INFO] PluginManage:310 - Check plugin userauth
2023-12-13 13:56:03,993 [INFO] UserAuth:113 - Init User Auth plugin
2023-12-13 13:56:03,993 [INFO] PluginManage:359 - Loaded plugin userauth (category:base,tabindex:14)
2023-12-13 13:56:03,993 [INFO] PluginManage:283 - PluginManage : Loaded plugins [17]
2023-12-13 13:56:04,180 [INFO] PinOutPanel:1499 - setPackage(No Configuration,No Configuration)
2023-12-13 13:56:04,269 [INFO] CADModel:165 - CPN selected for project level
2023-12-13 13:56:04,269 [INFO] CADModel:114 - Register for checkConnection events
2023-12-13 13:56:04,294 [INFO] IPUIPlugin:80 - create IPUIPlugin
2023-12-13 13:56:04,294 [INFO] PluginManager:220 - loadIPPluginJar : add adc
2023-12-13 13:56:04,318 [INFO] IPUIPlugin:80 - create IPUIPlugin
2023-12-13 13:56:04,318 [INFO] PluginManager:220 - loadIPPluginJar : add aes
2023-12-13 13:56:04,350 [INFO] IPUIPlugin:80 - create IPUIPlugin
2023-12-13 13:56:04,350 [INFO] PluginManager:220 - loadIPPluginJar : add can
2023-12-13 13:56:04,369 [INFO] IPUIPlugin:80 - create IPUIPlugin
2023-12-13 13:56:04,369 [INFO] PluginManager:220 - loadIPPluginJar : add comp
2023-12-13 13:56:04,391 [INFO] IPUIPlugin:80 - create IPUIPlugin
2023-12-13 13:56:04,391 [INFO] PluginManager:220 - loadIPPluginJar : add cryp
2023-12-13 13:56:04,415 [INFO] IPUIPlugin:80 - create IPUIPlugin
2023-12-13 13:56:04,415 [INFO] PluginManager:220 - loadIPPluginJar : add dfsdm
2023-12-13 13:56:04,431 [INFO] IPUIPlugin:80 - create IPUIPlugin
2023-12-13 13:56:04,431 [INFO] PluginManager:220 - loadIPPluginJar : add dma
2023-12-13 13:56:04,455 [INFO] IPUIPlugin:80 - create IPUIPlugin
2023-12-13 13:56:04,455 [INFO] PluginManager:220 - loadIPPluginJar : add dma3
2023-12-13 13:56:04,471 [INFO] IPUIPlugin:80 - create IPUIPlugin
2023-12-13 13:56:04,471 [INFO] PluginManager:220 - loadIPPluginJar : add fatfs
2023-12-13 13:56:04,503 [INFO] IPUIPlugin:80 - create IPUIPlugin
2023-12-13 13:56:04,503 [INFO] PluginManager:220 - loadIPPluginJar : add fmc
2023-12-13 13:56:04,519 [INFO] IPUIPlugin:80 - create IPUIPlugin
2023-12-13 13:56:04,519 [INFO] PluginManager:220 - loadIPPluginJar : add freertos
2023-12-13 13:56:04,536 [INFO] IPUIPlugin:80 - create IPUIPlugin
2023-12-13 13:56:04,536 [INFO] PluginManager:220 - loadIPPluginJar : add genericplugin
2023-12-13 13:56:04,600 [INFO] IPUIPlugin:80 - create IPUIPlugin
2023-12-13 13:56:04,600 [INFO] PluginManager:220 - loadIPPluginJar : add gfxmmu
2023-12-13 13:56:04,680 [INFO] IPUIPlugin:80 - create IPUIPlugin
2023-12-13 13:56:04,680 [INFO] PluginManager:220 - loadIPPluginJar : add gic
2023-12-13 13:56:04,696 [INFO] IPUIPlugin:80 - create IPUIPlugin
2023-12-13 13:56:04,696 [INFO] PluginManager:220 - loadIPPluginJar : add gpio
2023-12-13 13:56:04,752 [INFO] IPUIPlugin:80 - create IPUIPlugin
2023-12-13 13:56:04,752 [INFO] PluginManager:220 - loadIPPluginJar : add gtzc
2023-12-13 13:56:04,776 [INFO] IPUIPlugin:80 - create IPUIPlugin
2023-12-13 13:56:04,776 [INFO] PluginManager:220 - loadIPPluginJar : add hash
2023-12-13 13:56:04,816 [INFO] IPUIPlugin:80 - create IPUIPlugin
2023-12-13 13:56:04,816 [INFO] PluginManager:220 - loadIPPluginJar : add i2c
2023-12-13 13:56:04,840 [INFO] IPUIPlugin:80 - create IPUIPlugin
2023-12-13 13:56:04,840 [INFO] PluginManager:220 - loadIPPluginJar : add i2s
2023-12-13 13:56:04,872 [INFO] IPUIPlugin:80 - create IPUIPlugin
2023-12-13 13:56:04,872 [INFO] PluginManager:220 - loadIPPluginJar : add i3c
2023-12-13 13:56:04,944 [INFO] IPUIPlugin:80 - create IPUIPlugin
2023-12-13 13:56:04,944 [INFO] PluginManager:220 - loadIPPluginJar : add ipddr
2023-12-13 13:56:05,016 [INFO] IPUIPlugin:80 - create IPUIPlugin
2023-12-13 13:56:05,016 [INFO] PluginManager:220 - loadIPPluginJar : add linkedlist
2023-12-13 13:56:05,040 [INFO] IPUIPlugin:80 - create IPUIPlugin
2023-12-13 13:56:05,040 [INFO] PluginManager:220 - loadIPPluginJar : add lorawan
2023-12-13 13:56:05,072 [INFO] IPUIPlugin:80 - create IPUIPlugin
2023-12-13 13:56:05,072 [INFO] PluginManager:220 - loadIPPluginJar : add ltdc
2023-12-13 13:56:05,080 [INFO] IPUIPlugin:80 - create IPUIPlugin
2023-12-13 13:56:05,080 [INFO] PluginManager:220 - loadIPPluginJar : add mdma
2023-12-13 13:56:05,096 [INFO] IPUIPlugin:80 - create IPUIPlugin
2023-12-13 13:56:05,096 [INFO] PluginManager:220 - loadIPPluginJar : add nvic
2023-12-13 13:56:05,121 [INFO] IPUIPlugin:80 - create IPUIPlugin
2023-12-13 13:56:05,121 [INFO] PluginManager:220 - loadIPPluginJar : add opamp
2023-12-13 13:56:05,161 [INFO] IPUIPlugin:80 - create IPUIPlugin
2023-12-13 13:56:05,161 [INFO] PluginManager:220 - loadIPPluginJar : add openamp
2023-12-13 13:56:05,194 [INFO] IPUIPlugin:80 - create IPUIPlugin
2023-12-13 13:56:05,194 [INFO] PluginManager:220 - loadIPPluginJar : add pdm2pcm
2023-12-13 13:56:05,202 [INFO] IPUIPlugin:80 - create IPUIPlugin
2023-12-13 13:56:05,210 [INFO] PluginManager:220 - loadIPPluginJar : add plateformsettings
2023-12-13 13:56:05,226 [INFO] IPUIPlugin:80 - create IPUIPlugin
2023-12-13 13:56:05,226 [INFO] PluginManager:220 - loadIPPluginJar : add quadspi
2023-12-13 13:56:05,234 [INFO] IPUIPlugin:80 - create IPUIPlugin
2023-12-13 13:56:05,234 [INFO] PluginManager:220 - loadIPPluginJar : add resmgrutility
2023-12-13 13:56:05,270 [INFO] IPUIPlugin:80 - create IPUIPlugin
2023-12-13 13:56:05,270 [INFO] PluginManager:220 - loadIPPluginJar : add sai
2023-12-13 13:56:05,290 [INFO] IPUIPlugin:80 - create IPUIPlugin
2023-12-13 13:56:05,298 [INFO] PluginManager:220 - loadIPPluginJar : add spi
2023-12-13 13:56:05,338 [INFO] IPUIPlugin:80 - create IPUIPlugin
2023-12-13 13:56:05,338 [INFO] PluginManager:220 - loadIPPluginJar : add stm32_wpan
2023-12-13 13:56:05,354 [INFO] IPUIPlugin:80 - create IPUIPlugin
2023-12-13 13:56:05,354 [INFO] PluginManager:220 - loadIPPluginJar : add tim
2023-12-13 13:56:05,394 [INFO] IPUIPlugin:80 - create IPUIPlugin
2023-12-13 13:56:05,394 [INFO] PluginManager:220 - loadIPPluginJar : add touchsensing
2023-12-13 13:56:05,410 [INFO] IPUIPlugin:80 - create IPUIPlugin
2023-12-13 13:56:05,410 [INFO] PluginManager:220 - loadIPPluginJar : add tracer_emb
2023-12-13 13:56:05,426 [INFO] IPUIPlugin:80 - create IPUIPlugin
2023-12-13 13:56:05,426 [INFO] PluginManager:220 - loadIPPluginJar : add ts
2023-12-13 13:56:05,442 [INFO] IPUIPlugin:80 - create IPUIPlugin
2023-12-13 13:56:05,442 [INFO] PluginManager:220 - loadIPPluginJar : add tsc
2023-12-13 13:56:05,458 [INFO] IPUIPlugin:80 - create IPUIPlugin
2023-12-13 13:56:05,458 [INFO] PluginManager:220 - loadIPPluginJar : add ucpd
2023-12-13 13:56:05,490 [INFO] IPUIPlugin:80 - create IPUIPlugin
2023-12-13 13:56:05,490 [INFO] PluginManager:220 - loadIPPluginJar : add usart
2023-12-13 13:56:05,522 [INFO] IPUIPlugin:80 - create IPUIPlugin
2023-12-13 13:56:05,522 [INFO] PluginManager:220 - loadIPPluginJar : add usbx
2023-12-13 13:56:05,644 [INFO] CADModel:165 - CPN selected for project level
2023-12-13 13:56:05,644 [INFO] CADModel:114 - Register for checkConnection events
2023-12-13 13:56:05,645 [FATAL] Updater:308 - Updater called before beeing initialized
2023-12-13 13:56:05,645 [ERROR] CADModel:125 - Updater not yet initialized, retry later 
2023-12-13 13:56:05,774 [INFO] CADModel:165 - CPN selected for project level
2023-12-13 13:56:05,774 [INFO] CADModel:114 - Register for checkConnection events
2023-12-13 13:56:05,774 [FATAL] Updater:308 - Updater called before beeing initialized
2023-12-13 13:56:05,774 [ERROR] CADModel:125 - Updater not yet initialized, retry later 
2023-12-13 13:56:05,777 [FATAL] Updater:308 - Updater called before beeing initialized
2023-12-13 13:56:05,884 [FATAL] Updater:308 - Updater called before beeing initialized
2023-12-13 13:56:05,894 [INFO] DbMcusAds:53 - JSON generation date=Tue Mar 07 09:50:55 CET 2023 (1678179055335)
2023-12-13 13:56:05,894 [FATAL] Updater:308 - Updater called before beeing initialized
2023-12-13 13:56:05,961 [WARN] DetailPanel:346 - Failed to get advertising image, set to default
2023-12-13 13:56:06,048 [FATAL] Updater:308 - Updater called before beeing initialized
2023-12-13 13:56:06,050 [FATAL] Updater:308 - Updater called before beeing initialized
2023-12-13 13:56:06,050 [FATAL] Updater:308 - Updater called before beeing initialized
2023-12-13 13:56:06,050 [WARN] DetailPanel:346 - Failed to get advertising image, set to default
2023-12-13 13:56:06,050 [FATAL] Updater:308 - Updater called before beeing initialized
2023-12-13 13:56:06,099 [ERROR] Updater:1120 - MainUpdater not yet initialized. External WinMGr cannot be set.
2023-12-13 13:56:06,108 [INFO] Updater:1056 - Updater Version found : 6.9.2
2023-12-13 13:56:06,124 [INFO] ApplicationProperties:184 - Using Application install path: C:\ST\STM32CubeIDE_1.13.2\STM32CubeIDE\plugins\com.st.stm32cube.common.mx_6.9.2.202309101412
2023-12-13 13:56:06,257 [INFO] MainUpdater:2868 - connection check result : 10
2023-12-13 13:56:06,258 [INFO] MainUpdater:285 - Updater Check For Update Now.
2023-12-13 13:56:06,258 [INFO] MicroXplorer:498 - Change Database Version : DB.6.0.92
2023-12-13 13:56:06,271 [INFO] McuFinderGlobals:63 - Set McuFinder mode to 2 (CubeIDE integrated)
2023-12-13 13:56:06,435 [INFO] CheckServerUpdateThread:120 - End of CheckServer Thread
2023-12-13 13:56:06,484 [INFO] MainUpdater:2868 - connection check result : 10
2023-12-13 13:56:06,490 [INFO] MainUpdater:2868 - connection check result : 10
2023-12-13 13:56:06,657 [INFO] MicroXplorer:468 - Change Database Path : 
2023-12-13 13:56:06,658 [INFO] MicroXplorer:498 - Change Database Version : DB.6.0.92
2023-12-13 13:56:06,660 [WARN] ThirdParty:871 - waiting for thirdparty lock release [close project]
2023-12-13 13:56:06,977 [WARN] PackLoader:240 - Cannot read IP mode file for STMicroelectronics.X-CUBE-SMBUS.2.1.0
2023-12-13 13:56:07,015 [WARN] PackLoader:240 - Cannot read IP mode file for STMicroelectronics.X-CUBE-AZRTOS-F7.1.1.0
2023-12-13 13:56:07,034 [WARN] PackLoader:240 - Cannot read IP mode file for STMicroelectronics.FP-SNS-MOTENV1.4.3.2
2023-12-13 13:56:07,046 [WARN] PackLoader:240 - Cannot read IP mode file for STMicroelectronics.FP-SNS-FLIGHT1.5.0.2
2023-12-13 13:56:07,060 [WARN] PackLoader:240 - Cannot read IP mode file for STMicroelectronics.X-CUBE-DISPLAY.3.0.0
2023-12-13 13:56:07,076 [WARN] PackLoader:240 - Cannot read IP mode file for STMicroelectronics.X-CUBE-BLE1.7.0.0
2023-12-13 13:56:07,088 [WARN] PackLoader:240 - Cannot read IP mode file for emotas.I-CUBE-CANOPEN.1.3.0
2023-12-13 13:56:07,100 [WARN] PackLoader:240 - Cannot read IP mode file for STMicroelectronics.X-CUBE-TOUCHGFX.4.22.1
2023-12-13 13:56:07,110 [WARN] PackLoader:240 - Cannot read IP mode file for STMicroelectronics.FP-SNS-SMARTAG2.1.2.0
2023-12-13 13:56:07,127 [INFO] LogOutputStream:77 - [STDOUT_REDIRECT] 1 : Invalid condition id : UX_CORESTACK_Condition cause : null
2023-12-13 13:56:07,128 [INFO] LogOutputStream:77 - [STDOUT_REDIRECT] 1 : Invalid condition id : UX_CORESTACK_Condition cause : null
2023-12-13 13:56:07,129 [INFO] LogOutputStream:77 - [STDOUT_REDIRECT] 1 : Invalid condition id : UX_CORESTACK_Condition cause : null
2023-12-13 13:56:07,129 [INFO] LogOutputStream:77 - [STDOUT_REDIRECT] 1 : Invalid condition id : UX_CORESTACK_Condition cause : null
2023-12-13 13:56:07,130 [INFO] LogOutputStream:77 - [STDOUT_REDIRECT] 1 : Invalid condition id : UX_CORESTACK_Condition cause : null
2023-12-13 13:56:07,132 [WARN] PackLoader:240 - Cannot read IP mode file for STMicroelectronics.X-CUBE-AZRTOS-WL.2.0.0
2023-12-13 13:56:07,144 [WARN] PackLoader:240 - Cannot read IP mode file for WES.I-CUBE-Cesium.1.3.0
2023-12-13 13:56:07,154 [WARN] PackLoader:240 - Cannot read IP mode file for STMicroelectronics.X-CUBE-BLE2.3.3.0
2023-12-13 13:56:07,167 [WARN] PackLoader:240 - Cannot read IP mode file for STMicroelectronics.X-CUBE-ALGOBUILD.1.3.0
2023-12-13 13:56:07,188 [WARN] PackLoader:240 - Cannot read IP mode file for STMicroelectronics.X-CUBE-AZRTOS-G0.1.1.0
2023-12-13 13:56:07,200 [WARN] PackLoader:240 - Cannot read IP mode file for STMicroelectronics.X-CUBE-NFC4.3.0.0
2023-12-13 13:56:07,214 [WARN] PackLoader:240 - Cannot read IP mode file for STMicroelectronics.X-CUBE-BLEMGR.3.0.0
2023-12-13 13:56:07,226 [WARN] PackLoader:240 - Cannot read IP mode file for STMicroelectronics.FP-ATR-SIGFOX1.3.2.0
2023-12-13 13:56:07,238 [WARN] PackLoader:240 - Cannot read IP mode file for STMicroelectronics.X-CUBE-GNSS1.6.0.0
2023-12-13 13:56:07,274 [WARN] PackLoader:240 - Cannot read IP mode file for STMicroelectronics.X-CUBE-AZRTOS-F4.1.1.0
2023-12-13 13:56:07,288 [WARN] PackLoader:240 - Cannot read IP mode file for wolfSSL.I-CUBE-wolfSSL.5.6.4
2023-12-13 13:56:07,312 [WARN] PackLoader:240 - Cannot read IP mode file for STMicroelectronics.X-CUBE-AZRTOS-L5.2.0.0
2023-12-13 13:56:07,325 [WARN] PackLoader:240 - Cannot read IP mode file for STMicroelectronics.X-CUBE-EEPRMA1.4.2.0
2023-12-13 13:56:07,336 [WARN] PackLoader:240 - Cannot read IP mode file for ITTIA_DB.I-CUBE-ITTIADB.8.8.0
2023-12-13 13:56:07,360 [WARN] ConditionMgr:438 - getConditionDescription Invalid condition id : UX DEVICE CLASS RTOS Condition cause : null
2023-12-13 13:56:07,360 [WARN] ConditionMgr:438 - getConditionDescription Invalid condition id : UX DEVICE CLASS RTOS Condition cause : null
2023-12-13 13:56:07,361 [WARN] PackLoader:240 - Cannot read IP mode file for STMicroelectronics.X-CUBE-AZRTOS-H7.3.1.0
2023-12-13 13:56:07,362 [WARN] ConditionMgr:1039 - genDependencies : Invalid condition id : UX DEVICE CLASS RTOS Condition cause : null
2023-12-13 13:56:07,362 [WARN] ConditionMgr:1039 - genDependencies : Invalid condition id : UX DEVICE CLASS RTOS Condition cause : null
2023-12-13 13:56:07,363 [WARN] ConditionMgr:1039 - genDependencies : Invalid condition id : UX DEVICE CLASS RTOS Condition cause : null
2023-12-13 13:56:07,363 [WARN] ConditionMgr:1039 - genDependencies : Invalid condition id : UX DEVICE CLASS RTOS Condition cause : null
2023-12-13 13:56:07,363 [WARN] ConditionMgr:1039 - genDependencies : Invalid condition id : UX DEVICE CLASS RTOS Condition cause : null
2023-12-13 13:56:07,376 [WARN] PackLoader:240 - Cannot read IP mode file for STMicroelectronics.X-CUBE-NFC7.1.0.1
2023-12-13 13:56:07,391 [WARN] PackLoader:240 - Cannot read IP mode file for STMicroelectronics.X-CUBE-NFC6.3.0.0
2023-12-13 13:56:07,404 [WARN] PackLoader:240 - Cannot read IP mode file for STMicroelectronics.X-CUBE-AI.8.1.0
2023-12-13 13:56:07,425 [WARN] ConditionMgr:438 - getConditionDescription Invalid condition id : LAN8742 Phy interface Condition cause : null
2023-12-13 13:56:07,426 [WARN] PackLoader:240 - Cannot read IP mode file for STMicroelectronics.X-CUBE-AZRTOS-L4.2.0.0
2023-12-13 13:56:07,428 [WARN] ConditionMgr:1039 - genDependencies : Invalid condition id : LAN8742 Phy interface Condition cause : null
2023-12-13 13:56:07,428 [WARN] ConditionMgr:1039 - genDependencies : Invalid condition id : LAN8742 Phy interface Condition cause : null
2023-12-13 13:56:07,428 [WARN] ConditionMgr:1039 - genDependencies : Invalid condition id : LAN8742 Phy interface Condition cause : null
2023-12-13 13:56:07,443 [WARN] PackLoader:240 - Cannot read IP mode file for STMicroelectronics.X-CUBE-SFXS2LP1.4.0.0
2023-12-13 13:56:07,455 [WARN] PackLoader:240 - Cannot read IP mode file for STMicroelectronics.X-CUBE-ISPU.1.1.0
2023-12-13 13:56:07,475 [WARN] ConditionMgr:438 - getConditionDescription Invalid condition id : UX DEVICE CLASS RTOS Condition cause : null
2023-12-13 13:56:07,476 [WARN] ConditionMgr:438 - getConditionDescription Invalid condition id : UX DEVICE CLASS RTOS Condition cause : null
2023-12-13 13:56:07,477 [WARN] PackLoader:240 - Cannot read IP mode file for STMicroelectronics.X-CUBE-AZRTOS-WB.2.0.0
2023-12-13 13:56:07,477 [WARN] ConditionMgr:1039 - genDependencies : Invalid condition id : UX DEVICE CLASS RTOS Condition cause : null
2023-12-13 13:56:07,477 [WARN] ConditionMgr:1039 - genDependencies : Invalid condition id : UX DEVICE CLASS RTOS Condition cause : null
2023-12-13 13:56:07,478 [WARN] ConditionMgr:1039 - genDependencies : Invalid condition id : UX DEVICE CLASS RTOS Condition cause : null
2023-12-13 13:56:07,478 [WARN] ConditionMgr:1039 - genDependencies : Invalid condition id : UX DEVICE CLASS RTOS Condition cause : null
2023-12-13 13:56:07,478 [WARN] ConditionMgr:1039 - genDependencies : Invalid condition id : UX DEVICE CLASS RTOS Condition cause : null
2023-12-13 13:56:07,494 [WARN] PackLoader:240 - Cannot read IP mode file for STMicroelectronics.X-CUBE-SUBG2.5.0.0
2023-12-13 13:56:07,514 [WARN] PackLoader:240 - Cannot read IP mode file for STMicroelectronics.X-CUBE-TOF1.3.3.1
2023-12-13 13:56:07,538 [WARN] PackLoader:240 - Cannot read IP mode file for STMicroelectronics.X-CUBE-AZRTOS-G4.2.0.0
2023-12-13 13:56:07,558 [WARN] PackLoader:240 - Cannot read IP mode file for Infineon.AIROC-Wi-Fi-Bluetooth-STM32.1.5.1
2023-12-13 13:56:07,574 [WARN] PackLoader:240 - Cannot read IP mode file for STMicroelectronics.FP-SNS-MOTENVWB1.1.3.0
2023-12-13 13:56:07,588 [WARN] PackLoader:240 - Cannot read IP mode file for STMicroelectronics.FP-SNS-MOTENVWB1.1.3.1
2023-12-13 13:56:07,598 [WARN] PackLoader:240 - Cannot read IP mode file for STMicroelectronics.X-CUBE-ISPU.2.0.0
2023-12-13 13:56:07,636 [WARN] PackLoader:240 - Cannot read IP mode file for STMicroelectronics.X-CUBE-MEMS1.10.0.0
2023-12-13 13:56:07,747 [WARN] PackLoader:240 - Cannot read IP mode file for STMicroelectronics.X-CUBE-FREERTOS.1.1.0
2023-12-13 13:56:07,761 [WARN] PackLoader:240 - Cannot read IP mode file for portGmbH.I-Cube-SoM-uGOAL.1.1.0
2023-12-13 13:56:07,773 [WARN] PackLoader:240 - Cannot read IP mode file for STMicroelectronics.X-CUBE-ALS.1.0.1
2023-12-13 13:56:07,787 [WARN] PackLoader:240 - Cannot read IP mode file for STMicroelectronics.FP-ATR-ASTRA1.2.0.0
2023-12-13 13:56:07,806 [WARN] PackLoader:240 - Cannot read IP mode file for STMicroelectronics.X-CUBE-TOF1.3.4.0
2023-12-13 13:56:07,841 [WARN] PackLoader:240 - Cannot read IP mode file for STMicroelectronics.X-CUBE-AZRTOS-H7.3.2.0
2023-12-13 13:56:07,844 [INFO] ThirdParty:978 - Integrity check success = true
2023-12-13 13:56:07,844 [INFO] IntegrityCheckThread:100 - exiting critical section [integrity check]
2023-12-13 13:56:07,844 [INFO] IntegrityCheckThread:103 - End integrity checks thread
2023-12-13 13:56:07,844 [INFO] ThirdParty:873 - entering critical section [close project]
2023-12-13 13:56:07,845 [INFO] ThirdParty:883 - exiting critical section [close project]
2023-12-13 13:56:07,847 [INFO] PinOutPanel:1499 - setPackage(No Configuration,No Configuration)
2023-12-13 13:56:07,853 [INFO] UtilMem:75 - Begin LoadConfig() Used Memory: 212455072 Bytes (300941312)
2023-12-13 13:56:07,855 [INFO] MicroXplorer:468 - Change Database Path : 
2023-12-13 13:56:07,855 [INFO] MicroXplorer:498 - Change Database Version : DB.6.0.92
2023-12-13 13:56:07,855 [INFO] OpenFileManager:308 - Change cursor
2023-12-13 13:56:07,893 [INFO] Mcu:1946 - Initializing MCU STM32L562CETx STM32L562CETx STM32L562CET6
2023-12-13 13:56:08,401 [WARN] Context:676 - Trying to add IP FREERTOS in context CortexM33 not assigned to a contextSplit
2023-12-13 13:56:08,750 [WARN] Context:676 - Trying to add IP OTFDEC in context CortexM33 not assigned to a contextSplit
2023-12-13 13:56:08,773 [WARN] Context:676 - Trying to add IP PWR in context CortexM33 not assigned to a contextSplit
2023-12-13 13:56:08,806 [WARN] Context:676 - Trying to add IP RCC in context CortexM33 not assigned to a contextSplit
2023-12-13 13:56:08,836 [WARN] Context:676 - Trying to add IP RTC in context CortexM33 not assigned to a contextSplit
2023-12-13 13:56:08,938 [WARN] Context:676 - Trying to add IP SYS in context CortexM33 not assigned to a contextSplit
2023-12-13 13:56:08,990 [WARN] Context:676 - Trying to add IP TAMP in context CortexM33 not assigned to a contextSplit
2023-12-13 13:56:09,989 [INFO] Context:659 - Trying to add GPIOservice into a context  which must be forbidden
2023-12-13 13:56:09,990 [INFO] Context:659 - Trying to add GPIOservice into a context  which must be forbidden
2023-12-13 13:56:09,990 [INFO] Context:659 - Trying to add GPIOservice into a context  which must be forbidden
2023-12-13 13:56:09,990 [WARN] Context:676 - Trying to add IP GPIO in context CortexM33 not assigned to a contextSplit
2023-12-13 13:56:10,014 [WARN] Context:676 - Trying to add IP DMA in context CortexM33 not assigned to a contextSplit
2023-12-13 13:56:10,033 [WARN] Context:676 - Trying to add IP NVIC2 in context CortexM33 not assigned to a contextSplit
2023-12-13 13:56:10,671 [INFO] RtosManager:555 - Registered RTOS mode: class=CMSIS, group=RTOS, mode=CMSIS_V1, owner=FREERTOS
2023-12-13 13:56:10,671 [INFO] RtosManager:555 - Registered RTOS mode: class=CMSIS, group=RTOS2, mode=CMSIS_V2, owner=FREERTOS
2023-12-13 13:56:10,671 [INFO] RtosManager:555 - Registered RTOS mode: class=RTOS, group=Core, mode=CMSIS_V1, owner=FREERTOS
2023-12-13 13:56:10,671 [INFO] RtosManager:555 - Registered RTOS mode: class=RTOS, group=Core, mode=CMSIS_V2, owner=FREERTOS
2023-12-13 13:56:10,671 [WARN] ModelIntegratedComponent:184 - Missing modes for component STMicroelectronics:FreeRTOS:0.0.1:STMicroelectronics:RTOS:FreeRTOS:Core:::10.2.0:
2023-12-13 13:56:10,693 [WARN] ModelIntegratedComponent:63 - No mode defined for component null
2023-12-13 13:56:10,693 [WARN] ModelIntegratedComponent:63 - No mode defined for component null
2023-12-13 13:56:10,693 [WARN] ModelIntegratedComponent:63 - No mode defined for component null
2023-12-13 13:56:10,693 [WARN] ModelIntegratedComponent:63 - No mode defined for component null
2023-12-13 13:56:10,693 [WARN] ModelIntegratedComponent:63 - No mode defined for component null
2023-12-13 13:56:10,693 [WARN] ModelIntegratedComponent:63 - No mode defined for component null
2023-12-13 13:56:10,693 [WARN] ModelIntegratedComponent:63 - No mode defined for component null
2023-12-13 13:56:10,693 [WARN] ModelIntegratedComponent:63 - No mode defined for component null
2023-12-13 13:56:10,693 [WARN] ModelIntegratedComponent:63 - No mode defined for component null
2023-12-13 13:56:10,694 [WARN] ModelIntegratedComponent:63 - No mode defined for component null
2023-12-13 13:56:10,694 [WARN] ModelIntegratedComponent:63 - No mode defined for component null
2023-12-13 13:56:10,694 [WARN] ModelIntegratedComponent:63 - No mode defined for component null
2023-12-13 13:56:10,694 [WARN] ModelIntegratedComponent:63 - No mode defined for component null
2023-12-13 13:56:10,694 [WARN] ModelIntegratedComponent:63 - No mode defined for component null
2023-12-13 13:56:10,694 [WARN] ModelIntegratedComponent:63 - No mode defined for component null
2023-12-13 13:56:10,694 [WARN] ModelIntegratedComponent:63 - No mode defined for component null
2023-12-13 13:56:10,694 [WARN] ModelIntegratedComponent:63 - No mode defined for component null
2023-12-13 13:56:10,694 [WARN] ModelIntegratedComponent:63 - No mode defined for component null
2023-12-13 13:56:10,694 [WARN] ModelIntegratedComponent:63 - No mode defined for component null
2023-12-13 13:56:10,694 [WARN] ModelIntegratedComponent:63 - No mode defined for component null
2023-12-13 13:56:10,694 [WARN] ModelIntegratedComponent:63 - No mode defined for component null
2023-12-13 13:56:10,694 [WARN] ModelIntegratedComponent:63 - No mode defined for component null
2023-12-13 13:56:10,694 [WARN] ModelIntegratedComponent:63 - No mode defined for component null
2023-12-13 13:56:10,694 [WARN] ModelIntegratedComponent:63 - No mode defined for component null
2023-12-13 13:56:10,694 [WARN] ModelIntegratedComponent:63 - No mode defined for component null
2023-12-13 13:56:10,694 [WARN] ModelIntegratedComponent:63 - No mode defined for component null
2023-12-13 13:56:10,694 [WARN] ModelIntegratedComponent:63 - No mode defined for component null
2023-12-13 13:56:10,694 [WARN] ModelIntegratedComponent:63 - No mode defined for component null
2023-12-13 13:56:10,694 [WARN] ModelIntegratedComponent:63 - No mode defined for component null
2023-12-13 13:56:10,695 [WARN] ModelIntegratedComponent:63 - No mode defined for component null
2023-12-13 13:56:10,695 [WARN] ModelIntegratedComponent:63 - No mode defined for component null
2023-12-13 13:56:10,695 [WARN] ModelIntegratedComponent:63 - No mode defined for component null
2023-12-13 13:56:10,695 [WARN] ModelIntegratedComponent:63 - No mode defined for component null
2023-12-13 13:56:10,792 [INFO] ThirdPartyModel:298 - Start build external matchings
2023-12-13 13:56:11,034 [INFO] ThirdPartyModel:316 - End build external matchings
2023-12-13 13:56:11,048 [INFO] ImportTextPane:194 - (OptionalMessage_ERROR) IP (RCC) : Invalid parameter (FamilyName)
2023-12-13 13:56:11,330 [INFO] UtilMem:75 - End LoadConfig() Used Memory: 222121784 Bytes (540016640)
2023-12-13 13:56:11,435 [INFO] ApiDb:581 - Connected to CubeFinder SQLite database (C:\Users\grafd\.stmcufinder\plugins\mcufinder\mcu\cube-finder-db.db)
2023-12-13 13:56:11,503 [INFO] ApiDb:668 - CubeFinder database Data Model version=2.1
2023-12-13 13:56:11,503 [INFO] ApiDb:669 - CubeFinder database Configuration version=3.0.37
2023-12-13 13:56:11,503 [INFO] ApiDb:670 - CubeFinder database generation date=2023-10-13 (1697197505)
2023-12-13 13:56:11,503 [INFO] ApiDb:671 - CubeFinder database FW Pack versions=[FP-ATR-ASTRA1_V2.0.0, FP-SNS-FLIGHT1_V5.0.1, FP-SNS-FLIGHT1_V5.0.2, FP-SNS-MOTENV1_V4.3.1, FP-SNS-MOTENV1_V4.3.2, FP-SNS-SMARTAG2_V1.2.0, I-CUBE-ITTIADB_V8.6.3-1, STM32Cube_FW_C0_V1.1.0, STM32Cube_FW_F4_V1.27.1, STM32Cube_FW_F7_V1.17.0, STM32Cube_FW_G0_V1.6.1, STM32Cube_FW_G4_V1.5.1, STM32Cube_FW_H5_V0.5.1, STM32Cube_FW_H5_V1.1.1, STM32Cube_FW_H7_V1.11.0, STM32Cube_FW_L0_V1.12.2, STM32Cube_FW_L5_V1.5.0, STM32Cube_FW_U5_V1.3.0, STM32Cube_FW_U5_V1.3.0RC4, STM32Cube_FW_WBA_V1.0.0RC1, STM32Cube_FW_WBA_V1.1.0RC1, STM32Cube_FW_WBA_V1.1.1, STM32Cube_FW_WB_V1.15.0RC1, STM32Cube_FW_WB_V1.16.0, STM32Cube_FW_WB_V1.16.0RC2, STM32Cube_FW_WB_V1.17.3, STM32Cube_FW_WL_V1.3.0, X-CUBE-ALGOBUILD_V1.3.0, X-CUBE-ALS_V1.0.1, X-CUBE-AZRTOS-F4_V1.1.0, X-CUBE-AZRTOS-F7_V1.1.0, X-CUBE-AZRTOS-G0_V1.1.0, X-CUBE-AZRTOS-G4_V2.0.0, X-CUBE-AZRTOS-H7_V3.1.0, X-CUBE-AZRTOS-L4_V1.0.0, X-CUBE-AZRTOS-L4_V2.0.0, X-CUBE-AZRTOS-L5_V1.1.0, X-CUBE-AZRTOS-WB_V2.0.0, X-CUBE-AZRTOS-WL_V2.0.0, X-CUBE-BLE1_V7.0.0, X-CUBE-BLE2_V3.3.0, X-CUBE-BLEMGR_V2.0.0, X-CUBE-EEPRMA1_V4.1.0, X-CUBE-FREERTOS_V1.1.0, X-CUBE-GNSS1_V6.0.0, X-CUBE-MEMS1_V10.0.0, X-CUBE-MEMS1_V9.1.0, X-CUBE-MEMS1_V9.4.0, X-CUBE-MEMS1_V9.6.0, X-CUBE-NFC4_V3.0.0, X-CUBE-NFC7_V1.0.1, X-CUBE-SFXS2LP1_V4.0.0, X-CUBE-SUBG2_V5.0.0, X-CUBE-TOF1_V3.3.1]
2023-12-13 13:56:13,504 [INFO] ApiDb:240 - Found 323 in-development CPN: [B-G473E-ZEST1S, B-WB1M-WPAN1, B-WL5M-SUBG1, NUCLEO-C031C6, NUCLEO-H503RB, NUCLEO-H563ZI, NUCLEO-U545RE-Q, NUCLEO-U5A5ZJ-Q, NUCLEO-WBA52CG, STEVAL-PROTEUS1, STEVAL-SMARTAG2, STEVAL-STWINBX1, STM320518-EVAL, STM32C0116-DK, STM32C011D6Y3TR, STM32C011D6Y6TR, STM32C011F4P3, STM32C011F4P6, STM32C011F4U3, STM32C011F4U6TR, STM32C011F6P3, STM32C011F6P6, STM32C011F6U3, STM32C011F6U6TR, STM32C011J4M3, STM32C011J4M6, STM32C011J6M3, STM32C011J6M6, STM32C0316-DK, STM32C031C4T3, STM32C031C4T6, STM32C031C4U3, STM32C031C4U6, STM32C031C6T3, STM32C031C6T6, STM32C031C6U3, STM32C031C6U6, STM32C031F4P3, STM32C031F4P6, STM32C031F6P3, STM32C031F6P6, STM32C031G4U3, STM32C031G4U6, STM32C031G6U3, STM32C031G6U6, STM32C031K4T3, STM32C031K4T6, STM32C031K4U3, STM32C031K4U6, STM32C031K6T3, STM32C031K6T6, STM32C031K6U3, STM32C031K6U6, STM32G071K8TXN, STM32G071K8UXN, STM32G081GBU6N, STM32G081KBT6N, STM32G081KBUXN, STM32G0B1CCT6N, STM32G0B1KCT6, STM32G0B1NEY6TR, STM32G0B1RCT6N, STM32G0C1CCT6, STM32G0C1CCT6N, STM32G0C1CCU6N, STM32G0C1CET6N, STM32G0C1CEU6N, STM32G0C1KCT6, STM32G0C1NEY6TR, STM32G0C1RCI6N, STM32G0C1RCT6N, STM32G0C1REI6N, STM32G0C1RET6N, STM32G0C1VCI6, STM32G0C1VEI6, STM32G471CCT6, STM32G471CCU6, STM32G471CET3, STM32G471CET6, STM32G471CEU3, STM32G471CEU6, STM32G471MCT6, STM32G471MET3, STM32G471MET6, STM32G471MEY6TR, STM32G471QCT6, STM32G471QET3, STM32G471RCT6, STM32G471RET3, STM32G471RET6, STM32G471VCH6, STM32G471VCI6, STM32G471VCT6, STM32G471VEH3, STM32G471VEH6, STM32G471VEI3, STM32G471VEI6, STM32G471VET3, STM32G471VET6, STM32G474CCT6, STM32H503CBT6, STM32H503CBU6, STM32H503EBY6TR, STM32H503KBU6, STM32H503RBT6, STM32H562AGI6, STM32H562AII6, STM32H562IGK6, STM32H562IGT6, STM32H562IIK6, STM32H562IIT6, STM32H562RGT6, STM32H562RGV6, STM32H562RIT6, STM32H562RIV6, STM32H562VGT6, STM32H562VIT6, STM32H562ZGT6, STM32H562ZIT6, STM32H563AGI6, STM32H563AII3Q, STM32H563AII6, STM32H563IGK6, STM32H563IGT6, STM32H563IIK3Q, STM32H563IIK6, STM32H563IIT3Q, STM32H563IIT6, STM32H563MIY3QTR, STM32H563RGT6, STM32H563RGV6, STM32H563RIT6, STM32H563RIV6, STM32H563VGT6, STM32H563VIT3Q, STM32H563VIT6, STM32H563ZGT6, STM32H563ZIT3Q, STM32H563ZIT6, STM32H573AII3Q, STM32H573AII6, STM32H573I-DK, STM32H573IIK3Q, STM32H573IIK6, STM32H573IIT3Q, STM32H573IIT6, STM32H573MIY3QTR, STM32H573RIT6, STM32H573RIV6, STM32H573VIT3Q, STM32H573VIT6, STM32H573ZIT3Q, STM32H573ZIT6, STM32L4R5QGI6STR, STM32MP131AAE3, STM32MP131AAF3, STM32MP131AAG3, STM32MP131CAE3, STM32MP131CAF3, STM32MP131CAG3, STM32MP131DAE7, STM32MP131DAF7, STM32MP131DAG7, STM32MP131FAE7, STM32MP131FAF7, STM32MP131FAG7, STM32MP133AAE3, STM32MP133AAF3, STM32MP133AAG3, STM32MP133CAE3, STM32MP133CAF3, STM32MP133CAG3, STM32MP133DAE7, STM32MP133DAF7, STM32MP133DAG7, STM32MP133FAE7, STM32MP133FAF7, STM32MP133FAG7, STM32MP135AAE3, STM32MP135AAF3, STM32MP135AAG3, STM32MP135CAE3, STM32MP135CAF3, STM32MP135CAG3, STM32MP135DAE7, STM32MP135DAF7, STM32MP135DAG7, STM32MP135F-DK, STM32MP135FAE7, STM32MP135FAF7, STM32MP135FAF7T, STM32MP135FAF7U, STM32MP135FAG7, STM32U535CBT6, STM32U535CBT6Q, STM32U535CBU6, STM32U535CBU6Q, STM32U535CCT6, STM32U535CCT6Q, STM32U535CCU6, STM32U535CCU6Q, STM32U535CET6, STM32U535CET6Q, STM32U535CEU6, STM32U535CEU6Q, STM32U535JEY6QTR, STM32U535NCY6QTR, STM32U535NEY6QTR, STM32U535RBI6, STM32U535RBI6Q, STM32U535RBT6, STM32U535RBT6Q, STM32U535RCI6, STM32U535RCI6Q, STM32U535RCT6, STM32U535RCT6Q, STM32U535REI6, STM32U535REI6Q, STM32U535RET6, STM32U535RET6Q, STM32U535VCI6, STM32U535VCI6Q, STM32U535VCT6, STM32U535VCT6Q, STM32U535VEI6, STM32U535VEI6Q, STM32U535VET6, STM32U535VET6Q, STM32U545CET6, STM32U545CET6Q, STM32U545CEU6, STM32U545CEU6Q, STM32U545JEY6QTR, STM32U545NEY6QTR, STM32U545REI6, STM32U545REI6Q, STM32U545RET6, STM32U545RET6Q, STM32U545VEI6, STM32U545VEI6Q, STM32U545VET6, STM32U545VET6Q, STM32U595AIH6, STM32U595AIH6Q, STM32U595AJH6, STM32U595AJH6Q, STM32U595QII6, STM32U595QII6Q, STM32U595QJI6, STM32U595QJI6Q, STM32U595RIT6, STM32U595RIT6Q, STM32U595RJT6, STM32U595RJT6Q, STM32U595VIT6, STM32U595VIT6Q, STM32U595VJT6, STM32U595VJT6Q, STM32U595ZIT6, STM32U595ZIT6Q, STM32U595ZIY6QTR, STM32U595ZJT6, STM32U595ZJT6Q, STM32U595ZJY6QTR, STM32U599BJY6QTR, STM32U599NIH6Q, STM32U599NJH6Q, STM32U599VIT6Q, STM32U599VJT6, STM32U599VJT6Q, STM32U599ZIT6Q, STM32U599ZIY6QTR, STM32U599ZJT6Q, STM32U599ZJY6QTR, STM32U5A5AJH6, STM32U5A5AJH6Q, STM32U5A5QJI6, STM32U5A5QJI6Q, STM32U5A5RJT6, STM32U5A5RJT6Q, STM32U5A5VJT6, STM32U5A5VJT6Q, STM32U5A5ZJT6, STM32U5A5ZJT6Q, STM32U5A5ZJY6QTR, STM32U5A9BJY6QTR, STM32U5A9J-DK, STM32U5A9NJH6Q, STM32U5A9VJT6Q, STM32U5A9ZJT6Q, STM32U5A9ZJY6QTR, STM32U5F7VIT6, STM32U5F7VIT6Q, STM32U5F7VJT6, STM32U5F7VJT6Q, STM32U5F9BJY6QTR, STM32U5F9NJH6Q, STM32U5F9VIT6Q, STM32U5F9VJT6Q, STM32U5F9ZIJ6QTR, STM32U5F9ZIT6Q, STM32U5F9ZJJ6QTR, STM32U5F9ZJT6Q, STM32U5G7VJT6, STM32U5G7VJT6Q, STM32U5G9BJY6QTR, STM32U5G9J-DK1, STM32U5G9J-DK2, STM32U5G9NJH6Q, STM32U5G9VJT6Q, STM32U5G9ZJJ6QTR, STM32U5G9ZJT6Q, STM32WB1MMCH6, STM32WBA52CEU6, STM32WBA52CEU6T, STM32WBA52CGU6, STM32WBA52CGU6T, STM32WBA52KEU6, STM32WBA52KEU6T, STM32WBA52KGU6, STM32WBA52KGU6T, STM32WL5MOCH6, STM32WL5MOCH6TR]
2023-12-13 13:56:13,507 [INFO] DbMcus:217 - Found 3848 MCUs, 3848 are supported
2023-12-13 13:56:13,508 [INFO] ApiDb:423 - Load user favorites file C:\Users\grafd/.stm32cubeide/favorites.mcus.txt: 0 item(s)
2023-12-13 13:56:13,508 [INFO] ApiDb:427 - User favorites MCUs=[]
2023-12-13 13:56:13,508 [INFO] DbMcus:223 - Set 0 / 0 favorites MCUs
2023-12-13 13:56:13,751 [WARN] ThirdParty:833 - waiting for thirdparty lock release [change project]
2023-12-13 13:56:13,751 [INFO] ThirdParty:835 - entering critical section [change project]
2023-12-13 13:56:13,751 [INFO] ThirdParty:1030 - CMSIS Pack Vendor :STMicroelectronics X-CUBE-ISPU 1.1.0
2023-12-13 13:56:13,751 [INFO] ThirdParty:1030 - CMSIS Pack Vendor :STMicroelectronics USBPD 4.1
2023-12-13 13:56:13,751 [INFO] ThirdParty:1030 - CMSIS Pack Vendor :STMicroelectronics X-CUBE-GNSS1 6.0.0
2023-12-13 13:56:13,751 [INFO] ThirdParty:1030 - CMSIS Pack Vendor :STMicroelectronics USB_HOST 2.0.0
2023-12-13 13:56:13,751 [INFO] ThirdParty:1030 - CMSIS Pack Vendor :STMicroelectronics X-CUBE-AZRTOS-F4 1.1.0
2023-12-13 13:56:13,751 [INFO] ThirdParty:1030 - CMSIS Pack Vendor :STMicroelectronics LIBJPEG 8.0.0
2023-12-13 13:56:13,751 [INFO] ThirdParty:1030 - CMSIS Pack Vendor :wolfSSL I-CUBE-wolfSSL 5.6.4
2023-12-13 13:56:13,751 [INFO] ThirdParty:1030 - CMSIS Pack Vendor :STMicroelectronics X-CUBE-SMBUS 2.1.0
2023-12-13 13:56:13,752 [INFO] ThirdParty:1030 - CMSIS Pack Vendor :STMicroelectronics USB_DEVICE 3.0.0
2023-12-13 13:56:13,752 [INFO] ThirdParty:1030 - CMSIS Pack Vendor :STMicroelectronics X-CUBE-AZRTOS-WB 2.0.0
2023-12-13 13:56:13,752 [INFO] ThirdParty:1030 - CMSIS Pack Vendor :STMicroelectronics X-CUBE-AZRTOS-F7 1.1.0
2023-12-13 13:56:13,752 [INFO] ThirdParty:1030 - CMSIS Pack Vendor :STMicroelectronics X-CUBE-AZRTOS-L5 2.0.0
2023-12-13 13:56:13,752 [INFO] ThirdParty:1030 - CMSIS Pack Vendor :STMicroelectronics USB_DEVICE 2.0.0
2023-12-13 13:56:13,752 [INFO] ThirdParty:1030 - CMSIS Pack Vendor :STMicroelectronics X-CUBE-EEPRMA1 4.2.0
2023-12-13 13:56:13,752 [INFO] ThirdParty:1030 - CMSIS Pack Vendor :ITTIA_DB I-CUBE-ITTIADB 8.8.0
2023-12-13 13:56:13,752 [INFO] ThirdParty:1030 - CMSIS Pack Vendor :STMicroelectronics FP-SNS-MOTENV1 4.3.2
2023-12-13 13:56:13,752 [INFO] ThirdParty:1030 - CMSIS Pack Vendor :STMicroelectronics X-CUBE-ALGOBUILD 1.3.0
2023-12-13 13:56:13,752 [INFO] ThirdParty:1030 - CMSIS Pack Vendor :STMicroelectronics FreeRTOS 0.0.1
2023-12-13 13:56:13,752 [INFO] ThirdParty:1030 - CMSIS Pack Vendor :STMicroelectronics X-CUBE-AZRTOS-G0 1.1.0
2023-12-13 13:56:13,752 [INFO] ThirdParty:1030 - CMSIS Pack Vendor :STMicroelectronics X-CUBE-NFC4 3.0.0
2023-12-13 13:56:13,752 [INFO] ThirdParty:1030 - CMSIS Pack Vendor :STMicroelectronics X-CUBE-SUBG2 5.0.0
2023-12-13 13:56:13,752 [INFO] ThirdParty:1030 - CMSIS Pack Vendor :STMicroelectronics STM32_WPAN 1.0.0
2023-12-13 13:56:13,752 [INFO] ThirdParty:1030 - CMSIS Pack Vendor :STMicroelectronics lwIP 2.0.3
2023-12-13 13:56:13,752 [INFO] ThirdParty:1030 - CMSIS Pack Vendor :STMicroelectronics FP-SNS-FLIGHT1 5.0.2
2023-12-13 13:56:13,752 [INFO] ThirdParty:1030 - CMSIS Pack Vendor :STMicroelectronics USB_HOST 1.0.0
2023-12-13 13:56:13,752 [INFO] ThirdParty:1030 - CMSIS Pack Vendor :STMicroelectronics X-CUBE-TOF1 3.3.1
2023-12-13 13:56:13,752 [INFO] ThirdParty:1030 - CMSIS Pack Vendor :STMicroelectronics X-CUBE-AZRTOS-G4 2.0.0
2023-12-13 13:56:13,752 [INFO] ThirdParty:1030 - CMSIS Pack Vendor :STMicroelectronics PDM2PCM 3.1.0
2023-12-13 13:56:13,752 [INFO] ThirdParty:1030 - CMSIS Pack Vendor :STMicroelectronics X-CUBE-AZRTOS-H7 3.1.0
2023-12-13 13:56:13,752 [INFO] ThirdParty:1030 - CMSIS Pack Vendor :Infineon AIROC-Wi-Fi-Bluetooth-STM32 1.5.1
2023-12-13 13:56:13,752 [INFO] ThirdParty:1030 - CMSIS Pack Vendor :STMicroelectronics X-CUBE-BLEMGR 3.0.0
2023-12-13 13:56:13,752 [INFO] ThirdParty:1030 - CMSIS Pack Vendor :STMicroelectronics PDM2PCM 3.3.0
2023-12-13 13:56:13,752 [INFO] ThirdParty:1030 - CMSIS Pack Vendor :STMicroelectronics X-CUBE-DISPLAY 3.0.0
2023-12-13 13:56:13,752 [INFO] ThirdParty:1030 - CMSIS Pack Vendor :STMicroelectronics FP-SNS-MOTENVWB1 1.3.0
2023-12-13 13:56:13,752 [INFO] ThirdParty:1030 - CMSIS Pack Vendor :STMicroelectronics FP-SNS-MOTENVWB1 1.3.1
2023-12-13 13:56:13,752 [INFO] ThirdParty:1030 - CMSIS Pack Vendor :STMicroelectronics X-CUBE-BLE1 7.0.0
2023-12-13 13:56:13,752 [INFO] ThirdParty:1030 - CMSIS Pack Vendor :STMicroelectronics FP-ATR-SIGFOX1 3.2.0
2023-12-13 13:56:13,752 [INFO] ThirdParty:1030 - CMSIS Pack Vendor :STMicroelectronics X-CUBE-ISPU 2.0.0
2023-12-13 13:56:13,752 [INFO] ThirdParty:1030 - CMSIS Pack Vendor :STMicroelectronics HAL Drivers 0.0.0
2023-12-13 13:56:13,752 [INFO] ThirdParty:1030 - CMSIS Pack Vendor :STMicroelectronics MBEDTLS 2.16.2
2023-12-13 13:56:13,752 [INFO] ThirdParty:1030 - CMSIS Pack Vendor :emotas I-CUBE-CANOPEN 1.3.0
2023-12-13 13:56:13,753 [INFO] ThirdParty:1030 - CMSIS Pack Vendor :STMicroelectronics X-CUBE-MEMS1 10.0.0
2023-12-13 13:56:13,753 [INFO] ThirdParty:1030 - CMSIS Pack Vendor :STMicroelectronics X-CUBE-FREERTOS 1.1.0
2023-12-13 13:56:13,753 [INFO] ThirdParty:1030 - CMSIS Pack Vendor :STMicroelectronics X-CUBE-NFC7 1.0.1
2023-12-13 13:56:13,753 [INFO] ThirdParty:1030 - CMSIS Pack Vendor :STMicroelectronics MBEDTLS 2.14.1
2023-12-13 13:56:13,753 [INFO] ThirdParty:1030 - CMSIS Pack Vendor :STMicroelectronics X-CUBE-TOUCHGFX 4.22.1
2023-12-13 13:56:13,753 [INFO] ThirdParty:1030 - CMSIS Pack Vendor :STMicroelectronics X-CUBE-NFC6 3.0.0
2023-12-13 13:56:13,753 [INFO] ThirdParty:1030 - CMSIS Pack Vendor :portGmbH I-Cube-SoM-uGOAL 1.1.0
2023-12-13 13:56:13,753 [INFO] ThirdParty:1030 - CMSIS Pack Vendor :STMicroelectronics X-CUBE-ALS 1.0.1
2023-12-13 13:56:13,753 [INFO] ThirdParty:1030 - CMSIS Pack Vendor :STMicroelectronics ThreadX 1.0.0
2023-12-13 13:56:13,753 [INFO] ThirdParty:1030 - CMSIS Pack Vendor :STMicroelectronics FP-SNS-SMARTAG2 1.2.0
2023-12-13 13:56:13,753 [INFO] ThirdParty:1030 - CMSIS Pack Vendor :STMicroelectronics X-CUBE-AZRTOS-WL 2.0.0
2023-12-13 13:56:13,753 [INFO] ThirdParty:1030 - CMSIS Pack Vendor :STMicroelectronics USB_DEVICE 1.0.0
2023-12-13 13:56:13,753 [INFO] ThirdParty:1030 - CMSIS Pack Vendor :STMicroelectronics X-CUBE-AI 8.1.0
2023-12-13 13:56:13,753 [INFO] ThirdParty:1030 - CMSIS Pack Vendor :STMicroelectronics X-CUBE-AZRTOS-L4 2.0.0
2023-12-13 13:56:13,753 [INFO] ThirdParty:1030 - CMSIS Pack Vendor :STMicroelectronics ThreadX 0.0.2
2023-12-13 13:56:13,753 [INFO] ThirdParty:1030 - CMSIS Pack Vendor :WES I-CUBE-Cesium 1.3.0
2023-12-13 13:56:13,753 [INFO] ThirdParty:1030 - CMSIS Pack Vendor :STMicroelectronics FP-ATR-ASTRA1 2.0.0
2023-12-13 13:56:13,753 [INFO] ThirdParty:1030 - CMSIS Pack Vendor :STMicroelectronics lwIP 2.1.2
2023-12-13 13:56:13,753 [INFO] ThirdParty:1030 - CMSIS Pack Vendor :STMicroelectronics X-CUBE-SFXS2LP1 4.0.0
2023-12-13 13:56:13,753 [INFO] ThirdParty:1030 - CMSIS Pack Vendor :STMicroelectronics X-CUBE-BLE2 3.3.0
2023-12-13 13:56:13,753 [INFO] ThirdParty:1030 - CMSIS Pack Vendor :STMicroelectronics X-CUBE-TOF1 3.4.0
2023-12-13 13:56:13,753 [INFO] ThirdParty:1030 - CMSIS Pack Vendor :STMicroelectronics X-CUBE-AZRTOS-H7 3.2.0
2023-12-13 13:56:13,753 [INFO] ThirdParty:1030 - CMSIS Pack Vendor :STMicroelectronics PDM2PCM 3.2.0
2023-12-13 13:56:13,753 [INFO] ThirdParty:841 - exiting critical section [change project]
2023-12-13 13:56:14,078 [INFO] PinOutPanel:1499 - setPackage(No Configuration,No Configuration)
2023-12-13 13:56:14,079 [INFO] PinOutPanel:1499 - setPackage(STM32L562CETx,LQFP48)
2023-12-13 13:56:14,562 [INFO] UtilMem:75 - Before build in PCC Used Memory: 255119360 Bytes (540016640)
2023-12-13 13:56:15,888 [INFO] UtilMem:75 - After build in PCC Used Memory: 329494296 Bytes (541065216)
2023-12-13 13:56:15,918 [INFO] IPUIPlugin:80 - create IPUIPlugin
2023-12-13 13:56:15,918 [INFO] IPUIPlugin:80 - create IPUIPlugin
2023-12-13 13:56:15,918 [INFO] IPUIPlugin:80 - create IPUIPlugin
2023-12-13 13:56:15,918 [INFO] IPUIPlugin:80 - create IPUIPlugin
2023-12-13 13:56:15,918 [INFO] IPUIPlugin:80 - create IPUIPlugin
2023-12-13 13:56:15,918 [INFO] IPUIPlugin:80 - create IPUIPlugin
2023-12-13 13:56:15,919 [INFO] IPUIPlugin:80 - create IPUIPlugin
2023-12-13 13:56:15,919 [INFO] IPUIPlugin:80 - create IPUIPlugin
2023-12-13 13:56:15,919 [INFO] IPUIPlugin:80 - create IPUIPlugin
2023-12-13 13:56:15,919 [INFO] IPUIPlugin:80 - create IPUIPlugin
2023-12-13 13:56:15,919 [INFO] IPUIPlugin:80 - create IPUIPlugin
2023-12-13 13:56:15,919 [INFO] IPUIPlugin:80 - create IPUIPlugin
2023-12-13 13:56:15,919 [INFO] IPUIPlugin:80 - create IPUIPlugin
2023-12-13 13:56:15,919 [INFO] IPUIPlugin:80 - create IPUIPlugin
2023-12-13 13:56:15,919 [INFO] IPUIPlugin:80 - create IPUIPlugin
2023-12-13 13:56:15,920 [INFO] IPUIPlugin:80 - create IPUIPlugin
2023-12-13 13:56:15,920 [INFO] IPUIPlugin:80 - create IPUIPlugin
2023-12-13 13:56:15,920 [INFO] IPUIPlugin:80 - create IPUIPlugin
2023-12-13 13:56:15,920 [INFO] IPUIPlugin:80 - create IPUIPlugin
2023-12-13 13:56:15,920 [INFO] IPUIPlugin:80 - create IPUIPlugin
2023-12-13 13:56:15,920 [INFO] IPUIPlugin:80 - create IPUIPlugin
2023-12-13 13:56:15,920 [INFO] IPUIPlugin:80 - create IPUIPlugin
2023-12-13 13:56:15,920 [INFO] IPUIPlugin:80 - create IPUIPlugin
2023-12-13 13:56:15,920 [INFO] IPUIPlugin:80 - create IPUIPlugin
2023-12-13 13:56:15,921 [INFO] IPUIPlugin:80 - create IPUIPlugin
2023-12-13 13:56:15,921 [INFO] IPUIPlugin:80 - create IPUIPlugin
2023-12-13 13:56:15,921 [INFO] IPUIPlugin:80 - create IPUIPlugin
2023-12-13 13:56:15,921 [INFO] IPUIPlugin:80 - create IPUIPlugin
2023-12-13 13:56:15,921 [INFO] IPUIPlugin:80 - create IPUIPlugin
2023-12-13 13:56:15,921 [INFO] IPUIPlugin:80 - create IPUIPlugin
2023-12-13 13:56:15,922 [INFO] IPUIPlugin:80 - create IPUIPlugin
2023-12-13 13:56:15,922 [INFO] IPUIPlugin:80 - create IPUIPlugin
2023-12-13 13:56:15,922 [INFO] IPUIPlugin:80 - create IPUIPlugin
2023-12-13 13:56:15,922 [INFO] IPUIPlugin:80 - create IPUIPlugin
2023-12-13 13:56:15,922 [INFO] IPUIPlugin:80 - create IPUIPlugin
2023-12-13 13:56:15,923 [INFO] IPUIPlugin:80 - create IPUIPlugin
2023-12-13 13:56:15,923 [INFO] IPUIPlugin:80 - create IPUIPlugin
2023-12-13 13:56:15,923 [INFO] IPUIPlugin:80 - create IPUIPlugin
2023-12-13 13:56:15,923 [INFO] IPUIPlugin:80 - create IPUIPlugin
2023-12-13 13:56:15,924 [INFO] IPUIPlugin:80 - create IPUIPlugin
2023-12-13 13:56:15,924 [INFO] IPUIPlugin:80 - create IPUIPlugin
2023-12-13 13:56:15,924 [INFO] IPUIPlugin:80 - create IPUIPlugin
2023-12-13 13:56:15,924 [INFO] IPUIPlugin:80 - create IPUIPlugin
2023-12-13 13:56:15,924 [INFO] IPUIPlugin:80 - create IPUIPlugin
2023-12-13 13:56:15,924 [INFO] IPUIPlugin:80 - create IPUIPlugin
2023-12-13 13:56:15,925 [INFO] IPUIPlugin:80 - create IPUIPlugin
2023-12-13 13:56:15,925 [INFO] IPUIPlugin:80 - create IPUIPlugin
2023-12-13 13:56:15,925 [INFO] IPUIPlugin:80 - create IPUIPlugin
2023-12-13 13:56:15,925 [INFO] IPUIPlugin:80 - create IPUIPlugin
2023-12-13 13:56:15,926 [INFO] IPUIPlugin:80 - create IPUIPlugin
2023-12-13 13:56:15,926 [INFO] IPUIPlugin:80 - create IPUIPlugin
2023-12-13 13:56:15,926 [INFO] IPUIPlugin:80 - create IPUIPlugin
2023-12-13 13:56:15,926 [INFO] IPUIPlugin:80 - create IPUIPlugin
2023-12-13 13:56:15,927 [INFO] IPUIPlugin:80 - create IPUIPlugin
2023-12-13 13:56:15,927 [INFO] IPUIPlugin:80 - create IPUIPlugin
2023-12-13 13:56:15,927 [INFO] IPUIPlugin:80 - create IPUIPlugin
2023-12-13 13:56:15,927 [INFO] IPUIPlugin:80 - create IPUIPlugin
2023-12-13 13:56:15,929 [INFO] IPUIPlugin:80 - create IPUIPlugin
2023-12-13 13:56:15,929 [INFO] IPUIPlugin:80 - create IPUIPlugin
2023-12-13 13:56:15,930 [INFO] IPUIPlugin:80 - create IPUIPlugin
2023-12-13 13:56:15,930 [INFO] IPUIPlugin:80 - create IPUIPlugin
2023-12-13 13:56:15,930 [INFO] IPUIPlugin:80 - create IPUIPlugin
2023-12-13 13:56:15,931 [INFO] IPUIPlugin:80 - create IPUIPlugin
2023-12-13 13:56:15,931 [INFO] IPUIPlugin:80 - create IPUIPlugin
2023-12-13 13:56:15,931 [INFO] IPUIPlugin:80 - create IPUIPlugin
2023-12-13 13:56:15,932 [INFO] IPUIPlugin:80 - create IPUIPlugin
2023-12-13 13:56:15,932 [INFO] IPUIPlugin:80 - create IPUIPlugin
2023-12-13 13:56:15,932 [INFO] IPUIPlugin:80 - create IPUIPlugin
2023-12-13 13:56:15,933 [INFO] IPUIPlugin:80 - create IPUIPlugin
2023-12-13 13:56:15,933 [INFO] IPUIPlugin:80 - create IPUIPlugin
2023-12-13 13:56:16,125 [INFO] CADModel:165 - CPN selected for project levelSTM32L562CET6
2023-12-13 13:56:16,125 [INFO] CADModel:114 - Register for checkConnection events
2023-12-13 13:56:16,164 [INFO] OpenFileManager:328 - Restore cursor
2023-12-13 13:56:27,267 [ERROR] LogOutputStream:75 - [STDERR_REDIRECT] SLF4J: Failed to load class "org.slf4j.impl.StaticLoggerBinder".
2023-12-13 13:56:27,267 [ERROR] LogOutputStream:75 - [STDERR_REDIRECT] SLF4J: Defaulting to no-operation (NOP) logger implementation
2023-12-13 13:56:27,267 [ERROR] LogOutputStream:75 - [STDERR_REDIRECT] SLF4J: See http://www.slf4j.org/codes.html#StaticLoggerBinder for further details.
2023-12-13 13:56:50,382 [INFO] NvicIntPanel:101 - NVIC parent = com.st.microxplorer.plugins.ip.nvic.MultiNvicIntPanel[,0,0,0x0,invalid,layout=javax.swing.BoxLayout,alignmentX=0.0,alignmentY=0.0,border=,flags=9,maximumSize=,minimumSize=,preferredSize=]
2023-12-13 14:08:00,643 [INFO] I2cTimingTraitement:330 - 0x00000E14
2023-12-13 14:10:20,450 [INFO] I2cTimingTraitement:330 - 0x00000E14
2023-12-13 14:12:12,779 [INFO] I2cTimingTraitement:330 - 0x00000E14
2023-12-13 20:06:36,209 [INFO] UtilMem:75 - End SaveConfig() Used Memory: 622652200 Bytes (1073741824)
2023-12-13 20:06:36,308 [INFO] UtilMem:75 - End SaveConfig() Used Memory: 643101480 Bytes (1073741824)
2023-12-13 20:06:36,574 [INFO] UtilMem:75 - End SaveConfig() Used Memory: 568697048 Bytes (1073741824)
2023-12-13 20:06:38,028 [INFO] BlockDiagram:2759 - set Specific Code input for plugin: SPI
2023-12-13 20:06:38,028 [INFO] BlockDiagram:2759 - set Specific Code input for plugin: TIM1_8L5
2023-12-13 20:06:38,028 [INFO] BlockDiagram:2759 - set Specific Code input for plugin: RCC
2023-12-13 20:06:38,028 [INFO] BlockDiagram:2759 - set Specific Code input for plugin: I2C
2023-12-13 20:06:38,028 [INFO] BlockDiagram:2759 - set Specific Code input for plugin: NVIC
2023-12-13 20:06:38,028 [INFO] BlockDiagram:2759 - set Specific Code input for plugin: UART
2023-12-13 20:06:38,028 [INFO] BlockDiagram:2759 - set Specific Code input for plugin: DEBUG
2023-12-13 20:06:38,029 [INFO] BlockDiagram:2759 - set Specific Code input for plugin: GPIO
2023-12-13 20:06:38,030 [INFO] CodeGenerator:799 - code generatio: config db path: C:\ST\STM32CubeIDE_1.13.2\STM32CubeIDE\plugins\com.st.stm32cube.common.mx_6.9.2.202309101412\\db\
2023-12-13 20:06:38,269 [INFO] CodeEngine:255 - oldGeneratedFile, C:\Users\grafd\STM32CubeIDE\workspace_1.13.2\PortableGenerator\MXTmpFiles\license.tmp_save
2023-12-13 20:06:38,597 [INFO] CodeEngine:279 - Generated code: C:\Users\grafd\STM32CubeIDE\workspace_1.13.2\PortableGenerator\MXTmpFiles\license.tmp
2023-12-13 20:06:38,754 [INFO] CodeEngine:255 - oldGeneratedFile, C:\Users\grafd\STM32CubeIDE\workspace_1.13.2\PortableGenerator\MXTmpFiles\gpio.tmp_save
2023-12-13 20:06:38,926 [INFO] CodeEngine:279 - Generated code: C:\Users\grafd\STM32CubeIDE\workspace_1.13.2\PortableGenerator\MXTmpFiles\gpio.tmp
2023-12-13 20:06:38,933 [WARN] IPConfigManager:99 - WARNING: Missing Config File for DEBUG ip!!
2023-12-13 20:06:39,482 [INFO] CodeEngine:255 - oldGeneratedFile, C:\Users\grafd\STM32CubeIDE\workspace_1.13.2\PortableGenerator\Core\Src\stm32l5xx_it.c_save
2023-12-13 20:06:39,717 [INFO] CodeEngine:279 - Generated code: C:\Users\grafd\STM32CubeIDE\workspace_1.13.2\PortableGenerator\Core\Src\stm32l5xx_it.c
2023-12-13 20:06:39,746 [INFO] CodeEngine:255 - oldGeneratedFile, C:\Users\grafd\STM32CubeIDE\workspace_1.13.2\PortableGenerator\Core\Inc\stm32l5xx_it.h_save
2023-12-13 20:06:39,836 [INFO] CodeEngine:279 - Generated code: C:\Users\grafd\STM32CubeIDE\workspace_1.13.2\PortableGenerator\Core\Inc\stm32l5xx_it.h
2023-12-13 20:06:39,964 [INFO] CodeEngine:255 - oldGeneratedFile, C:\Users\grafd\STM32CubeIDE\workspace_1.13.2\PortableGenerator\Core\Src\stm32l5xx_hal_msp.c_save
2023-12-13 20:06:40,109 [INFO] CodeEngine:279 - Generated code: C:\Users\grafd\STM32CubeIDE\workspace_1.13.2\PortableGenerator\Core\Src\stm32l5xx_hal_msp.c
2023-12-13 20:06:40,127 [INFO] CodeEngine:255 - oldGeneratedFile, C:\Users\grafd\STM32CubeIDE\workspace_1.13.2\PortableGenerator\MXTmpFiles\system.tmp_save
2023-12-13 20:06:40,185 [INFO] CodeEngine:279 - Generated code: C:\Users\grafd\STM32CubeIDE\workspace_1.13.2\PortableGenerator\MXTmpFiles\system.tmp
2023-12-13 20:06:40,208 [INFO] CodeEngine:311 - oldGeneratedFile, C:\Users\grafd\STM32CubeIDE\workspace_1.13.2\PortableGenerator\Core\Inc\stm32l5xx_hal_conf.h_save
2023-12-13 20:06:40,291 [INFO] CodeEngine:335 - Generated code: C:\Users\grafd\STM32CubeIDE\workspace_1.13.2\PortableGenerator\Core\Inc\stm32l5xx_hal_conf.h
2023-12-13 20:06:40,323 [WARN] IPConfigManager:3431 - IP not found : TIM
2023-12-13 20:06:40,324 [WARN] CodeGenerator:3764 - IP not found : null
2023-12-13 20:06:40,348 [INFO] CodeEngine:255 - oldGeneratedFile, C:\Users\grafd\STM32CubeIDE\workspace_1.13.2\PortableGenerator\Core\Inc\main.h_save
2023-12-13 20:06:40,439 [INFO] CodeEngine:279 - Generated code: C:\Users\grafd\STM32CubeIDE\workspace_1.13.2\PortableGenerator\Core\Inc\main.h
2023-12-13 20:06:40,458 [INFO] CodeEngine:255 - oldGeneratedFile, C:\Users\grafd\STM32CubeIDE\workspace_1.13.2\PortableGenerator\Core\Src\main.c_save
2023-12-13 20:06:40,601 [INFO] CodeEngine:279 - Generated code: C:\Users\grafd\STM32CubeIDE\workspace_1.13.2\PortableGenerator\Core\Src\main.c
2023-12-13 20:06:41,145 [INFO] ProjectBuilder:3064 - Time for Copy HAL[1] : 228mS.
2023-12-13 20:06:41,154 [INFO] ProjectBuilder:4404 - Project Generator version: 4.1.0
2023-12-13 20:06:41,324 [INFO] ConfigFileManager:1457 - The Die is : DIE472
2023-12-13 20:06:41,340 [INFO] ApiDbMcu:507 - Load IP Config File for FATFS
2023-12-13 20:06:41,352 [INFO] ApiDbMcu:507 - Load IP Config File for FREERTOS
2023-12-13 20:06:41,386 [INFO] ApiDbMcu:507 - Load IP Config File for MBEDTLS
2023-12-13 20:06:41,403 [INFO] ApiDbMcu:507 - Load IP Config File for TOUCHSENSING
2023-12-13 20:06:41,416 [INFO] ApiDbMcu:507 - Load IP Config File for USBPD
2023-12-13 20:06:41,432 [INFO] ApiDbMcu:507 - Load IP Config File for USB_Device
2023-12-13 20:06:42,278 [INFO] LogOutputStream:77 - [STDOUT_REDIRECT] 
2023-12-13 20:06:44,122 [INFO] ProjectBuilder:4626 - Time for Generating toolchain IDE Files: 2968mS.
2023-12-13 20:06:44,123 [INFO] ProjectBuilder:2935 - Time for Copy CMSIS : 1mS.
2023-12-13 20:06:44,125 [INFO] ProjectBuilder:2935 - Time for Copy CMSIS : 0mS.
