2023-12-11 17:38:40,184 [INFO] Activator:176 - 


2023-12-11 17:38:40,189 [INFO] Activator:177 - !SESSION log4j initialized
2023-12-11 17:38:45,774 [INFO] LogOutputStream:77 - [STDOUT_REDIRECT] 
2023-12-11 17:38:46,653 [INFO] ApplicationProperties:184 - Using Application install path: C:\ST\STM32CubeIDE_1.13.2\STM32CubeIDE\plugins\com.st.stm32cube.common.mx_6.9.2.202309101412
2023-12-11 17:38:46,690 [INFO] DbMcusXml:78 - Set database path to: C:\ST\STM32CubeIDE_1.13.2\STM32CubeIDE\plugins\com.st.stm32cube.common.mx_6.9.2.202309101412\\db\/mcu/
2023-12-11 17:38:46,690 [INFO] ApiDb:274 - Set plugin database path to: C:\ST\STM32CubeIDE_1.13.2\STM32CubeIDE\plugins\com.st.stm32cube.common.mx_6.9.2.202309101412\\db\/plugins/boardmanager/
2023-12-11 17:38:46,691 [WARN] ApiDb:259 - Overriding images path with different value:  => C:\ST\STM32CubeIDE_1.13.2\STM32CubeIDE\plugins\com.st.stm32cube.common.mx_6.9.2.202309101412\\db\/plugins/mcufinder/images/
2023-12-11 17:38:46,701 [INFO] ApiDb:250 - Set database path to: C:\Users\grafd\.stmcufinder\plugins\mcufinder//mcu/
2023-12-11 17:38:46,702 [INFO] DbMcusAds:125 - Set database path to: C:\Users\grafd\.stmcufinder\plugins\mcufinder//mcu/
2023-12-11 17:38:46,703 [INFO] CrossReferenceDbSqlite:203 - Set database path to: C:\Users\grafd\.stmcufinder\plugins\mcufinder//mcu/cs/
2023-12-11 17:38:46,787 [INFO] RulesReader:64 - Compatibility file has been processed (293 Rules)
2023-12-11 17:38:46,856 [INFO] DbMcusXml:78 - Set database path to: C:\ST\STM32CubeIDE_1.13.2\STM32CubeIDE\plugins\com.st.stm32cube.common.mx_6.9.2.202309101412\\db\/mcu/
2023-12-11 17:38:46,856 [INFO] ApiDb:274 - Set plugin database path to: C:\ST\STM32CubeIDE_1.13.2\STM32CubeIDE\plugins\com.st.stm32cube.common.mx_6.9.2.202309101412\\db\/plugins/boardmanager/
2023-12-11 17:38:46,856 [INFO] ApiDb:261 - Set plugin images path to: C:\ST\STM32CubeIDE_1.13.2\STM32CubeIDE\plugins\com.st.stm32cube.common.mx_6.9.2.202309101412\\db\/plugins/mcufinder/images/
2023-12-11 17:38:46,856 [WARN] DbFile:41 - Overriding database path with different value: C:\Users\grafd\.stmcufinder\plugins\mcufinder/ => C:\Users\grafd\.stmcufinder\plugins\mcufinder
2023-12-11 17:38:46,856 [INFO] ApiDb:250 - Set database path to: C:\Users\grafd\.stmcufinder\plugins\mcufinder//mcu/
2023-12-11 17:38:46,856 [WARN] DbFile:41 - Overriding database path with different value: C:\Users\grafd\.stmcufinder\plugins\mcufinder/ => C:\Users\grafd\.stmcufinder\plugins\mcufinder
2023-12-11 17:38:46,856 [INFO] DbMcusAds:125 - Set database path to: C:\Users\grafd\.stmcufinder\plugins\mcufinder//mcu/
2023-12-11 17:38:46,856 [WARN] DbFile:41 - Overriding database path with different value: C:\Users\grafd\.stmcufinder\plugins\mcufinder/ => C:\Users\grafd\.stmcufinder\plugins\mcufinder
2023-12-11 17:38:46,856 [WARN] DbFile:41 - Overriding database path with different value: C:\Users\grafd\.stmcufinder\plugins\mcufinder/ => C:\Users\grafd\.stmcufinder\plugins\mcufinder
2023-12-11 17:38:46,856 [INFO] CrossReferenceDbSqlite:203 - Set database path to: C:\Users\grafd\.stmcufinder\plugins\mcufinder//mcu/cs/
2023-12-11 17:38:46,927 [INFO] MainPanel:262 - HeapMemory: 268435456
2023-12-11 17:38:47,005 [INFO] DbMcusXml:78 - Set database path to: C:\ST\STM32CubeIDE_1.13.2\STM32CubeIDE\plugins\com.st.stm32cube.common.mx_6.9.2.202309101412\\db\/mcu/
2023-12-11 17:38:47,005 [INFO] ApiDb:274 - Set plugin database path to: C:\ST\STM32CubeIDE_1.13.2\STM32CubeIDE\plugins\com.st.stm32cube.common.mx_6.9.2.202309101412\\db\/plugins/boardmanager/
2023-12-11 17:38:47,005 [INFO] ApiDb:261 - Set plugin images path to: C:\ST\STM32CubeIDE_1.13.2\STM32CubeIDE\plugins\com.st.stm32cube.common.mx_6.9.2.202309101412\\db\/plugins/mcufinder/images/
2023-12-11 17:38:47,006 [WARN] DbFile:41 - Overriding database path with different value: C:\Users\grafd\.stmcufinder\plugins\mcufinder/ => C:\Users\grafd\.stmcufinder\plugins\mcufinder
2023-12-11 17:38:47,006 [INFO] ApiDb:250 - Set database path to: C:\Users\grafd\.stmcufinder\plugins\mcufinder//mcu/
2023-12-11 17:38:47,006 [WARN] DbFile:41 - Overriding database path with different value: C:\Users\grafd\.stmcufinder\plugins\mcufinder/ => C:\Users\grafd\.stmcufinder\plugins\mcufinder
2023-12-11 17:38:47,006 [INFO] DbMcusAds:125 - Set database path to: C:\Users\grafd\.stmcufinder\plugins\mcufinder//mcu/
2023-12-11 17:38:47,006 [WARN] DbFile:41 - Overriding database path with different value: C:\Users\grafd\.stmcufinder\plugins\mcufinder/ => C:\Users\grafd\.stmcufinder\plugins\mcufinder
2023-12-11 17:38:47,006 [WARN] DbFile:41 - Overriding database path with different value: C:\Users\grafd\.stmcufinder\plugins\mcufinder/ => C:\Users\grafd\.stmcufinder\plugins\mcufinder
2023-12-11 17:38:47,006 [INFO] CrossReferenceDbSqlite:203 - Set database path to: C:\Users\grafd\.stmcufinder\plugins\mcufinder//mcu/cs/
2023-12-11 17:38:47,024 [INFO] ApplicationProperties:184 - Using Application install path: C:\ST\STM32CubeIDE_1.13.2\STM32CubeIDE\plugins\com.st.stm32cube.common.mx_6.9.2.202309101412
2023-12-11 17:38:47,025 [INFO] PluginManage:196 - Search for loadable plugins [exclusion list=, ]
2023-12-11 17:38:47,026 [INFO] PluginManage:310 - Check plugin analytics
2023-12-11 17:38:47,150 [INFO] AnalyticsPlugin:253 - Accepted Software Licenses: 
2023-12-11 17:38:47,151 [INFO] AnalyticsPlugin:255 - Accepted CMSIS Pack Licenses: 
2023-12-11 17:38:47,151 [INFO] AnalyticsPlugin:257 - Accepted Firmware Licenses: FW.L5.1.5.0
2023-12-11 17:38:47,153 [INFO] PluginManage:359 - Loaded plugin analytics (category:tool,tabindex:-1)
2023-12-11 17:38:47,153 [INFO] PluginManage:310 - Check plugin cadmodel
2023-12-11 17:38:47,167 [INFO] CADModel:105 - Init CAD model plugin
2023-12-11 17:38:47,167 [INFO] PluginManage:359 - Loaded plugin cadmodel (category:power,tabindex:5)
2023-12-11 17:38:47,170 [INFO] PluginManage:310 - Check plugin clock
2023-12-11 17:38:47,190 [INFO] PluginManage:359 - Loaded plugin clock (category:base,tabindex:2)
2023-12-11 17:38:47,190 [INFO] PluginManage:310 - Check plugin ddr
2023-12-11 17:38:47,192 [INFO] PluginManage:359 - Loaded plugin ddr (category:tool,tabindex:6)
2023-12-11 17:38:47,192 [INFO] PluginManage:310 - Check plugin filemanager
2023-12-11 17:38:47,310 [INFO] PluginManage:359 - Loaded plugin filemanager (category:base,tabindex:10)
2023-12-11 17:38:47,311 [INFO] PluginManage:310 - Check plugin ipmanager
2023-12-11 17:38:47,318 [INFO] PluginManage:359 - Loaded plugin ipmanager (category:base,tabindex:5)
2023-12-11 17:38:47,318 [INFO] PluginManage:310 - Check plugin lpbam
2023-12-11 17:38:47,335 [INFO] PluginManage:359 - Loaded plugin lpbam (category:base,tabindex:0)
2023-12-11 17:38:47,335 [INFO] PluginManage:310 - Check plugin memorymap
2023-12-11 17:38:47,359 [INFO] PluginManage:359 - Loaded plugin memorymap (category:base,tabindex:4)
2023-12-11 17:38:47,359 [INFO] PluginManage:310 - Check plugin pinoutandconfiguration
2023-12-11 17:38:47,376 [INFO] PluginManage:359 - Loaded plugin pinoutandconfiguration (category:base,tabindex:1)
2023-12-11 17:38:47,376 [INFO] PluginManage:310 - Check plugin pinoutconfig
2023-12-11 17:38:47,461 [WARN] SupportedApi:132 - Cannot load RTOS API schema: s4s-elt-must-match.1: The content of 'definitions' must match (annotation?, (simpleType | complexType)?, (unique | key | keyref)*)). A problem was found starting at: attribute.
2023-12-11 17:38:47,580 [INFO] PluginManage:359 - Loaded plugin pinoutconfig (category:base,tabindex:0)
2023-12-11 17:38:47,580 [INFO] PluginManage:310 - Check plugin power
2023-12-11 17:38:47,598 [INFO] PluginManage:359 - Loaded plugin power (category:power,tabindex:4)
2023-12-11 17:38:47,598 [INFO] PluginManage:310 - Check plugin projectmanager
2023-12-11 17:38:47,608 [INFO] PluginManage:359 - Loaded plugin projectmanager (category:projectmanager,tabindex:3)
2023-12-11 17:38:47,608 [INFO] PluginManage:310 - Check plugin thirdparty
2023-12-11 17:38:47,827 [INFO] PluginManage:359 - Loaded plugin thirdparty (category:base,tabindex:-1)
2023-12-11 17:38:47,828 [INFO] PluginManage:310 - Check plugin tools
2023-12-11 17:38:47,827 [WARN] IntegrityCheckThread:84 - waiting for thirdparty lock release [integrity check]
2023-12-11 17:38:47,828 [INFO] IntegrityCheckThread:86 - entering critical section [integrity check]
2023-12-11 17:38:47,828 [INFO] ThirdPartyUpdaterWithRetryManager:70 - Updater plugin not ready yet. [1/15]
2023-12-11 17:38:47,853 [INFO] PluginManage:359 - Loaded plugin tools (category:base,tabindex:7)
2023-12-11 17:38:47,853 [INFO] PluginManage:310 - Check plugin tutovideos
2023-12-11 17:38:48,013 [INFO] PluginManage:359 - Loaded plugin tutovideos (category:base,tabindex:-1)
2023-12-11 17:38:48,013 [INFO] PluginManage:310 - Check plugin updater
2023-12-11 17:38:48,022 [INFO] PluginManage:359 - Loaded plugin updater (category:base,tabindex:12)
2023-12-11 17:38:48,022 [INFO] PluginManage:310 - Check plugin userauth
2023-12-11 17:38:48,028 [INFO] UserAuth:113 - Init User Auth plugin
2023-12-11 17:38:48,028 [INFO] PluginManage:359 - Loaded plugin userauth (category:base,tabindex:14)
2023-12-11 17:38:48,028 [INFO] PluginManage:283 - PluginManage : Loaded plugins [17]
2023-12-11 17:38:48,213 [INFO] PinOutPanel:1499 - setPackage(No Configuration,No Configuration)
2023-12-11 17:38:48,325 [INFO] CADModel:165 - CPN selected for project level
2023-12-11 17:38:48,325 [INFO] CADModel:114 - Register for checkConnection events
2023-12-11 17:38:48,349 [INFO] IPUIPlugin:80 - create IPUIPlugin
2023-12-11 17:38:48,349 [INFO] PluginManager:220 - loadIPPluginJar : add adc
2023-12-11 17:38:48,380 [INFO] IPUIPlugin:80 - create IPUIPlugin
2023-12-11 17:38:48,381 [INFO] PluginManager:220 - loadIPPluginJar : add aes
2023-12-11 17:38:48,415 [INFO] IPUIPlugin:80 - create IPUIPlugin
2023-12-11 17:38:48,415 [INFO] PluginManager:220 - loadIPPluginJar : add can
2023-12-11 17:38:48,435 [INFO] IPUIPlugin:80 - create IPUIPlugin
2023-12-11 17:38:48,435 [INFO] PluginManager:220 - loadIPPluginJar : add comp
2023-12-11 17:38:48,460 [INFO] IPUIPlugin:80 - create IPUIPlugin
2023-12-11 17:38:48,460 [INFO] PluginManager:220 - loadIPPluginJar : add cryp
2023-12-11 17:38:48,484 [INFO] IPUIPlugin:80 - create IPUIPlugin
2023-12-11 17:38:48,484 [INFO] PluginManager:220 - loadIPPluginJar : add dfsdm
2023-12-11 17:38:48,496 [INFO] IPUIPlugin:80 - create IPUIPlugin
2023-12-11 17:38:48,497 [INFO] PluginManager:220 - loadIPPluginJar : add dma
2023-12-11 17:38:48,528 [INFO] IPUIPlugin:80 - create IPUIPlugin
2023-12-11 17:38:48,528 [INFO] PluginManager:220 - loadIPPluginJar : add dma3
2023-12-11 17:38:48,544 [INFO] IPUIPlugin:80 - create IPUIPlugin
2023-12-11 17:38:48,544 [INFO] PluginManager:220 - loadIPPluginJar : add fatfs
2023-12-11 17:38:48,582 [INFO] IPUIPlugin:80 - create IPUIPlugin
2023-12-11 17:38:48,583 [INFO] PluginManager:220 - loadIPPluginJar : add fmc
2023-12-11 17:38:48,596 [INFO] IPUIPlugin:80 - create IPUIPlugin
2023-12-11 17:38:48,596 [INFO] PluginManager:220 - loadIPPluginJar : add freertos
2023-12-11 17:38:48,612 [INFO] IPUIPlugin:80 - create IPUIPlugin
2023-12-11 17:38:48,612 [INFO] PluginManager:220 - loadIPPluginJar : add genericplugin
2023-12-11 17:38:48,689 [INFO] IPUIPlugin:80 - create IPUIPlugin
2023-12-11 17:38:48,689 [INFO] PluginManager:220 - loadIPPluginJar : add gfxmmu
2023-12-11 17:38:48,813 [INFO] IPUIPlugin:80 - create IPUIPlugin
2023-12-11 17:38:48,814 [INFO] PluginManager:220 - loadIPPluginJar : add gic
2023-12-11 17:38:48,826 [INFO] IPUIPlugin:80 - create IPUIPlugin
2023-12-11 17:38:48,826 [INFO] PluginManager:220 - loadIPPluginJar : add gpio
2023-12-11 17:38:48,906 [INFO] IPUIPlugin:80 - create IPUIPlugin
2023-12-11 17:38:48,906 [INFO] PluginManager:220 - loadIPPluginJar : add gtzc
2023-12-11 17:38:48,935 [INFO] IPUIPlugin:80 - create IPUIPlugin
2023-12-11 17:38:48,935 [INFO] PluginManager:220 - loadIPPluginJar : add hash
2023-12-11 17:38:48,995 [INFO] IPUIPlugin:80 - create IPUIPlugin
2023-12-11 17:38:48,995 [INFO] PluginManager:220 - loadIPPluginJar : add i2c
2023-12-11 17:38:49,034 [INFO] IPUIPlugin:80 - create IPUIPlugin
2023-12-11 17:38:49,034 [INFO] PluginManager:220 - loadIPPluginJar : add i2s
2023-12-11 17:38:49,078 [INFO] IPUIPlugin:80 - create IPUIPlugin
2023-12-11 17:38:49,078 [INFO] PluginManager:220 - loadIPPluginJar : add i3c
2023-12-11 17:38:49,172 [INFO] IPUIPlugin:80 - create IPUIPlugin
2023-12-11 17:38:49,173 [INFO] PluginManager:220 - loadIPPluginJar : add ipddr
2023-12-11 17:38:49,272 [INFO] IPUIPlugin:80 - create IPUIPlugin
2023-12-11 17:38:49,272 [INFO] PluginManager:220 - loadIPPluginJar : add linkedlist
2023-12-11 17:38:49,309 [INFO] IPUIPlugin:80 - create IPUIPlugin
2023-12-11 17:38:49,309 [INFO] PluginManager:220 - loadIPPluginJar : add lorawan
2023-12-11 17:38:49,354 [INFO] IPUIPlugin:80 - create IPUIPlugin
2023-12-11 17:38:49,355 [INFO] PluginManager:220 - loadIPPluginJar : add ltdc
2023-12-11 17:38:49,373 [INFO] IPUIPlugin:80 - create IPUIPlugin
2023-12-11 17:38:49,373 [INFO] PluginManager:220 - loadIPPluginJar : add mdma
2023-12-11 17:38:49,391 [INFO] IPUIPlugin:80 - create IPUIPlugin
2023-12-11 17:38:49,392 [INFO] PluginManager:220 - loadIPPluginJar : add nvic
2023-12-11 17:38:49,439 [INFO] IPUIPlugin:80 - create IPUIPlugin
2023-12-11 17:38:49,441 [INFO] PluginManager:220 - loadIPPluginJar : add opamp
2023-12-11 17:38:49,496 [INFO] IPUIPlugin:80 - create IPUIPlugin
2023-12-11 17:38:49,497 [INFO] PluginManager:220 - loadIPPluginJar : add openamp
2023-12-11 17:38:49,533 [INFO] IPUIPlugin:80 - create IPUIPlugin
2023-12-11 17:38:49,533 [INFO] PluginManager:220 - loadIPPluginJar : add pdm2pcm
2023-12-11 17:38:49,547 [INFO] IPUIPlugin:80 - create IPUIPlugin
2023-12-11 17:38:49,548 [INFO] PluginManager:220 - loadIPPluginJar : add plateformsettings
2023-12-11 17:38:49,568 [INFO] IPUIPlugin:80 - create IPUIPlugin
2023-12-11 17:38:49,569 [INFO] PluginManager:220 - loadIPPluginJar : add quadspi
2023-12-11 17:38:49,581 [INFO] IPUIPlugin:80 - create IPUIPlugin
2023-12-11 17:38:49,581 [INFO] PluginManager:220 - loadIPPluginJar : add resmgrutility
2023-12-11 17:38:49,616 [INFO] IPUIPlugin:80 - create IPUIPlugin
2023-12-11 17:38:49,616 [INFO] PluginManager:220 - loadIPPluginJar : add sai
2023-12-11 17:38:49,643 [INFO] IPUIPlugin:80 - create IPUIPlugin
2023-12-11 17:38:49,643 [INFO] PluginManager:220 - loadIPPluginJar : add spi
2023-12-11 17:38:49,685 [INFO] IPUIPlugin:80 - create IPUIPlugin
2023-12-11 17:38:49,685 [INFO] PluginManager:220 - loadIPPluginJar : add stm32_wpan
2023-12-11 17:38:49,702 [INFO] IPUIPlugin:80 - create IPUIPlugin
2023-12-11 17:38:49,702 [INFO] PluginManager:220 - loadIPPluginJar : add tim
2023-12-11 17:38:49,743 [INFO] IPUIPlugin:80 - create IPUIPlugin
2023-12-11 17:38:49,743 [INFO] PluginManager:220 - loadIPPluginJar : add touchsensing
2023-12-11 17:38:49,760 [INFO] IPUIPlugin:80 - create IPUIPlugin
2023-12-11 17:38:49,760 [INFO] PluginManager:220 - loadIPPluginJar : add tracer_emb
2023-12-11 17:38:49,778 [INFO] IPUIPlugin:80 - create IPUIPlugin
2023-12-11 17:38:49,778 [INFO] PluginManager:220 - loadIPPluginJar : add ts
2023-12-11 17:38:49,795 [INFO] IPUIPlugin:80 - create IPUIPlugin
2023-12-11 17:38:49,795 [INFO] PluginManager:220 - loadIPPluginJar : add tsc
2023-12-11 17:38:49,813 [INFO] IPUIPlugin:80 - create IPUIPlugin
2023-12-11 17:38:49,813 [INFO] PluginManager:220 - loadIPPluginJar : add ucpd
2023-12-11 17:38:49,849 [INFO] IPUIPlugin:80 - create IPUIPlugin
2023-12-11 17:38:49,849 [INFO] PluginManager:220 - loadIPPluginJar : add usart
2023-12-11 17:38:49,881 [INFO] IPUIPlugin:80 - create IPUIPlugin
2023-12-11 17:38:49,882 [INFO] PluginManager:220 - loadIPPluginJar : add usbx
2023-12-11 17:38:49,992 [INFO] CADModel:165 - CPN selected for project level
2023-12-11 17:38:49,993 [INFO] CADModel:114 - Register for checkConnection events
2023-12-11 17:38:49,993 [FATAL] Updater:308 - Updater called before beeing initialized
2023-12-11 17:38:49,993 [ERROR] CADModel:125 - Updater not yet initialized, retry later 
2023-12-11 17:38:50,107 [INFO] CADModel:165 - CPN selected for project level
2023-12-11 17:38:50,107 [INFO] CADModel:114 - Register for checkConnection events
2023-12-11 17:38:50,107 [FATAL] Updater:308 - Updater called before beeing initialized
2023-12-11 17:38:50,108 [ERROR] CADModel:125 - Updater not yet initialized, retry later 
2023-12-11 17:38:50,111 [FATAL] Updater:308 - Updater called before beeing initialized
2023-12-11 17:38:50,221 [FATAL] Updater:308 - Updater called before beeing initialized
2023-12-11 17:38:50,230 [INFO] DbMcusAds:53 - JSON generation date=Tue Mar 07 09:50:55 CET 2023 (1678179055335)
2023-12-11 17:38:50,230 [FATAL] Updater:308 - Updater called before beeing initialized
2023-12-11 17:38:50,299 [WARN] DetailPanel:346 - Failed to get advertising image, set to default
2023-12-11 17:38:50,384 [FATAL] Updater:308 - Updater called before beeing initialized
2023-12-11 17:38:50,386 [FATAL] Updater:308 - Updater called before beeing initialized
2023-12-11 17:38:50,386 [FATAL] Updater:308 - Updater called before beeing initialized
2023-12-11 17:38:50,386 [WARN] DetailPanel:346 - Failed to get advertising image, set to default
2023-12-11 17:38:50,387 [FATAL] Updater:308 - Updater called before beeing initialized
2023-12-11 17:38:50,432 [ERROR] Updater:1120 - MainUpdater not yet initialized. External WinMGr cannot be set.
2023-12-11 17:38:50,441 [INFO] Updater:1056 - Updater Version found : 6.9.2
2023-12-11 17:38:50,457 [INFO] ApplicationProperties:184 - Using Application install path: C:\ST\STM32CubeIDE_1.13.2\STM32CubeIDE\plugins\com.st.stm32cube.common.mx_6.9.2.202309101412
2023-12-11 17:38:50,603 [INFO] MainUpdater:2868 - connection check result : 10
2023-12-11 17:38:50,603 [INFO] MainUpdater:3562 - Updater definition file requires update
2023-12-11 17:38:50,605 [INFO] MainUpdater:285 - Updater Check For Update Now.
2023-12-11 17:38:50,605 [INFO] MicroXplorer:498 - Change Database Version : DB.6.0.92
2023-12-11 17:38:50,621 [INFO] McuFinderGlobals:63 - Set McuFinder mode to 2 (CubeIDE integrated)
2023-12-11 17:38:50,623 [INFO] ServerAccessManage:473 - Download File updaters.zip
2023-12-11 17:38:50,675 [INFO] FileExtend:240 - Unzip File : updaters.zip
2023-12-11 17:38:50,675 [INFO] FileExtend:255 - Standard Zip Deflate
2023-12-11 17:38:50,829 [WARN] MainUpdater:1189 - Updater busy. Cannot search thirdparties
2023-12-11 17:38:50,830 [INFO] ThirdPartyUpdaterWithRetryManager:96 - Updater plugin is busy. [1/15]
2023-12-11 17:38:51,065 [INFO] ServerAccessManage:473 - Download File PacksControlFlags.xml
2023-12-11 17:38:51,170 [INFO] ServerAccessManage:473 - Download File cubemx.pidx
2023-12-11 17:38:51,259 [INFO] LoadServerUpdatesThread:373 - End of LoadServerUpdate Thread
2023-12-11 17:38:51,427 [INFO] CheckServerUpdateThread:120 - End of CheckServer Thread
2023-12-11 17:38:53,988 [WARN] PackLoader:240 - Cannot read IP mode file for STMicroelectronics.X-CUBE-SMBUS.2.1.0
2023-12-11 17:38:54,028 [WARN] PackLoader:240 - Cannot read IP mode file for STMicroelectronics.X-CUBE-AZRTOS-F7.1.1.0
2023-12-11 17:38:54,048 [WARN] PackLoader:240 - Cannot read IP mode file for STMicroelectronics.FP-SNS-MOTENV1.4.3.2
2023-12-11 17:38:54,065 [WARN] PackLoader:240 - Cannot read IP mode file for STMicroelectronics.FP-SNS-FLIGHT1.5.0.2
2023-12-11 17:38:54,083 [WARN] PackLoader:240 - Cannot read IP mode file for STMicroelectronics.X-CUBE-DISPLAY.3.0.0
2023-12-11 17:38:54,103 [WARN] PackLoader:240 - Cannot read IP mode file for STMicroelectronics.X-CUBE-BLE1.7.0.0
2023-12-11 17:38:54,117 [WARN] PackLoader:240 - Cannot read IP mode file for emotas.I-CUBE-CANOPEN.1.3.0
2023-12-11 17:38:54,130 [WARN] PackLoader:240 - Cannot read IP mode file for STMicroelectronics.X-CUBE-TOUCHGFX.4.22.1
2023-12-11 17:38:54,140 [WARN] PackLoader:240 - Cannot read IP mode file for STMicroelectronics.FP-SNS-SMARTAG2.1.2.0
2023-12-11 17:38:54,155 [INFO] LogOutputStream:77 - [STDOUT_REDIRECT] 1 : Invalid condition id : UX_CORESTACK_Condition cause : null
2023-12-11 17:38:54,155 [INFO] LogOutputStream:77 - [STDOUT_REDIRECT] 1 : Invalid condition id : UX_CORESTACK_Condition cause : null
2023-12-11 17:38:54,156 [INFO] LogOutputStream:77 - [STDOUT_REDIRECT] 1 : Invalid condition id : UX_CORESTACK_Condition cause : null
2023-12-11 17:38:54,157 [INFO] LogOutputStream:77 - [STDOUT_REDIRECT] 1 : Invalid condition id : UX_CORESTACK_Condition cause : null
2023-12-11 17:38:54,157 [INFO] LogOutputStream:77 - [STDOUT_REDIRECT] 1 : Invalid condition id : UX_CORESTACK_Condition cause : null
2023-12-11 17:38:54,161 [WARN] PackLoader:240 - Cannot read IP mode file for STMicroelectronics.X-CUBE-AZRTOS-WL.2.0.0
2023-12-11 17:38:54,173 [WARN] PackLoader:240 - Cannot read IP mode file for WES.I-CUBE-Cesium.1.3.0
2023-12-11 17:38:54,183 [WARN] PackLoader:240 - Cannot read IP mode file for STMicroelectronics.X-CUBE-BLE2.3.3.0
2023-12-11 17:38:54,194 [WARN] PackLoader:240 - Cannot read IP mode file for STMicroelectronics.X-CUBE-ALGOBUILD.1.3.0
2023-12-11 17:38:54,216 [WARN] PackLoader:240 - Cannot read IP mode file for STMicroelectronics.X-CUBE-AZRTOS-G0.1.1.0
2023-12-11 17:38:54,230 [WARN] PackLoader:240 - Cannot read IP mode file for STMicroelectronics.X-CUBE-NFC4.3.0.0
2023-12-11 17:38:54,245 [WARN] PackLoader:240 - Cannot read IP mode file for STMicroelectronics.X-CUBE-BLEMGR.3.0.0
2023-12-11 17:38:54,257 [WARN] PackLoader:240 - Cannot read IP mode file for STMicroelectronics.FP-ATR-SIGFOX1.3.2.0
2023-12-11 17:38:54,268 [WARN] PackLoader:240 - Cannot read IP mode file for STMicroelectronics.X-CUBE-GNSS1.6.0.0
2023-12-11 17:38:54,293 [WARN] PackLoader:240 - Cannot read IP mode file for STMicroelectronics.X-CUBE-AZRTOS-F4.1.1.0
2023-12-11 17:38:54,307 [WARN] PackLoader:240 - Cannot read IP mode file for wolfSSL.I-CUBE-wolfSSL.5.6.4
2023-12-11 17:38:54,328 [WARN] PackLoader:240 - Cannot read IP mode file for STMicroelectronics.X-CUBE-AZRTOS-L5.2.0.0
2023-12-11 17:38:54,344 [WARN] PackLoader:240 - Cannot read IP mode file for STMicroelectronics.X-CUBE-EEPRMA1.4.2.0
2023-12-11 17:38:54,357 [WARN] PackLoader:240 - Cannot read IP mode file for ITTIA_DB.I-CUBE-ITTIADB.8.8.0
2023-12-11 17:38:54,380 [WARN] ConditionMgr:438 - getConditionDescription Invalid condition id : UX DEVICE CLASS RTOS Condition cause : null
2023-12-11 17:38:54,380 [WARN] ConditionMgr:438 - getConditionDescription Invalid condition id : UX DEVICE CLASS RTOS Condition cause : null
2023-12-11 17:38:54,382 [WARN] PackLoader:240 - Cannot read IP mode file for STMicroelectronics.X-CUBE-AZRTOS-H7.3.1.0
2023-12-11 17:38:54,383 [WARN] ConditionMgr:1039 - genDependencies : Invalid condition id : UX DEVICE CLASS RTOS Condition cause : null
2023-12-11 17:38:54,383 [WARN] ConditionMgr:1039 - genDependencies : Invalid condition id : UX DEVICE CLASS RTOS Condition cause : null
2023-12-11 17:38:54,383 [WARN] ConditionMgr:1039 - genDependencies : Invalid condition id : UX DEVICE CLASS RTOS Condition cause : null
2023-12-11 17:38:54,384 [WARN] ConditionMgr:1039 - genDependencies : Invalid condition id : UX DEVICE CLASS RTOS Condition cause : null
2023-12-11 17:38:54,384 [WARN] ConditionMgr:1039 - genDependencies : Invalid condition id : UX DEVICE CLASS RTOS Condition cause : null
2023-12-11 17:38:54,397 [WARN] PackLoader:240 - Cannot read IP mode file for STMicroelectronics.X-CUBE-NFC7.1.0.1
2023-12-11 17:38:54,411 [WARN] PackLoader:240 - Cannot read IP mode file for STMicroelectronics.X-CUBE-NFC6.3.0.0
2023-12-11 17:38:54,426 [WARN] PackLoader:240 - Cannot read IP mode file for STMicroelectronics.X-CUBE-AI.8.1.0
2023-12-11 17:38:54,448 [WARN] ConditionMgr:438 - getConditionDescription Invalid condition id : LAN8742 Phy interface Condition cause : null
2023-12-11 17:38:54,448 [WARN] PackLoader:240 - Cannot read IP mode file for STMicroelectronics.X-CUBE-AZRTOS-L4.2.0.0
2023-12-11 17:38:54,450 [WARN] ConditionMgr:1039 - genDependencies : Invalid condition id : LAN8742 Phy interface Condition cause : null
2023-12-11 17:38:54,450 [WARN] ConditionMgr:1039 - genDependencies : Invalid condition id : LAN8742 Phy interface Condition cause : null
2023-12-11 17:38:54,450 [WARN] ConditionMgr:1039 - genDependencies : Invalid condition id : LAN8742 Phy interface Condition cause : null
2023-12-11 17:38:54,464 [WARN] PackLoader:240 - Cannot read IP mode file for STMicroelectronics.X-CUBE-SFXS2LP1.4.0.0
2023-12-11 17:38:54,475 [WARN] PackLoader:240 - Cannot read IP mode file for STMicroelectronics.X-CUBE-ISPU.1.1.0
2023-12-11 17:38:54,500 [WARN] ConditionMgr:438 - getConditionDescription Invalid condition id : UX DEVICE CLASS RTOS Condition cause : null
2023-12-11 17:38:54,502 [WARN] ConditionMgr:438 - getConditionDescription Invalid condition id : UX DEVICE CLASS RTOS Condition cause : null
2023-12-11 17:38:54,503 [WARN] PackLoader:240 - Cannot read IP mode file for STMicroelectronics.X-CUBE-AZRTOS-WB.2.0.0
2023-12-11 17:38:54,503 [WARN] ConditionMgr:1039 - genDependencies : Invalid condition id : UX DEVICE CLASS RTOS Condition cause : null
2023-12-11 17:38:54,503 [WARN] ConditionMgr:1039 - genDependencies : Invalid condition id : UX DEVICE CLASS RTOS Condition cause : null
2023-12-11 17:38:54,503 [WARN] ConditionMgr:1039 - genDependencies : Invalid condition id : UX DEVICE CLASS RTOS Condition cause : null
2023-12-11 17:38:54,503 [WARN] ConditionMgr:1039 - genDependencies : Invalid condition id : UX DEVICE CLASS RTOS Condition cause : null
2023-12-11 17:38:54,503 [WARN] ConditionMgr:1039 - genDependencies : Invalid condition id : UX DEVICE CLASS RTOS Condition cause : null
2023-12-11 17:38:54,519 [WARN] PackLoader:240 - Cannot read IP mode file for STMicroelectronics.X-CUBE-SUBG2.5.0.0
2023-12-11 17:38:54,538 [WARN] PackLoader:240 - Cannot read IP mode file for STMicroelectronics.X-CUBE-TOF1.3.3.1
2023-12-11 17:38:54,562 [WARN] PackLoader:240 - Cannot read IP mode file for STMicroelectronics.X-CUBE-AZRTOS-G4.2.0.0
2023-12-11 17:38:54,583 [WARN] PackLoader:240 - Cannot read IP mode file for Infineon.AIROC-Wi-Fi-Bluetooth-STM32.1.5.1
2023-12-11 17:38:54,600 [WARN] PackLoader:240 - Cannot read IP mode file for STMicroelectronics.FP-SNS-MOTENVWB1.1.3.0
2023-12-11 17:38:54,610 [WARN] PackLoader:240 - Cannot read IP mode file for STMicroelectronics.FP-SNS-MOTENVWB1.1.3.1
2023-12-11 17:38:54,622 [WARN] PackLoader:240 - Cannot read IP mode file for STMicroelectronics.X-CUBE-ISPU.2.0.0
2023-12-11 17:38:54,658 [WARN] PackLoader:240 - Cannot read IP mode file for STMicroelectronics.X-CUBE-MEMS1.10.0.0
2023-12-11 17:38:54,732 [WARN] PackLoader:240 - Cannot read IP mode file for STMicroelectronics.X-CUBE-FREERTOS.1.1.0
2023-12-11 17:38:54,747 [WARN] PackLoader:240 - Cannot read IP mode file for portGmbH.I-Cube-SoM-uGOAL.1.1.0
2023-12-11 17:38:54,760 [WARN] PackLoader:240 - Cannot read IP mode file for STMicroelectronics.X-CUBE-ALS.1.0.1
2023-12-11 17:38:54,772 [WARN] PackLoader:240 - Cannot read IP mode file for STMicroelectronics.FP-ATR-ASTRA1.2.0.0
2023-12-11 17:38:54,787 [WARN] PackLoader:240 - Cannot read IP mode file for STMicroelectronics.X-CUBE-TOF1.3.4.0
2023-12-11 17:38:54,823 [WARN] PackLoader:240 - Cannot read IP mode file for STMicroelectronics.X-CUBE-AZRTOS-H7.3.2.0
2023-12-11 17:38:54,826 [INFO] ThirdParty:978 - Integrity check success = true
2023-12-11 17:38:54,826 [INFO] IntegrityCheckThread:100 - exiting critical section [integrity check]
2023-12-11 17:38:54,827 [INFO] IntegrityCheckThread:103 - End integrity checks thread
2023-12-11 17:39:11,562 [ERROR] LogOutputStream:75 - [STDERR_REDIRECT] SLF4J: Failed to load class "org.slf4j.impl.StaticLoggerBinder".
2023-12-11 17:39:11,562 [ERROR] LogOutputStream:75 - [STDERR_REDIRECT] SLF4J: Defaulting to no-operation (NOP) logger implementation
2023-12-11 17:39:11,563 [ERROR] LogOutputStream:75 - [STDERR_REDIRECT] SLF4J: See http://www.slf4j.org/codes.html#StaticLoggerBinder for further details.
2023-12-11 17:41:53,261 [INFO] McuFinderGlobals:63 - Set McuFinder mode to 2 (CubeIDE integrated)
2023-12-11 17:41:53,282 [INFO] MainUpdater:2868 - connection check result : 10
2023-12-11 17:41:53,288 [INFO] MainUpdater:2868 - connection check result : 10
2023-12-11 17:41:53,443 [INFO] MicroXplorer:468 - Change Database Path : 
2023-12-11 17:41:53,443 [INFO] MicroXplorer:498 - Change Database Version : DB.6.0.92
2023-12-11 17:41:53,445 [WARN] ThirdParty:871 - waiting for thirdparty lock release [close project]
2023-12-11 17:41:53,445 [INFO] ThirdParty:873 - entering critical section [close project]
2023-12-11 17:41:53,446 [INFO] ThirdParty:883 - exiting critical section [close project]
2023-12-11 17:41:53,447 [INFO] PinOutPanel:1499 - setPackage(No Configuration,No Configuration)
2023-12-11 17:41:53,451 [INFO] UtilMem:75 - Begin LoadConfig() Used Memory: 593246976 Bytes (977272832)
2023-12-11 17:41:53,452 [INFO] MicroXplorer:468 - Change Database Path : 
2023-12-11 17:41:53,452 [INFO] MicroXplorer:498 - Change Database Version : DB.6.0.92
2023-12-11 17:41:53,452 [INFO] OpenFileManager:308 - Change cursor
2023-12-11 17:41:53,480 [INFO] Mcu:1946 - Initializing MCU STM32L562CETx STM32L562CETx STM32L562CET6
2023-12-11 17:41:53,940 [WARN] Context:676 - Trying to add IP FREERTOS in context CortexM33 not assigned to a contextSplit
2023-12-11 17:41:54,206 [WARN] Context:676 - Trying to add IP OTFDEC in context CortexM33 not assigned to a contextSplit
2023-12-11 17:41:54,225 [WARN] Context:676 - Trying to add IP PWR in context CortexM33 not assigned to a contextSplit
2023-12-11 17:41:54,256 [WARN] Context:676 - Trying to add IP RCC in context CortexM33 not assigned to a contextSplit
2023-12-11 17:41:54,288 [WARN] Context:676 - Trying to add IP RTC in context CortexM33 not assigned to a contextSplit
2023-12-11 17:41:54,380 [WARN] Context:676 - Trying to add IP SYS in context CortexM33 not assigned to a contextSplit
2023-12-11 17:41:54,433 [WARN] Context:676 - Trying to add IP TAMP in context CortexM33 not assigned to a contextSplit
2023-12-11 17:41:55,304 [INFO] Context:659 - Trying to add GPIOservice into a context  which must be forbidden
2023-12-11 17:41:55,304 [INFO] Context:659 - Trying to add GPIOservice into a context  which must be forbidden
2023-12-11 17:41:55,304 [INFO] Context:659 - Trying to add GPIOservice into a context  which must be forbidden
2023-12-11 17:41:55,304 [WARN] Context:676 - Trying to add IP GPIO in context CortexM33 not assigned to a contextSplit
2023-12-11 17:41:55,325 [WARN] Context:676 - Trying to add IP DMA in context CortexM33 not assigned to a contextSplit
2023-12-11 17:41:55,342 [WARN] Context:676 - Trying to add IP NVIC2 in context CortexM33 not assigned to a contextSplit
2023-12-11 17:41:55,924 [INFO] RtosManager:555 - Registered RTOS mode: class=CMSIS, group=RTOS, mode=CMSIS_V1, owner=FREERTOS
2023-12-11 17:41:55,925 [INFO] RtosManager:555 - Registered RTOS mode: class=CMSIS, group=RTOS2, mode=CMSIS_V2, owner=FREERTOS
2023-12-11 17:41:55,925 [INFO] RtosManager:555 - Registered RTOS mode: class=RTOS, group=Core, mode=CMSIS_V1, owner=FREERTOS
2023-12-11 17:41:55,925 [INFO] RtosManager:555 - Registered RTOS mode: class=RTOS, group=Core, mode=CMSIS_V2, owner=FREERTOS
2023-12-11 17:41:55,925 [WARN] ModelIntegratedComponent:184 - Missing modes for component STMicroelectronics:FreeRTOS:0.0.1:STMicroelectronics:RTOS:FreeRTOS:Core:::10.2.0:
2023-12-11 17:41:55,942 [WARN] ModelIntegratedComponent:63 - No mode defined for component null
2023-12-11 17:41:55,943 [WARN] ModelIntegratedComponent:63 - No mode defined for component null
2023-12-11 17:41:55,943 [WARN] ModelIntegratedComponent:63 - No mode defined for component null
2023-12-11 17:41:55,943 [WARN] ModelIntegratedComponent:63 - No mode defined for component null
2023-12-11 17:41:55,943 [WARN] ModelIntegratedComponent:63 - No mode defined for component null
2023-12-11 17:41:55,943 [WARN] ModelIntegratedComponent:63 - No mode defined for component null
2023-12-11 17:41:55,943 [WARN] ModelIntegratedComponent:63 - No mode defined for component null
2023-12-11 17:41:55,943 [WARN] ModelIntegratedComponent:63 - No mode defined for component null
2023-12-11 17:41:55,943 [WARN] ModelIntegratedComponent:63 - No mode defined for component null
2023-12-11 17:41:55,943 [WARN] ModelIntegratedComponent:63 - No mode defined for component null
2023-12-11 17:41:55,943 [WARN] ModelIntegratedComponent:63 - No mode defined for component null
2023-12-11 17:41:55,943 [WARN] ModelIntegratedComponent:63 - No mode defined for component null
2023-12-11 17:41:55,943 [WARN] ModelIntegratedComponent:63 - No mode defined for component null
2023-12-11 17:41:55,943 [WARN] ModelIntegratedComponent:63 - No mode defined for component null
2023-12-11 17:41:55,943 [WARN] ModelIntegratedComponent:63 - No mode defined for component null
2023-12-11 17:41:55,943 [WARN] ModelIntegratedComponent:63 - No mode defined for component null
2023-12-11 17:41:55,943 [WARN] ModelIntegratedComponent:63 - No mode defined for component null
2023-12-11 17:41:55,943 [WARN] ModelIntegratedComponent:63 - No mode defined for component null
2023-12-11 17:41:55,943 [WARN] ModelIntegratedComponent:63 - No mode defined for component null
2023-12-11 17:41:55,943 [WARN] ModelIntegratedComponent:63 - No mode defined for component null
2023-12-11 17:41:55,943 [WARN] ModelIntegratedComponent:63 - No mode defined for component null
2023-12-11 17:41:55,944 [WARN] ModelIntegratedComponent:63 - No mode defined for component null
2023-12-11 17:41:55,944 [WARN] ModelIntegratedComponent:63 - No mode defined for component null
2023-12-11 17:41:55,944 [WARN] ModelIntegratedComponent:63 - No mode defined for component null
2023-12-11 17:41:55,944 [WARN] ModelIntegratedComponent:63 - No mode defined for component null
2023-12-11 17:41:55,944 [WARN] ModelIntegratedComponent:63 - No mode defined for component null
2023-12-11 17:41:55,944 [WARN] ModelIntegratedComponent:63 - No mode defined for component null
2023-12-11 17:41:55,944 [WARN] ModelIntegratedComponent:63 - No mode defined for component null
2023-12-11 17:41:55,944 [WARN] ModelIntegratedComponent:63 - No mode defined for component null
2023-12-11 17:41:55,944 [WARN] ModelIntegratedComponent:63 - No mode defined for component null
2023-12-11 17:41:55,944 [WARN] ModelIntegratedComponent:63 - No mode defined for component null
2023-12-11 17:41:55,944 [WARN] ModelIntegratedComponent:63 - No mode defined for component null
2023-12-11 17:41:55,944 [WARN] ModelIntegratedComponent:63 - No mode defined for component null
2023-12-11 17:41:56,075 [INFO] ThirdPartyModel:298 - Start build external matchings
2023-12-11 17:41:56,324 [INFO] ThirdPartyModel:316 - End build external matchings
2023-12-11 17:41:56,335 [INFO] ImportTextPane:194 - (OptionalMessage_ERROR) IP (RCC) : Invalid parameter (FamilyName)
2023-12-11 17:41:56,617 [INFO] UtilMem:75 - End LoadConfig() Used Memory: 628880920 Bytes (1073741824)
2023-12-11 17:41:56,714 [INFO] ApiDb:581 - Connected to CubeFinder SQLite database (C:\Users\grafd\.stmcufinder\plugins\mcufinder\mcu\cube-finder-db.db)
2023-12-11 17:41:56,779 [INFO] ApiDb:668 - CubeFinder database Data Model version=2.1
2023-12-11 17:41:56,779 [INFO] ApiDb:669 - CubeFinder database Configuration version=3.0.37
2023-12-11 17:41:56,779 [INFO] ApiDb:670 - CubeFinder database generation date=2023-10-13 (1697197505)
2023-12-11 17:41:56,779 [INFO] ApiDb:671 - CubeFinder database FW Pack versions=[FP-ATR-ASTRA1_V2.0.0, FP-SNS-FLIGHT1_V5.0.1, FP-SNS-FLIGHT1_V5.0.2, FP-SNS-MOTENV1_V4.3.1, FP-SNS-MOTENV1_V4.3.2, FP-SNS-SMARTAG2_V1.2.0, I-CUBE-ITTIADB_V8.6.3-1, STM32Cube_FW_C0_V1.1.0, STM32Cube_FW_F4_V1.27.1, STM32Cube_FW_F7_V1.17.0, STM32Cube_FW_G0_V1.6.1, STM32Cube_FW_G4_V1.5.1, STM32Cube_FW_H5_V0.5.1, STM32Cube_FW_H5_V1.1.1, STM32Cube_FW_H7_V1.11.0, STM32Cube_FW_L0_V1.12.2, STM32Cube_FW_L5_V1.5.0, STM32Cube_FW_U5_V1.3.0, STM32Cube_FW_U5_V1.3.0RC4, STM32Cube_FW_WBA_V1.0.0RC1, STM32Cube_FW_WBA_V1.1.0RC1, STM32Cube_FW_WBA_V1.1.1, STM32Cube_FW_WB_V1.15.0RC1, STM32Cube_FW_WB_V1.16.0, STM32Cube_FW_WB_V1.16.0RC2, STM32Cube_FW_WB_V1.17.3, STM32Cube_FW_WL_V1.3.0, X-CUBE-ALGOBUILD_V1.3.0, X-CUBE-ALS_V1.0.1, X-CUBE-AZRTOS-F4_V1.1.0, X-CUBE-AZRTOS-F7_V1.1.0, X-CUBE-AZRTOS-G0_V1.1.0, X-CUBE-AZRTOS-G4_V2.0.0, X-CUBE-AZRTOS-H7_V3.1.0, X-CUBE-AZRTOS-L4_V1.0.0, X-CUBE-AZRTOS-L4_V2.0.0, X-CUBE-AZRTOS-L5_V1.1.0, X-CUBE-AZRTOS-WB_V2.0.0, X-CUBE-AZRTOS-WL_V2.0.0, X-CUBE-BLE1_V7.0.0, X-CUBE-BLE2_V3.3.0, X-CUBE-BLEMGR_V2.0.0, X-CUBE-EEPRMA1_V4.1.0, X-CUBE-FREERTOS_V1.1.0, X-CUBE-GNSS1_V6.0.0, X-CUBE-MEMS1_V10.0.0, X-CUBE-MEMS1_V9.1.0, X-CUBE-MEMS1_V9.4.0, X-CUBE-MEMS1_V9.6.0, X-CUBE-NFC4_V3.0.0, X-CUBE-NFC7_V1.0.1, X-CUBE-SFXS2LP1_V4.0.0, X-CUBE-SUBG2_V5.0.0, X-CUBE-TOF1_V3.3.1]
2023-12-11 17:41:58,715 [INFO] ApiDb:240 - Found 323 in-development CPN: [B-G473E-ZEST1S, B-WB1M-WPAN1, B-WL5M-SUBG1, NUCLEO-C031C6, NUCLEO-H503RB, NUCLEO-H563ZI, NUCLEO-U545RE-Q, NUCLEO-U5A5ZJ-Q, NUCLEO-WBA52CG, STEVAL-PROTEUS1, STEVAL-SMARTAG2, STEVAL-STWINBX1, STM320518-EVAL, STM32C0116-DK, STM32C011D6Y3TR, STM32C011D6Y6TR, STM32C011F4P3, STM32C011F4P6, STM32C011F4U3, STM32C011F4U6TR, STM32C011F6P3, STM32C011F6P6, STM32C011F6U3, STM32C011F6U6TR, STM32C011J4M3, STM32C011J4M6, STM32C011J6M3, STM32C011J6M6, STM32C0316-DK, STM32C031C4T3, STM32C031C4T6, STM32C031C4U3, STM32C031C4U6, STM32C031C6T3, STM32C031C6T6, STM32C031C6U3, STM32C031C6U6, STM32C031F4P3, STM32C031F4P6, STM32C031F6P3, STM32C031F6P6, STM32C031G4U3, STM32C031G4U6, STM32C031G6U3, STM32C031G6U6, STM32C031K4T3, STM32C031K4T6, STM32C031K4U3, STM32C031K4U6, STM32C031K6T3, STM32C031K6T6, STM32C031K6U3, STM32C031K6U6, STM32G071K8TXN, STM32G071K8UXN, STM32G081GBU6N, STM32G081KBT6N, STM32G081KBUXN, STM32G0B1CCT6N, STM32G0B1KCT6, STM32G0B1NEY6TR, STM32G0B1RCT6N, STM32G0C1CCT6, STM32G0C1CCT6N, STM32G0C1CCU6N, STM32G0C1CET6N, STM32G0C1CEU6N, STM32G0C1KCT6, STM32G0C1NEY6TR, STM32G0C1RCI6N, STM32G0C1RCT6N, STM32G0C1REI6N, STM32G0C1RET6N, STM32G0C1VCI6, STM32G0C1VEI6, STM32G471CCT6, STM32G471CCU6, STM32G471CET3, STM32G471CET6, STM32G471CEU3, STM32G471CEU6, STM32G471MCT6, STM32G471MET3, STM32G471MET6, STM32G471MEY6TR, STM32G471QCT6, STM32G471QET3, STM32G471RCT6, STM32G471RET3, STM32G471RET6, STM32G471VCH6, STM32G471VCI6, STM32G471VCT6, STM32G471VEH3, STM32G471VEH6, STM32G471VEI3, STM32G471VEI6, STM32G471VET3, STM32G471VET6, STM32G474CCT6, STM32H503CBT6, STM32H503CBU6, STM32H503EBY6TR, STM32H503KBU6, STM32H503RBT6, STM32H562AGI6, STM32H562AII6, STM32H562IGK6, STM32H562IGT6, STM32H562IIK6, STM32H562IIT6, STM32H562RGT6, STM32H562RGV6, STM32H562RIT6, STM32H562RIV6, STM32H562VGT6, STM32H562VIT6, STM32H562ZGT6, STM32H562ZIT6, STM32H563AGI6, STM32H563AII3Q, STM32H563AII6, STM32H563IGK6, STM32H563IGT6, STM32H563IIK3Q, STM32H563IIK6, STM32H563IIT3Q, STM32H563IIT6, STM32H563MIY3QTR, STM32H563RGT6, STM32H563RGV6, STM32H563RIT6, STM32H563RIV6, STM32H563VGT6, STM32H563VIT3Q, STM32H563VIT6, STM32H563ZGT6, STM32H563ZIT3Q, STM32H563ZIT6, STM32H573AII3Q, STM32H573AII6, STM32H573I-DK, STM32H573IIK3Q, STM32H573IIK6, STM32H573IIT3Q, STM32H573IIT6, STM32H573MIY3QTR, STM32H573RIT6, STM32H573RIV6, STM32H573VIT3Q, STM32H573VIT6, STM32H573ZIT3Q, STM32H573ZIT6, STM32L4R5QGI6STR, STM32MP131AAE3, STM32MP131AAF3, STM32MP131AAG3, STM32MP131CAE3, STM32MP131CAF3, STM32MP131CAG3, STM32MP131DAE7, STM32MP131DAF7, STM32MP131DAG7, STM32MP131FAE7, STM32MP131FAF7, STM32MP131FAG7, STM32MP133AAE3, STM32MP133AAF3, STM32MP133AAG3, STM32MP133CAE3, STM32MP133CAF3, STM32MP133CAG3, STM32MP133DAE7, STM32MP133DAF7, STM32MP133DAG7, STM32MP133FAE7, STM32MP133FAF7, STM32MP133FAG7, STM32MP135AAE3, STM32MP135AAF3, STM32MP135AAG3, STM32MP135CAE3, STM32MP135CAF3, STM32MP135CAG3, STM32MP135DAE7, STM32MP135DAF7, STM32MP135DAG7, STM32MP135F-DK, STM32MP135FAE7, STM32MP135FAF7, STM32MP135FAF7T, STM32MP135FAF7U, STM32MP135FAG7, STM32U535CBT6, STM32U535CBT6Q, STM32U535CBU6, STM32U535CBU6Q, STM32U535CCT6, STM32U535CCT6Q, STM32U535CCU6, STM32U535CCU6Q, STM32U535CET6, STM32U535CET6Q, STM32U535CEU6, STM32U535CEU6Q, STM32U535JEY6QTR, STM32U535NCY6QTR, STM32U535NEY6QTR, STM32U535RBI6, STM32U535RBI6Q, STM32U535RBT6, STM32U535RBT6Q, STM32U535RCI6, STM32U535RCI6Q, STM32U535RCT6, STM32U535RCT6Q, STM32U535REI6, STM32U535REI6Q, STM32U535RET6, STM32U535RET6Q, STM32U535VCI6, STM32U535VCI6Q, STM32U535VCT6, STM32U535VCT6Q, STM32U535VEI6, STM32U535VEI6Q, STM32U535VET6, STM32U535VET6Q, STM32U545CET6, STM32U545CET6Q, STM32U545CEU6, STM32U545CEU6Q, STM32U545JEY6QTR, STM32U545NEY6QTR, STM32U545REI6, STM32U545REI6Q, STM32U545RET6, STM32U545RET6Q, STM32U545VEI6, STM32U545VEI6Q, STM32U545VET6, STM32U545VET6Q, STM32U595AIH6, STM32U595AIH6Q, STM32U595AJH6, STM32U595AJH6Q, STM32U595QII6, STM32U595QII6Q, STM32U595QJI6, STM32U595QJI6Q, STM32U595RIT6, STM32U595RIT6Q, STM32U595RJT6, STM32U595RJT6Q, STM32U595VIT6, STM32U595VIT6Q, STM32U595VJT6, STM32U595VJT6Q, STM32U595ZIT6, STM32U595ZIT6Q, STM32U595ZIY6QTR, STM32U595ZJT6, STM32U595ZJT6Q, STM32U595ZJY6QTR, STM32U599BJY6QTR, STM32U599NIH6Q, STM32U599NJH6Q, STM32U599VIT6Q, STM32U599VJT6, STM32U599VJT6Q, STM32U599ZIT6Q, STM32U599ZIY6QTR, STM32U599ZJT6Q, STM32U599ZJY6QTR, STM32U5A5AJH6, STM32U5A5AJH6Q, STM32U5A5QJI6, STM32U5A5QJI6Q, STM32U5A5RJT6, STM32U5A5RJT6Q, STM32U5A5VJT6, STM32U5A5VJT6Q, STM32U5A5ZJT6, STM32U5A5ZJT6Q, STM32U5A5ZJY6QTR, STM32U5A9BJY6QTR, STM32U5A9J-DK, STM32U5A9NJH6Q, STM32U5A9VJT6Q, STM32U5A9ZJT6Q, STM32U5A9ZJY6QTR, STM32U5F7VIT6, STM32U5F7VIT6Q, STM32U5F7VJT6, STM32U5F7VJT6Q, STM32U5F9BJY6QTR, STM32U5F9NJH6Q, STM32U5F9VIT6Q, STM32U5F9VJT6Q, STM32U5F9ZIJ6QTR, STM32U5F9ZIT6Q, STM32U5F9ZJJ6QTR, STM32U5F9ZJT6Q, STM32U5G7VJT6, STM32U5G7VJT6Q, STM32U5G9BJY6QTR, STM32U5G9J-DK1, STM32U5G9J-DK2, STM32U5G9NJH6Q, STM32U5G9VJT6Q, STM32U5G9ZJJ6QTR, STM32U5G9ZJT6Q, STM32WB1MMCH6, STM32WBA52CEU6, STM32WBA52CEU6T, STM32WBA52CGU6, STM32WBA52CGU6T, STM32WBA52KEU6, STM32WBA52KEU6T, STM32WBA52KGU6, STM32WBA52KGU6T, STM32WL5MOCH6, STM32WL5MOCH6TR]
2023-12-11 17:41:58,719 [INFO] DbMcus:217 - Found 3848 MCUs, 3848 are supported
2023-12-11 17:41:58,720 [INFO] ApiDb:423 - Load user favorites file C:\Users\grafd/.stm32cubeide/favorites.mcus.txt: 0 item(s)
2023-12-11 17:41:58,720 [INFO] ApiDb:427 - User favorites MCUs=[]
2023-12-11 17:41:58,720 [INFO] DbMcus:223 - Set 0 / 0 favorites MCUs
2023-12-11 17:41:58,953 [WARN] ThirdParty:833 - waiting for thirdparty lock release [change project]
2023-12-11 17:41:58,953 [INFO] ThirdParty:835 - entering critical section [change project]
2023-12-11 17:41:58,953 [INFO] ThirdParty:1030 - CMSIS Pack Vendor :STMicroelectronics X-CUBE-ISPU 1.1.0
2023-12-11 17:41:58,953 [INFO] ThirdParty:1030 - CMSIS Pack Vendor :STMicroelectronics USBPD 4.1
2023-12-11 17:41:58,954 [INFO] ThirdParty:1030 - CMSIS Pack Vendor :STMicroelectronics X-CUBE-GNSS1 6.0.0
2023-12-11 17:41:58,954 [INFO] ThirdParty:1030 - CMSIS Pack Vendor :STMicroelectronics USB_HOST 2.0.0
2023-12-11 17:41:58,954 [INFO] ThirdParty:1030 - CMSIS Pack Vendor :STMicroelectronics X-CUBE-AZRTOS-F4 1.1.0
2023-12-11 17:41:58,954 [INFO] ThirdParty:1030 - CMSIS Pack Vendor :STMicroelectronics LIBJPEG 8.0.0
2023-12-11 17:41:58,954 [INFO] ThirdParty:1030 - CMSIS Pack Vendor :wolfSSL I-CUBE-wolfSSL 5.6.4
2023-12-11 17:41:58,954 [INFO] ThirdParty:1030 - CMSIS Pack Vendor :STMicroelectronics X-CUBE-SMBUS 2.1.0
2023-12-11 17:41:58,954 [INFO] ThirdParty:1030 - CMSIS Pack Vendor :STMicroelectronics USB_DEVICE 3.0.0
2023-12-11 17:41:58,954 [INFO] ThirdParty:1030 - CMSIS Pack Vendor :STMicroelectronics X-CUBE-AZRTOS-WB 2.0.0
2023-12-11 17:41:58,954 [INFO] ThirdParty:1030 - CMSIS Pack Vendor :STMicroelectronics X-CUBE-AZRTOS-F7 1.1.0
2023-12-11 17:41:58,954 [INFO] ThirdParty:1030 - CMSIS Pack Vendor :STMicroelectronics X-CUBE-AZRTOS-L5 2.0.0
2023-12-11 17:41:58,954 [INFO] ThirdParty:1030 - CMSIS Pack Vendor :STMicroelectronics USB_DEVICE 2.0.0
2023-12-11 17:41:58,954 [INFO] ThirdParty:1030 - CMSIS Pack Vendor :STMicroelectronics X-CUBE-EEPRMA1 4.2.0
2023-12-11 17:41:58,954 [INFO] ThirdParty:1030 - CMSIS Pack Vendor :ITTIA_DB I-CUBE-ITTIADB 8.8.0
2023-12-11 17:41:58,954 [INFO] ThirdParty:1030 - CMSIS Pack Vendor :STMicroelectronics FP-SNS-MOTENV1 4.3.2
2023-12-11 17:41:58,954 [INFO] ThirdParty:1030 - CMSIS Pack Vendor :STMicroelectronics X-CUBE-ALGOBUILD 1.3.0
2023-12-11 17:41:58,954 [INFO] ThirdParty:1030 - CMSIS Pack Vendor :STMicroelectronics FreeRTOS 0.0.1
2023-12-11 17:41:58,954 [INFO] ThirdParty:1030 - CMSIS Pack Vendor :STMicroelectronics X-CUBE-AZRTOS-G0 1.1.0
2023-12-11 17:41:58,954 [INFO] ThirdParty:1030 - CMSIS Pack Vendor :STMicroelectronics X-CUBE-NFC4 3.0.0
2023-12-11 17:41:58,954 [INFO] ThirdParty:1030 - CMSIS Pack Vendor :STMicroelectronics X-CUBE-SUBG2 5.0.0
2023-12-11 17:41:58,954 [INFO] ThirdParty:1030 - CMSIS Pack Vendor :STMicroelectronics STM32_WPAN 1.0.0
2023-12-11 17:41:58,954 [INFO] ThirdParty:1030 - CMSIS Pack Vendor :STMicroelectronics lwIP 2.0.3
2023-12-11 17:41:58,954 [INFO] ThirdParty:1030 - CMSIS Pack Vendor :STMicroelectronics FP-SNS-FLIGHT1 5.0.2
2023-12-11 17:41:58,954 [INFO] ThirdParty:1030 - CMSIS Pack Vendor :STMicroelectronics USB_HOST 1.0.0
2023-12-11 17:41:58,954 [INFO] ThirdParty:1030 - CMSIS Pack Vendor :STMicroelectronics X-CUBE-TOF1 3.3.1
2023-12-11 17:41:58,954 [INFO] ThirdParty:1030 - CMSIS Pack Vendor :STMicroelectronics X-CUBE-AZRTOS-G4 2.0.0
2023-12-11 17:41:58,954 [INFO] ThirdParty:1030 - CMSIS Pack Vendor :STMicroelectronics PDM2PCM 3.1.0
2023-12-11 17:41:58,954 [INFO] ThirdParty:1030 - CMSIS Pack Vendor :STMicroelectronics X-CUBE-AZRTOS-H7 3.1.0
2023-12-11 17:41:58,954 [INFO] ThirdParty:1030 - CMSIS Pack Vendor :Infineon AIROC-Wi-Fi-Bluetooth-STM32 1.5.1
2023-12-11 17:41:58,954 [INFO] ThirdParty:1030 - CMSIS Pack Vendor :STMicroelectronics X-CUBE-BLEMGR 3.0.0
2023-12-11 17:41:58,954 [INFO] ThirdParty:1030 - CMSIS Pack Vendor :STMicroelectronics PDM2PCM 3.3.0
2023-12-11 17:41:58,954 [INFO] ThirdParty:1030 - CMSIS Pack Vendor :STMicroelectronics X-CUBE-DISPLAY 3.0.0
2023-12-11 17:41:58,954 [INFO] ThirdParty:1030 - CMSIS Pack Vendor :STMicroelectronics FP-SNS-MOTENVWB1 1.3.0
2023-12-11 17:41:58,954 [INFO] ThirdParty:1030 - CMSIS Pack Vendor :STMicroelectronics FP-SNS-MOTENVWB1 1.3.1
2023-12-11 17:41:58,954 [INFO] ThirdParty:1030 - CMSIS Pack Vendor :STMicroelectronics X-CUBE-BLE1 7.0.0
2023-12-11 17:41:58,955 [INFO] ThirdParty:1030 - CMSIS Pack Vendor :STMicroelectronics FP-ATR-SIGFOX1 3.2.0
2023-12-11 17:41:58,955 [INFO] ThirdParty:1030 - CMSIS Pack Vendor :STMicroelectronics X-CUBE-ISPU 2.0.0
2023-12-11 17:41:58,955 [INFO] ThirdParty:1030 - CMSIS Pack Vendor :STMicroelectronics HAL Drivers 0.0.0
2023-12-11 17:41:58,955 [INFO] ThirdParty:1030 - CMSIS Pack Vendor :STMicroelectronics MBEDTLS 2.16.2
2023-12-11 17:41:58,955 [INFO] ThirdParty:1030 - CMSIS Pack Vendor :emotas I-CUBE-CANOPEN 1.3.0
2023-12-11 17:41:58,955 [INFO] ThirdParty:1030 - CMSIS Pack Vendor :STMicroelectronics X-CUBE-MEMS1 10.0.0
2023-12-11 17:41:58,955 [INFO] ThirdParty:1030 - CMSIS Pack Vendor :STMicroelectronics X-CUBE-FREERTOS 1.1.0
2023-12-11 17:41:58,955 [INFO] ThirdParty:1030 - CMSIS Pack Vendor :STMicroelectronics X-CUBE-NFC7 1.0.1
2023-12-11 17:41:58,955 [INFO] ThirdParty:1030 - CMSIS Pack Vendor :STMicroelectronics MBEDTLS 2.14.1
2023-12-11 17:41:58,955 [INFO] ThirdParty:1030 - CMSIS Pack Vendor :STMicroelectronics X-CUBE-TOUCHGFX 4.22.1
2023-12-11 17:41:58,955 [INFO] ThirdParty:1030 - CMSIS Pack Vendor :STMicroelectronics X-CUBE-NFC6 3.0.0
2023-12-11 17:41:58,955 [INFO] ThirdParty:1030 - CMSIS Pack Vendor :portGmbH I-Cube-SoM-uGOAL 1.1.0
2023-12-11 17:41:58,955 [INFO] ThirdParty:1030 - CMSIS Pack Vendor :STMicroelectronics X-CUBE-ALS 1.0.1
2023-12-11 17:41:58,955 [INFO] ThirdParty:1030 - CMSIS Pack Vendor :STMicroelectronics ThreadX 1.0.0
2023-12-11 17:41:58,955 [INFO] ThirdParty:1030 - CMSIS Pack Vendor :STMicroelectronics FP-SNS-SMARTAG2 1.2.0
2023-12-11 17:41:58,955 [INFO] ThirdParty:1030 - CMSIS Pack Vendor :STMicroelectronics X-CUBE-AZRTOS-WL 2.0.0
2023-12-11 17:41:58,955 [INFO] ThirdParty:1030 - CMSIS Pack Vendor :STMicroelectronics USB_DEVICE 1.0.0
2023-12-11 17:41:58,955 [INFO] ThirdParty:1030 - CMSIS Pack Vendor :STMicroelectronics X-CUBE-AI 8.1.0
2023-12-11 17:41:58,955 [INFO] ThirdParty:1030 - CMSIS Pack Vendor :STMicroelectronics X-CUBE-AZRTOS-L4 2.0.0
2023-12-11 17:41:58,955 [INFO] ThirdParty:1030 - CMSIS Pack Vendor :STMicroelectronics ThreadX 0.0.2
2023-12-11 17:41:58,955 [INFO] ThirdParty:1030 - CMSIS Pack Vendor :WES I-CUBE-Cesium 1.3.0
2023-12-11 17:41:58,955 [INFO] ThirdParty:1030 - CMSIS Pack Vendor :STMicroelectronics FP-ATR-ASTRA1 2.0.0
2023-12-11 17:41:58,955 [INFO] ThirdParty:1030 - CMSIS Pack Vendor :STMicroelectronics lwIP 2.1.2
2023-12-11 17:41:58,955 [INFO] ThirdParty:1030 - CMSIS Pack Vendor :STMicroelectronics X-CUBE-SFXS2LP1 4.0.0
2023-12-11 17:41:58,955 [INFO] ThirdParty:1030 - CMSIS Pack Vendor :STMicroelectronics X-CUBE-BLE2 3.3.0
2023-12-11 17:41:58,955 [INFO] ThirdParty:1030 - CMSIS Pack Vendor :STMicroelectronics X-CUBE-TOF1 3.4.0
2023-12-11 17:41:58,955 [INFO] ThirdParty:1030 - CMSIS Pack Vendor :STMicroelectronics X-CUBE-AZRTOS-H7 3.2.0
2023-12-11 17:41:58,955 [INFO] ThirdParty:1030 - CMSIS Pack Vendor :STMicroelectronics PDM2PCM 3.2.0
2023-12-11 17:41:58,955 [INFO] ThirdParty:841 - exiting critical section [change project]
2023-12-11 17:41:59,271 [INFO] PinOutPanel:1499 - setPackage(No Configuration,No Configuration)
2023-12-11 17:41:59,272 [INFO] PinOutPanel:1499 - setPackage(STM32L562CETx,LQFP48)
2023-12-11 17:41:59,701 [INFO] UtilMem:75 - Before build in PCC Used Memory: 615258848 Bytes (1073741824)
2023-12-11 17:42:00,894 [INFO] UtilMem:75 - After build in PCC Used Memory: 922930736 Bytes (1073741824)
2023-12-11 17:42:00,919 [INFO] IPUIPlugin:80 - create IPUIPlugin
2023-12-11 17:42:00,920 [INFO] IPUIPlugin:80 - create IPUIPlugin
2023-12-11 17:42:00,920 [INFO] IPUIPlugin:80 - create IPUIPlugin
2023-12-11 17:42:00,920 [INFO] IPUIPlugin:80 - create IPUIPlugin
2023-12-11 17:42:00,920 [INFO] IPUIPlugin:80 - create IPUIPlugin
2023-12-11 17:42:00,920 [INFO] IPUIPlugin:80 - create IPUIPlugin
2023-12-11 17:42:00,920 [INFO] IPUIPlugin:80 - create IPUIPlugin
2023-12-11 17:42:00,920 [INFO] IPUIPlugin:80 - create IPUIPlugin
2023-12-11 17:42:00,921 [INFO] IPUIPlugin:80 - create IPUIPlugin
2023-12-11 17:42:00,921 [INFO] IPUIPlugin:80 - create IPUIPlugin
2023-12-11 17:42:00,921 [INFO] IPUIPlugin:80 - create IPUIPlugin
2023-12-11 17:42:00,921 [INFO] IPUIPlugin:80 - create IPUIPlugin
2023-12-11 17:42:00,921 [INFO] IPUIPlugin:80 - create IPUIPlugin
2023-12-11 17:42:00,921 [INFO] IPUIPlugin:80 - create IPUIPlugin
2023-12-11 17:42:00,921 [INFO] IPUIPlugin:80 - create IPUIPlugin
2023-12-11 17:42:00,921 [INFO] IPUIPlugin:80 - create IPUIPlugin
2023-12-11 17:42:00,921 [INFO] IPUIPlugin:80 - create IPUIPlugin
2023-12-11 17:42:00,921 [INFO] IPUIPlugin:80 - create IPUIPlugin
2023-12-11 17:42:00,921 [INFO] IPUIPlugin:80 - create IPUIPlugin
2023-12-11 17:42:00,921 [INFO] IPUIPlugin:80 - create IPUIPlugin
2023-12-11 17:42:00,922 [INFO] IPUIPlugin:80 - create IPUIPlugin
2023-12-11 17:42:00,922 [INFO] IPUIPlugin:80 - create IPUIPlugin
2023-12-11 17:42:00,922 [INFO] IPUIPlugin:80 - create IPUIPlugin
2023-12-11 17:42:00,922 [INFO] IPUIPlugin:80 - create IPUIPlugin
2023-12-11 17:42:00,922 [INFO] IPUIPlugin:80 - create IPUIPlugin
2023-12-11 17:42:00,922 [INFO] IPUIPlugin:80 - create IPUIPlugin
2023-12-11 17:42:00,922 [INFO] IPUIPlugin:80 - create IPUIPlugin
2023-12-11 17:42:00,923 [INFO] IPUIPlugin:80 - create IPUIPlugin
2023-12-11 17:42:00,923 [INFO] IPUIPlugin:80 - create IPUIPlugin
2023-12-11 17:42:00,923 [INFO] IPUIPlugin:80 - create IPUIPlugin
2023-12-11 17:42:00,923 [INFO] IPUIPlugin:80 - create IPUIPlugin
2023-12-11 17:42:00,923 [INFO] IPUIPlugin:80 - create IPUIPlugin
2023-12-11 17:42:00,923 [INFO] IPUIPlugin:80 - create IPUIPlugin
2023-12-11 17:42:00,923 [INFO] IPUIPlugin:80 - create IPUIPlugin
2023-12-11 17:42:00,924 [INFO] IPUIPlugin:80 - create IPUIPlugin
2023-12-11 17:42:00,924 [INFO] IPUIPlugin:80 - create IPUIPlugin
2023-12-11 17:42:00,924 [INFO] IPUIPlugin:80 - create IPUIPlugin
2023-12-11 17:42:00,924 [INFO] IPUIPlugin:80 - create IPUIPlugin
2023-12-11 17:42:00,925 [INFO] IPUIPlugin:80 - create IPUIPlugin
2023-12-11 17:42:00,925 [INFO] IPUIPlugin:80 - create IPUIPlugin
2023-12-11 17:42:00,925 [INFO] IPUIPlugin:80 - create IPUIPlugin
2023-12-11 17:42:00,925 [INFO] IPUIPlugin:80 - create IPUIPlugin
2023-12-11 17:42:00,925 [INFO] IPUIPlugin:80 - create IPUIPlugin
2023-12-11 17:42:00,925 [INFO] IPUIPlugin:80 - create IPUIPlugin
2023-12-11 17:42:00,926 [INFO] IPUIPlugin:80 - create IPUIPlugin
2023-12-11 17:42:00,926 [INFO] IPUIPlugin:80 - create IPUIPlugin
2023-12-11 17:42:00,926 [INFO] IPUIPlugin:80 - create IPUIPlugin
2023-12-11 17:42:00,926 [INFO] IPUIPlugin:80 - create IPUIPlugin
2023-12-11 17:42:00,926 [INFO] IPUIPlugin:80 - create IPUIPlugin
2023-12-11 17:42:00,926 [INFO] IPUIPlugin:80 - create IPUIPlugin
2023-12-11 17:42:00,927 [INFO] IPUIPlugin:80 - create IPUIPlugin
2023-12-11 17:42:00,927 [INFO] IPUIPlugin:80 - create IPUIPlugin
2023-12-11 17:42:00,927 [INFO] IPUIPlugin:80 - create IPUIPlugin
2023-12-11 17:42:00,927 [INFO] IPUIPlugin:80 - create IPUIPlugin
2023-12-11 17:42:00,927 [INFO] IPUIPlugin:80 - create IPUIPlugin
2023-12-11 17:42:00,927 [INFO] IPUIPlugin:80 - create IPUIPlugin
2023-12-11 17:42:00,927 [INFO] IPUIPlugin:80 - create IPUIPlugin
2023-12-11 17:42:00,927 [INFO] IPUIPlugin:80 - create IPUIPlugin
2023-12-11 17:42:00,928 [INFO] IPUIPlugin:80 - create IPUIPlugin
2023-12-11 17:42:00,928 [INFO] IPUIPlugin:80 - create IPUIPlugin
2023-12-11 17:42:00,928 [INFO] IPUIPlugin:80 - create IPUIPlugin
2023-12-11 17:42:00,928 [INFO] IPUIPlugin:80 - create IPUIPlugin
2023-12-11 17:42:00,928 [INFO] IPUIPlugin:80 - create IPUIPlugin
2023-12-11 17:42:00,928 [INFO] IPUIPlugin:80 - create IPUIPlugin
2023-12-11 17:42:00,930 [INFO] IPUIPlugin:80 - create IPUIPlugin
2023-12-11 17:42:00,930 [INFO] IPUIPlugin:80 - create IPUIPlugin
2023-12-11 17:42:00,930 [INFO] IPUIPlugin:80 - create IPUIPlugin
2023-12-11 17:42:00,930 [INFO] IPUIPlugin:80 - create IPUIPlugin
2023-12-11 17:42:00,930 [INFO] IPUIPlugin:80 - create IPUIPlugin
2023-12-11 17:42:00,931 [INFO] IPUIPlugin:80 - create IPUIPlugin
2023-12-11 17:42:01,195 [INFO] CADModel:165 - CPN selected for project levelSTM32L562CET6
2023-12-11 17:42:01,195 [INFO] CADModel:114 - Register for checkConnection events
2023-12-11 17:42:01,249 [INFO] OpenFileManager:328 - Restore cursor
2023-12-11 17:45:04,085 [INFO] I2cTimingTraitement:330 - 0x00000E14
2023-12-11 17:48:12,485 [INFO] NvicIntPanel:101 - NVIC parent = com.st.microxplorer.plugins.ip.nvic.MultiNvicIntPanel[,0,0,0x0,invalid,layout=javax.swing.BoxLayout,alignmentX=0.0,alignmentY=0.0,border=,flags=9,maximumSize=,minimumSize=,preferredSize=]
2023-12-11 17:50:13,041 [INFO] UtilMem:75 - End SaveConfig() Used Memory: 771629920 Bytes (1073741824)
2023-12-11 17:50:13,089 [INFO] UtilMem:75 - End SaveConfig() Used Memory: 789977952 Bytes (1073741824)
2023-12-11 17:50:14,764 [INFO] UtilMem:75 - End SaveConfig() Used Memory: 835066720 Bytes (1073741824)
2023-12-11 17:50:16,937 [INFO] BlockDiagram:2759 - set Specific Code input for plugin: SPI
2023-12-11 17:50:16,937 [INFO] BlockDiagram:2759 - set Specific Code input for plugin: TIM1_8L5
2023-12-11 17:50:16,937 [INFO] BlockDiagram:2759 - set Specific Code input for plugin: RCC
2023-12-11 17:50:16,937 [INFO] BlockDiagram:2759 - set Specific Code input for plugin: I2C
2023-12-11 17:50:16,937 [INFO] BlockDiagram:2759 - set Specific Code input for plugin: NVIC
2023-12-11 17:50:16,937 [INFO] BlockDiagram:2759 - set Specific Code input for plugin: TIM1_8L5
2023-12-11 17:50:16,937 [INFO] BlockDiagram:2759 - set Specific Code input for plugin: UART
2023-12-11 17:50:16,937 [INFO] BlockDiagram:2759 - set Specific Code input for plugin: DEBUG
2023-12-11 17:50:16,938 [INFO] BlockDiagram:2759 - set Specific Code input for plugin: GPIO
2023-12-11 17:50:16,938 [INFO] CodeGenerator:799 - code generatio: config db path: C:\ST\STM32CubeIDE_1.13.2\STM32CubeIDE\plugins\com.st.stm32cube.common.mx_6.9.2.202309101412\\db\
2023-12-11 17:50:17,189 [INFO] CodeEngine:255 - oldGeneratedFile, C:\Users\grafd\STM32CubeIDE\workspace_1.13.2\PortableGenerator\MXTmpFiles\license.tmp_save
2023-12-11 17:50:17,462 [INFO] CodeEngine:279 - Generated code: C:\Users\grafd\STM32CubeIDE\workspace_1.13.2\PortableGenerator\MXTmpFiles\license.tmp
2023-12-11 17:50:17,588 [INFO] CodeEngine:255 - oldGeneratedFile, C:\Users\grafd\STM32CubeIDE\workspace_1.13.2\PortableGenerator\MXTmpFiles\gpio.tmp_save
2023-12-11 17:50:17,719 [INFO] CodeEngine:279 - Generated code: C:\Users\grafd\STM32CubeIDE\workspace_1.13.2\PortableGenerator\MXTmpFiles\gpio.tmp
2023-12-11 17:50:17,723 [WARN] IPConfigManager:99 - WARNING: Missing Config File for DEBUG ip!!
2023-12-11 17:50:18,219 [INFO] CodeEngine:255 - oldGeneratedFile, C:\Users\grafd\STM32CubeIDE\workspace_1.13.2\PortableGenerator\Core\Src\stm32l5xx_it.c_save
2023-12-11 17:50:18,371 [INFO] CodeEngine:279 - Generated code: C:\Users\grafd\STM32CubeIDE\workspace_1.13.2\PortableGenerator\Core\Src\stm32l5xx_it.c
2023-12-11 17:50:18,393 [INFO] CodeEngine:255 - oldGeneratedFile, C:\Users\grafd\STM32CubeIDE\workspace_1.13.2\PortableGenerator\Core\Inc\stm32l5xx_it.h_save
2023-12-11 17:50:18,470 [INFO] CodeEngine:279 - Generated code: C:\Users\grafd\STM32CubeIDE\workspace_1.13.2\PortableGenerator\Core\Inc\stm32l5xx_it.h
2023-12-11 17:50:18,586 [INFO] CodeEngine:255 - oldGeneratedFile, C:\Users\grafd\STM32CubeIDE\workspace_1.13.2\PortableGenerator\Core\Src\stm32l5xx_hal_msp.c_save
2023-12-11 17:50:18,718 [INFO] CodeEngine:279 - Generated code: C:\Users\grafd\STM32CubeIDE\workspace_1.13.2\PortableGenerator\Core\Src\stm32l5xx_hal_msp.c
2023-12-11 17:50:18,730 [INFO] CodeEngine:255 - oldGeneratedFile, C:\Users\grafd\STM32CubeIDE\workspace_1.13.2\PortableGenerator\MXTmpFiles\system.tmp_save
2023-12-11 17:50:18,787 [INFO] CodeEngine:279 - Generated code: C:\Users\grafd\STM32CubeIDE\workspace_1.13.2\PortableGenerator\MXTmpFiles\system.tmp
2023-12-11 17:50:18,807 [INFO] CodeEngine:311 - oldGeneratedFile, C:\Users\grafd\STM32CubeIDE\workspace_1.13.2\PortableGenerator\Core\Inc\stm32l5xx_hal_conf.h_save
2023-12-11 17:50:18,889 [INFO] CodeEngine:335 - Generated code: C:\Users\grafd\STM32CubeIDE\workspace_1.13.2\PortableGenerator\Core\Inc\stm32l5xx_hal_conf.h
2023-12-11 17:50:18,926 [WARN] IPConfigManager:3431 - IP not found : TIM
2023-12-11 17:50:18,928 [WARN] CodeGenerator:3764 - IP not found : null
2023-12-11 17:50:18,949 [INFO] CodeEngine:255 - oldGeneratedFile, C:\Users\grafd\STM32CubeIDE\workspace_1.13.2\PortableGenerator\Core\Inc\main.h_save
2023-12-11 17:50:19,037 [INFO] CodeEngine:279 - Generated code: C:\Users\grafd\STM32CubeIDE\workspace_1.13.2\PortableGenerator\Core\Inc\main.h
2023-12-11 17:50:19,055 [INFO] CodeEngine:255 - oldGeneratedFile, C:\Users\grafd\STM32CubeIDE\workspace_1.13.2\PortableGenerator\Core\Src\main.c_save
2023-12-11 17:50:19,197 [INFO] CodeEngine:279 - Generated code: C:\Users\grafd\STM32CubeIDE\workspace_1.13.2\PortableGenerator\Core\Src\main.c
2023-12-11 17:50:19,656 [INFO] ProjectBuilder:3064 - Time for Copy HAL[1] : 211mS.
2023-12-11 17:50:19,662 [INFO] ProjectBuilder:4404 - Project Generator version: 4.1.0
2023-12-11 17:50:19,866 [INFO] ConfigFileManager:1457 - The Die is : DIE472
2023-12-11 17:50:19,881 [INFO] ApiDbMcu:507 - Load IP Config File for FATFS
2023-12-11 17:50:19,891 [INFO] ApiDbMcu:507 - Load IP Config File for FREERTOS
2023-12-11 17:50:19,906 [INFO] ApiDbMcu:507 - Load IP Config File for MBEDTLS
2023-12-11 17:50:19,924 [INFO] ApiDbMcu:507 - Load IP Config File for TOUCHSENSING
2023-12-11 17:50:19,934 [INFO] ApiDbMcu:507 - Load IP Config File for USBPD
2023-12-11 17:50:19,947 [INFO] ApiDbMcu:507 - Load IP Config File for USB_Device
2023-12-11 17:50:20,754 [INFO] LogOutputStream:77 - [STDOUT_REDIRECT] 
2023-12-11 17:50:22,509 [INFO] ProjectBuilder:4626 - Time for Generating toolchain IDE Files: 2846mS.
2023-12-11 17:50:22,510 [INFO] ProjectBuilder:2935 - Time for Copy CMSIS : 0mS.
2023-12-11 17:50:22,512 [INFO] ProjectBuilder:2935 - Time for Copy CMSIS : 0mS.
