2024-02-29 10:04:07,261 [INFO] Activator:176 - 


2024-02-29 10:04:07,276 [INFO] Activator:177 - !SESSION log4j initialized
2024-02-29 10:04:12,477 [INFO] LogOutputStream:77 - [STDOUT_REDIRECT] 
2024-02-29 10:04:13,385 [INFO] ApplicationProperties:184 - Using Application install path: C:\ST\STM32CubeIDE_1.13.2\STM32CubeIDE\plugins\com.st.stm32cube.common.mx_6.10.0.202311202037
2024-02-29 10:04:13,404 [INFO] DbMcusXml:78 - Set database path to: C:\ST\STM32CubeIDE_1.13.2\STM32CubeIDE\plugins\com.st.stm32cube.common.mx_6.10.0.202311202037\\db\/mcu/
2024-02-29 10:04:13,404 [INFO] ApiDb:274 - Set plugin database path to: C:\ST\STM32CubeIDE_1.13.2\STM32CubeIDE\plugins\com.st.stm32cube.common.mx_6.10.0.202311202037\\db\/plugins/boardmanager/
2024-02-29 10:04:13,404 [WARN] ApiDb:259 - Overriding images path with different value:  => C:\ST\STM32CubeIDE_1.13.2\STM32CubeIDE\plugins\com.st.stm32cube.common.mx_6.10.0.202311202037\\db\/plugins/mcufinder/images/
2024-02-29 10:04:13,416 [INFO] ApiDb:250 - Set database path to: C:\Users\grafd\.stmcufinder\plugins\mcufinder//mcu/
2024-02-29 10:04:13,418 [INFO] DbMcusAds:125 - Set database path to: C:\Users\grafd\.stmcufinder\plugins\mcufinder//mcu/
2024-02-29 10:04:13,419 [INFO] CrossReferenceDbSqlite:203 - Set database path to: C:\Users\grafd\.stmcufinder\plugins\mcufinder//mcu/cs/
2024-02-29 10:04:13,530 [INFO] RulesReader:64 - Compatibility file has been processed (297 Rules)
2024-02-29 10:04:13,621 [INFO] DbMcusXml:78 - Set database path to: C:\ST\STM32CubeIDE_1.13.2\STM32CubeIDE\plugins\com.st.stm32cube.common.mx_6.10.0.202311202037\\db\/mcu/
2024-02-29 10:04:13,621 [INFO] ApiDb:274 - Set plugin database path to: C:\ST\STM32CubeIDE_1.13.2\STM32CubeIDE\plugins\com.st.stm32cube.common.mx_6.10.0.202311202037\\db\/plugins/boardmanager/
2024-02-29 10:04:13,621 [INFO] ApiDb:261 - Set plugin images path to: C:\ST\STM32CubeIDE_1.13.2\STM32CubeIDE\plugins\com.st.stm32cube.common.mx_6.10.0.202311202037\\db\/plugins/mcufinder/images/
2024-02-29 10:04:13,621 [WARN] DbFile:41 - Overriding database path with different value: C:\Users\grafd\.stmcufinder\plugins\mcufinder/ => C:\Users\grafd\.stmcufinder\plugins\mcufinder
2024-02-29 10:04:13,621 [INFO] ApiDb:250 - Set database path to: C:\Users\grafd\.stmcufinder\plugins\mcufinder//mcu/
2024-02-29 10:04:13,621 [WARN] DbFile:41 - Overriding database path with different value: C:\Users\grafd\.stmcufinder\plugins\mcufinder/ => C:\Users\grafd\.stmcufinder\plugins\mcufinder
2024-02-29 10:04:13,621 [INFO] DbMcusAds:125 - Set database path to: C:\Users\grafd\.stmcufinder\plugins\mcufinder//mcu/
2024-02-29 10:04:13,621 [WARN] DbFile:41 - Overriding database path with different value: C:\Users\grafd\.stmcufinder\plugins\mcufinder/ => C:\Users\grafd\.stmcufinder\plugins\mcufinder
2024-02-29 10:04:13,621 [WARN] DbFile:41 - Overriding database path with different value: C:\Users\grafd\.stmcufinder\plugins\mcufinder/ => C:\Users\grafd\.stmcufinder\plugins\mcufinder
2024-02-29 10:04:13,622 [INFO] CrossReferenceDbSqlite:203 - Set database path to: C:\Users\grafd\.stmcufinder\plugins\mcufinder//mcu/cs/
2024-02-29 10:04:13,696 [INFO] MainPanel:264 - HeapMemory: 268435456
2024-02-29 10:04:13,783 [INFO] DbMcusXml:78 - Set database path to: C:\ST\STM32CubeIDE_1.13.2\STM32CubeIDE\plugins\com.st.stm32cube.common.mx_6.10.0.202311202037\\db\/mcu/
2024-02-29 10:04:13,783 [INFO] ApiDb:274 - Set plugin database path to: C:\ST\STM32CubeIDE_1.13.2\STM32CubeIDE\plugins\com.st.stm32cube.common.mx_6.10.0.202311202037\\db\/plugins/boardmanager/
2024-02-29 10:04:13,783 [INFO] ApiDb:261 - Set plugin images path to: C:\ST\STM32CubeIDE_1.13.2\STM32CubeIDE\plugins\com.st.stm32cube.common.mx_6.10.0.202311202037\\db\/plugins/mcufinder/images/
2024-02-29 10:04:13,784 [WARN] DbFile:41 - Overriding database path with different value: C:\Users\grafd\.stmcufinder\plugins\mcufinder/ => C:\Users\grafd\.stmcufinder\plugins\mcufinder
2024-02-29 10:04:13,784 [INFO] ApiDb:250 - Set database path to: C:\Users\grafd\.stmcufinder\plugins\mcufinder//mcu/
2024-02-29 10:04:13,784 [WARN] DbFile:41 - Overriding database path with different value: C:\Users\grafd\.stmcufinder\plugins\mcufinder/ => C:\Users\grafd\.stmcufinder\plugins\mcufinder
2024-02-29 10:04:13,784 [INFO] DbMcusAds:125 - Set database path to: C:\Users\grafd\.stmcufinder\plugins\mcufinder//mcu/
2024-02-29 10:04:13,784 [WARN] DbFile:41 - Overriding database path with different value: C:\Users\grafd\.stmcufinder\plugins\mcufinder/ => C:\Users\grafd\.stmcufinder\plugins\mcufinder
2024-02-29 10:04:13,784 [WARN] DbFile:41 - Overriding database path with different value: C:\Users\grafd\.stmcufinder\plugins\mcufinder/ => C:\Users\grafd\.stmcufinder\plugins\mcufinder
2024-02-29 10:04:13,784 [INFO] CrossReferenceDbSqlite:203 - Set database path to: C:\Users\grafd\.stmcufinder\plugins\mcufinder//mcu/cs/
2024-02-29 10:04:13,801 [INFO] ApplicationProperties:184 - Using Application install path: C:\ST\STM32CubeIDE_1.13.2\STM32CubeIDE\plugins\com.st.stm32cube.common.mx_6.10.0.202311202037
2024-02-29 10:04:13,802 [INFO] PluginManage:196 - Search for loadable plugins [exclusion list=, ]
2024-02-29 10:04:13,804 [INFO] PluginManage:310 - Check plugin analytics
2024-02-29 10:04:13,958 [INFO] AnalyticsPlugin:253 - Accepted Software Licenses: 
2024-02-29 10:04:13,958 [INFO] AnalyticsPlugin:255 - Accepted CMSIS Pack Licenses: 
2024-02-29 10:04:13,958 [INFO] AnalyticsPlugin:257 - Accepted Firmware Licenses: 
2024-02-29 10:04:13,960 [INFO] PluginManage:359 - Loaded plugin analytics (category:tool,tabindex:-1)
2024-02-29 10:04:13,961 [INFO] PluginManage:310 - Check plugin cadmodel
2024-02-29 10:04:13,977 [INFO] CADModel:105 - Init CAD model plugin
2024-02-29 10:04:13,977 [INFO] PluginManage:359 - Loaded plugin cadmodel (category:power,tabindex:5)
2024-02-29 10:04:13,977 [INFO] PluginManage:310 - Check plugin clock
2024-02-29 10:04:13,999 [INFO] PluginManage:359 - Loaded plugin clock (category:base,tabindex:2)
2024-02-29 10:04:13,999 [INFO] PluginManage:310 - Check plugin ddr
2024-02-29 10:04:14,002 [INFO] PluginManage:359 - Loaded plugin ddr (category:tool,tabindex:6)
2024-02-29 10:04:14,002 [INFO] PluginManage:310 - Check plugin filemanager
2024-02-29 10:04:14,148 [INFO] PluginManage:359 - Loaded plugin filemanager (category:base,tabindex:10)
2024-02-29 10:04:14,149 [INFO] PluginManage:310 - Check plugin ipmanager
2024-02-29 10:04:14,157 [INFO] PluginManage:359 - Loaded plugin ipmanager (category:base,tabindex:5)
2024-02-29 10:04:14,157 [INFO] PluginManage:310 - Check plugin lpbam
2024-02-29 10:04:14,177 [INFO] PluginManage:359 - Loaded plugin lpbam (category:base,tabindex:0)
2024-02-29 10:04:14,177 [INFO] PluginManage:310 - Check plugin memorymap
2024-02-29 10:04:14,203 [INFO] PluginManage:359 - Loaded plugin memorymap (category:base,tabindex:4)
2024-02-29 10:04:14,204 [INFO] PluginManage:310 - Check plugin pinoutandconfiguration
2024-02-29 10:04:14,220 [INFO] PluginManage:359 - Loaded plugin pinoutandconfiguration (category:base,tabindex:1)
2024-02-29 10:04:14,220 [INFO] PluginManage:310 - Check plugin pinoutconfig
2024-02-29 10:04:14,323 [WARN] SupportedApi:132 - Cannot load RTOS API schema: s4s-elt-must-match.1: The content of 'definitions' must match (annotation?, (simpleType | complexType)?, (unique | key | keyref)*)). A problem was found starting at: attribute.
2024-02-29 10:04:14,465 [INFO] PluginManage:359 - Loaded plugin pinoutconfig (category:base,tabindex:0)
2024-02-29 10:04:14,466 [INFO] PluginManage:310 - Check plugin power
2024-02-29 10:04:14,485 [INFO] PluginManage:359 - Loaded plugin power (category:power,tabindex:4)
2024-02-29 10:04:14,485 [INFO] PluginManage:310 - Check plugin projectmanager
2024-02-29 10:04:14,500 [INFO] PluginManage:359 - Loaded plugin projectmanager (category:projectmanager,tabindex:3)
2024-02-29 10:04:14,500 [INFO] PluginManage:310 - Check plugin thirdparty
2024-02-29 10:04:14,771 [INFO] PluginManage:359 - Loaded plugin thirdparty (category:base,tabindex:-1)
2024-02-29 10:04:14,771 [WARN] IntegrityCheckThread:84 - waiting for thirdparty lock release [integrity check]
2024-02-29 10:04:14,771 [INFO] PluginManage:310 - Check plugin tools
2024-02-29 10:04:14,771 [INFO] IntegrityCheckThread:86 - entering critical section [integrity check]
2024-02-29 10:04:14,772 [INFO] ThirdPartyUpdaterWithRetryManager:70 - Updater plugin not ready yet. [1/15]
2024-02-29 10:04:14,808 [INFO] PluginManage:359 - Loaded plugin tools (category:base,tabindex:7)
2024-02-29 10:04:14,808 [INFO] PluginManage:310 - Check plugin tutovideos
2024-02-29 10:04:15,026 [INFO] PluginManage:359 - Loaded plugin tutovideos (category:base,tabindex:-1)
2024-02-29 10:04:15,027 [INFO] PluginManage:310 - Check plugin updater
2024-02-29 10:04:15,037 [INFO] PluginManage:359 - Loaded plugin updater (category:base,tabindex:12)
2024-02-29 10:04:15,037 [INFO] PluginManage:310 - Check plugin userauth
2024-02-29 10:04:15,045 [INFO] UserAuth:114 - Init User Auth plugin
2024-02-29 10:04:15,045 [INFO] PluginManage:359 - Loaded plugin userauth (category:base,tabindex:14)
2024-02-29 10:04:15,045 [INFO] PluginManage:283 - PluginManage : Loaded plugins [17]
2024-02-29 10:04:15,273 [INFO] PinOutPanel:1499 - setPackage(No Configuration,No Configuration)
2024-02-29 10:04:15,353 [INFO] CADModel:165 - CPN selected for project level
2024-02-29 10:04:15,354 [INFO] CADModel:114 - Register for checkConnection events
2024-02-29 10:04:15,383 [INFO] IPUIPlugin:80 - create IPUIPlugin
2024-02-29 10:04:15,383 [INFO] PluginManager:220 - loadIPPluginJar : add adc
2024-02-29 10:04:15,418 [INFO] IPUIPlugin:80 - create IPUIPlugin
2024-02-29 10:04:15,418 [INFO] PluginManager:220 - loadIPPluginJar : add aes
2024-02-29 10:04:15,454 [INFO] IPUIPlugin:80 - create IPUIPlugin
2024-02-29 10:04:15,454 [INFO] PluginManager:220 - loadIPPluginJar : add can
2024-02-29 10:04:15,474 [INFO] IPUIPlugin:80 - create IPUIPlugin
2024-02-29 10:04:15,474 [INFO] PluginManager:220 - loadIPPluginJar : add comp
2024-02-29 10:04:15,503 [INFO] IPUIPlugin:80 - create IPUIPlugin
2024-02-29 10:04:15,504 [INFO] PluginManager:220 - loadIPPluginJar : add cryp
2024-02-29 10:04:15,535 [INFO] IPUIPlugin:80 - create IPUIPlugin
2024-02-29 10:04:15,536 [INFO] PluginManager:220 - loadIPPluginJar : add dfsdm
2024-02-29 10:04:15,549 [INFO] IPUIPlugin:80 - create IPUIPlugin
2024-02-29 10:04:15,550 [INFO] PluginManager:220 - loadIPPluginJar : add dma
2024-02-29 10:04:15,589 [INFO] IPUIPlugin:80 - create IPUIPlugin
2024-02-29 10:04:15,590 [INFO] PluginManager:220 - loadIPPluginJar : add dma3
2024-02-29 10:04:15,607 [INFO] IPUIPlugin:80 - create IPUIPlugin
2024-02-29 10:04:15,608 [INFO] PluginManager:220 - loadIPPluginJar : add fatfs
2024-02-29 10:04:15,649 [INFO] IPUIPlugin:80 - create IPUIPlugin
2024-02-29 10:04:15,649 [INFO] PluginManager:220 - loadIPPluginJar : add fmc
2024-02-29 10:04:15,664 [INFO] IPUIPlugin:80 - create IPUIPlugin
2024-02-29 10:04:15,664 [INFO] PluginManager:220 - loadIPPluginJar : add freertos
2024-02-29 10:04:15,683 [INFO] IPUIPlugin:80 - create IPUIPlugin
2024-02-29 10:04:15,683 [INFO] PluginManager:220 - loadIPPluginJar : add genericplugin
2024-02-29 10:04:15,782 [INFO] IPUIPlugin:80 - create IPUIPlugin
2024-02-29 10:04:15,782 [INFO] PluginManager:220 - loadIPPluginJar : add gfxmmu
2024-02-29 10:04:15,888 [INFO] IPUIPlugin:80 - create IPUIPlugin
2024-02-29 10:04:15,888 [INFO] PluginManager:220 - loadIPPluginJar : add gic
2024-02-29 10:04:15,900 [INFO] IPUIPlugin:80 - create IPUIPlugin
2024-02-29 10:04:15,900 [INFO] PluginManager:220 - loadIPPluginJar : add gpio
2024-02-29 10:04:15,976 [INFO] IPUIPlugin:80 - create IPUIPlugin
2024-02-29 10:04:15,977 [INFO] PluginManager:220 - loadIPPluginJar : add gtzc
2024-02-29 10:04:16,009 [INFO] IPUIPlugin:80 - create IPUIPlugin
2024-02-29 10:04:16,009 [INFO] PluginManager:220 - loadIPPluginJar : add hash
2024-02-29 10:04:16,061 [INFO] IPUIPlugin:80 - create IPUIPlugin
2024-02-29 10:04:16,061 [INFO] PluginManager:220 - loadIPPluginJar : add i2c
2024-02-29 10:04:16,098 [INFO] IPUIPlugin:80 - create IPUIPlugin
2024-02-29 10:04:16,098 [INFO] PluginManager:220 - loadIPPluginJar : add i2s
2024-02-29 10:04:16,138 [INFO] IPUIPlugin:80 - create IPUIPlugin
2024-02-29 10:04:16,138 [INFO] PluginManager:220 - loadIPPluginJar : add i3c
2024-02-29 10:04:16,231 [INFO] IPUIPlugin:80 - create IPUIPlugin
2024-02-29 10:04:16,231 [INFO] PluginManager:220 - loadIPPluginJar : add ipddr
2024-02-29 10:04:16,305 [INFO] IPUIPlugin:80 - create IPUIPlugin
2024-02-29 10:04:16,305 [INFO] PluginManager:220 - loadIPPluginJar : add linkedlist
2024-02-29 10:04:16,329 [INFO] IPUIPlugin:80 - create IPUIPlugin
2024-02-29 10:04:16,329 [INFO] PluginManager:220 - loadIPPluginJar : add lorawan
2024-02-29 10:04:16,355 [INFO] IPUIPlugin:80 - create IPUIPlugin
2024-02-29 10:04:16,355 [INFO] PluginManager:220 - loadIPPluginJar : add ltdc
2024-02-29 10:04:16,368 [INFO] IPUIPlugin:80 - create IPUIPlugin
2024-02-29 10:04:16,368 [INFO] PluginManager:220 - loadIPPluginJar : add mdma
2024-02-29 10:04:16,379 [INFO] IPUIPlugin:80 - create IPUIPlugin
2024-02-29 10:04:16,379 [INFO] PluginManager:220 - loadIPPluginJar : add nvic
2024-02-29 10:04:16,407 [INFO] IPUIPlugin:80 - create IPUIPlugin
2024-02-29 10:04:16,407 [INFO] PluginManager:220 - loadIPPluginJar : add opamp
2024-02-29 10:04:16,450 [INFO] IPUIPlugin:80 - create IPUIPlugin
2024-02-29 10:04:16,450 [INFO] PluginManager:220 - loadIPPluginJar : add openamp
2024-02-29 10:04:16,488 [INFO] IPUIPlugin:80 - create IPUIPlugin
2024-02-29 10:04:16,488 [INFO] PluginManager:220 - loadIPPluginJar : add pdm2pcm
2024-02-29 10:04:16,501 [INFO] IPUIPlugin:80 - create IPUIPlugin
2024-02-29 10:04:16,503 [INFO] PluginManager:220 - loadIPPluginJar : add plateformsettings
2024-02-29 10:04:16,523 [INFO] IPUIPlugin:80 - create IPUIPlugin
2024-02-29 10:04:16,523 [INFO] PluginManager:220 - loadIPPluginJar : add quadspi
2024-02-29 10:04:16,535 [INFO] IPUIPlugin:80 - create IPUIPlugin
2024-02-29 10:04:16,535 [INFO] PluginManager:220 - loadIPPluginJar : add resmgrutility
2024-02-29 10:04:16,576 [INFO] IPUIPlugin:80 - create IPUIPlugin
2024-02-29 10:04:16,576 [INFO] PluginManager:220 - loadIPPluginJar : add sai
2024-02-29 10:04:16,605 [INFO] IPUIPlugin:80 - create IPUIPlugin
2024-02-29 10:04:16,605 [INFO] PluginManager:220 - loadIPPluginJar : add spi
2024-02-29 10:04:16,655 [INFO] IPUIPlugin:80 - create IPUIPlugin
2024-02-29 10:04:16,655 [INFO] PluginManager:220 - loadIPPluginJar : add stm32_wpan
2024-02-29 10:04:16,672 [INFO] IPUIPlugin:80 - create IPUIPlugin
2024-02-29 10:04:16,672 [INFO] PluginManager:220 - loadIPPluginJar : add tim
2024-02-29 10:04:16,713 [INFO] IPUIPlugin:80 - create IPUIPlugin
2024-02-29 10:04:16,713 [INFO] PluginManager:220 - loadIPPluginJar : add touchsensing
2024-02-29 10:04:16,730 [INFO] IPUIPlugin:80 - create IPUIPlugin
2024-02-29 10:04:16,730 [INFO] PluginManager:220 - loadIPPluginJar : add tracer_emb
2024-02-29 10:04:16,748 [INFO] IPUIPlugin:80 - create IPUIPlugin
2024-02-29 10:04:16,749 [INFO] PluginManager:220 - loadIPPluginJar : add ts
2024-02-29 10:04:16,766 [INFO] IPUIPlugin:80 - create IPUIPlugin
2024-02-29 10:04:16,766 [INFO] PluginManager:220 - loadIPPluginJar : add tsc
2024-02-29 10:04:16,783 [INFO] IPUIPlugin:80 - create IPUIPlugin
2024-02-29 10:04:16,783 [INFO] PluginManager:220 - loadIPPluginJar : add ucpd
2024-02-29 10:04:16,818 [INFO] IPUIPlugin:80 - create IPUIPlugin
2024-02-29 10:04:16,818 [INFO] PluginManager:220 - loadIPPluginJar : add usart
2024-02-29 10:04:16,857 [INFO] IPUIPlugin:80 - create IPUIPlugin
2024-02-29 10:04:16,857 [INFO] PluginManager:220 - loadIPPluginJar : add usbx
2024-02-29 10:04:16,977 [INFO] CADModel:165 - CPN selected for project level
2024-02-29 10:04:16,977 [INFO] CADModel:114 - Register for checkConnection events
2024-02-29 10:04:16,977 [FATAL] Updater:308 - Updater called before beeing initialized
2024-02-29 10:04:16,977 [ERROR] CADModel:125 - Updater not yet initialized, retry later 
2024-02-29 10:04:17,116 [INFO] CADModel:165 - CPN selected for project level
2024-02-29 10:04:17,116 [INFO] CADModel:114 - Register for checkConnection events
2024-02-29 10:04:17,116 [FATAL] Updater:308 - Updater called before beeing initialized
2024-02-29 10:04:17,116 [ERROR] CADModel:125 - Updater not yet initialized, retry later 
2024-02-29 10:04:17,119 [FATAL] Updater:308 - Updater called before beeing initialized
2024-02-29 10:04:17,221 [FATAL] Updater:308 - Updater called before beeing initialized
2024-02-29 10:04:17,229 [INFO] DbMcusAds:53 - JSON generation date=Thu Sep 30 08:55:09 CEST 2021 (1632984909247)
2024-02-29 10:04:17,230 [FATAL] Updater:308 - Updater called before beeing initialized
2024-02-29 10:04:17,295 [WARN] DetailPanel:346 - Failed to get advertising image, set to default
2024-02-29 10:04:17,379 [FATAL] Updater:308 - Updater called before beeing initialized
2024-02-29 10:04:17,381 [FATAL] Updater:308 - Updater called before beeing initialized
2024-02-29 10:04:17,381 [FATAL] Updater:308 - Updater called before beeing initialized
2024-02-29 10:04:17,381 [WARN] DetailPanel:346 - Failed to get advertising image, set to default
2024-02-29 10:04:17,381 [FATAL] Updater:308 - Updater called before beeing initialized
2024-02-29 10:04:17,437 [ERROR] Updater:1120 - MainUpdater not yet initialized. External WinMGr cannot be set.
2024-02-29 10:04:17,448 [INFO] Updater:1056 - Updater Version found : 6.10.0
2024-02-29 10:04:17,468 [INFO] ApplicationProperties:184 - Using Application install path: C:\ST\STM32CubeIDE_1.13.2\STM32CubeIDE\plugins\com.st.stm32cube.common.mx_6.10.0.202311202037
2024-02-29 10:04:17,772 [INFO] ThirdPartyUpdaterWithRetryManager:70 - Updater plugin not ready yet. [2/15]
2024-02-29 10:04:17,803 [INFO] MainUpdater:2873 - connection check result : 22
2024-02-29 10:04:17,804 [INFO] MainUpdater:290 - Updater Check For Update Now.
2024-02-29 10:04:17,804 [INFO] MicroXplorer:498 - Change Database Version : DB.6.0.100
2024-02-29 10:04:17,816 [INFO] McuFinderGlobals:63 - Set McuFinder mode to 2 (CubeIDE integrated)
2024-02-29 10:04:17,829 [INFO] UserAuth:404 - Internet connection configuration mode: 2
2024-02-29 10:04:17,980 [INFO] CheckServerUpdateThread:120 - End of CheckServer Thread
2024-02-29 10:04:20,923 [WARN] PackLoader:240 - Cannot read IP mode file for STMicroelectronics.X-CUBE-SMBUS.2.1.0
2024-02-29 10:04:20,935 [WARN] PackLoader:240 - Cannot read IP mode file for STMicroelectronics.X-CUBE-TOUCHGFX.4.23.0
2024-02-29 10:04:20,966 [WARN] PackLoader:240 - Cannot read IP mode file for STMicroelectronics.X-CUBE-AZRTOS-F7.1.1.0
2024-02-29 10:04:20,983 [WARN] PackLoader:240 - Cannot read IP mode file for STMicroelectronics.FP-SNS-MOTENV1.4.3.2
2024-02-29 10:04:20,999 [WARN] PackLoader:240 - Cannot read IP mode file for STMicroelectronics.FP-SNS-FLIGHT1.5.0.2
2024-02-29 10:04:21,015 [WARN] PackLoader:240 - Cannot read IP mode file for STMicroelectronics.X-CUBE-DISPLAY.3.0.0
2024-02-29 10:04:21,037 [WARN] PackLoader:240 - Cannot read IP mode file for STMicroelectronics.X-CUBE-BLE1.7.0.0
2024-02-29 10:04:21,055 [WARN] PackLoader:240 - Cannot read IP mode file for emotas.I-CUBE-CANOPEN.1.3.0
2024-02-29 10:04:21,069 [WARN] PackLoader:240 - Cannot read IP mode file for STMicroelectronics.X-CUBE-TOUCHGFX.4.22.1
2024-02-29 10:04:21,081 [WARN] PackLoader:240 - Cannot read IP mode file for STMicroelectronics.FP-SNS-SMARTAG2.1.2.0
2024-02-29 10:04:21,101 [INFO] LogOutputStream:77 - [STDOUT_REDIRECT] 1 : Invalid condition id : UX_CORESTACK_Condition cause : null
2024-02-29 10:04:21,101 [INFO] LogOutputStream:77 - [STDOUT_REDIRECT] 1 : Invalid condition id : UX_CORESTACK_Condition cause : null
2024-02-29 10:04:21,102 [INFO] LogOutputStream:77 - [STDOUT_REDIRECT] 1 : Invalid condition id : UX_CORESTACK_Condition cause : null
2024-02-29 10:04:21,103 [INFO] LogOutputStream:77 - [STDOUT_REDIRECT] 1 : Invalid condition id : UX_CORESTACK_Condition cause : null
2024-02-29 10:04:21,104 [INFO] LogOutputStream:77 - [STDOUT_REDIRECT] 1 : Invalid condition id : UX_CORESTACK_Condition cause : null
2024-02-29 10:04:21,106 [WARN] PackLoader:240 - Cannot read IP mode file for STMicroelectronics.X-CUBE-AZRTOS-WL.2.0.0
2024-02-29 10:04:21,123 [WARN] PackLoader:240 - Cannot read IP mode file for WES.I-CUBE-Cesium.1.3.0
2024-02-29 10:04:21,134 [WARN] PackLoader:240 - Cannot read IP mode file for STMicroelectronics.X-CUBE-BLE2.3.3.0
2024-02-29 10:04:21,148 [WARN] PackLoader:240 - Cannot read IP mode file for STMicroelectronics.X-CUBE-ALGOBUILD.1.3.0
2024-02-29 10:04:21,171 [WARN] PackLoader:240 - Cannot read IP mode file for STMicroelectronics.X-CUBE-AZRTOS-G0.1.1.0
2024-02-29 10:04:21,184 [WARN] PackLoader:240 - Cannot read IP mode file for STMicroelectronics.X-CUBE-NFC4.3.0.0
2024-02-29 10:04:21,199 [WARN] PackLoader:240 - Cannot read IP mode file for STMicroelectronics.X-CUBE-BLEMGR.3.0.0
2024-02-29 10:04:21,211 [WARN] PackLoader:240 - Cannot read IP mode file for STMicroelectronics.FP-ATR-SIGFOX1.3.2.0
2024-02-29 10:04:21,224 [WARN] PackLoader:240 - Cannot read IP mode file for STMicroelectronics.X-CUBE-EEPRMA1.5.1.0
2024-02-29 10:04:21,260 [WARN] PackLoader:240 - Cannot read IP mode file for SEGGER.I-CUBE-embOS.1.3.1
2024-02-29 10:04:21,300 [WARN] PackLoader:240 - Cannot read IP mode file for STMicroelectronics.X-CUBE-GNSS1.6.0.0
2024-02-29 10:04:21,330 [WARN] PackLoader:240 - Cannot read IP mode file for STMicroelectronics.X-CUBE-AZRTOS-F4.1.1.0
2024-02-29 10:04:21,348 [WARN] PackLoader:240 - Cannot read IP mode file for wolfSSL.I-CUBE-wolfSSL.5.6.4
2024-02-29 10:04:21,376 [WARN] PackLoader:240 - Cannot read IP mode file for STMicroelectronics.X-CUBE-AZRTOS-L5.2.0.0
2024-02-29 10:04:21,394 [WARN] PackLoader:240 - Cannot read IP mode file for STMicroelectronics.X-CUBE-EEPRMA1.4.2.0
2024-02-29 10:04:21,411 [WARN] PackLoader:240 - Cannot read IP mode file for ITTIA_DB.I-CUBE-ITTIADB.8.8.0
2024-02-29 10:04:21,439 [WARN] ConditionMgr:438 - getConditionDescription Invalid condition id : UX DEVICE CLASS RTOS Condition cause : null
2024-02-29 10:04:21,439 [WARN] ConditionMgr:438 - getConditionDescription Invalid condition id : UX DEVICE CLASS RTOS Condition cause : null
2024-02-29 10:04:21,441 [WARN] PackLoader:240 - Cannot read IP mode file for STMicroelectronics.X-CUBE-AZRTOS-H7.3.1.0
2024-02-29 10:04:21,442 [WARN] ConditionMgr:1039 - genDependencies : Invalid condition id : UX DEVICE CLASS RTOS Condition cause : null
2024-02-29 10:04:21,443 [WARN] ConditionMgr:1039 - genDependencies : Invalid condition id : UX DEVICE CLASS RTOS Condition cause : null
2024-02-29 10:04:21,443 [WARN] ConditionMgr:1039 - genDependencies : Invalid condition id : UX DEVICE CLASS RTOS Condition cause : null
2024-02-29 10:04:21,443 [WARN] ConditionMgr:1039 - genDependencies : Invalid condition id : UX DEVICE CLASS RTOS Condition cause : null
2024-02-29 10:04:21,443 [WARN] ConditionMgr:1039 - genDependencies : Invalid condition id : UX DEVICE CLASS RTOS Condition cause : null
2024-02-29 10:04:21,459 [WARN] PackLoader:240 - Cannot read IP mode file for STMicroelectronics.X-CUBE-NFC7.1.0.1
2024-02-29 10:04:21,476 [WARN] PackLoader:240 - Cannot read IP mode file for STMicroelectronics.X-CUBE-NFC6.3.0.0
2024-02-29 10:04:21,489 [WARN] PackLoader:240 - Cannot read IP mode file for STMicroelectronics.X-CUBE-AI.8.1.0
2024-02-29 10:04:21,517 [WARN] ConditionMgr:438 - getConditionDescription Invalid condition id : LAN8742 Phy interface Condition cause : null
2024-02-29 10:04:21,517 [WARN] PackLoader:240 - Cannot read IP mode file for STMicroelectronics.X-CUBE-AZRTOS-L4.2.0.0
2024-02-29 10:04:21,523 [WARN] ConditionMgr:1039 - genDependencies : Invalid condition id : LAN8742 Phy interface Condition cause : null
2024-02-29 10:04:21,524 [WARN] ConditionMgr:1039 - genDependencies : Invalid condition id : LAN8742 Phy interface Condition cause : null
2024-02-29 10:04:21,524 [WARN] ConditionMgr:1039 - genDependencies : Invalid condition id : LAN8742 Phy interface Condition cause : null
2024-02-29 10:04:21,544 [WARN] PackLoader:240 - Cannot read IP mode file for STMicroelectronics.X-CUBE-SFXS2LP1.4.0.0
2024-02-29 10:04:21,558 [WARN] PackLoader:240 - Cannot read IP mode file for STMicroelectronics.X-CUBE-ISPU.1.1.0
2024-02-29 10:04:21,595 [WARN] ConditionMgr:438 - getConditionDescription Invalid condition id : UX DEVICE CLASS RTOS Condition cause : null
2024-02-29 10:04:21,595 [WARN] ConditionMgr:438 - getConditionDescription Invalid condition id : UX DEVICE CLASS RTOS Condition cause : null
2024-02-29 10:04:21,599 [WARN] PackLoader:240 - Cannot read IP mode file for STMicroelectronics.X-CUBE-AZRTOS-WB.2.0.0
2024-02-29 10:04:21,600 [WARN] ConditionMgr:1039 - genDependencies : Invalid condition id : UX DEVICE CLASS RTOS Condition cause : null
2024-02-29 10:04:21,600 [WARN] ConditionMgr:1039 - genDependencies : Invalid condition id : UX DEVICE CLASS RTOS Condition cause : null
2024-02-29 10:04:21,600 [WARN] ConditionMgr:1039 - genDependencies : Invalid condition id : UX DEVICE CLASS RTOS Condition cause : null
2024-02-29 10:04:21,601 [WARN] ConditionMgr:1039 - genDependencies : Invalid condition id : UX DEVICE CLASS RTOS Condition cause : null
2024-02-29 10:04:21,601 [WARN] ConditionMgr:1039 - genDependencies : Invalid condition id : UX DEVICE CLASS RTOS Condition cause : null
2024-02-29 10:04:21,631 [WARN] PackLoader:240 - Cannot read IP mode file for STMicroelectronics.X-CUBE-SUBG2.5.0.0
2024-02-29 10:04:21,654 [WARN] PackLoader:240 - Cannot read IP mode file for STMicroelectronics.X-CUBE-TOF1.3.3.1
2024-02-29 10:04:21,684 [WARN] PackLoader:240 - Cannot read IP mode file for STMicroelectronics.X-CUBE-AZRTOS-G4.2.0.0
2024-02-29 10:04:21,705 [WARN] PackLoader:240 - Cannot read IP mode file for Infineon.AIROC-Wi-Fi-Bluetooth-STM32.1.5.1
2024-02-29 10:04:21,721 [WARN] PackLoader:240 - Cannot read IP mode file for STMicroelectronics.FP-SNS-MOTENVWB1.1.3.0
2024-02-29 10:04:21,734 [WARN] PackLoader:240 - Cannot read IP mode file for STMicroelectronics.FP-SNS-MOTENVWB1.1.3.1
2024-02-29 10:04:21,747 [WARN] PackLoader:240 - Cannot read IP mode file for STMicroelectronics.X-CUBE-ISPU.2.0.0
2024-02-29 10:04:21,782 [WARN] PackLoader:240 - Cannot read IP mode file for STMicroelectronics.X-CUBE-MEMS1.10.0.0
2024-02-29 10:04:21,876 [WARN] PackLoader:240 - Cannot read IP mode file for STMicroelectronics.X-CUBE-FREERTOS.1.1.0
2024-02-29 10:04:21,892 [WARN] PackLoader:240 - Cannot read IP mode file for portGmbH.I-Cube-SoM-uGOAL.1.1.0
2024-02-29 10:04:21,907 [WARN] PackLoader:240 - Cannot read IP mode file for STMicroelectronics.X-CUBE-ALS.1.0.1
2024-02-29 10:04:21,921 [WARN] PackLoader:240 - Cannot read IP mode file for STMicroelectronics.FP-ATR-ASTRA1.2.0.0
2024-02-29 10:04:21,945 [WARN] PackLoader:240 - Cannot read IP mode file for STMicroelectronics.X-CUBE-TOF1.3.4.0
2024-02-29 10:04:21,986 [WARN] PackLoader:240 - Cannot read IP mode file for STMicroelectronics.X-CUBE-AZRTOS-H7.3.2.0
2024-02-29 10:04:21,989 [INFO] ThirdParty:978 - Integrity check success = true
2024-02-29 10:04:21,989 [INFO] IntegrityCheckThread:100 - exiting critical section [integrity check]
2024-02-29 10:04:21,989 [INFO] IntegrityCheckThread:103 - End integrity checks thread
2024-02-29 10:04:38,502 [ERROR] LogOutputStream:75 - [STDERR_REDIRECT] SLF4J: Failed to load class "org.slf4j.impl.StaticLoggerBinder".
2024-02-29 10:04:38,502 [ERROR] LogOutputStream:75 - [STDERR_REDIRECT] SLF4J: Defaulting to no-operation (NOP) logger implementation
2024-02-29 10:04:38,503 [ERROR] LogOutputStream:75 - [STDERR_REDIRECT] SLF4J: See http://www.slf4j.org/codes.html#StaticLoggerBinder for further details.
