2023-11-04 13:11:08,032 [INFO] Activator:176 - 


2023-11-04 13:11:08,034 [INFO] Activator:177 - !SESSION log4j initialized
2023-11-04 13:11:11,254 [INFO] LogOutputStream:77 - [STDOUT_REDIRECT] 
2023-11-04 13:11:13,477 [INFO] ApplicationProperties:184 - Using Application install path: C:\ST\STM32CubeIDE_1.13.2\STM32CubeIDE\plugins\com.st.stm32cube.common.mx_6.9.2.202309101412
2023-11-04 13:11:13,492 [INFO] DbMcusXml:78 - Set database path to: C:\ST\STM32CubeIDE_1.13.2\STM32CubeIDE\plugins\com.st.stm32cube.common.mx_6.9.2.202309101412\\db\/mcu/
2023-11-04 13:11:13,492 [INFO] ApiDb:274 - Set plugin database path to: C:\ST\STM32CubeIDE_1.13.2\STM32CubeIDE\plugins\com.st.stm32cube.common.mx_6.9.2.202309101412\\db\/plugins/boardmanager/
2023-11-04 13:11:13,493 [WARN] ApiDb:259 - Overriding images path with different value:  => C:\ST\STM32CubeIDE_1.13.2\STM32CubeIDE\plugins\com.st.stm32cube.common.mx_6.9.2.202309101412\\db\/plugins/mcufinder/images/
2023-11-04 13:11:14,613 [WARN] ApiFinderProperties:113 - C:\Users\grafd\.stmcufinder\plugins\mcufinder\mcu\mcuFinder.mfd doesn't exist
2023-11-04 13:11:14,614 [INFO] ApiDb:250 - Set database path to: C:\Users\grafd\.stmcufinder\plugins\mcufinder//mcu/
2023-11-04 13:11:14,615 [INFO] DbMcusAds:125 - Set database path to: C:\Users\grafd\.stmcufinder\plugins\mcufinder//mcu/
2023-11-04 13:11:14,617 [INFO] CrossReferenceDbSqlite:203 - Set database path to: C:\Users\grafd\.stmcufinder\plugins\mcufinder//mcu/cs/
2023-11-04 13:11:14,708 [INFO] RulesReader:64 - Compatibility file has been processed (293 Rules)
2023-11-04 13:11:14,781 [INFO] DbMcusXml:78 - Set database path to: C:\ST\STM32CubeIDE_1.13.2\STM32CubeIDE\plugins\com.st.stm32cube.common.mx_6.9.2.202309101412\\db\/mcu/
2023-11-04 13:11:14,781 [INFO] ApiDb:274 - Set plugin database path to: C:\ST\STM32CubeIDE_1.13.2\STM32CubeIDE\plugins\com.st.stm32cube.common.mx_6.9.2.202309101412\\db\/plugins/boardmanager/
2023-11-04 13:11:14,781 [INFO] ApiDb:261 - Set plugin images path to: C:\ST\STM32CubeIDE_1.13.2\STM32CubeIDE\plugins\com.st.stm32cube.common.mx_6.9.2.202309101412\\db\/plugins/mcufinder/images/
2023-11-04 13:11:14,781 [WARN] DbFile:41 - Overriding database path with different value: C:\Users\grafd\.stmcufinder\plugins\mcufinder/ => C:\Users\grafd\.stmcufinder\plugins\mcufinder
2023-11-04 13:11:14,781 [INFO] ApiDb:250 - Set database path to: C:\Users\grafd\.stmcufinder\plugins\mcufinder//mcu/
2023-11-04 13:11:14,781 [WARN] DbFile:41 - Overriding database path with different value: C:\Users\grafd\.stmcufinder\plugins\mcufinder/ => C:\Users\grafd\.stmcufinder\plugins\mcufinder
2023-11-04 13:11:14,781 [INFO] DbMcusAds:125 - Set database path to: C:\Users\grafd\.stmcufinder\plugins\mcufinder//mcu/
2023-11-04 13:11:14,781 [WARN] DbFile:41 - Overriding database path with different value: C:\Users\grafd\.stmcufinder\plugins\mcufinder/ => C:\Users\grafd\.stmcufinder\plugins\mcufinder
2023-11-04 13:11:14,781 [WARN] DbFile:41 - Overriding database path with different value: C:\Users\grafd\.stmcufinder\plugins\mcufinder/ => C:\Users\grafd\.stmcufinder\plugins\mcufinder
2023-11-04 13:11:14,782 [INFO] CrossReferenceDbSqlite:203 - Set database path to: C:\Users\grafd\.stmcufinder\plugins\mcufinder//mcu/cs/
2023-11-04 13:11:14,850 [INFO] MainPanel:262 - HeapMemory: 268435456
2023-11-04 13:11:14,934 [INFO] DbMcusXml:78 - Set database path to: C:\ST\STM32CubeIDE_1.13.2\STM32CubeIDE\plugins\com.st.stm32cube.common.mx_6.9.2.202309101412\\db\/mcu/
2023-11-04 13:11:14,934 [INFO] ApiDb:274 - Set plugin database path to: C:\ST\STM32CubeIDE_1.13.2\STM32CubeIDE\plugins\com.st.stm32cube.common.mx_6.9.2.202309101412\\db\/plugins/boardmanager/
2023-11-04 13:11:14,934 [INFO] ApiDb:261 - Set plugin images path to: C:\ST\STM32CubeIDE_1.13.2\STM32CubeIDE\plugins\com.st.stm32cube.common.mx_6.9.2.202309101412\\db\/plugins/mcufinder/images/
2023-11-04 13:11:14,935 [WARN] DbFile:41 - Overriding database path with different value: C:\Users\grafd\.stmcufinder\plugins\mcufinder/ => C:\Users\grafd\.stmcufinder\plugins\mcufinder
2023-11-04 13:11:14,935 [INFO] ApiDb:250 - Set database path to: C:\Users\grafd\.stmcufinder\plugins\mcufinder//mcu/
2023-11-04 13:11:14,935 [WARN] DbFile:41 - Overriding database path with different value: C:\Users\grafd\.stmcufinder\plugins\mcufinder/ => C:\Users\grafd\.stmcufinder\plugins\mcufinder
2023-11-04 13:11:14,935 [INFO] DbMcusAds:125 - Set database path to: C:\Users\grafd\.stmcufinder\plugins\mcufinder//mcu/
2023-11-04 13:11:14,935 [WARN] DbFile:41 - Overriding database path with different value: C:\Users\grafd\.stmcufinder\plugins\mcufinder/ => C:\Users\grafd\.stmcufinder\plugins\mcufinder
2023-11-04 13:11:14,935 [WARN] DbFile:41 - Overriding database path with different value: C:\Users\grafd\.stmcufinder\plugins\mcufinder/ => C:\Users\grafd\.stmcufinder\plugins\mcufinder
2023-11-04 13:11:14,935 [INFO] CrossReferenceDbSqlite:203 - Set database path to: C:\Users\grafd\.stmcufinder\plugins\mcufinder//mcu/cs/
2023-11-04 13:11:14,953 [INFO] ApplicationProperties:184 - Using Application install path: C:\ST\STM32CubeIDE_1.13.2\STM32CubeIDE\plugins\com.st.stm32cube.common.mx_6.9.2.202309101412
2023-11-04 13:11:14,954 [INFO] PluginManage:196 - Search for loadable plugins [exclusion list=, ]
2023-11-04 13:11:14,955 [INFO] PluginManage:310 - Check plugin analytics
2023-11-04 13:11:15,086 [INFO] AnalyticsPlugin:253 - Accepted Software Licenses: 
2023-11-04 13:11:15,087 [INFO] AnalyticsPlugin:255 - Accepted CMSIS Pack Licenses: 
2023-11-04 13:11:15,087 [INFO] AnalyticsPlugin:257 - Accepted Firmware Licenses: 
2023-11-04 13:11:15,088 [INFO] PluginManage:359 - Loaded plugin analytics (category:tool,tabindex:-1)
2023-11-04 13:11:15,089 [INFO] PluginManage:310 - Check plugin cadmodel
2023-11-04 13:11:15,102 [INFO] CADModel:105 - Init CAD model plugin
2023-11-04 13:11:15,102 [INFO] PluginManage:359 - Loaded plugin cadmodel (category:power,tabindex:5)
2023-11-04 13:11:15,103 [INFO] PluginManage:310 - Check plugin clock
2023-11-04 13:11:15,125 [INFO] PluginManage:359 - Loaded plugin clock (category:base,tabindex:2)
2023-11-04 13:11:15,126 [INFO] PluginManage:310 - Check plugin ddr
2023-11-04 13:11:15,128 [INFO] PluginManage:359 - Loaded plugin ddr (category:tool,tabindex:6)
2023-11-04 13:11:15,128 [INFO] PluginManage:310 - Check plugin filemanager
2023-11-04 13:11:15,255 [INFO] PluginManage:359 - Loaded plugin filemanager (category:base,tabindex:10)
2023-11-04 13:11:15,256 [INFO] PluginManage:310 - Check plugin ipmanager
2023-11-04 13:11:15,264 [INFO] PluginManage:359 - Loaded plugin ipmanager (category:base,tabindex:5)
2023-11-04 13:11:15,265 [INFO] PluginManage:310 - Check plugin lpbam
2023-11-04 13:11:15,281 [INFO] PluginManage:359 - Loaded plugin lpbam (category:base,tabindex:0)
2023-11-04 13:11:15,281 [INFO] PluginManage:310 - Check plugin memorymap
2023-11-04 13:11:15,316 [INFO] PluginManage:359 - Loaded plugin memorymap (category:base,tabindex:4)
2023-11-04 13:11:15,316 [INFO] PluginManage:310 - Check plugin pinoutandconfiguration
2023-11-04 13:11:15,335 [INFO] PluginManage:359 - Loaded plugin pinoutandconfiguration (category:base,tabindex:1)
2023-11-04 13:11:15,336 [INFO] PluginManage:310 - Check plugin pinoutconfig
2023-11-04 13:11:15,427 [WARN] SupportedApi:132 - Cannot load RTOS API schema: s4s-elt-must-match.1: The content of 'definitions' must match (annotation?, (simpleType | complexType)?, (unique | key | keyref)*)). A problem was found starting at: attribute.
2023-11-04 13:11:15,553 [INFO] PluginManage:359 - Loaded plugin pinoutconfig (category:base,tabindex:0)
2023-11-04 13:11:15,553 [INFO] PluginManage:310 - Check plugin power
2023-11-04 13:11:15,573 [INFO] PluginManage:359 - Loaded plugin power (category:power,tabindex:4)
2023-11-04 13:11:15,573 [INFO] PluginManage:310 - Check plugin projectmanager
2023-11-04 13:11:15,587 [INFO] PluginManage:359 - Loaded plugin projectmanager (category:projectmanager,tabindex:3)
2023-11-04 13:11:15,587 [INFO] PluginManage:310 - Check plugin thirdparty
2023-11-04 13:11:15,816 [INFO] PluginManage:359 - Loaded plugin thirdparty (category:base,tabindex:-1)
2023-11-04 13:11:15,816 [WARN] IntegrityCheckThread:84 - waiting for thirdparty lock release [integrity check]
2023-11-04 13:11:15,816 [INFO] PluginManage:310 - Check plugin tools
2023-11-04 13:11:15,816 [INFO] IntegrityCheckThread:86 - entering critical section [integrity check]
2023-11-04 13:11:15,816 [INFO] ThirdPartyUpdaterWithRetryManager:70 - Updater plugin not ready yet. [1/15]
2023-11-04 13:11:15,844 [INFO] PluginManage:359 - Loaded plugin tools (category:base,tabindex:7)
2023-11-04 13:11:15,844 [INFO] PluginManage:310 - Check plugin tutovideos
2023-11-04 13:11:15,997 [INFO] PluginManage:359 - Loaded plugin tutovideos (category:base,tabindex:-1)
2023-11-04 13:11:15,998 [INFO] PluginManage:310 - Check plugin updater
2023-11-04 13:11:16,008 [INFO] PluginManage:359 - Loaded plugin updater (category:base,tabindex:12)
2023-11-04 13:11:16,008 [INFO] PluginManage:310 - Check plugin userauth
2023-11-04 13:11:16,013 [INFO] UserAuth:113 - Init User Auth plugin
2023-11-04 13:11:16,013 [INFO] PluginManage:359 - Loaded plugin userauth (category:base,tabindex:14)
2023-11-04 13:11:16,014 [INFO] PluginManage:283 - PluginManage : Loaded plugins [17]
2023-11-04 13:11:16,221 [INFO] PinOutPanel:1499 - setPackage(No Configuration,No Configuration)
2023-11-04 13:11:16,311 [INFO] CADModel:165 - CPN selected for project level
2023-11-04 13:11:16,312 [INFO] CADModel:114 - Register for checkConnection events
2023-11-04 13:11:16,335 [INFO] IPUIPlugin:80 - create IPUIPlugin
2023-11-04 13:11:16,336 [INFO] PluginManager:220 - loadIPPluginJar : add adc
2023-11-04 13:11:16,366 [INFO] IPUIPlugin:80 - create IPUIPlugin
2023-11-04 13:11:16,366 [INFO] PluginManager:220 - loadIPPluginJar : add aes
2023-11-04 13:11:16,400 [INFO] IPUIPlugin:80 - create IPUIPlugin
2023-11-04 13:11:16,400 [INFO] PluginManager:220 - loadIPPluginJar : add can
2023-11-04 13:11:16,419 [INFO] IPUIPlugin:80 - create IPUIPlugin
2023-11-04 13:11:16,420 [INFO] PluginManager:220 - loadIPPluginJar : add comp
2023-11-04 13:11:16,447 [INFO] IPUIPlugin:80 - create IPUIPlugin
2023-11-04 13:11:16,447 [INFO] PluginManager:220 - loadIPPluginJar : add cryp
2023-11-04 13:11:16,470 [INFO] IPUIPlugin:80 - create IPUIPlugin
2023-11-04 13:11:16,470 [INFO] PluginManager:220 - loadIPPluginJar : add dfsdm
2023-11-04 13:11:16,483 [INFO] IPUIPlugin:80 - create IPUIPlugin
2023-11-04 13:11:16,484 [INFO] PluginManager:220 - loadIPPluginJar : add dma
2023-11-04 13:11:16,515 [INFO] IPUIPlugin:80 - create IPUIPlugin
2023-11-04 13:11:16,515 [INFO] PluginManager:220 - loadIPPluginJar : add dma3
2023-11-04 13:11:16,530 [INFO] IPUIPlugin:80 - create IPUIPlugin
2023-11-04 13:11:16,530 [INFO] PluginManager:220 - loadIPPluginJar : add fatfs
2023-11-04 13:11:16,568 [INFO] IPUIPlugin:80 - create IPUIPlugin
2023-11-04 13:11:16,568 [INFO] PluginManager:220 - loadIPPluginJar : add fmc
2023-11-04 13:11:16,580 [INFO] IPUIPlugin:80 - create IPUIPlugin
2023-11-04 13:11:16,580 [INFO] PluginManager:220 - loadIPPluginJar : add freertos
2023-11-04 13:11:16,598 [INFO] IPUIPlugin:80 - create IPUIPlugin
2023-11-04 13:11:16,598 [INFO] PluginManager:220 - loadIPPluginJar : add genericplugin
2023-11-04 13:11:16,661 [INFO] IPUIPlugin:80 - create IPUIPlugin
2023-11-04 13:11:16,661 [INFO] PluginManager:220 - loadIPPluginJar : add gfxmmu
2023-11-04 13:11:16,752 [INFO] IPUIPlugin:80 - create IPUIPlugin
2023-11-04 13:11:16,753 [INFO] PluginManager:220 - loadIPPluginJar : add gic
2023-11-04 13:11:16,764 [INFO] IPUIPlugin:80 - create IPUIPlugin
2023-11-04 13:11:16,764 [INFO] PluginManager:220 - loadIPPluginJar : add gpio
2023-11-04 13:11:16,829 [INFO] IPUIPlugin:80 - create IPUIPlugin
2023-11-04 13:11:16,829 [INFO] PluginManager:220 - loadIPPluginJar : add gtzc
2023-11-04 13:11:16,851 [INFO] IPUIPlugin:80 - create IPUIPlugin
2023-11-04 13:11:16,851 [INFO] PluginManager:220 - loadIPPluginJar : add hash
2023-11-04 13:11:16,886 [INFO] IPUIPlugin:80 - create IPUIPlugin
2023-11-04 13:11:16,887 [INFO] PluginManager:220 - loadIPPluginJar : add i2c
2023-11-04 13:11:16,915 [INFO] IPUIPlugin:80 - create IPUIPlugin
2023-11-04 13:11:16,915 [INFO] PluginManager:220 - loadIPPluginJar : add i2s
2023-11-04 13:11:16,943 [INFO] IPUIPlugin:80 - create IPUIPlugin
2023-11-04 13:11:16,944 [INFO] PluginManager:220 - loadIPPluginJar : add i3c
2023-11-04 13:11:17,020 [INFO] IPUIPlugin:80 - create IPUIPlugin
2023-11-04 13:11:17,021 [INFO] PluginManager:220 - loadIPPluginJar : add ipddr
2023-11-04 13:11:17,087 [INFO] IPUIPlugin:80 - create IPUIPlugin
2023-11-04 13:11:17,087 [INFO] PluginManager:220 - loadIPPluginJar : add linkedlist
2023-11-04 13:11:17,112 [INFO] IPUIPlugin:80 - create IPUIPlugin
2023-11-04 13:11:17,112 [INFO] PluginManager:220 - loadIPPluginJar : add lorawan
2023-11-04 13:11:17,138 [INFO] IPUIPlugin:80 - create IPUIPlugin
2023-11-04 13:11:17,138 [INFO] PluginManager:220 - loadIPPluginJar : add ltdc
2023-11-04 13:11:17,149 [INFO] IPUIPlugin:80 - create IPUIPlugin
2023-11-04 13:11:17,150 [INFO] PluginManager:220 - loadIPPluginJar : add mdma
2023-11-04 13:11:17,160 [INFO] IPUIPlugin:80 - create IPUIPlugin
2023-11-04 13:11:17,160 [INFO] PluginManager:220 - loadIPPluginJar : add nvic
2023-11-04 13:11:17,186 [INFO] IPUIPlugin:80 - create IPUIPlugin
2023-11-04 13:11:17,186 [INFO] PluginManager:220 - loadIPPluginJar : add opamp
2023-11-04 13:11:17,228 [INFO] IPUIPlugin:80 - create IPUIPlugin
2023-11-04 13:11:17,228 [INFO] PluginManager:220 - loadIPPluginJar : add openamp
2023-11-04 13:11:17,260 [INFO] IPUIPlugin:80 - create IPUIPlugin
2023-11-04 13:11:17,260 [INFO] PluginManager:220 - loadIPPluginJar : add pdm2pcm
2023-11-04 13:11:17,273 [INFO] IPUIPlugin:80 - create IPUIPlugin
2023-11-04 13:11:17,275 [INFO] PluginManager:220 - loadIPPluginJar : add plateformsettings
2023-11-04 13:11:17,291 [INFO] IPUIPlugin:80 - create IPUIPlugin
2023-11-04 13:11:17,291 [INFO] PluginManager:220 - loadIPPluginJar : add quadspi
2023-11-04 13:11:17,302 [INFO] IPUIPlugin:80 - create IPUIPlugin
2023-11-04 13:11:17,302 [INFO] PluginManager:220 - loadIPPluginJar : add resmgrutility
2023-11-04 13:11:17,338 [INFO] IPUIPlugin:80 - create IPUIPlugin
2023-11-04 13:11:17,338 [INFO] PluginManager:220 - loadIPPluginJar : add sai
2023-11-04 13:11:17,365 [INFO] IPUIPlugin:80 - create IPUIPlugin
2023-11-04 13:11:17,365 [INFO] PluginManager:220 - loadIPPluginJar : add spi
2023-11-04 13:11:17,408 [INFO] IPUIPlugin:80 - create IPUIPlugin
2023-11-04 13:11:17,408 [INFO] PluginManager:220 - loadIPPluginJar : add stm32_wpan
2023-11-04 13:11:17,424 [INFO] IPUIPlugin:80 - create IPUIPlugin
2023-11-04 13:11:17,424 [INFO] PluginManager:220 - loadIPPluginJar : add tim
2023-11-04 13:11:17,465 [INFO] IPUIPlugin:80 - create IPUIPlugin
2023-11-04 13:11:17,465 [INFO] PluginManager:220 - loadIPPluginJar : add touchsensing
2023-11-04 13:11:17,483 [INFO] IPUIPlugin:80 - create IPUIPlugin
2023-11-04 13:11:17,483 [INFO] PluginManager:220 - loadIPPluginJar : add tracer_emb
2023-11-04 13:11:17,502 [INFO] IPUIPlugin:80 - create IPUIPlugin
2023-11-04 13:11:17,502 [INFO] PluginManager:220 - loadIPPluginJar : add ts
2023-11-04 13:11:17,518 [INFO] IPUIPlugin:80 - create IPUIPlugin
2023-11-04 13:11:17,518 [INFO] PluginManager:220 - loadIPPluginJar : add tsc
2023-11-04 13:11:17,534 [INFO] IPUIPlugin:80 - create IPUIPlugin
2023-11-04 13:11:17,534 [INFO] PluginManager:220 - loadIPPluginJar : add ucpd
2023-11-04 13:11:17,567 [INFO] IPUIPlugin:80 - create IPUIPlugin
2023-11-04 13:11:17,567 [INFO] PluginManager:220 - loadIPPluginJar : add usart
2023-11-04 13:11:17,600 [INFO] IPUIPlugin:80 - create IPUIPlugin
2023-11-04 13:11:17,600 [INFO] PluginManager:220 - loadIPPluginJar : add usbx
2023-11-04 13:11:17,711 [INFO] CADModel:165 - CPN selected for project level
2023-11-04 13:11:17,711 [INFO] CADModel:114 - Register for checkConnection events
2023-11-04 13:11:17,711 [FATAL] Updater:308 - Updater called before beeing initialized
2023-11-04 13:11:17,711 [ERROR] CADModel:125 - Updater not yet initialized, retry later 
2023-11-04 13:11:17,827 [INFO] CADModel:165 - CPN selected for project level
2023-11-04 13:11:17,827 [INFO] CADModel:114 - Register for checkConnection events
2023-11-04 13:11:17,827 [FATAL] Updater:308 - Updater called before beeing initialized
2023-11-04 13:11:17,827 [ERROR] CADModel:125 - Updater not yet initialized, retry later 
2023-11-04 13:11:17,831 [FATAL] Updater:308 - Updater called before beeing initialized
2023-11-04 13:11:17,908 [FATAL] Updater:308 - Updater called before beeing initialized
2023-11-04 13:11:17,912 [INFO] DbMcusAds:53 - JSON generation date=Thu Sep 30 08:55:09 CEST 2021 (1632984909247)
2023-11-04 13:11:17,912 [FATAL] Updater:308 - Updater called before beeing initialized
2023-11-04 13:11:17,975 [WARN] DetailPanel:346 - Failed to get advertising image, set to default
2023-11-04 13:11:18,059 [FATAL] Updater:308 - Updater called before beeing initialized
2023-11-04 13:11:18,061 [FATAL] Updater:308 - Updater called before beeing initialized
2023-11-04 13:11:18,061 [FATAL] Updater:308 - Updater called before beeing initialized
2023-11-04 13:11:18,061 [WARN] DetailPanel:346 - Failed to get advertising image, set to default
2023-11-04 13:11:18,062 [FATAL] Updater:308 - Updater called before beeing initialized
2023-11-04 13:11:18,105 [ERROR] Updater:1120 - MainUpdater not yet initialized. External WinMGr cannot be set.
2023-11-04 13:11:18,114 [INFO] Updater:1056 - Updater Version found : 6.9.2
2023-11-04 13:11:18,129 [INFO] ApplicationProperties:184 - Using Application install path: C:\ST\STM32CubeIDE_1.13.2\STM32CubeIDE\plugins\com.st.stm32cube.common.mx_6.9.2.202309101412
2023-11-04 13:11:18,158 [INFO] MainUpdater:521 - Copy updater definitions from MX database
2023-11-04 13:11:18,184 [INFO] MainUpdater:554 - Copy flag file definitions from MX database
2023-11-04 13:11:18,185 [INFO] MainUpdater:570 - Copy thirdparty index definitions from MX database
2023-11-04 13:11:18,187 [INFO] MainUpdater:589 - Copy default thirdparty db definitions from MX database
2023-11-04 13:11:18,453 [INFO] MainUpdater:2868 - connection check result : 10
2023-11-04 13:11:18,455 [INFO] MainUpdater:3562 - Updater definition file requires update
2023-11-04 13:11:18,455 [INFO] MainUpdater:285 - Updater Check For Update Now.
2023-11-04 13:11:18,456 [INFO] MicroXplorer:498 - Change Database Version : DB.6.0.92
2023-11-04 13:11:18,468 [INFO] McuFinderGlobals:63 - Set McuFinder mode to 2 (CubeIDE integrated)
2023-11-04 13:11:18,468 [INFO] UserAuth:179 - activating auth plugin
2023-11-04 13:11:18,470 [INFO] UserAuth:393 - Internet connection configuration mode: 1
2023-11-04 13:11:18,482 [INFO] JxBrowserEngine:151 - Initiate JxBrowser Engine with user profile folder
2023-11-04 13:11:18,498 [INFO] ServerAccessManage:473 - Download File updaters.zip
2023-11-04 13:11:18,600 [INFO] FileExtend:240 - Unzip File : updaters.zip
2023-11-04 13:11:18,600 [INFO] FileExtend:255 - Standard Zip Deflate
2023-11-04 13:11:18,830 [WARN] MainUpdater:1189 - Updater busy. Cannot search thirdparties
2023-11-04 13:11:18,831 [INFO] ThirdPartyUpdaterWithRetryManager:96 - Updater plugin is busy. [1/15]
2023-11-04 13:11:19,011 [INFO] ServerAccessManage:473 - Download File PacksControlFlags.xml
2023-11-04 13:11:19,102 [INFO] ServerAccessManage:473 - Download File cubemx.pidx
2023-11-04 13:11:19,251 [INFO] ServerAccessManage:473 - Download File STMicroelectronics.FP-ATR-ASTRA1.pdsc
2023-11-04 13:11:19,492 [INFO] ServerAccessManage:473 - Download File STMicroelectronics.FP-ATR-SIGFOX1.pdsc
2023-11-04 13:11:19,631 [INFO] ServerAccessManage:473 - Download File STMicroelectronics.FP-SNS-FLIGHT1.pdsc
2023-11-04 13:11:19,887 [INFO] ServerAccessManage:473 - Download File STMicroelectronics.FP-SNS-MOTENV1.pdsc
2023-11-04 13:11:20,127 [INFO] ServerAccessManage:473 - Download File STMicroelectronics.FP-SNS-SMARTAG2.pdsc
2023-11-04 13:11:20,260 [INFO] ServerAccessManage:473 - Download File STMicroelectronics.X-CUBE-AI.pdsc
2023-11-04 13:11:21,329 [INFO] ServerAccessManage:473 - Download File STMicroelectronics.X-CUBE-ALS.pdsc
2023-11-04 13:11:21,493 [INFO] ServerAccessManage:473 - Download File STMicroelectronics.X-CUBE-BLE1.pdsc
2023-11-04 13:11:21,769 [INFO] WebApp:157 - Instantiating new browser for Auth
2023-11-04 13:11:21,837 [WARN] MainUpdater:1189 - Updater busy. Cannot search thirdparties
2023-11-04 13:11:21,837 [INFO] ThirdPartyUpdaterWithRetryManager:96 - Updater plugin is busy. [2/15]
2023-11-04 13:11:22,342 [INFO] WebApp:753 - Register for checkConnection events
2023-11-04 13:11:22,342 [INFO] WebApp:390 - Apply proxy settings
2023-11-04 13:11:22,343 [INFO] WebApp:475 - Chromium requires no authentication
2023-11-04 13:11:22,351 [INFO] WebApp:418 - Direct internet connection detected
2023-11-04 13:11:22,441 [ERROR] ServerAccessManage:1089 - Problem, file not found on Server
2023-11-04 13:11:22,495 [INFO] ServerAccessManage:473 - Download File STMicroelectronics.X-CUBE-BLE2.pdsc
2023-11-04 13:11:22,552 [INFO] WebApp:188 - Starting web application
2023-11-04 13:11:22,552 [INFO] WebApp:520 - Web application path used C:\ST\STM32CubeIDE_1.13.2\STM32CubeIDE\plugins\com.st.stm32cube.common.mx_6.9.2.202309101412\db\plugins\mcufinder\reactClient1\index.html
2023-11-04 13:11:23,042 [INFO] ServerAccessManage:473 - Download File STMicroelectronics.X-CUBE-BLEMGR.pdsc
2023-11-04 13:11:23,416 [INFO] ServerAccessManage:473 - Download File STMicroelectronics.X-CUBE-DISPLAY.pdsc
2023-11-04 13:11:23,819 [INFO] ServerAccessManage:473 - Download File STMicroelectronics.X-CUBE-EEPRMA1.pdsc
2023-11-04 13:11:24,144 [ERROR] ServerAccessManage:1089 - Problem, file not found on Server
2023-11-04 13:11:24,360 [INFO] ServerAccessManage:473 - Download File STMicroelectronics.X-CUBE-FREERTOS.pdsc
2023-11-04 13:11:24,586 [INFO] ServerAccessManage:473 - Download File STMicroelectronics.X-CUBE-GNSS1.pdsc
2023-11-04 13:11:24,848 [WARN] MainUpdater:1189 - Updater busy. Cannot search thirdparties
2023-11-04 13:11:24,848 [INFO] ThirdPartyUpdaterWithRetryManager:96 - Updater plugin is busy. [3/15]
2023-11-04 13:11:25,266 [ERROR] ServerAccessManage:1089 - Problem, file not found on Server
2023-11-04 13:11:25,475 [ERROR] ServerAccessManage:1089 - Problem, file not found on Server
2023-11-04 13:11:25,697 [ERROR] ServerAccessManage:1089 - Problem, file not found on Server
2023-11-04 13:11:25,922 [ERROR] ServerAccessManage:1089 - Problem, file not found on Server
2023-11-04 13:11:26,173 [ERROR] ServerAccessManage:1089 - Problem, file not found on Server
2023-11-04 13:11:26,361 [ERROR] ServerAccessManage:1089 - Problem, file not found on Server
2023-11-04 13:11:26,441 [INFO] ServerAccessManage:473 - Download File STMicroelectronics.X-CUBE-ISPU.pdsc
2023-11-04 13:11:26,722 [INFO] ServerAccessManage:473 - Download File STMicroelectronics.X-CUBE-MEMS1.pdsc
2023-11-04 13:11:27,861 [WARN] MainUpdater:1189 - Updater busy. Cannot search thirdparties
2023-11-04 13:11:27,861 [INFO] ThirdPartyUpdaterWithRetryManager:96 - Updater plugin is busy. [4/15]
2023-11-04 13:11:28,360 [INFO] ServerAccessManage:473 - Download File STMicroelectronics.X-CUBE-NFC4.pdsc
2023-11-04 13:11:29,190 [INFO] ServerAccessManage:473 - Download File STMicroelectronics.X-CUBE-NFC6.pdsc
2023-11-04 13:11:29,295 [INFO] ServerAccessManage:473 - Download File STMicroelectronics.X-CUBE-NFC7.pdsc
2023-11-04 13:11:29,543 [INFO] ServerAccessManage:473 - Download File STMicroelectronics.X-CUBE-SFXS2LP1.pdsc
2023-11-04 13:11:29,924 [INFO] ServerAccessManage:473 - Download File STMicroelectronics.X-CUBE-SUBG2.pdsc
2023-11-04 13:11:30,845 [INFO] ServerAccessManage:473 - Download File STMicroelectronics.X-CUBE-SMBUS.pdsc
2023-11-04 13:11:30,868 [WARN] MainUpdater:1189 - Updater busy. Cannot search thirdparties
2023-11-04 13:11:30,868 [INFO] ThirdPartyUpdaterWithRetryManager:96 - Updater plugin is busy. [5/15]
2023-11-04 13:11:31,019 [ERROR] ServerAccessManage:1089 - Problem, file not found on Server
2023-11-04 13:11:31,069 [INFO] ServerAccessManage:473 - Download File STMicroelectronics.X-CUBE-TOF1.pdsc
2023-11-04 13:11:31,672 [ERROR] ServerAccessManage:1089 - Problem, file not found on Server
2023-11-04 13:11:31,782 [INFO] ServerAccessManage:473 - Download File STMicroelectronics.X-CUBE-TOUCHGFX.pdsc
2023-11-04 13:11:33,119 [INFO] ServerAccessManage:473 - Download File STMicroelectronics.X-CUBE-ALGOBUILD.pdsc
2023-11-04 13:11:33,525 [INFO] ServerAccessManage:473 - Download File STMicroelectronics.X-CUBE-AZRTOS-H7.pdsc
2023-11-04 13:11:33,880 [WARN] MainUpdater:1189 - Updater busy. Cannot search thirdparties
2023-11-04 13:11:33,880 [INFO] ThirdPartyUpdaterWithRetryManager:96 - Updater plugin is busy. [6/15]
2023-11-04 13:11:34,035 [INFO] ServerAccessManage:473 - Download File STMicroelectronics.X-CUBE-AZRTOS-F4.pdsc
2023-11-04 13:11:34,318 [INFO] ServerAccessManage:473 - Download File STMicroelectronics.X-CUBE-AZRTOS-F7.pdsc
2023-11-04 13:11:34,619 [INFO] ServerAccessManage:473 - Download File STMicroelectronics.X-CUBE-AZRTOS-L4.pdsc
2023-11-04 13:11:34,913 [INFO] ServerAccessManage:473 - Download File STMicroelectronics.X-CUBE-AZRTOS-L5.pdsc
2023-11-04 13:11:35,260 [INFO] ServerAccessManage:473 - Download File STMicroelectronics.X-CUBE-AZRTOS-G0.pdsc
2023-11-04 13:11:35,525 [INFO] ServerAccessManage:473 - Download File STMicroelectronics.X-CUBE-AZRTOS-G4.pdsc
2023-11-04 13:11:35,824 [INFO] ServerAccessManage:473 - Download File STMicroelectronics.X-CUBE-AZRTOS-WB.pdsc
2023-11-04 13:11:36,210 [INFO] ServerAccessManage:473 - Download File STMicroelectronics.X-CUBE-AZRTOS-WL.pdsc
2023-11-04 13:11:36,889 [WARN] MainUpdater:1189 - Updater busy. Cannot search thirdparties
2023-11-04 13:11:36,889 [INFO] ThirdPartyUpdaterWithRetryManager:96 - Updater plugin is busy. [7/15]
2023-11-04 13:11:37,047 [INFO] ServerAccessManage:473 - Download File wolfSSL.I-CUBE-wolfSSL.pdsc
2023-11-04 13:11:39,616 [ERROR] ServerAccessManage:1089 - Problem, file not found on Server
2023-11-04 13:11:39,903 [WARN] MainUpdater:1189 - Updater busy. Cannot search thirdparties
2023-11-04 13:11:39,903 [INFO] ThirdPartyUpdaterWithRetryManager:96 - Updater plugin is busy. [8/15]
2023-11-04 13:11:39,961 [ERROR] ServerAccessManage:1089 - Problem, file not found on Server
2023-11-04 13:11:40,280 [ERROR] ServerAccessManage:1089 - Problem, file not found on Server
2023-11-04 13:11:40,745 [ERROR] ServerAccessManage:1096 - Problem, Http access forbiden
2023-11-04 13:11:40,746 [ERROR] ServerAccessManage:651 - Problem, Http access forbiden : RoweBots.I-CUBE-UNISONRTOS.pdsc.
2023-11-04 13:11:40,849 [ERROR] ServerAccessManage:1172 - Problem during Server Connection :  IO error PKIX path building failed: sun.security.provider.certpath.SunCertPathBuilderException: unable to find valid certification path to requested target
2023-11-04 13:11:40,849 [ERROR] ServerAccessManage:651 - Problem during Server Connection :  : SEGGER.I-CUBE-embOS.pdsc.
2023-11-04 13:11:40,985 [INFO] ServerAccessManage:473 - Download File portGmbH.I-Cube-SoM-uGOAL.pdsc
2023-11-04 13:11:41,186 [ERROR] ServerAccessManage:1089 - Problem, file not found on Server
2023-11-04 13:11:41,205 [ERROR] ServerAccessManage:1089 - Problem, file not found on Server
2023-11-04 13:11:41,224 [ERROR] ServerAccessManage:1089 - Problem, file not found on Server
2023-11-04 13:11:41,428 [INFO] ServerAccessManage:473 - Download File emotas.I-CUBE-CANOPEN.pdsc
2023-11-04 13:11:42,436 [INFO] ServerAccessManage:473 - Download File WES.I-CUBE-Cesium.pdsc
2023-11-04 13:11:42,909 [WARN] MainUpdater:1189 - Updater busy. Cannot search thirdparties
2023-11-04 13:11:42,909 [INFO] ThirdPartyUpdaterWithRetryManager:96 - Updater plugin is busy. [9/15]
2023-11-04 13:11:43,251 [ERROR] LogOutputStream:75 - [STDERR_REDIRECT] SLF4J: Failed to load class "org.slf4j.impl.StaticLoggerBinder".
2023-11-04 13:11:43,251 [ERROR] LogOutputStream:75 - [STDERR_REDIRECT] SLF4J: Defaulting to no-operation (NOP) logger implementation
2023-11-04 13:11:43,252 [ERROR] LogOutputStream:75 - [STDERR_REDIRECT] SLF4J: See http://www.slf4j.org/codes.html#StaticLoggerBinder for further details.
2023-11-04 13:11:44,640 [ERROR] ServerAccessManage:1089 - Problem, file not found on Server
2023-11-04 13:11:45,363 [ERROR] ServerAccessManage:1089 - Problem, file not found on Server
2023-11-04 13:11:45,920 [WARN] MainUpdater:1189 - Updater busy. Cannot search thirdparties
2023-11-04 13:11:45,920 [INFO] ThirdPartyUpdaterWithRetryManager:96 - Updater plugin is busy. [10/15]
2023-11-04 13:11:46,228 [INFO] ServerAccessManage:473 - Download File ITTIA_DB.I-CUBE-ITTIADB.pdsc
2023-11-04 13:11:48,930 [WARN] MainUpdater:1189 - Updater busy. Cannot search thirdparties
2023-11-04 13:11:48,930 [INFO] ThirdPartyUpdaterWithRetryManager:96 - Updater plugin is busy. [11/15]
2023-11-04 13:11:49,122 [INFO] ServerAccessManage:473 - Download File Infineon.AIROC-Wi-Fi-Bluetooth-STM32.pdsc
2023-11-04 13:11:49,758 [WARN] CheckServerUpdateThread:151 - Open CheckUpdateFile Fail
2023-11-04 13:11:49,763 [WARN] PackLoader:240 - Cannot read IP mode file for STMicroelectronics.FP-ATR-ASTRA1.2.0.0
2023-11-04 13:11:49,769 [WARN] PackLoader:240 - Cannot read IP mode file for STMicroelectronics.FP-ATR-SIGFOX1.3.2.0
2023-11-04 13:11:49,775 [WARN] PackLoader:240 - Cannot read IP mode file for STMicroelectronics.FP-SNS-FLIGHT1.5.0.2
2023-11-04 13:11:49,780 [WARN] PackLoader:240 - Cannot read IP mode file for STMicroelectronics.FP-SNS-MOTENV1.4.3.2
2023-11-04 13:11:49,787 [WARN] PackLoader:240 - Cannot read IP mode file for STMicroelectronics.FP-SNS-SMARTAG2.1.2.0
2023-11-04 13:11:49,790 [WARN] PackLoader:240 - Cannot read IP mode file for STMicroelectronics.X-CUBE-AI.8.1.0
2023-11-04 13:11:49,796 [WARN] PackLoader:240 - Cannot read IP mode file for STMicroelectronics.X-CUBE-ALS.1.0.1
2023-11-04 13:11:49,804 [WARN] PackLoader:240 - Cannot read IP mode file for STMicroelectronics.X-CUBE-BLE1.7.0.0
2023-11-04 13:11:49,808 [WARN] PackLoader:240 - Cannot read IP mode file for STMicroelectronics.X-CUBE-BLE2.3.3.0
2023-11-04 13:11:49,822 [WARN] PackLoader:240 - Cannot read IP mode file for STMicroelectronics.X-CUBE-BLEMGR.3.0.0
2023-11-04 13:11:49,834 [WARN] PackLoader:240 - Cannot read IP mode file for STMicroelectronics.X-CUBE-DISPLAY.3.0.0
2023-11-04 13:11:49,844 [WARN] PackLoader:240 - Cannot read IP mode file for STMicroelectronics.X-CUBE-EEPRMA1.4.2.0
2023-11-04 13:11:49,850 [WARN] PackLoader:240 - Cannot read IP mode file for STMicroelectronics.X-CUBE-FREERTOS.1.1.0
2023-11-04 13:11:49,854 [WARN] PackLoader:240 - Cannot read IP mode file for STMicroelectronics.X-CUBE-GNSS1.6.0.0
2023-11-04 13:11:49,858 [WARN] PackLoader:240 - Cannot read IP mode file for STMicroelectronics.X-CUBE-ISPU.1.1.0
2023-11-04 13:11:49,877 [INFO] CheckServerUpdateThread:120 - End of CheckServer Thread
2023-11-04 13:11:49,889 [WARN] PackLoader:240 - Cannot read IP mode file for STMicroelectronics.X-CUBE-MEMS1.10.0.0
2023-11-04 13:11:49,980 [WARN] PackLoader:240 - Cannot read IP mode file for STMicroelectronics.X-CUBE-NFC4.3.0.0
2023-11-04 13:11:49,988 [WARN] PackLoader:240 - Cannot read IP mode file for STMicroelectronics.X-CUBE-NFC6.3.0.0
2023-11-04 13:11:49,997 [WARN] PackLoader:240 - Cannot read IP mode file for STMicroelectronics.X-CUBE-NFC7.1.0.1
2023-11-04 13:11:50,003 [WARN] PackLoader:240 - Cannot read IP mode file for STMicroelectronics.X-CUBE-SFXS2LP1.4.0.0
2023-11-04 13:11:50,011 [WARN] PackLoader:240 - Cannot read IP mode file for STMicroelectronics.X-CUBE-SUBG2.5.0.0
2023-11-04 13:11:50,018 [WARN] PackLoader:240 - Cannot read IP mode file for STMicroelectronics.X-CUBE-SMBUS.2.1.0
2023-11-04 13:11:50,027 [WARN] PackLoader:240 - Cannot read IP mode file for STMicroelectronics.X-CUBE-TOF1.3.3.1
2023-11-04 13:11:50,038 [WARN] PackLoader:240 - Cannot read IP mode file for STMicroelectronics.X-CUBE-TOUCHGFX.4.22.1
2023-11-04 13:11:50,043 [WARN] PackLoader:240 - Cannot read IP mode file for STMicroelectronics.X-CUBE-ALGOBUILD.1.3.0
2023-11-04 13:11:50,056 [WARN] ConditionMgr:438 - getConditionDescription Invalid condition id : UX DEVICE CLASS RTOS Condition cause : null
2023-11-04 13:11:50,056 [WARN] ConditionMgr:438 - getConditionDescription Invalid condition id : UX DEVICE CLASS RTOS Condition cause : null
2023-11-04 13:11:50,058 [WARN] PackLoader:240 - Cannot read IP mode file for STMicroelectronics.X-CUBE-AZRTOS-H7.3.1.0
2023-11-04 13:11:50,059 [WARN] ConditionMgr:1039 - genDependencies : Invalid condition id : UX DEVICE CLASS RTOS Condition cause : null
2023-11-04 13:11:50,059 [WARN] ConditionMgr:1039 - genDependencies : Invalid condition id : UX DEVICE CLASS RTOS Condition cause : null
2023-11-04 13:11:50,059 [WARN] ConditionMgr:1039 - genDependencies : Invalid condition id : UX DEVICE CLASS RTOS Condition cause : null
2023-11-04 13:11:50,060 [WARN] ConditionMgr:1039 - genDependencies : Invalid condition id : UX DEVICE CLASS RTOS Condition cause : null
2023-11-04 13:11:50,060 [WARN] ConditionMgr:1039 - genDependencies : Invalid condition id : UX DEVICE CLASS RTOS Condition cause : null
2023-11-04 13:11:50,072 [WARN] PackLoader:240 - Cannot read IP mode file for STMicroelectronics.X-CUBE-AZRTOS-F4.1.1.0
2023-11-04 13:11:50,085 [WARN] PackLoader:240 - Cannot read IP mode file for STMicroelectronics.X-CUBE-AZRTOS-F7.1.1.0
2023-11-04 13:11:50,102 [WARN] ConditionMgr:438 - getConditionDescription Invalid condition id : LAN8742 Phy interface Condition cause : null
2023-11-04 13:11:50,103 [WARN] PackLoader:240 - Cannot read IP mode file for STMicroelectronics.X-CUBE-AZRTOS-L4.2.0.0
2023-11-04 13:11:50,103 [WARN] ConditionMgr:1039 - genDependencies : Invalid condition id : LAN8742 Phy interface Condition cause : null
2023-11-04 13:11:50,105 [WARN] ConditionMgr:1039 - genDependencies : Invalid condition id : LAN8742 Phy interface Condition cause : null
2023-11-04 13:11:50,105 [WARN] ConditionMgr:1039 - genDependencies : Invalid condition id : LAN8742 Phy interface Condition cause : null
2023-11-04 13:11:50,120 [WARN] PackLoader:240 - Cannot read IP mode file for STMicroelectronics.X-CUBE-AZRTOS-L5.2.0.0
2023-11-04 13:11:50,133 [WARN] PackLoader:240 - Cannot read IP mode file for STMicroelectronics.X-CUBE-AZRTOS-G0.1.1.0
2023-11-04 13:11:50,146 [WARN] PackLoader:240 - Cannot read IP mode file for STMicroelectronics.X-CUBE-AZRTOS-G4.2.0.0
2023-11-04 13:11:50,171 [WARN] ConditionMgr:438 - getConditionDescription Invalid condition id : UX DEVICE CLASS RTOS Condition cause : null
2023-11-04 13:11:50,171 [WARN] ConditionMgr:438 - getConditionDescription Invalid condition id : UX DEVICE CLASS RTOS Condition cause : null
2023-11-04 13:11:50,173 [WARN] PackLoader:240 - Cannot read IP mode file for STMicroelectronics.X-CUBE-AZRTOS-WB.2.0.0
2023-11-04 13:11:50,174 [WARN] ConditionMgr:1039 - genDependencies : Invalid condition id : UX DEVICE CLASS RTOS Condition cause : null
2023-11-04 13:11:50,174 [WARN] ConditionMgr:1039 - genDependencies : Invalid condition id : UX DEVICE CLASS RTOS Condition cause : null
2023-11-04 13:11:50,175 [WARN] ConditionMgr:1039 - genDependencies : Invalid condition id : UX DEVICE CLASS RTOS Condition cause : null
2023-11-04 13:11:50,175 [WARN] ConditionMgr:1039 - genDependencies : Invalid condition id : UX DEVICE CLASS RTOS Condition cause : null
2023-11-04 13:11:50,175 [WARN] ConditionMgr:1039 - genDependencies : Invalid condition id : UX DEVICE CLASS RTOS Condition cause : null
2023-11-04 13:11:50,184 [INFO] LogOutputStream:77 - [STDOUT_REDIRECT] 1 : Invalid condition id : UX_CORESTACK_Condition cause : null
2023-11-04 13:11:50,184 [INFO] LogOutputStream:77 - [STDOUT_REDIRECT] 1 : Invalid condition id : UX_CORESTACK_Condition cause : null
2023-11-04 13:11:50,187 [INFO] LogOutputStream:77 - [STDOUT_REDIRECT] 1 : Invalid condition id : UX_CORESTACK_Condition cause : null
2023-11-04 13:11:50,187 [INFO] LogOutputStream:77 - [STDOUT_REDIRECT] 1 : Invalid condition id : UX_CORESTACK_Condition cause : null
2023-11-04 13:11:50,188 [INFO] LogOutputStream:77 - [STDOUT_REDIRECT] 1 : Invalid condition id : UX_CORESTACK_Condition cause : null
2023-11-04 13:11:50,190 [WARN] PackLoader:240 - Cannot read IP mode file for STMicroelectronics.X-CUBE-AZRTOS-WL.2.0.0
2023-11-04 13:11:50,194 [WARN] PackLoader:240 - Cannot read IP mode file for wolfSSL.I-CUBE-wolfSSL.5.6.4
2023-11-04 13:11:50,200 [WARN] PackLoader:240 - Cannot read IP mode file for portGmbH.I-Cube-SoM-uGOAL.1.1.0
2023-11-04 13:11:50,204 [WARN] PackLoader:240 - Cannot read IP mode file for emotas.I-CUBE-CANOPEN.1.3.0
2023-11-04 13:11:50,210 [WARN] PackLoader:240 - Cannot read IP mode file for WES.I-CUBE-Cesium.1.3.0
2023-11-04 13:11:50,215 [WARN] PackLoader:240 - Cannot read IP mode file for ITTIA_DB.I-CUBE-ITTIADB.8.8.0
2023-11-04 13:11:50,226 [WARN] PackLoader:240 - Cannot read IP mode file for Infineon.AIROC-Wi-Fi-Bluetooth-STM32.1.5.1
2023-11-04 13:11:50,229 [INFO] PopulateThirdPartyThread:66 - Ending populate Thread
2023-11-04 13:11:50,232 [INFO] ThirdParty:1030 - CMSIS Pack Vendor :STMicroelectronics X-CUBE-ISPU 1.1.0
2023-11-04 13:11:50,233 [INFO] ThirdParty:1030 - CMSIS Pack Vendor :STMicroelectronics X-CUBE-DISPLAY 3.0.0
2023-11-04 13:11:50,233 [INFO] ThirdParty:1030 - CMSIS Pack Vendor :STMicroelectronics X-CUBE-GNSS1 6.0.0
2023-11-04 13:11:50,233 [INFO] ThirdParty:1030 - CMSIS Pack Vendor :STMicroelectronics X-CUBE-AZRTOS-F4 1.1.0
2023-11-04 13:11:50,233 [INFO] ThirdParty:1030 - CMSIS Pack Vendor :STMicroelectronics FP-ATR-SIGFOX1 3.2.0
2023-11-04 13:11:50,233 [INFO] ThirdParty:1030 - CMSIS Pack Vendor :STMicroelectronics X-CUBE-BLE1 7.0.0
2023-11-04 13:11:50,233 [INFO] ThirdParty:1030 - CMSIS Pack Vendor :wolfSSL I-CUBE-wolfSSL 5.6.4
2023-11-04 13:11:50,233 [INFO] ThirdParty:1030 - CMSIS Pack Vendor :STMicroelectronics X-CUBE-SMBUS 2.1.0
2023-11-04 13:11:50,233 [INFO] ThirdParty:1030 - CMSIS Pack Vendor :STMicroelectronics X-CUBE-AZRTOS-WB 2.0.0
2023-11-04 13:11:50,233 [INFO] ThirdParty:1030 - CMSIS Pack Vendor :emotas I-CUBE-CANOPEN 1.3.0
2023-11-04 13:11:50,233 [INFO] ThirdParty:1030 - CMSIS Pack Vendor :STMicroelectronics X-CUBE-MEMS1 10.0.0
2023-11-04 13:11:50,233 [INFO] ThirdParty:1030 - CMSIS Pack Vendor :STMicroelectronics X-CUBE-FREERTOS 1.1.0
2023-11-04 13:11:50,233 [INFO] ThirdParty:1030 - CMSIS Pack Vendor :STMicroelectronics X-CUBE-NFC7 1.0.1
2023-11-04 13:11:50,233 [INFO] ThirdParty:1030 - CMSIS Pack Vendor :STMicroelectronics X-CUBE-TOUCHGFX 4.22.1
2023-11-04 13:11:50,233 [INFO] ThirdParty:1030 - CMSIS Pack Vendor :STMicroelectronics X-CUBE-AZRTOS-F7 1.1.0
2023-11-04 13:11:50,233 [INFO] ThirdParty:1030 - CMSIS Pack Vendor :STMicroelectronics X-CUBE-AZRTOS-L5 2.0.0
2023-11-04 13:11:50,233 [INFO] ThirdParty:1030 - CMSIS Pack Vendor :STMicroelectronics X-CUBE-NFC6 3.0.0
2023-11-04 13:11:50,233 [INFO] ThirdParty:1030 - CMSIS Pack Vendor :STMicroelectronics X-CUBE-ALS 1.0.1
2023-11-04 13:11:50,233 [INFO] ThirdParty:1030 - CMSIS Pack Vendor :portGmbH I-Cube-SoM-uGOAL 1.1.0
2023-11-04 13:11:50,233 [INFO] ThirdParty:1030 - CMSIS Pack Vendor :STMicroelectronics X-CUBE-EEPRMA1 4.2.0
2023-11-04 13:11:50,233 [INFO] ThirdParty:1030 - CMSIS Pack Vendor :ITTIA_DB I-CUBE-ITTIADB 8.8.0
2023-11-04 13:11:50,233 [INFO] ThirdParty:1030 - CMSIS Pack Vendor :STMicroelectronics FP-SNS-SMARTAG2 1.2.0
2023-11-04 13:11:50,233 [INFO] ThirdParty:1030 - CMSIS Pack Vendor :STMicroelectronics FP-SNS-MOTENV1 4.3.2
2023-11-04 13:11:50,233 [INFO] ThirdParty:1030 - CMSIS Pack Vendor :STMicroelectronics X-CUBE-ALGOBUILD 1.3.0
2023-11-04 13:11:50,233 [INFO] ThirdParty:1030 - CMSIS Pack Vendor :STMicroelectronics X-CUBE-AZRTOS-WL 2.0.0
2023-11-04 13:11:50,233 [INFO] ThirdParty:1030 - CMSIS Pack Vendor :STMicroelectronics X-CUBE-AZRTOS-G0 1.1.0
2023-11-04 13:11:50,233 [INFO] ThirdParty:1030 - CMSIS Pack Vendor :STMicroelectronics X-CUBE-AI 8.1.0
2023-11-04 13:11:50,233 [INFO] ThirdParty:1030 - CMSIS Pack Vendor :STMicroelectronics X-CUBE-NFC4 3.0.0
2023-11-04 13:11:50,233 [INFO] ThirdParty:1030 - CMSIS Pack Vendor :STMicroelectronics X-CUBE-SUBG2 5.0.0
2023-11-04 13:11:50,234 [INFO] ThirdParty:1030 - CMSIS Pack Vendor :STMicroelectronics X-CUBE-AZRTOS-L4 2.0.0
2023-11-04 13:11:50,234 [INFO] ThirdParty:1030 - CMSIS Pack Vendor :STMicroelectronics FP-ATR-ASTRA1 2.0.0
2023-11-04 13:11:50,234 [INFO] ThirdParty:1030 - CMSIS Pack Vendor :WES I-CUBE-Cesium 1.3.0
2023-11-04 13:11:50,234 [INFO] ThirdParty:1030 - CMSIS Pack Vendor :STMicroelectronics X-CUBE-SFXS2LP1 4.0.0
2023-11-04 13:11:50,234 [INFO] ThirdParty:1030 - CMSIS Pack Vendor :STMicroelectronics FP-SNS-FLIGHT1 5.0.2
2023-11-04 13:11:50,234 [INFO] ThirdParty:1030 - CMSIS Pack Vendor :STMicroelectronics X-CUBE-BLE2 3.3.0
2023-11-04 13:11:50,234 [INFO] ThirdParty:1030 - CMSIS Pack Vendor :STMicroelectronics X-CUBE-TOF1 3.3.1
2023-11-04 13:11:50,234 [INFO] ThirdParty:1030 - CMSIS Pack Vendor :STMicroelectronics X-CUBE-AZRTOS-G4 2.0.0
2023-11-04 13:11:50,234 [INFO] ThirdParty:1030 - CMSIS Pack Vendor :STMicroelectronics X-CUBE-AZRTOS-H7 3.1.0
2023-11-04 13:11:50,234 [INFO] ThirdParty:1030 - CMSIS Pack Vendor :Infineon AIROC-Wi-Fi-Bluetooth-STM32 1.5.1
2023-11-04 13:11:50,234 [INFO] ThirdParty:1030 - CMSIS Pack Vendor :STMicroelectronics X-CUBE-BLEMGR 3.0.0
2023-11-04 13:11:50,235 [INFO] LoadServerUpdatesThread:373 - End of LoadServerUpdate Thread
2023-11-04 13:11:52,039 [WARN] PackLoader:240 - Cannot read IP mode file for STMicroelectronics.X-CUBE-SMBUS.2.1.0
2023-11-04 13:11:52,047 [WARN] PackLoader:240 - Cannot read IP mode file for STMicroelectronics.X-CUBE-AZRTOS-F7.1.1.0
2023-11-04 13:11:52,054 [WARN] PackLoader:240 - Cannot read IP mode file for STMicroelectronics.FP-SNS-MOTENV1.4.3.2
2023-11-04 13:11:52,059 [WARN] PackLoader:240 - Cannot read IP mode file for STMicroelectronics.FP-SNS-FLIGHT1.5.0.2
2023-11-04 13:11:52,063 [WARN] PackLoader:240 - Cannot read IP mode file for STMicroelectronics.X-CUBE-DISPLAY.3.0.0
2023-11-04 13:11:52,068 [WARN] PackLoader:240 - Cannot read IP mode file for STMicroelectronics.X-CUBE-BLE1.7.0.0
2023-11-04 13:11:52,075 [WARN] PackLoader:240 - Cannot read IP mode file for emotas.I-CUBE-CANOPEN.1.3.0
2023-11-04 13:11:52,077 [WARN] PackLoader:240 - Cannot read IP mode file for STMicroelectronics.X-CUBE-TOUCHGFX.4.22.1
2023-11-04 13:11:52,081 [WARN] PackLoader:240 - Cannot read IP mode file for STMicroelectronics.FP-SNS-SMARTAG2.1.2.0
2023-11-04 13:11:52,087 [INFO] LogOutputStream:77 - [STDOUT_REDIRECT] 1 : Invalid condition id : UX_CORESTACK_Condition cause : null
2023-11-04 13:11:52,088 [INFO] LogOutputStream:77 - [STDOUT_REDIRECT] 1 : Invalid condition id : UX_CORESTACK_Condition cause : null
2023-11-04 13:11:52,089 [INFO] LogOutputStream:77 - [STDOUT_REDIRECT] 1 : Invalid condition id : UX_CORESTACK_Condition cause : null
2023-11-04 13:11:52,090 [INFO] LogOutputStream:77 - [STDOUT_REDIRECT] 1 : Invalid condition id : UX_CORESTACK_Condition cause : null
2023-11-04 13:11:52,091 [INFO] LogOutputStream:77 - [STDOUT_REDIRECT] 1 : Invalid condition id : UX_CORESTACK_Condition cause : null
2023-11-04 13:11:52,094 [WARN] PackLoader:240 - Cannot read IP mode file for STMicroelectronics.X-CUBE-AZRTOS-WL.2.0.0
2023-11-04 13:11:52,100 [WARN] PackLoader:240 - Cannot read IP mode file for WES.I-CUBE-Cesium.1.3.0
2023-11-04 13:11:52,104 [WARN] PackLoader:240 - Cannot read IP mode file for STMicroelectronics.X-CUBE-BLE2.3.3.0
2023-11-04 13:11:52,109 [WARN] PackLoader:240 - Cannot read IP mode file for STMicroelectronics.X-CUBE-ALGOBUILD.1.3.0
2023-11-04 13:11:52,117 [WARN] PackLoader:240 - Cannot read IP mode file for STMicroelectronics.X-CUBE-AZRTOS-G0.1.1.0
2023-11-04 13:11:52,121 [WARN] PackLoader:240 - Cannot read IP mode file for STMicroelectronics.X-CUBE-NFC4.3.0.0
2023-11-04 13:11:52,128 [WARN] PackLoader:240 - Cannot read IP mode file for STMicroelectronics.X-CUBE-BLEMGR.3.0.0
2023-11-04 13:11:52,132 [WARN] PackLoader:240 - Cannot read IP mode file for STMicroelectronics.FP-ATR-SIGFOX1.3.2.0
2023-11-04 13:11:52,135 [WARN] PackLoader:240 - Cannot read IP mode file for STMicroelectronics.X-CUBE-GNSS1.6.0.0
2023-11-04 13:11:52,144 [WARN] PackLoader:240 - Cannot read IP mode file for STMicroelectronics.X-CUBE-AZRTOS-F4.1.1.0
2023-11-04 13:11:52,150 [WARN] PackLoader:240 - Cannot read IP mode file for wolfSSL.I-CUBE-wolfSSL.5.6.4
2023-11-04 13:11:52,159 [WARN] PackLoader:240 - Cannot read IP mode file for STMicroelectronics.X-CUBE-AZRTOS-L5.2.0.0
2023-11-04 13:11:52,165 [WARN] PackLoader:240 - Cannot read IP mode file for STMicroelectronics.X-CUBE-EEPRMA1.4.2.0
2023-11-04 13:11:52,169 [WARN] PackLoader:240 - Cannot read IP mode file for ITTIA_DB.I-CUBE-ITTIADB.8.8.0
2023-11-04 13:11:52,177 [WARN] ConditionMgr:438 - getConditionDescription Invalid condition id : UX DEVICE CLASS RTOS Condition cause : null
2023-11-04 13:11:52,177 [WARN] ConditionMgr:438 - getConditionDescription Invalid condition id : UX DEVICE CLASS RTOS Condition cause : null
2023-11-04 13:11:52,179 [WARN] PackLoader:240 - Cannot read IP mode file for STMicroelectronics.X-CUBE-AZRTOS-H7.3.1.0
2023-11-04 13:11:52,179 [WARN] ConditionMgr:1039 - genDependencies : Invalid condition id : UX DEVICE CLASS RTOS Condition cause : null
2023-11-04 13:11:52,180 [WARN] ConditionMgr:1039 - genDependencies : Invalid condition id : UX DEVICE CLASS RTOS Condition cause : null
2023-11-04 13:11:52,180 [WARN] ConditionMgr:1039 - genDependencies : Invalid condition id : UX DEVICE CLASS RTOS Condition cause : null
2023-11-04 13:11:52,180 [WARN] ConditionMgr:1039 - genDependencies : Invalid condition id : UX DEVICE CLASS RTOS Condition cause : null
2023-11-04 13:11:52,180 [WARN] ConditionMgr:1039 - genDependencies : Invalid condition id : UX DEVICE CLASS RTOS Condition cause : null
2023-11-04 13:11:52,185 [WARN] PackLoader:240 - Cannot read IP mode file for STMicroelectronics.X-CUBE-NFC7.1.0.1
2023-11-04 13:11:52,189 [WARN] PackLoader:240 - Cannot read IP mode file for STMicroelectronics.X-CUBE-NFC6.3.0.0
2023-11-04 13:11:52,192 [WARN] PackLoader:240 - Cannot read IP mode file for STMicroelectronics.X-CUBE-AI.8.1.0
2023-11-04 13:11:52,201 [WARN] ConditionMgr:438 - getConditionDescription Invalid condition id : LAN8742 Phy interface Condition cause : null
2023-11-04 13:11:52,202 [WARN] PackLoader:240 - Cannot read IP mode file for STMicroelectronics.X-CUBE-AZRTOS-L4.2.0.0
2023-11-04 13:11:52,203 [WARN] ConditionMgr:1039 - genDependencies : Invalid condition id : LAN8742 Phy interface Condition cause : null
2023-11-04 13:11:52,203 [WARN] ConditionMgr:1039 - genDependencies : Invalid condition id : LAN8742 Phy interface Condition cause : null
2023-11-04 13:11:52,203 [WARN] ConditionMgr:1039 - genDependencies : Invalid condition id : LAN8742 Phy interface Condition cause : null
2023-11-04 13:11:52,207 [WARN] PackLoader:240 - Cannot read IP mode file for STMicroelectronics.X-CUBE-SFXS2LP1.4.0.0
2023-11-04 13:11:52,210 [WARN] PackLoader:240 - Cannot read IP mode file for STMicroelectronics.X-CUBE-ISPU.1.1.0
2023-11-04 13:11:52,219 [WARN] ConditionMgr:438 - getConditionDescription Invalid condition id : UX DEVICE CLASS RTOS Condition cause : null
2023-11-04 13:11:52,219 [WARN] ConditionMgr:438 - getConditionDescription Invalid condition id : UX DEVICE CLASS RTOS Condition cause : null
2023-11-04 13:11:52,220 [WARN] PackLoader:240 - Cannot read IP mode file for STMicroelectronics.X-CUBE-AZRTOS-WB.2.0.0
2023-11-04 13:11:52,220 [WARN] ConditionMgr:1039 - genDependencies : Invalid condition id : UX DEVICE CLASS RTOS Condition cause : null
2023-11-04 13:11:52,220 [WARN] ConditionMgr:1039 - genDependencies : Invalid condition id : UX DEVICE CLASS RTOS Condition cause : null
2023-11-04 13:11:52,221 [WARN] ConditionMgr:1039 - genDependencies : Invalid condition id : UX DEVICE CLASS RTOS Condition cause : null
2023-11-04 13:11:52,221 [WARN] ConditionMgr:1039 - genDependencies : Invalid condition id : UX DEVICE CLASS RTOS Condition cause : null
2023-11-04 13:11:52,221 [WARN] ConditionMgr:1039 - genDependencies : Invalid condition id : UX DEVICE CLASS RTOS Condition cause : null
2023-11-04 13:11:52,227 [WARN] PackLoader:240 - Cannot read IP mode file for STMicroelectronics.X-CUBE-SUBG2.5.0.0
2023-11-04 13:11:52,244 [WARN] PackLoader:240 - Cannot read IP mode file for STMicroelectronics.X-CUBE-TOF1.3.3.1
2023-11-04 13:11:52,257 [WARN] PackLoader:240 - Cannot read IP mode file for STMicroelectronics.X-CUBE-AZRTOS-G4.2.0.0
2023-11-04 13:11:52,265 [WARN] PackLoader:240 - Cannot read IP mode file for Infineon.AIROC-Wi-Fi-Bluetooth-STM32.1.5.1
2023-11-04 13:11:52,287 [WARN] PackLoader:240 - Cannot read IP mode file for STMicroelectronics.X-CUBE-MEMS1.10.0.0
2023-11-04 13:11:52,349 [WARN] PackLoader:240 - Cannot read IP mode file for STMicroelectronics.X-CUBE-FREERTOS.1.1.0
2023-11-04 13:11:52,353 [WARN] PackLoader:240 - Cannot read IP mode file for portGmbH.I-Cube-SoM-uGOAL.1.1.0
2023-11-04 13:11:52,357 [WARN] PackLoader:240 - Cannot read IP mode file for STMicroelectronics.X-CUBE-ALS.1.0.1
2023-11-04 13:11:52,360 [WARN] PackLoader:240 - Cannot read IP mode file for STMicroelectronics.FP-ATR-ASTRA1.2.0.0
2023-11-04 13:11:52,361 [INFO] ThirdParty:978 - Integrity check success = true
2023-11-04 13:11:52,361 [INFO] IntegrityCheckThread:100 - exiting critical section [integrity check]
2023-11-04 13:11:52,361 [INFO] IntegrityCheckThread:103 - End integrity checks thread
2023-11-04 13:12:44,914 [INFO] McuFinderGlobals:63 - Set McuFinder mode to 2 (CubeIDE integrated)
2023-11-04 13:12:44,931 [INFO] MainUpdater:2868 - connection check result : 10
2023-11-04 13:12:44,946 [INFO] McuFinderGlobals:76 - Set McuFinderConnectedMode to true
2023-11-04 13:12:45,147 [INFO] ServerAccessManage:473 - Download File mcusAds.json._tmp_
2023-11-04 13:12:45,255 [INFO] LoadUrlFilesThread:156 - End of LoadUrlFiles Thread
2023-11-04 13:12:45,436 [INFO] ServerAccessManage:473 - Download File cube-finder-db.zip
2023-11-04 13:12:57,712 [INFO] FileExtend:240 - Unzip File : cube-finder-db.zip
2023-11-04 13:12:57,712 [INFO] FileExtend:255 - Standard Zip Deflate
2023-11-04 13:12:58,205 [INFO] LoadUrlFilesThread:156 - End of LoadUrlFiles Thread
2023-11-04 13:12:58,375 [INFO] ServerAccessManage:473 - Download File crdb.zip
2023-11-04 13:12:58,660 [INFO] FileExtend:240 - Unzip File : crdb.zip
2023-11-04 13:12:58,661 [INFO] FileExtend:255 - Standard Zip Deflate
2023-11-04 13:12:58,782 [INFO] LoadUrlFilesThread:156 - End of LoadUrlFiles Thread
2023-11-04 13:12:58,938 [INFO] ServerAccessManage:473 - Download File tutoVideoDB.zip
2023-11-04 13:12:58,986 [INFO] FileExtend:240 - Unzip File : tutoVideoDB.zip
2023-11-04 13:12:58,986 [INFO] FileExtend:255 - Standard Zip Deflate
2023-11-04 13:12:59,101 [INFO] LoadUrlFilesThread:156 - End of LoadUrlFiles Thread
2023-11-04 13:12:59,102 [WARN] DbFile:41 - Overriding database path with different value: C:\Users\grafd\.stmcufinder\plugins\mcufinder/ => C:\Users\grafd\.stmcufinder\plugins\mcufinder
2023-11-04 13:12:59,249 [INFO] ServerAccessManage:473 - Download File api_config.json
2023-11-04 13:12:59,359 [INFO] LoadUrlFilesThread:156 - End of LoadUrlFiles Thread
2023-11-04 13:12:59,360 [INFO] DbMcusAds:53 - JSON generation date=Tue Mar 07 09:50:55 CET 2023 (1678179055335)
2023-11-04 13:12:59,419 [INFO] ServerAccessManage:473 - Download File 
2023-11-04 13:12:59,425 [INFO] LoadUrlFilesThread:185 - End of LoadServerUrlFiles without Thread
2023-11-04 13:12:59,426 [INFO] TargetSelectorAdapter:259 - Refresh data is successful
2023-11-04 13:12:59,496 [INFO] ApiDb:581 - Connected to CubeFinder SQLite database (C:\Users\grafd\.stmcufinder\plugins\mcufinder\mcu\cube-finder-db.db)
2023-11-04 13:12:59,548 [INFO] ApiDb:668 - CubeFinder database Data Model version=2.1
2023-11-04 13:12:59,548 [INFO] ApiDb:669 - CubeFinder database Configuration version=3.0.37
2023-11-04 13:12:59,549 [INFO] ApiDb:670 - CubeFinder database generation date=2023-10-13 (1697197505)
2023-11-04 13:12:59,549 [INFO] ApiDb:671 - CubeFinder database FW Pack versions=[FP-ATR-ASTRA1_V2.0.0, FP-SNS-FLIGHT1_V5.0.1, FP-SNS-FLIGHT1_V5.0.2, FP-SNS-MOTENV1_V4.3.1, FP-SNS-MOTENV1_V4.3.2, FP-SNS-SMARTAG2_V1.2.0, I-CUBE-ITTIADB_V8.6.3-1, STM32Cube_FW_C0_V1.1.0, STM32Cube_FW_F4_V1.27.1, STM32Cube_FW_F7_V1.17.0, STM32Cube_FW_G0_V1.6.1, STM32Cube_FW_G4_V1.5.1, STM32Cube_FW_H5_V0.5.1, STM32Cube_FW_H5_V1.1.1, STM32Cube_FW_H7_V1.11.0, STM32Cube_FW_L0_V1.12.2, STM32Cube_FW_L5_V1.5.0, STM32Cube_FW_U5_V1.3.0, STM32Cube_FW_U5_V1.3.0RC4, STM32Cube_FW_WBA_V1.0.0RC1, STM32Cube_FW_WBA_V1.1.0RC1, STM32Cube_FW_WBA_V1.1.1, STM32Cube_FW_WB_V1.15.0RC1, STM32Cube_FW_WB_V1.16.0, STM32Cube_FW_WB_V1.16.0RC2, STM32Cube_FW_WB_V1.17.3, STM32Cube_FW_WL_V1.3.0, X-CUBE-ALGOBUILD_V1.3.0, X-CUBE-ALS_V1.0.1, X-CUBE-AZRTOS-F4_V1.1.0, X-CUBE-AZRTOS-F7_V1.1.0, X-CUBE-AZRTOS-G0_V1.1.0, X-CUBE-AZRTOS-G4_V2.0.0, X-CUBE-AZRTOS-H7_V3.1.0, X-CUBE-AZRTOS-L4_V1.0.0, X-CUBE-AZRTOS-L4_V2.0.0, X-CUBE-AZRTOS-L5_V1.1.0, X-CUBE-AZRTOS-WB_V2.0.0, X-CUBE-AZRTOS-WL_V2.0.0, X-CUBE-BLE1_V7.0.0, X-CUBE-BLE2_V3.3.0, X-CUBE-BLEMGR_V2.0.0, X-CUBE-EEPRMA1_V4.1.0, X-CUBE-FREERTOS_V1.1.0, X-CUBE-GNSS1_V6.0.0, X-CUBE-MEMS1_V10.0.0, X-CUBE-MEMS1_V9.1.0, X-CUBE-MEMS1_V9.4.0, X-CUBE-MEMS1_V9.6.0, X-CUBE-NFC4_V3.0.0, X-CUBE-NFC7_V1.0.1, X-CUBE-SFXS2LP1_V4.0.0, X-CUBE-SUBG2_V5.0.0, X-CUBE-TOF1_V3.3.1]
2023-11-04 13:13:00,939 [INFO] ApiDb:240 - Found 323 in-development CPN: [B-G473E-ZEST1S, B-WB1M-WPAN1, B-WL5M-SUBG1, NUCLEO-C031C6, NUCLEO-H503RB, NUCLEO-H563ZI, NUCLEO-U545RE-Q, NUCLEO-U5A5ZJ-Q, NUCLEO-WBA52CG, STEVAL-PROTEUS1, STEVAL-SMARTAG2, STEVAL-STWINBX1, STM320518-EVAL, STM32C0116-DK, STM32C011D6Y3TR, STM32C011D6Y6TR, STM32C011F4P3, STM32C011F4P6, STM32C011F4U3, STM32C011F4U6TR, STM32C011F6P3, STM32C011F6P6, STM32C011F6U3, STM32C011F6U6TR, STM32C011J4M3, STM32C011J4M6, STM32C011J6M3, STM32C011J6M6, STM32C0316-DK, STM32C031C4T3, STM32C031C4T6, STM32C031C4U3, STM32C031C4U6, STM32C031C6T3, STM32C031C6T6, STM32C031C6U3, STM32C031C6U6, STM32C031F4P3, STM32C031F4P6, STM32C031F6P3, STM32C031F6P6, STM32C031G4U3, STM32C031G4U6, STM32C031G6U3, STM32C031G6U6, STM32C031K4T3, STM32C031K4T6, STM32C031K4U3, STM32C031K4U6, STM32C031K6T3, STM32C031K6T6, STM32C031K6U3, STM32C031K6U6, STM32G071K8TXN, STM32G071K8UXN, STM32G081GBU6N, STM32G081KBT6N, STM32G081KBUXN, STM32G0B1CCT6N, STM32G0B1KCT6, STM32G0B1NEY6TR, STM32G0B1RCT6N, STM32G0C1CCT6, STM32G0C1CCT6N, STM32G0C1CCU6N, STM32G0C1CET6N, STM32G0C1CEU6N, STM32G0C1KCT6, STM32G0C1NEY6TR, STM32G0C1RCI6N, STM32G0C1RCT6N, STM32G0C1REI6N, STM32G0C1RET6N, STM32G0C1VCI6, STM32G0C1VEI6, STM32G471CCT6, STM32G471CCU6, STM32G471CET3, STM32G471CET6, STM32G471CEU3, STM32G471CEU6, STM32G471MCT6, STM32G471MET3, STM32G471MET6, STM32G471MEY6TR, STM32G471QCT6, STM32G471QET3, STM32G471RCT6, STM32G471RET3, STM32G471RET6, STM32G471VCH6, STM32G471VCI6, STM32G471VCT6, STM32G471VEH3, STM32G471VEH6, STM32G471VEI3, STM32G471VEI6, STM32G471VET3, STM32G471VET6, STM32G474CCT6, STM32H503CBT6, STM32H503CBU6, STM32H503EBY6TR, STM32H503KBU6, STM32H503RBT6, STM32H562AGI6, STM32H562AII6, STM32H562IGK6, STM32H562IGT6, STM32H562IIK6, STM32H562IIT6, STM32H562RGT6, STM32H562RGV6, STM32H562RIT6, STM32H562RIV6, STM32H562VGT6, STM32H562VIT6, STM32H562ZGT6, STM32H562ZIT6, STM32H563AGI6, STM32H563AII3Q, STM32H563AII6, STM32H563IGK6, STM32H563IGT6, STM32H563IIK3Q, STM32H563IIK6, STM32H563IIT3Q, STM32H563IIT6, STM32H563MIY3QTR, STM32H563RGT6, STM32H563RGV6, STM32H563RIT6, STM32H563RIV6, STM32H563VGT6, STM32H563VIT3Q, STM32H563VIT6, STM32H563ZGT6, STM32H563ZIT3Q, STM32H563ZIT6, STM32H573AII3Q, STM32H573AII6, STM32H573I-DK, STM32H573IIK3Q, STM32H573IIK6, STM32H573IIT3Q, STM32H573IIT6, STM32H573MIY3QTR, STM32H573RIT6, STM32H573RIV6, STM32H573VIT3Q, STM32H573VIT6, STM32H573ZIT3Q, STM32H573ZIT6, STM32L4R5QGI6STR, STM32MP131AAE3, STM32MP131AAF3, STM32MP131AAG3, STM32MP131CAE3, STM32MP131CAF3, STM32MP131CAG3, STM32MP131DAE7, STM32MP131DAF7, STM32MP131DAG7, STM32MP131FAE7, STM32MP131FAF7, STM32MP131FAG7, STM32MP133AAE3, STM32MP133AAF3, STM32MP133AAG3, STM32MP133CAE3, STM32MP133CAF3, STM32MP133CAG3, STM32MP133DAE7, STM32MP133DAF7, STM32MP133DAG7, STM32MP133FAE7, STM32MP133FAF7, STM32MP133FAG7, STM32MP135AAE3, STM32MP135AAF3, STM32MP135AAG3, STM32MP135CAE3, STM32MP135CAF3, STM32MP135CAG3, STM32MP135DAE7, STM32MP135DAF7, STM32MP135DAG7, STM32MP135F-DK, STM32MP135FAE7, STM32MP135FAF7, STM32MP135FAF7T, STM32MP135FAF7U, STM32MP135FAG7, STM32U535CBT6, STM32U535CBT6Q, STM32U535CBU6, STM32U535CBU6Q, STM32U535CCT6, STM32U535CCT6Q, STM32U535CCU6, STM32U535CCU6Q, STM32U535CET6, STM32U535CET6Q, STM32U535CEU6, STM32U535CEU6Q, STM32U535JEY6QTR, STM32U535NCY6QTR, STM32U535NEY6QTR, STM32U535RBI6, STM32U535RBI6Q, STM32U535RBT6, STM32U535RBT6Q, STM32U535RCI6, STM32U535RCI6Q, STM32U535RCT6, STM32U535RCT6Q, STM32U535REI6, STM32U535REI6Q, STM32U535RET6, STM32U535RET6Q, STM32U535VCI6, STM32U535VCI6Q, STM32U535VCT6, STM32U535VCT6Q, STM32U535VEI6, STM32U535VEI6Q, STM32U535VET6, STM32U535VET6Q, STM32U545CET6, STM32U545CET6Q, STM32U545CEU6, STM32U545CEU6Q, STM32U545JEY6QTR, STM32U545NEY6QTR, STM32U545REI6, STM32U545REI6Q, STM32U545RET6, STM32U545RET6Q, STM32U545VEI6, STM32U545VEI6Q, STM32U545VET6, STM32U545VET6Q, STM32U595AIH6, STM32U595AIH6Q, STM32U595AJH6, STM32U595AJH6Q, STM32U595QII6, STM32U595QII6Q, STM32U595QJI6, STM32U595QJI6Q, STM32U595RIT6, STM32U595RIT6Q, STM32U595RJT6, STM32U595RJT6Q, STM32U595VIT6, STM32U595VIT6Q, STM32U595VJT6, STM32U595VJT6Q, STM32U595ZIT6, STM32U595ZIT6Q, STM32U595ZIY6QTR, STM32U595ZJT6, STM32U595ZJT6Q, STM32U595ZJY6QTR, STM32U599BJY6QTR, STM32U599NIH6Q, STM32U599NJH6Q, STM32U599VIT6Q, STM32U599VJT6, STM32U599VJT6Q, STM32U599ZIT6Q, STM32U599ZIY6QTR, STM32U599ZJT6Q, STM32U599ZJY6QTR, STM32U5A5AJH6, STM32U5A5AJH6Q, STM32U5A5QJI6, STM32U5A5QJI6Q, STM32U5A5RJT6, STM32U5A5RJT6Q, STM32U5A5VJT6, STM32U5A5VJT6Q, STM32U5A5ZJT6, STM32U5A5ZJT6Q, STM32U5A5ZJY6QTR, STM32U5A9BJY6QTR, STM32U5A9J-DK, STM32U5A9NJH6Q, STM32U5A9VJT6Q, STM32U5A9ZJT6Q, STM32U5A9ZJY6QTR, STM32U5F7VIT6, STM32U5F7VIT6Q, STM32U5F7VJT6, STM32U5F7VJT6Q, STM32U5F9BJY6QTR, STM32U5F9NJH6Q, STM32U5F9VIT6Q, STM32U5F9VJT6Q, STM32U5F9ZIJ6QTR, STM32U5F9ZIT6Q, STM32U5F9ZJJ6QTR, STM32U5F9ZJT6Q, STM32U5G7VJT6, STM32U5G7VJT6Q, STM32U5G9BJY6QTR, STM32U5G9J-DK1, STM32U5G9J-DK2, STM32U5G9NJH6Q, STM32U5G9VJT6Q, STM32U5G9ZJJ6QTR, STM32U5G9ZJT6Q, STM32WB1MMCH6, STM32WBA52CEU6, STM32WBA52CEU6T, STM32WBA52CGU6, STM32WBA52CGU6T, STM32WBA52KEU6, STM32WBA52KEU6T, STM32WBA52KGU6, STM32WBA52KGU6T, STM32WL5MOCH6, STM32WL5MOCH6TR]
2023-11-04 13:13:00,942 [INFO] DbMcus:217 - Found 3848 MCUs, 3848 are supported
2023-11-04 13:13:00,942 [INFO] ApiDb:414 - User favorites file not found: C:\Users\grafd/.stm32cubeide/favorites.mcus.txt
2023-11-04 13:13:00,942 [INFO] DbMcus:223 - Set 0 / 0 favorites MCUs
2023-11-04 13:13:01,069 [INFO] ApiDb:668 - CubeFinder database Data Model version=2.1
2023-11-04 13:13:01,069 [INFO] ApiDb:669 - CubeFinder database Configuration version=3.0.37
2023-11-04 13:13:01,069 [INFO] ApiDb:670 - CubeFinder database generation date=2023-10-13 (1697197505)
2023-11-04 13:13:01,069 [INFO] ApiDb:671 - CubeFinder database FW Pack versions=[FP-ATR-ASTRA1_V2.0.0, FP-SNS-FLIGHT1_V5.0.1, FP-SNS-FLIGHT1_V5.0.2, FP-SNS-MOTENV1_V4.3.1, FP-SNS-MOTENV1_V4.3.2, FP-SNS-SMARTAG2_V1.2.0, I-CUBE-ITTIADB_V8.6.3-1, STM32Cube_FW_C0_V1.1.0, STM32Cube_FW_F4_V1.27.1, STM32Cube_FW_F7_V1.17.0, STM32Cube_FW_G0_V1.6.1, STM32Cube_FW_G4_V1.5.1, STM32Cube_FW_H5_V0.5.1, STM32Cube_FW_H5_V1.1.1, STM32Cube_FW_H7_V1.11.0, STM32Cube_FW_L0_V1.12.2, STM32Cube_FW_L5_V1.5.0, STM32Cube_FW_U5_V1.3.0, STM32Cube_FW_U5_V1.3.0RC4, STM32Cube_FW_WBA_V1.0.0RC1, STM32Cube_FW_WBA_V1.1.0RC1, STM32Cube_FW_WBA_V1.1.1, STM32Cube_FW_WB_V1.15.0RC1, STM32Cube_FW_WB_V1.16.0, STM32Cube_FW_WB_V1.16.0RC2, STM32Cube_FW_WB_V1.17.3, STM32Cube_FW_WL_V1.3.0, X-CUBE-ALGOBUILD_V1.3.0, X-CUBE-ALS_V1.0.1, X-CUBE-AZRTOS-F4_V1.1.0, X-CUBE-AZRTOS-F7_V1.1.0, X-CUBE-AZRTOS-G0_V1.1.0, X-CUBE-AZRTOS-G4_V2.0.0, X-CUBE-AZRTOS-H7_V3.1.0, X-CUBE-AZRTOS-L4_V1.0.0, X-CUBE-AZRTOS-L4_V2.0.0, X-CUBE-AZRTOS-L5_V1.1.0, X-CUBE-AZRTOS-WB_V2.0.0, X-CUBE-AZRTOS-WL_V2.0.0, X-CUBE-BLE1_V7.0.0, X-CUBE-BLE2_V3.3.0, X-CUBE-BLEMGR_V2.0.0, X-CUBE-EEPRMA1_V4.1.0, X-CUBE-FREERTOS_V1.1.0, X-CUBE-GNSS1_V6.0.0, X-CUBE-MEMS1_V10.0.0, X-CUBE-MEMS1_V9.1.0, X-CUBE-MEMS1_V9.4.0, X-CUBE-MEMS1_V9.6.0, X-CUBE-NFC4_V3.0.0, X-CUBE-NFC7_V1.0.1, X-CUBE-SFXS2LP1_V4.0.0, X-CUBE-SUBG2_V5.0.0, X-CUBE-TOF1_V3.3.1]
2023-11-04 13:13:01,108 [INFO] DbBoardsSqlite:226 - include board P-NUCLEO-WB55-NUCLEO as a kit item of type 'Nucleo-64'
2023-11-04 13:13:01,109 [INFO] DbBoardsSqlite:226 - include board P-NUCLEO-WB55-USBDONGLE as a kit item of type 'Nucleo USB Dongle'
2023-11-04 13:13:01,109 [INFO] DbBoardsSqlite:226 - include board STEVAL-IDP005V1 as a kit item of type 'Evaluation Board'
2023-11-04 13:13:01,109 [INFO] DbBoardsSqlite:226 - include board STEVAL-IDP005V2 as a kit item of type 'Evaluation Board'
2023-11-04 13:13:01,146 [INFO] ApiDb:240 - Found 323 in-development CPN: [B-G473E-ZEST1S, B-WB1M-WPAN1, B-WL5M-SUBG1, NUCLEO-C031C6, NUCLEO-H503RB, NUCLEO-H563ZI, NUCLEO-U545RE-Q, NUCLEO-U5A5ZJ-Q, NUCLEO-WBA52CG, STEVAL-PROTEUS1, STEVAL-SMARTAG2, STEVAL-STWINBX1, STM320518-EVAL, STM32C0116-DK, STM32C011D6Y3TR, STM32C011D6Y6TR, STM32C011F4P3, STM32C011F4P6, STM32C011F4U3, STM32C011F4U6TR, STM32C011F6P3, STM32C011F6P6, STM32C011F6U3, STM32C011F6U6TR, STM32C011J4M3, STM32C011J4M6, STM32C011J6M3, STM32C011J6M6, STM32C0316-DK, STM32C031C4T3, STM32C031C4T6, STM32C031C4U3, STM32C031C4U6, STM32C031C6T3, STM32C031C6T6, STM32C031C6U3, STM32C031C6U6, STM32C031F4P3, STM32C031F4P6, STM32C031F6P3, STM32C031F6P6, STM32C031G4U3, STM32C031G4U6, STM32C031G6U3, STM32C031G6U6, STM32C031K4T3, STM32C031K4T6, STM32C031K4U3, STM32C031K4U6, STM32C031K6T3, STM32C031K6T6, STM32C031K6U3, STM32C031K6U6, STM32G071K8TXN, STM32G071K8UXN, STM32G081GBU6N, STM32G081KBT6N, STM32G081KBUXN, STM32G0B1CCT6N, STM32G0B1KCT6, STM32G0B1NEY6TR, STM32G0B1RCT6N, STM32G0C1CCT6, STM32G0C1CCT6N, STM32G0C1CCU6N, STM32G0C1CET6N, STM32G0C1CEU6N, STM32G0C1KCT6, STM32G0C1NEY6TR, STM32G0C1RCI6N, STM32G0C1RCT6N, STM32G0C1REI6N, STM32G0C1RET6N, STM32G0C1VCI6, STM32G0C1VEI6, STM32G471CCT6, STM32G471CCU6, STM32G471CET3, STM32G471CET6, STM32G471CEU3, STM32G471CEU6, STM32G471MCT6, STM32G471MET3, STM32G471MET6, STM32G471MEY6TR, STM32G471QCT6, STM32G471QET3, STM32G471RCT6, STM32G471RET3, STM32G471RET6, STM32G471VCH6, STM32G471VCI6, STM32G471VCT6, STM32G471VEH3, STM32G471VEH6, STM32G471VEI3, STM32G471VEI6, STM32G471VET3, STM32G471VET6, STM32G474CCT6, STM32H503CBT6, STM32H503CBU6, STM32H503EBY6TR, STM32H503KBU6, STM32H503RBT6, STM32H562AGI6, STM32H562AII6, STM32H562IGK6, STM32H562IGT6, STM32H562IIK6, STM32H562IIT6, STM32H562RGT6, STM32H562RGV6, STM32H562RIT6, STM32H562RIV6, STM32H562VGT6, STM32H562VIT6, STM32H562ZGT6, STM32H562ZIT6, STM32H563AGI6, STM32H563AII3Q, STM32H563AII6, STM32H563IGK6, STM32H563IGT6, STM32H563IIK3Q, STM32H563IIK6, STM32H563IIT3Q, STM32H563IIT6, STM32H563MIY3QTR, STM32H563RGT6, STM32H563RGV6, STM32H563RIT6, STM32H563RIV6, STM32H563VGT6, STM32H563VIT3Q, STM32H563VIT6, STM32H563ZGT6, STM32H563ZIT3Q, STM32H563ZIT6, STM32H573AII3Q, STM32H573AII6, STM32H573I-DK, STM32H573IIK3Q, STM32H573IIK6, STM32H573IIT3Q, STM32H573IIT6, STM32H573MIY3QTR, STM32H573RIT6, STM32H573RIV6, STM32H573VIT3Q, STM32H573VIT6, STM32H573ZIT3Q, STM32H573ZIT6, STM32L4R5QGI6STR, STM32MP131AAE3, STM32MP131AAF3, STM32MP131AAG3, STM32MP131CAE3, STM32MP131CAF3, STM32MP131CAG3, STM32MP131DAE7, STM32MP131DAF7, STM32MP131DAG7, STM32MP131FAE7, STM32MP131FAF7, STM32MP131FAG7, STM32MP133AAE3, STM32MP133AAF3, STM32MP133AAG3, STM32MP133CAE3, STM32MP133CAF3, STM32MP133CAG3, STM32MP133DAE7, STM32MP133DAF7, STM32MP133DAG7, STM32MP133FAE7, STM32MP133FAF7, STM32MP133FAG7, STM32MP135AAE3, STM32MP135AAF3, STM32MP135AAG3, STM32MP135CAE3, STM32MP135CAF3, STM32MP135CAG3, STM32MP135DAE7, STM32MP135DAF7, STM32MP135DAG7, STM32MP135F-DK, STM32MP135FAE7, STM32MP135FAF7, STM32MP135FAF7T, STM32MP135FAF7U, STM32MP135FAG7, STM32U535CBT6, STM32U535CBT6Q, STM32U535CBU6, STM32U535CBU6Q, STM32U535CCT6, STM32U535CCT6Q, STM32U535CCU6, STM32U535CCU6Q, STM32U535CET6, STM32U535CET6Q, STM32U535CEU6, STM32U535CEU6Q, STM32U535JEY6QTR, STM32U535NCY6QTR, STM32U535NEY6QTR, STM32U535RBI6, STM32U535RBI6Q, STM32U535RBT6, STM32U535RBT6Q, STM32U535RCI6, STM32U535RCI6Q, STM32U535RCT6, STM32U535RCT6Q, STM32U535REI6, STM32U535REI6Q, STM32U535RET6, STM32U535RET6Q, STM32U535VCI6, STM32U535VCI6Q, STM32U535VCT6, STM32U535VCT6Q, STM32U535VEI6, STM32U535VEI6Q, STM32U535VET6, STM32U535VET6Q, STM32U545CET6, STM32U545CET6Q, STM32U545CEU6, STM32U545CEU6Q, STM32U545JEY6QTR, STM32U545NEY6QTR, STM32U545REI6, STM32U545REI6Q, STM32U545RET6, STM32U545RET6Q, STM32U545VEI6, STM32U545VEI6Q, STM32U545VET6, STM32U545VET6Q, STM32U595AIH6, STM32U595AIH6Q, STM32U595AJH6, STM32U595AJH6Q, STM32U595QII6, STM32U595QII6Q, STM32U595QJI6, STM32U595QJI6Q, STM32U595RIT6, STM32U595RIT6Q, STM32U595RJT6, STM32U595RJT6Q, STM32U595VIT6, STM32U595VIT6Q, STM32U595VJT6, STM32U595VJT6Q, STM32U595ZIT6, STM32U595ZIT6Q, STM32U595ZIY6QTR, STM32U595ZJT6, STM32U595ZJT6Q, STM32U595ZJY6QTR, STM32U599BJY6QTR, STM32U599NIH6Q, STM32U599NJH6Q, STM32U599VIT6Q, STM32U599VJT6, STM32U599VJT6Q, STM32U599ZIT6Q, STM32U599ZIY6QTR, STM32U599ZJT6Q, STM32U599ZJY6QTR, STM32U5A5AJH6, STM32U5A5AJH6Q, STM32U5A5QJI6, STM32U5A5QJI6Q, STM32U5A5RJT6, STM32U5A5RJT6Q, STM32U5A5VJT6, STM32U5A5VJT6Q, STM32U5A5ZJT6, STM32U5A5ZJT6Q, STM32U5A5ZJY6QTR, STM32U5A9BJY6QTR, STM32U5A9J-DK, STM32U5A9NJH6Q, STM32U5A9VJT6Q, STM32U5A9ZJT6Q, STM32U5A9ZJY6QTR, STM32U5F7VIT6, STM32U5F7VIT6Q, STM32U5F7VJT6, STM32U5F7VJT6Q, STM32U5F9BJY6QTR, STM32U5F9NJH6Q, STM32U5F9VIT6Q, STM32U5F9VJT6Q, STM32U5F9ZIJ6QTR, STM32U5F9ZIT6Q, STM32U5F9ZJJ6QTR, STM32U5F9ZJT6Q, STM32U5G7VJT6, STM32U5G7VJT6Q, STM32U5G9BJY6QTR, STM32U5G9J-DK1, STM32U5G9J-DK2, STM32U5G9NJH6Q, STM32U5G9VJT6Q, STM32U5G9ZJJ6QTR, STM32U5G9ZJT6Q, STM32WB1MMCH6, STM32WBA52CEU6, STM32WBA52CEU6T, STM32WBA52CGU6, STM32WBA52CGU6T, STM32WBA52KEU6, STM32WBA52KEU6T, STM32WBA52KGU6, STM32WBA52KGU6T, STM32WL5MOCH6, STM32WL5MOCH6TR]
2023-11-04 13:13:01,228 [INFO] BoardInfo:880 - No configuration file found for board P-NUCLEO-WB55
2023-11-04 13:13:01,228 [INFO] DbBoards:157 - Kit is not supported: P-NUCLEO-WB55
2023-11-04 13:13:01,232 [INFO] BoardInfo:880 - No configuration file found for board STEVAL-BFA001V1B
2023-11-04 13:13:01,232 [INFO] DbBoards:157 - Kit is not supported: STEVAL-BFA001V1B
2023-11-04 13:13:01,233 [INFO] BoardInfo:880 - No configuration file found for board STEVAL-BFA001V2B
2023-11-04 13:13:01,233 [INFO] DbBoards:157 - Kit is not supported: STEVAL-BFA001V2B
2023-11-04 13:13:01,319 [INFO] DbBoards:161 - Found 190 boards, 187 are supported
2023-11-04 13:13:01,321 [INFO] ApiDb:414 - User favorites file not found: C:\Users\grafd/.stm32cubeide/favorites.boards.txt
2023-11-04 13:13:01,321 [INFO] DbBoards:190 - Set 0 / 0 favorites Boards
2023-11-04 13:13:01,324 [INFO] ApiDb:668 - CubeFinder database Data Model version=2.1
2023-11-04 13:13:01,324 [INFO] ApiDb:669 - CubeFinder database Configuration version=3.0.37
2023-11-04 13:13:01,324 [INFO] ApiDb:670 - CubeFinder database generation date=2023-10-13 (1697197505)
2023-11-04 13:13:01,324 [INFO] ApiDb:671 - CubeFinder database FW Pack versions=[FP-ATR-ASTRA1_V2.0.0, FP-SNS-FLIGHT1_V5.0.1, FP-SNS-FLIGHT1_V5.0.2, FP-SNS-MOTENV1_V4.3.1, FP-SNS-MOTENV1_V4.3.2, FP-SNS-SMARTAG2_V1.2.0, I-CUBE-ITTIADB_V8.6.3-1, STM32Cube_FW_C0_V1.1.0, STM32Cube_FW_F4_V1.27.1, STM32Cube_FW_F7_V1.17.0, STM32Cube_FW_G0_V1.6.1, STM32Cube_FW_G4_V1.5.1, STM32Cube_FW_H5_V0.5.1, STM32Cube_FW_H5_V1.1.1, STM32Cube_FW_H7_V1.11.0, STM32Cube_FW_L0_V1.12.2, STM32Cube_FW_L5_V1.5.0, STM32Cube_FW_U5_V1.3.0, STM32Cube_FW_U5_V1.3.0RC4, STM32Cube_FW_WBA_V1.0.0RC1, STM32Cube_FW_WBA_V1.1.0RC1, STM32Cube_FW_WBA_V1.1.1, STM32Cube_FW_WB_V1.15.0RC1, STM32Cube_FW_WB_V1.16.0, STM32Cube_FW_WB_V1.16.0RC2, STM32Cube_FW_WB_V1.17.3, STM32Cube_FW_WL_V1.3.0, X-CUBE-ALGOBUILD_V1.3.0, X-CUBE-ALS_V1.0.1, X-CUBE-AZRTOS-F4_V1.1.0, X-CUBE-AZRTOS-F7_V1.1.0, X-CUBE-AZRTOS-G0_V1.1.0, X-CUBE-AZRTOS-G4_V2.0.0, X-CUBE-AZRTOS-H7_V3.1.0, X-CUBE-AZRTOS-L4_V1.0.0, X-CUBE-AZRTOS-L4_V2.0.0, X-CUBE-AZRTOS-L5_V1.1.0, X-CUBE-AZRTOS-WB_V2.0.0, X-CUBE-AZRTOS-WL_V2.0.0, X-CUBE-BLE1_V7.0.0, X-CUBE-BLE2_V3.3.0, X-CUBE-BLEMGR_V2.0.0, X-CUBE-EEPRMA1_V4.1.0, X-CUBE-FREERTOS_V1.1.0, X-CUBE-GNSS1_V6.0.0, X-CUBE-MEMS1_V10.0.0, X-CUBE-MEMS1_V9.1.0, X-CUBE-MEMS1_V9.4.0, X-CUBE-MEMS1_V9.6.0, X-CUBE-NFC4_V3.0.0, X-CUBE-NFC7_V1.0.1, X-CUBE-SFXS2LP1_V4.0.0, X-CUBE-SUBG2_V5.0.0, X-CUBE-TOF1_V3.3.1]
2023-11-04 13:13:01,873 [ERROR] DbExamplesSqlite:437 - Missing JSON key: board_cpn
2023-11-04 13:13:01,874 [ERROR] DbExamplesSqlite:437 - Missing JSON key: board_cpn
2023-11-04 13:13:01,874 [ERROR] DbExamplesSqlite:437 - Missing JSON key: board_cpn
2023-11-04 13:13:01,874 [ERROR] DbExamplesSqlite:437 - Missing JSON key: board_cpn
2023-11-04 13:13:01,880 [INFO] DbExamplesSqlite:395 - Ignored 27 examples not supported by CubeIDE
2023-11-04 13:13:01,880 [INFO] DbExamplesSqlite:396 - Found 7221 examples active
2023-11-04 13:13:01,880 [INFO] DbExamplesSqlite:397 - Found 777 examples obsolete
2023-11-04 13:13:01,881 [INFO] DbExamplesSqlite:398 - Found 0 examples under development
2023-11-04 13:13:01,881 [INFO] DbExamplesSqlite:399 - Found 74 examples not building
2023-11-04 13:13:01,883 [INFO] DbExamples:125 - Found 7268 examples
2023-11-04 13:13:01,891 [INFO] DbExamples:222 - Found 93 boards with related examples
2023-11-04 13:13:01,892 [INFO] DbExamples:235 - Found 79 MCUs with related examples
2023-11-04 13:13:01,911 [INFO] ApiDb:414 - User favorites file not found: C:\Users\grafd/.stm32cubeide/favorites.examples.txt
2023-11-04 13:13:01,912 [INFO] DbExamples:250 - Set 0 / 0 favorites Examples
2023-11-04 13:13:02,149 [INFO] McuFinderGlobals:76 - Set McuFinderConnectedMode to true
2023-11-04 13:13:02,160 [INFO] MultiScanPanel:200 - Auto-refresh data requested => check proxy status ongoing
2023-11-04 13:13:02,166 [INFO] FinderPluginLoader:95 - Searching for filters in installed packs
2023-11-04 13:13:03,138 [INFO] LoadUrlFilesThread:185 - End of LoadServerUrlFiles without Thread
2023-11-04 13:13:03,144 [INFO] DetailPanel:341 - Set advertising image to C:/Users/grafd/STM32Cube/Repository/\en.prom-stm32h5-mcu-finder.jpg
2023-11-04 13:15:11,038 [INFO] MainUpdater:2868 - connection check result : 10
2023-11-04 13:15:11,038 [INFO] MainUpdater:2868 - connection check result : 10
2023-11-04 13:15:11,060 [INFO] MicroXplorer:468 - Change Database Path : 
2023-11-04 13:15:11,060 [INFO] MicroXplorer:498 - Change Database Version : DB.6.0.92
2023-11-04 13:15:11,062 [WARN] ThirdParty:871 - waiting for thirdparty lock release [close project]
2023-11-04 13:15:11,062 [INFO] ThirdParty:873 - entering critical section [close project]
2023-11-04 13:15:11,063 [INFO] ThirdParty:883 - exiting critical section [close project]
2023-11-04 13:15:11,064 [INFO] PinOutPanel:1499 - setPackage(No Configuration,No Configuration)
2023-11-04 13:15:11,067 [INFO] UtilMem:75 - Begin LoadConfig() Used Memory: 790112368 Bytes (1073741824)
2023-11-04 13:15:11,068 [INFO] MicroXplorer:468 - Change Database Path : 
2023-11-04 13:15:11,068 [INFO] MicroXplorer:498 - Change Database Version : DB.6.0.92
2023-11-04 13:15:11,068 [INFO] OpenFileManager:308 - Change cursor
2023-11-04 13:15:11,098 [INFO] Mcu:1946 - Initializing MCU STM32L562CETx STM32L562CETx STM32L562CET6
2023-11-04 13:15:11,559 [WARN] Context:676 - Trying to add IP FREERTOS in context CortexM33 not assigned to a contextSplit
2023-11-04 13:15:11,827 [WARN] Context:676 - Trying to add IP OTFDEC in context CortexM33 not assigned to a contextSplit
2023-11-04 13:15:11,847 [WARN] Context:676 - Trying to add IP PWR in context CortexM33 not assigned to a contextSplit
2023-11-04 13:15:11,877 [WARN] Context:676 - Trying to add IP RCC in context CortexM33 not assigned to a contextSplit
2023-11-04 13:15:11,904 [WARN] Context:676 - Trying to add IP RTC in context CortexM33 not assigned to a contextSplit
2023-11-04 13:15:11,994 [WARN] Context:676 - Trying to add IP SYS in context CortexM33 not assigned to a contextSplit
2023-11-04 13:15:12,034 [WARN] Context:676 - Trying to add IP TAMP in context CortexM33 not assigned to a contextSplit
2023-11-04 13:15:12,921 [INFO] Context:659 - Trying to add GPIOservice into a context  which must be forbidden
2023-11-04 13:15:12,921 [INFO] Context:659 - Trying to add GPIOservice into a context  which must be forbidden
2023-11-04 13:15:12,921 [INFO] Context:659 - Trying to add GPIOservice into a context  which must be forbidden
2023-11-04 13:15:12,921 [WARN] Context:676 - Trying to add IP GPIO in context CortexM33 not assigned to a contextSplit
2023-11-04 13:15:12,943 [WARN] Context:676 - Trying to add IP DMA in context CortexM33 not assigned to a contextSplit
2023-11-04 13:15:12,958 [WARN] Context:676 - Trying to add IP NVIC2 in context CortexM33 not assigned to a contextSplit
2023-11-04 13:15:13,453 [INFO] ImportTextPane:194 - (OptionalMessage_ERROR) Unable to find key (Mcu.ThirdPartyNb) in loaded IOC file
2023-11-04 13:15:13,453 [INFO] ImportTextPane:194 - (OptionalMessage_ERROR) Unable to find key (Mcu.PinsNb) in loaded IOC file
2023-11-04 13:15:13,453 [INFO] ImportTextPane:194 - (OptionalMessage_ERROR) Unable to find key (Mcu.IPNb) in loaded IOC file
2023-11-04 13:15:13,513 [INFO] RtosManager:555 - Registered RTOS mode: class=CMSIS, group=RTOS, mode=CMSIS_V1, owner=FREERTOS
2023-11-04 13:15:13,513 [INFO] RtosManager:555 - Registered RTOS mode: class=CMSIS, group=RTOS2, mode=CMSIS_V2, owner=FREERTOS
2023-11-04 13:15:13,513 [INFO] RtosManager:555 - Registered RTOS mode: class=RTOS, group=Core, mode=CMSIS_V1, owner=FREERTOS
2023-11-04 13:15:13,513 [INFO] RtosManager:555 - Registered RTOS mode: class=RTOS, group=Core, mode=CMSIS_V2, owner=FREERTOS
2023-11-04 13:15:13,513 [WARN] ModelIntegratedComponent:184 - Missing modes for component STMicroelectronics:FreeRTOS:0.0.1:STMicroelectronics:RTOS:FreeRTOS:Core:::10.2.0:
2023-11-04 13:15:13,526 [WARN] ModelIntegratedComponent:63 - No mode defined for component null
2023-11-04 13:15:13,526 [WARN] ModelIntegratedComponent:63 - No mode defined for component null
2023-11-04 13:15:13,526 [WARN] ModelIntegratedComponent:63 - No mode defined for component null
2023-11-04 13:15:13,526 [WARN] ModelIntegratedComponent:63 - No mode defined for component null
2023-11-04 13:15:13,526 [WARN] ModelIntegratedComponent:63 - No mode defined for component null
2023-11-04 13:15:13,526 [WARN] ModelIntegratedComponent:63 - No mode defined for component null
2023-11-04 13:15:13,526 [WARN] ModelIntegratedComponent:63 - No mode defined for component null
2023-11-04 13:15:13,526 [WARN] ModelIntegratedComponent:63 - No mode defined for component null
2023-11-04 13:15:13,526 [WARN] ModelIntegratedComponent:63 - No mode defined for component null
2023-11-04 13:15:13,526 [WARN] ModelIntegratedComponent:63 - No mode defined for component null
2023-11-04 13:15:13,526 [WARN] ModelIntegratedComponent:63 - No mode defined for component null
2023-11-04 13:15:13,526 [WARN] ModelIntegratedComponent:63 - No mode defined for component null
2023-11-04 13:15:13,526 [WARN] ModelIntegratedComponent:63 - No mode defined for component null
2023-11-04 13:15:13,526 [WARN] ModelIntegratedComponent:63 - No mode defined for component null
2023-11-04 13:15:13,526 [WARN] ModelIntegratedComponent:63 - No mode defined for component null
2023-11-04 13:15:13,526 [WARN] ModelIntegratedComponent:63 - No mode defined for component null
2023-11-04 13:15:13,526 [WARN] ModelIntegratedComponent:63 - No mode defined for component null
2023-11-04 13:15:13,526 [WARN] ModelIntegratedComponent:63 - No mode defined for component null
2023-11-04 13:15:13,526 [WARN] ModelIntegratedComponent:63 - No mode defined for component null
2023-11-04 13:15:13,526 [WARN] ModelIntegratedComponent:63 - No mode defined for component null
2023-11-04 13:15:13,526 [WARN] ModelIntegratedComponent:63 - No mode defined for component null
2023-11-04 13:15:13,526 [WARN] ModelIntegratedComponent:63 - No mode defined for component null
2023-11-04 13:15:13,526 [WARN] ModelIntegratedComponent:63 - No mode defined for component null
2023-11-04 13:15:13,526 [WARN] ModelIntegratedComponent:63 - No mode defined for component null
2023-11-04 13:15:13,526 [WARN] ModelIntegratedComponent:63 - No mode defined for component null
2023-11-04 13:15:13,526 [WARN] ModelIntegratedComponent:63 - No mode defined for component null
2023-11-04 13:15:13,527 [WARN] ModelIntegratedComponent:63 - No mode defined for component null
2023-11-04 13:15:13,527 [WARN] ModelIntegratedComponent:63 - No mode defined for component null
2023-11-04 13:15:13,527 [WARN] ModelIntegratedComponent:63 - No mode defined for component null
2023-11-04 13:15:13,527 [WARN] ModelIntegratedComponent:63 - No mode defined for component null
2023-11-04 13:15:13,527 [WARN] ModelIntegratedComponent:63 - No mode defined for component null
2023-11-04 13:15:13,527 [WARN] ModelIntegratedComponent:63 - No mode defined for component null
2023-11-04 13:15:13,527 [WARN] ModelIntegratedComponent:63 - No mode defined for component null
2023-11-04 13:15:13,581 [INFO] ThirdPartyModel:298 - Start build external matchings
2023-11-04 13:15:13,782 [INFO] ThirdPartyModel:316 - End build external matchings
2023-11-04 13:15:14,054 [INFO] UtilMem:75 - End LoadConfig() Used Memory: 637352184 Bytes (1073741824)
2023-11-04 13:15:14,081 [WARN] ThirdParty:833 - waiting for thirdparty lock release [change project]
2023-11-04 13:15:14,081 [INFO] ThirdParty:835 - entering critical section [change project]
2023-11-04 13:15:14,081 [INFO] ThirdParty:1030 - CMSIS Pack Vendor :STMicroelectronics X-CUBE-ISPU 1.1.0
2023-11-04 13:15:14,081 [INFO] ThirdParty:1030 - CMSIS Pack Vendor :STMicroelectronics USBPD 4.1
2023-11-04 13:15:14,081 [INFO] ThirdParty:1030 - CMSIS Pack Vendor :STMicroelectronics X-CUBE-GNSS1 6.0.0
2023-11-04 13:15:14,081 [INFO] ThirdParty:1030 - CMSIS Pack Vendor :STMicroelectronics USB_HOST 2.0.0
2023-11-04 13:15:14,081 [INFO] ThirdParty:1030 - CMSIS Pack Vendor :STMicroelectronics X-CUBE-AZRTOS-F4 1.1.0
2023-11-04 13:15:14,081 [INFO] ThirdParty:1030 - CMSIS Pack Vendor :STMicroelectronics LIBJPEG 8.0.0
2023-11-04 13:15:14,082 [INFO] ThirdParty:1030 - CMSIS Pack Vendor :wolfSSL I-CUBE-wolfSSL 5.6.4
2023-11-04 13:15:14,082 [INFO] ThirdParty:1030 - CMSIS Pack Vendor :STMicroelectronics X-CUBE-SMBUS 2.1.0
2023-11-04 13:15:14,082 [INFO] ThirdParty:1030 - CMSIS Pack Vendor :STMicroelectronics USB_DEVICE 3.0.0
2023-11-04 13:15:14,082 [INFO] ThirdParty:1030 - CMSIS Pack Vendor :STMicroelectronics X-CUBE-AZRTOS-WB 2.0.0
2023-11-04 13:15:14,082 [INFO] ThirdParty:1030 - CMSIS Pack Vendor :STMicroelectronics X-CUBE-AZRTOS-F7 1.1.0
2023-11-04 13:15:14,082 [INFO] ThirdParty:1030 - CMSIS Pack Vendor :STMicroelectronics X-CUBE-AZRTOS-L5 2.0.0
2023-11-04 13:15:14,082 [INFO] ThirdParty:1030 - CMSIS Pack Vendor :STMicroelectronics USB_DEVICE 2.0.0
2023-11-04 13:15:14,082 [INFO] ThirdParty:1030 - CMSIS Pack Vendor :STMicroelectronics X-CUBE-EEPRMA1 4.2.0
2023-11-04 13:15:14,082 [INFO] ThirdParty:1030 - CMSIS Pack Vendor :ITTIA_DB I-CUBE-ITTIADB 8.8.0
2023-11-04 13:15:14,082 [INFO] ThirdParty:1030 - CMSIS Pack Vendor :STMicroelectronics FP-SNS-MOTENV1 4.3.2
2023-11-04 13:15:14,082 [INFO] ThirdParty:1030 - CMSIS Pack Vendor :STMicroelectronics X-CUBE-ALGOBUILD 1.3.0
2023-11-04 13:15:14,082 [INFO] ThirdParty:1030 - CMSIS Pack Vendor :STMicroelectronics FreeRTOS 0.0.1
2023-11-04 13:15:14,082 [INFO] ThirdParty:1030 - CMSIS Pack Vendor :STMicroelectronics X-CUBE-AZRTOS-G0 1.1.0
2023-11-04 13:15:14,082 [INFO] ThirdParty:1030 - CMSIS Pack Vendor :STMicroelectronics X-CUBE-NFC4 3.0.0
2023-11-04 13:15:14,082 [INFO] ThirdParty:1030 - CMSIS Pack Vendor :STMicroelectronics X-CUBE-SUBG2 5.0.0
2023-11-04 13:15:14,082 [INFO] ThirdParty:1030 - CMSIS Pack Vendor :STMicroelectronics STM32_WPAN 1.0.0
2023-11-04 13:15:14,082 [INFO] ThirdParty:1030 - CMSIS Pack Vendor :STMicroelectronics lwIP 2.0.3
2023-11-04 13:15:14,082 [INFO] ThirdParty:1030 - CMSIS Pack Vendor :STMicroelectronics FP-SNS-FLIGHT1 5.0.2
2023-11-04 13:15:14,082 [INFO] ThirdParty:1030 - CMSIS Pack Vendor :STMicroelectronics USB_HOST 1.0.0
2023-11-04 13:15:14,082 [INFO] ThirdParty:1030 - CMSIS Pack Vendor :STMicroelectronics X-CUBE-TOF1 3.3.1
2023-11-04 13:15:14,082 [INFO] ThirdParty:1030 - CMSIS Pack Vendor :STMicroelectronics X-CUBE-AZRTOS-G4 2.0.0
2023-11-04 13:15:14,082 [INFO] ThirdParty:1030 - CMSIS Pack Vendor :STMicroelectronics PDM2PCM 3.1.0
2023-11-04 13:15:14,082 [INFO] ThirdParty:1030 - CMSIS Pack Vendor :STMicroelectronics X-CUBE-AZRTOS-H7 3.1.0
2023-11-04 13:15:14,082 [INFO] ThirdParty:1030 - CMSIS Pack Vendor :Infineon AIROC-Wi-Fi-Bluetooth-STM32 1.5.1
2023-11-04 13:15:14,082 [INFO] ThirdParty:1030 - CMSIS Pack Vendor :STMicroelectronics X-CUBE-BLEMGR 3.0.0
2023-11-04 13:15:14,082 [INFO] ThirdParty:1030 - CMSIS Pack Vendor :STMicroelectronics PDM2PCM 3.3.0
2023-11-04 13:15:14,082 [INFO] ThirdParty:1030 - CMSIS Pack Vendor :STMicroelectronics X-CUBE-DISPLAY 3.0.0
2023-11-04 13:15:14,082 [INFO] ThirdParty:1030 - CMSIS Pack Vendor :STMicroelectronics X-CUBE-BLE1 7.0.0
2023-11-04 13:15:14,082 [INFO] ThirdParty:1030 - CMSIS Pack Vendor :STMicroelectronics FP-ATR-SIGFOX1 3.2.0
2023-11-04 13:15:14,082 [INFO] ThirdParty:1030 - CMSIS Pack Vendor :STMicroelectronics HAL Drivers 0.0.0
2023-11-04 13:15:14,082 [INFO] ThirdParty:1030 - CMSIS Pack Vendor :STMicroelectronics MBEDTLS 2.16.2
2023-11-04 13:15:14,082 [INFO] ThirdParty:1030 - CMSIS Pack Vendor :emotas I-CUBE-CANOPEN 1.3.0
2023-11-04 13:15:14,082 [INFO] ThirdParty:1030 - CMSIS Pack Vendor :STMicroelectronics X-CUBE-MEMS1 10.0.0
2023-11-04 13:15:14,082 [INFO] ThirdParty:1030 - CMSIS Pack Vendor :STMicroelectronics X-CUBE-FREERTOS 1.1.0
2023-11-04 13:15:14,082 [INFO] ThirdParty:1030 - CMSIS Pack Vendor :STMicroelectronics X-CUBE-NFC7 1.0.1
2023-11-04 13:15:14,082 [INFO] ThirdParty:1030 - CMSIS Pack Vendor :STMicroelectronics MBEDTLS 2.14.1
2023-11-04 13:15:14,082 [INFO] ThirdParty:1030 - CMSIS Pack Vendor :STMicroelectronics X-CUBE-TOUCHGFX 4.22.1
2023-11-04 13:15:14,082 [INFO] ThirdParty:1030 - CMSIS Pack Vendor :STMicroelectronics X-CUBE-NFC6 3.0.0
2023-11-04 13:15:14,082 [INFO] ThirdParty:1030 - CMSIS Pack Vendor :portGmbH I-Cube-SoM-uGOAL 1.1.0
2023-11-04 13:15:14,082 [INFO] ThirdParty:1030 - CMSIS Pack Vendor :STMicroelectronics X-CUBE-ALS 1.0.1
2023-11-04 13:15:14,083 [INFO] ThirdParty:1030 - CMSIS Pack Vendor :STMicroelectronics ThreadX 1.0.0
2023-11-04 13:15:14,083 [INFO] ThirdParty:1030 - CMSIS Pack Vendor :STMicroelectronics FP-SNS-SMARTAG2 1.2.0
2023-11-04 13:15:14,083 [INFO] ThirdParty:1030 - CMSIS Pack Vendor :STMicroelectronics X-CUBE-AZRTOS-WL 2.0.0
2023-11-04 13:15:14,083 [INFO] ThirdParty:1030 - CMSIS Pack Vendor :STMicroelectronics USB_DEVICE 1.0.0
2023-11-04 13:15:14,083 [INFO] ThirdParty:1030 - CMSIS Pack Vendor :STMicroelectronics X-CUBE-AI 8.1.0
2023-11-04 13:15:14,083 [INFO] ThirdParty:1030 - CMSIS Pack Vendor :STMicroelectronics X-CUBE-AZRTOS-L4 2.0.0
2023-11-04 13:15:14,083 [INFO] ThirdParty:1030 - CMSIS Pack Vendor :STMicroelectronics ThreadX 0.0.2
2023-11-04 13:15:14,083 [INFO] ThirdParty:1030 - CMSIS Pack Vendor :WES I-CUBE-Cesium 1.3.0
2023-11-04 13:15:14,083 [INFO] ThirdParty:1030 - CMSIS Pack Vendor :STMicroelectronics FP-ATR-ASTRA1 2.0.0
2023-11-04 13:15:14,083 [INFO] ThirdParty:1030 - CMSIS Pack Vendor :STMicroelectronics lwIP 2.1.2
2023-11-04 13:15:14,083 [INFO] ThirdParty:1030 - CMSIS Pack Vendor :STMicroelectronics X-CUBE-SFXS2LP1 4.0.0
2023-11-04 13:15:14,083 [INFO] ThirdParty:1030 - CMSIS Pack Vendor :STMicroelectronics X-CUBE-BLE2 3.3.0
2023-11-04 13:15:14,083 [INFO] ThirdParty:1030 - CMSIS Pack Vendor :STMicroelectronics PDM2PCM 3.2.0
2023-11-04 13:15:14,083 [INFO] ThirdParty:841 - exiting critical section [change project]
2023-11-04 13:15:14,417 [INFO] PinOutPanel:1499 - setPackage(No Configuration,No Configuration)
2023-11-04 13:15:14,418 [INFO] PinOutPanel:1499 - setPackage(STM32L562CETx,LQFP48)
2023-11-04 13:15:14,802 [INFO] UtilMem:75 - Before build in PCC Used Memory: 883726224 Bytes (1073741824)
2023-11-04 13:15:15,843 [INFO] UtilMem:75 - After build in PCC Used Memory: 759001664 Bytes (1073741824)
2023-11-04 13:15:15,861 [INFO] IPUIPlugin:80 - create IPUIPlugin
2023-11-04 13:15:15,861 [INFO] IPUIPlugin:80 - create IPUIPlugin
2023-11-04 13:15:15,861 [INFO] IPUIPlugin:80 - create IPUIPlugin
2023-11-04 13:15:15,861 [INFO] IPUIPlugin:80 - create IPUIPlugin
2023-11-04 13:15:15,861 [INFO] IPUIPlugin:80 - create IPUIPlugin
2023-11-04 13:15:15,861 [INFO] IPUIPlugin:80 - create IPUIPlugin
2023-11-04 13:15:15,861 [INFO] IPUIPlugin:80 - create IPUIPlugin
2023-11-04 13:15:15,862 [INFO] IPUIPlugin:80 - create IPUIPlugin
2023-11-04 13:15:15,862 [INFO] IPUIPlugin:80 - create IPUIPlugin
2023-11-04 13:15:15,862 [INFO] IPUIPlugin:80 - create IPUIPlugin
2023-11-04 13:15:15,862 [INFO] IPUIPlugin:80 - create IPUIPlugin
2023-11-04 13:15:15,862 [INFO] IPUIPlugin:80 - create IPUIPlugin
2023-11-04 13:15:15,862 [INFO] IPUIPlugin:80 - create IPUIPlugin
2023-11-04 13:15:15,862 [INFO] IPUIPlugin:80 - create IPUIPlugin
2023-11-04 13:15:15,862 [INFO] IPUIPlugin:80 - create IPUIPlugin
2023-11-04 13:15:15,862 [INFO] IPUIPlugin:80 - create IPUIPlugin
2023-11-04 13:15:15,862 [INFO] IPUIPlugin:80 - create IPUIPlugin
2023-11-04 13:15:15,862 [INFO] IPUIPlugin:80 - create IPUIPlugin
2023-11-04 13:15:15,862 [INFO] IPUIPlugin:80 - create IPUIPlugin
2023-11-04 13:15:15,862 [INFO] IPUIPlugin:80 - create IPUIPlugin
2023-11-04 13:15:15,862 [INFO] IPUIPlugin:80 - create IPUIPlugin
2023-11-04 13:15:15,863 [INFO] IPUIPlugin:80 - create IPUIPlugin
2023-11-04 13:15:15,863 [INFO] IPUIPlugin:80 - create IPUIPlugin
2023-11-04 13:15:15,863 [INFO] IPUIPlugin:80 - create IPUIPlugin
2023-11-04 13:15:15,863 [INFO] IPUIPlugin:80 - create IPUIPlugin
2023-11-04 13:15:15,863 [INFO] IPUIPlugin:80 - create IPUIPlugin
2023-11-04 13:15:15,863 [INFO] IPUIPlugin:80 - create IPUIPlugin
2023-11-04 13:15:15,863 [INFO] IPUIPlugin:80 - create IPUIPlugin
2023-11-04 13:15:15,863 [INFO] IPUIPlugin:80 - create IPUIPlugin
2023-11-04 13:15:15,864 [INFO] IPUIPlugin:80 - create IPUIPlugin
2023-11-04 13:15:15,864 [INFO] IPUIPlugin:80 - create IPUIPlugin
2023-11-04 13:15:15,864 [INFO] IPUIPlugin:80 - create IPUIPlugin
2023-11-04 13:15:15,864 [INFO] IPUIPlugin:80 - create IPUIPlugin
2023-11-04 13:15:15,864 [INFO] IPUIPlugin:80 - create IPUIPlugin
2023-11-04 13:15:15,864 [INFO] IPUIPlugin:80 - create IPUIPlugin
2023-11-04 13:15:15,864 [INFO] IPUIPlugin:80 - create IPUIPlugin
2023-11-04 13:15:15,864 [INFO] IPUIPlugin:80 - create IPUIPlugin
2023-11-04 13:15:15,864 [INFO] IPUIPlugin:80 - create IPUIPlugin
2023-11-04 13:15:15,866 [INFO] IPUIPlugin:80 - create IPUIPlugin
2023-11-04 13:15:15,866 [INFO] IPUIPlugin:80 - create IPUIPlugin
2023-11-04 13:15:15,866 [INFO] IPUIPlugin:80 - create IPUIPlugin
2023-11-04 13:15:15,866 [INFO] IPUIPlugin:80 - create IPUIPlugin
2023-11-04 13:15:15,866 [INFO] IPUIPlugin:80 - create IPUIPlugin
2023-11-04 13:15:15,866 [INFO] IPUIPlugin:80 - create IPUIPlugin
2023-11-04 13:15:15,866 [INFO] IPUIPlugin:80 - create IPUIPlugin
2023-11-04 13:15:15,866 [INFO] IPUIPlugin:80 - create IPUIPlugin
2023-11-04 13:15:15,867 [INFO] IPUIPlugin:80 - create IPUIPlugin
2023-11-04 13:15:15,867 [INFO] IPUIPlugin:80 - create IPUIPlugin
2023-11-04 13:15:15,867 [INFO] IPUIPlugin:80 - create IPUIPlugin
2023-11-04 13:15:15,867 [INFO] IPUIPlugin:80 - create IPUIPlugin
2023-11-04 13:15:15,867 [INFO] IPUIPlugin:80 - create IPUIPlugin
2023-11-04 13:15:15,867 [INFO] IPUIPlugin:80 - create IPUIPlugin
2023-11-04 13:15:15,867 [INFO] IPUIPlugin:80 - create IPUIPlugin
2023-11-04 13:15:15,868 [INFO] IPUIPlugin:80 - create IPUIPlugin
2023-11-04 13:15:15,868 [INFO] IPUIPlugin:80 - create IPUIPlugin
2023-11-04 13:15:15,868 [INFO] IPUIPlugin:80 - create IPUIPlugin
2023-11-04 13:15:15,868 [INFO] IPUIPlugin:80 - create IPUIPlugin
2023-11-04 13:15:15,868 [INFO] IPUIPlugin:80 - create IPUIPlugin
2023-11-04 13:15:15,869 [INFO] IPUIPlugin:80 - create IPUIPlugin
2023-11-04 13:15:15,869 [INFO] IPUIPlugin:80 - create IPUIPlugin
2023-11-04 13:15:15,869 [INFO] IPUIPlugin:80 - create IPUIPlugin
2023-11-04 13:15:15,869 [INFO] IPUIPlugin:80 - create IPUIPlugin
2023-11-04 13:15:15,869 [INFO] IPUIPlugin:80 - create IPUIPlugin
2023-11-04 13:15:15,870 [INFO] IPUIPlugin:80 - create IPUIPlugin
2023-11-04 13:15:15,870 [INFO] IPUIPlugin:80 - create IPUIPlugin
2023-11-04 13:15:15,870 [INFO] IPUIPlugin:80 - create IPUIPlugin
2023-11-04 13:15:15,870 [INFO] IPUIPlugin:80 - create IPUIPlugin
2023-11-04 13:15:15,870 [INFO] IPUIPlugin:80 - create IPUIPlugin
2023-11-04 13:15:15,871 [INFO] IPUIPlugin:80 - create IPUIPlugin
2023-11-04 13:15:15,871 [INFO] IPUIPlugin:80 - create IPUIPlugin
2023-11-04 13:15:15,987 [INFO] CADModel:165 - CPN selected for project levelSTM32L562CET6
2023-11-04 13:15:15,987 [INFO] CADModel:114 - Register for checkConnection events
2023-11-04 13:15:16,030 [INFO] OpenFileManager:328 - Restore cursor
2023-11-04 13:15:17,098 [INFO] UtilMem:75 - End SaveConfig() Used Memory: 882818504 Bytes (1073741824)
2023-11-04 13:15:37,471 [INFO] McuFinderGlobals:76 - Set McuFinderConnectedMode to true
2023-11-04 13:15:37,473 [INFO] ApiDb:448 - Save user favorites file C:\Users\grafd/.stm32cubeide/favorites.mcus.txt: 0 item(s)
2023-11-04 13:15:37,473 [INFO] ApiDb:452 - User favorites MCUs=[]
2023-11-04 13:15:42,141 [INFO] McuFinderGlobals:63 - Set McuFinder mode to 2 (CubeIDE integrated)
2023-11-04 13:15:42,141 [INFO] UserAuth:179 - activating auth plugin
2023-11-04 13:15:42,143 [INFO] UserAuth:393 - Internet connection configuration mode: 1
2023-11-04 13:18:55,712 [WARN] MainPanel:272 - <html><b><center>Warning: This peripheral has no parameters to be configured<br></b></html>
2023-11-04 13:18:59,894 [WARN] MainPanel:272 - <html><b><center>Warning: This peripheral has no parameters to be configured<br></b></html>
2023-11-04 13:19:07,334 [INFO] DmaTabbedPanel:205 - Cannot restore the selected Tab for DMA
2023-11-04 13:23:22,002 [INFO] WebApp:588 - userauth.ini deleted or not created
2023-11-04 13:27:17,707 [WARN] MainPanel:272 - <html><b><center>Warning: This peripheral has no parameters to be configured<br></b></html>
2023-11-04 13:27:32,374 [WARN] MainPanel:272 - <html><b><center>Warning: This peripheral has no parameters to be configured<br></b></html>
2023-11-04 13:27:36,796 [WARN] MainPanel:272 - <html><b><center>Warning: This peripheral has no parameters to be configured<br></b></html>
2023-11-04 13:27:38,782 [WARN] MainPanel:272 - <html><b><center>Warning: This peripheral has no parameters to be configured<br></b></html>
2023-11-04 13:28:48,163 [INFO] UtilMem:75 - End SaveConfig() Used Memory: 334147840 Bytes (822083584)
2023-11-04 13:28:52,241 [ERROR] LogOutputStream:75 - [STDERR_REDIRECT] 
